2024-03-14T01:05:12.971Z - GET /
2024-03-14T01:05:25.731Z - GET /
2024-03-14T01:05:25.772Z - GET /assets/index-D8VXISl_.js
2024-03-14T01:05:25.779Z - GET /assets/index-Ugfg4q-L.css
2024-03-14T01:05:25.833Z - GET /assets/jastel-CzcfOkAB.jpg
2024-03-14T01:05:25.849Z - GET /api/v1/monitor
2024-03-14T01:05:25.856Z - GET /api/v1/monitor2
2024-03-14T01:05:25.895Z - GET /api/v1/HYI
2024-03-14T01:05:25.910Z - GET /api/v1/temp30
2024-03-14T01:05:25.930Z - GET /api/v1/BLDG1
2024-03-14T01:05:25.948Z - GET /vite.svg
2024-03-14T01:05:40.244Z - GET /
2024-03-14T01:05:40.264Z - GET /assets/index-D8VXISl_.js
2024-03-14T01:05:40.273Z - GET /assets/index-Ugfg4q-L.css
2024-03-14T01:05:40.295Z - GET /assets/jastel-CzcfOkAB.jpg
2024-03-14T01:05:40.302Z - GET /api/v1/monitor
2024-03-14T01:05:40.335Z - GET /api/v1/monitor2
2024-03-14T01:05:40.353Z - GET /api/v1/HYI
2024-03-14T01:05:40.362Z - GET /api/v1/temp30
2024-03-14T01:05:40.374Z - GET /api/v1/BLDG1
2024-03-14T01:05:40.383Z - GET /vite.svg
2024-03-14T01:05:41.986Z - GET /
2024-03-14T01:05:42.004Z - GET /assets/index-D8VXISl_.js
2024-03-14T01:05:42.009Z - GET /assets/index-Ugfg4q-L.css
2024-03-14T01:05:42.022Z - GET /assets/jastel-CzcfOkAB.jpg
2024-03-14T01:05:42.028Z - GET /api/v1/monitor
2024-03-14T01:05:42.045Z - GET /api/v1/monitor2
2024-03-14T01:05:42.053Z - GET /api/v1/HYI
2024-03-14T01:05:42.060Z - GET /api/v1/temp30
2024-03-14T01:05:42.067Z - GET /api/v1/BLDG1
2024-03-14T01:05:42.111Z - GET /vite.svg
2024-03-14T01:06:38.159Z - GET /
2024-03-14T01:06:38.188Z - GET /assets/index-D8VXISl_.js
2024-03-14T01:06:38.197Z - GET /assets/index-Ugfg4q-L.css
2024-03-14T01:06:38.248Z - GET /assets/jastel-CzcfOkAB.jpg
2024-03-14T01:08:38.549Z - GET /
2024-03-14T01:08:38.598Z - GET /
2024-03-14T01:08:38.653Z - GET /assets/index-D8VXISl_.js
2024-03-14T01:08:38.657Z - GET /assets/index-Ugfg4q-L.css
2024-03-14T01:08:38.693Z - GET /assets/jastel-CzcfOkAB.jpg
2024-03-14T01:08:38.809Z - GET /vite.svg
2024-03-14T01:10:39.526Z - GET /
2024-03-14T01:10:39.547Z - GET /
2024-03-14T01:10:39.565Z - GET /assets/index-D8VXISl_.js
2024-03-14T01:10:39.570Z - GET /assets/index-Ugfg4q-L.css
2024-03-14T01:10:39.606Z - GET /assets/jastel-CzcfOkAB.jpg
2024-03-14T01:10:39.726Z - GET /vite.svg
2024-03-14T01:12:40.529Z - GET /
2024-03-14T01:12:40.551Z - GET /assets/index-D8VXISl_.js
2024-03-14T01:12:40.556Z - GET /assets/index-Ugfg4q-L.css
2024-03-14T01:12:40.610Z - GET /assets/jastel-CzcfOkAB.jpg
2024-03-14T01:12:40.743Z - GET /vite.svg
2024-03-14T01:14:41.516Z - GET /
2024-03-14T01:14:41.527Z - GET /
2024-03-14T01:14:41.535Z - GET /
2024-03-14T01:14:41.568Z - GET /assets/index-D8VXISl_.js
2024-03-14T01:14:41.575Z - GET /assets/index-Ugfg4q-L.css
2024-03-14T01:14:41.653Z - GET /assets/jastel-CzcfOkAB.jpg
2024-03-14T01:14:41.774Z - GET /vite.svg
2024-03-14T01:16:42.526Z - GET /
2024-03-14T01:16:42.568Z - GET /
2024-03-14T01:16:42.618Z - GET /assets/index-D8VXISl_.js
2024-03-14T01:16:42.623Z - GET /assets/index-Ugfg4q-L.css
2024-03-14T01:16:42.689Z - GET /assets/jastel-CzcfOkAB.jpg
2024-03-14T01:16:42.838Z - GET /vite.svg
2024-03-14T01:18:43.530Z - GET /
2024-03-14T01:18:43.570Z - GET /
2024-03-14T01:18:43.595Z - GET /assets/index-D8VXISl_.js
2024-03-14T01:18:43.602Z - GET /assets/index-Ugfg4q-L.css
2024-03-14T01:18:43.654Z - GET /assets/jastel-CzcfOkAB.jpg
2024-03-14T01:18:43.800Z - GET /vite.svg
2024-03-14T01:20:38.992Z - GET /api/v1/monitor
2024-03-14T01:20:39.537Z - GET /api/v1/monitor
2024-03-14T01:20:44.554Z - GET /
2024-03-14T01:20:44.637Z - GET /
2024-03-14T01:20:44.644Z - GET /
2024-03-14T01:20:44.707Z - GET /assets/index-D8VXISl_.js
2024-03-14T01:20:44.711Z - GET /assets/index-Ugfg4q-L.css
2024-03-14T01:20:44.759Z - GET /assets/jastel-CzcfOkAB.jpg
2024-03-14T01:20:44.863Z - GET /vite.svg
2024-03-14T01:21:05.815Z - GET /api/v1/monitor
2024-03-14T01:21:05.832Z - GET /api/v1/temp30
2024-03-14T01:21:05.841Z - GET /api/v1/HYI
2024-03-14T01:21:05.849Z - GET /api/v1/monitor2
2024-03-14T01:21:06.165Z - GET /api/v1/monitor2
2024-03-14T01:21:06.330Z - GET /api/v1/temp30
2024-03-14T01:21:06.422Z - GET /api/v1/HYI
2024-03-14T01:21:06.455Z - GET /api/v1/monitor
2024-03-14T01:21:12.938Z - GET /api/v1/monitor
2024-03-14T01:21:12.959Z - GET /api/v1/BLDG1
2024-03-14T01:21:12.965Z - GET /api/v1/monitor2
2024-03-14T01:21:12.973Z - GET /api/v1/HYI
2024-03-14T01:21:13.324Z - GET /api/v1/BLDG1
2024-03-14T01:21:13.335Z - GET /api/v1/HYI
2024-03-14T01:21:13.353Z - GET /api/v1/monitor2
2024-03-14T01:21:13.461Z - GET /api/v1/monitor
2024-03-14T01:21:17.012Z - GET /api/v1/monitor
2024-03-14T01:21:17.032Z - GET /api/v1/monitor2
2024-03-14T01:21:17.039Z - GET /api/v1/HYI
2024-03-14T01:21:17.048Z - GET /api/v1/BLDG1
2024-03-14T01:21:17.410Z - GET /api/v1/HYI
2024-03-14T01:21:17.418Z - GET /api/v1/monitor2
2024-03-14T01:21:17.426Z - GET /api/v1/BLDG1
2024-03-14T01:21:17.561Z - GET /api/v1/monitor
2024-03-14T01:21:32.960Z - GET /api/v1/temp30
2024-03-14T01:21:32.973Z - GET /api/v1/temp30
2024-03-14T01:21:33.467Z - GET /api/v1/temp30
2024-03-14T01:21:34.123Z - GET /api/v1/temp30
2024-03-14T01:21:58.858Z - GET /api/v1/monitor
2024-03-14T01:21:58.871Z - GET /api/v1/monitor2
2024-03-14T01:21:58.879Z - GET /api/v1/HYI
2024-03-14T01:21:58.887Z - GET /api/v1/temp30
2024-03-14T01:21:58.894Z - GET /api/v1/BLDG1
2024-03-14T01:21:59.244Z - GET /api/v1/HYI
2024-03-14T01:21:59.248Z - GET /api/v1/monitor2
2024-03-14T01:21:59.267Z - GET /api/v1/BLDG1
2024-03-14T01:21:59.276Z - GET /api/v1/monitor
2024-03-14T01:21:59.981Z - GET /api/v1/temp30
2024-03-14T01:21:59.991Z - GET /api/v1/monitor
2024-03-14T01:22:00.008Z - GET /api/v1/monitor2
2024-03-14T01:22:00.020Z - GET /api/v1/HYI
2024-03-14T01:22:00.027Z - GET /api/v1/BLDG1
2024-03-14T01:22:00.376Z - GET /api/v1/monitor2
2024-03-14T01:22:00.459Z - GET /api/v1/BLDG1
2024-03-14T01:22:00.494Z - GET /api/v1/HYI
2024-03-14T01:22:00.529Z - GET /api/v1/temp30
2024-03-14T01:22:00.676Z - GET /api/v1/monitor
2024-03-14T01:22:13.821Z - GET /
2024-03-14T01:22:13.841Z - GET /assets/index-D8VXISl_.js
2024-03-14T01:22:13.847Z - GET /assets/index-Ugfg4q-L.css
2024-03-14T01:22:13.861Z - GET /assets/jastel-CzcfOkAB.jpg
2024-03-14T01:22:13.911Z - GET /vite.svg
2024-03-14T01:22:14.393Z - GET /
2024-03-14T01:22:14.416Z - GET /assets/index-D8VXISl_.js
2024-03-14T01:22:14.423Z - GET /assets/index-Ugfg4q-L.css
2024-03-14T01:22:14.437Z - GET /assets/jastel-CzcfOkAB.jpg
2024-03-14T01:22:14.478Z - GET /vite.svg
2024-03-14T01:22:14.584Z - GET /
2024-03-14T01:22:14.603Z - GET /assets/index-D8VXISl_.js
2024-03-14T01:22:14.610Z - GET /assets/index-Ugfg4q-L.css
2024-03-14T01:22:14.622Z - GET /assets/jastel-CzcfOkAB.jpg
2024-03-14T01:22:14.662Z - GET /vite.svg
2024-03-14T01:22:14.763Z - GET /
2024-03-14T01:22:14.782Z - GET /assets/index-D8VXISl_.js
2024-03-14T01:22:14.791Z - GET /assets/index-Ugfg4q-L.css
2024-03-14T01:22:14.809Z - GET /assets/jastel-CzcfOkAB.jpg
2024-03-14T01:22:14.847Z - GET /vite.svg
2024-03-14T01:22:14.947Z - GET /
2024-03-14T01:22:14.971Z - GET /assets/index-D8VXISl_.js
2024-03-14T01:22:14.980Z - GET /assets/index-Ugfg4q-L.css
2024-03-14T01:22:14.994Z - GET /assets/jastel-CzcfOkAB.jpg
2024-03-14T01:22:15.038Z - GET /vite.svg
2024-03-14T01:22:15.094Z - GET /
2024-03-14T01:22:15.116Z - GET /assets/index-D8VXISl_.js
2024-03-14T01:22:15.127Z - GET /assets/index-Ugfg4q-L.css
2024-03-14T01:22:15.138Z - GET /assets/jastel-CzcfOkAB.jpg
2024-03-14T01:22:15.176Z - GET /vite.svg
2024-03-14T01:22:17.941Z - GET /
2024-03-14T01:22:17.962Z - GET /assets/index-D8VXISl_.js
2024-03-14T01:22:17.969Z - GET /assets/index-Ugfg4q-L.css
2024-03-14T01:22:17.980Z - GET /assets/jastel-CzcfOkAB.jpg
2024-03-14T01:22:18.021Z - GET /vite.svg
2024-03-14T01:23:13.520Z - GET /api/v1/monitor
2024-03-14T01:23:13.540Z - GET /api/v1/monitor2
2024-03-14T01:23:13.551Z - GET /api/v1/HYI
2024-03-14T01:23:13.558Z - GET /api/v1/BLDG1
2024-03-14T01:23:13.564Z - GET /api/v1/temp30
2024-03-14T01:23:13.864Z - GET /api/v1/monitor2
2024-03-14T01:23:13.922Z - GET /api/v1/HYI
2024-03-14T01:23:13.937Z - GET /api/v1/BLDG1
2024-03-14T01:23:14.033Z - GET /api/v1/temp30
2024-03-14T01:23:14.255Z - GET /api/v1/monitor
2024-03-14T01:23:49.380Z - GET /api/v1/monitor
2024-03-14T01:23:49.399Z - GET /api/v1/monitor2
2024-03-14T01:23:49.411Z - GET /api/v1/HYI
2024-03-14T01:23:49.417Z - GET /api/v1/temp30
2024-03-14T01:23:49.426Z - GET /api/v1/BLDG1
2024-03-14T01:23:49.725Z - GET /api/v1/monitor2
2024-03-14T01:23:49.782Z - GET /api/v1/BLDG1
2024-03-14T01:23:49.873Z - GET /api/v1/HYI
2024-03-14T01:23:50.070Z - GET /api/v1/monitor
2024-03-14T01:24:09.404Z - GET /api/v1/temp30
2024-03-14T01:24:18.523Z - GET /
2024-03-14T01:24:18.536Z - GET /
2024-03-14T01:24:18.567Z - GET /assets/index-Ugfg4q-L.css
2024-03-14T01:24:18.571Z - GET /assets/index-D8VXISl_.js
2024-03-14T01:24:18.618Z - GET /assets/jastel-CzcfOkAB.jpg
2024-03-14T01:24:18.741Z - GET /vite.svg
2024-03-14T01:25:17.315Z - GET /api/v1/monitor
2024-03-14T01:25:17.332Z - GET /api/v1/monitor2
2024-03-14T01:25:17.341Z - GET /api/v1/HYI
2024-03-14T01:25:17.345Z - GET /api/v1/temp30
2024-03-14T01:25:17.352Z - GET /api/v1/BLDG1
2024-03-14T01:25:17.661Z - GET /api/v1/monitor2
2024-03-14T01:25:17.736Z - GET /api/v1/BLDG1
2024-03-14T01:25:17.749Z - GET /api/v1/temp30
2024-03-14T01:25:17.790Z - GET /api/v1/HYI
2024-03-14T01:25:17.869Z - GET /api/v1/monitor
2024-03-14T01:26:11.962Z - GET /api/v1/monitor
2024-03-14T01:26:11.985Z - GET /api/v1/monitor2
2024-03-14T01:26:11.997Z - GET /api/v1/HYI
2024-03-14T01:26:12.008Z - GET /api/v1/BLDG1
2024-03-14T01:26:12.315Z - GET /api/v1/monitor2
2024-03-14T01:26:12.364Z - GET /api/v1/HYI
2024-03-14T01:26:12.383Z - GET /api/v1/BLDG1
2024-03-14T01:26:12.493Z - GET /api/v1/monitor
2024-03-14T01:26:19.515Z - GET /
2024-03-14T01:26:19.524Z - GET /
2024-03-14T01:26:19.547Z - GET /assets/index-D8VXISl_.js
2024-03-14T01:26:19.557Z - GET /assets/index-Ugfg4q-L.css
2024-03-14T01:26:19.591Z - GET /assets/jastel-CzcfOkAB.jpg
2024-03-14T01:26:19.712Z - GET /vite.svg
2024-03-14T01:26:31.968Z - GET /api/v1/temp30
2024-03-14T01:26:31.978Z - GET /api/v1/temp30
2024-03-14T01:28:20.511Z - GET /
2024-03-14T01:28:20.522Z - GET /
2024-03-14T01:28:20.529Z - GET /
2024-03-14T01:28:20.547Z - GET /assets/index-D8VXISl_.js
2024-03-14T01:28:20.552Z - GET /assets/index-Ugfg4q-L.css
2024-03-14T01:28:20.583Z - GET /assets/jastel-CzcfOkAB.jpg
2024-03-14T01:28:20.690Z - GET /vite.svg
2024-03-14T01:28:48.821Z - GET /api/v1/monitor2
2024-03-14T01:28:48.845Z - GET /api/v1/HYI
2024-03-14T01:28:48.850Z - GET /api/v1/temp30
2024-03-14T01:28:48.864Z - GET /api/v1/BLDG1
2024-03-14T01:28:49.278Z - GET /api/v1/BLDG1
2024-03-14T01:28:49.294Z - GET /api/v1/monitor2
2024-03-14T01:28:49.308Z - GET /api/v1/HYI
2024-03-14T01:28:49.417Z - GET /api/v1/temp30
2024-03-14T01:28:50.568Z - GET /api/v1/monitor2
2024-03-14T01:28:50.577Z - GET /api/v1/HYI
2024-03-14T01:28:50.583Z - GET /api/v1/temp30
2024-03-14T01:28:50.588Z - GET /api/v1/BLDG1
2024-03-14T01:28:50.996Z - GET /api/v1/monitor2
2024-03-14T01:28:51.007Z - GET /api/v1/HYI
2024-03-14T01:28:51.011Z - GET /api/v1/temp30
2024-03-14T01:28:51.019Z - GET /api/v1/BLDG1
2024-03-14T01:28:51.377Z - GET /api/v1/HYI
2024-03-14T01:28:51.391Z - GET /api/v1/BLDG1
2024-03-14T01:28:51.404Z - GET /api/v1/monitor2
2024-03-14T01:28:51.551Z - GET /api/v1/monitor2
2024-03-14T01:28:51.560Z - GET /api/v1/HYI
2024-03-14T01:28:51.568Z - GET /api/v1/BLDG1
2024-03-14T01:28:51.574Z - GET /api/v1/temp30
2024-03-14T01:28:51.858Z - GET /api/v1/monitor2
2024-03-14T01:28:51.869Z - GET /api/v1/HYI
2024-03-14T01:28:51.874Z - GET /api/v1/temp30
2024-03-14T01:28:51.882Z - GET /api/v1/BLDG1
2024-03-14T01:28:52.237Z - GET /api/v1/monitor2
2024-03-14T01:28:52.326Z - GET /api/v1/HYI
2024-03-14T01:28:52.417Z - GET /api/v1/temp30
2024-03-14T01:28:52.437Z - GET /api/v1/BLDG1
2024-03-14T01:28:57.561Z - GET /api/v1/monitor
2024-03-14T01:28:57.580Z - GET /api/v1/monitor2
2024-03-14T01:28:57.592Z - GET /api/v1/HYI
2024-03-14T01:28:57.599Z - GET /api/v1/BLDG1
2024-03-14T01:28:57.894Z - GET /api/v1/monitor2
2024-03-14T01:28:57.955Z - GET /api/v1/HYI
2024-03-14T01:28:57.966Z - GET /api/v1/BLDG1
2024-03-14T01:28:58.283Z - GET /api/v1/monitor
2024-03-14T01:29:17.573Z - GET /api/v1/temp30
2024-03-14T01:29:17.582Z - GET /api/v1/temp30
2024-03-14T01:29:33.335Z - GET /api/v1/monitor
2024-03-14T01:29:33.362Z - GET /api/v1/monitor2
2024-03-14T01:29:33.371Z - GET /api/v1/HYI
2024-03-14T01:29:33.377Z - GET /api/v1/temp30
2024-03-14T01:29:33.390Z - GET /api/v1/BLDG1
2024-03-14T01:29:33.707Z - GET /api/v1/monitor2
2024-03-14T01:29:33.744Z - GET /api/v1/HYI
2024-03-14T01:29:33.756Z - GET /api/v1/BLDG1
2024-03-14T01:29:33.872Z - GET /api/v1/monitor
2024-03-14T01:29:34.134Z - GET /api/v1/temp30
2024-03-14T01:31:12.806Z - GET /api/v1/monitor
2024-03-14T01:31:12.823Z - GET /api/v1/monitor2
2024-03-14T01:31:12.832Z - GET /api/v1/HYI
2024-03-14T01:31:12.838Z - GET /api/v1/temp30
2024-03-14T01:31:12.851Z - GET /api/v1/BLDG1
2024-03-14T01:31:13.240Z - GET /api/v1/BLDG1
2024-03-14T01:31:13.245Z - GET /api/v1/monitor2
2024-03-14T01:31:13.265Z - GET /api/v1/HYI
2024-03-14T01:31:13.443Z - GET /api/v1/monitor
2024-03-14T01:31:17.296Z - GET /api/v1/temp30
2024-03-14T01:33:13.815Z - GET /api/v1/monitor
2024-03-14T01:33:13.827Z - GET /api/v1/monitor2
2024-03-14T01:33:13.839Z - GET /api/v1/HYI
2024-03-14T01:33:13.845Z - GET /api/v1/temp30
2024-03-14T01:33:13.854Z - GET /api/v1/BLDG1
2024-03-14T01:33:14.185Z - GET /api/v1/monitor2
2024-03-14T01:33:14.216Z - GET /api/v1/HYI
2024-03-14T01:33:14.279Z - GET /api/v1/BLDG1
2024-03-14T01:33:14.288Z - GET /api/v1/monitor
2024-03-14T01:33:14.323Z - GET /api/v1/temp30
2024-03-14T01:35:14.741Z - GET /api/v1/monitor
2024-03-14T01:35:14.764Z - GET /api/v1/monitor2
2024-03-14T01:35:14.771Z - GET /api/v1/HYI
2024-03-14T01:35:14.778Z - GET /api/v1/temp30
2024-03-14T01:35:14.786Z - GET /api/v1/BLDG1
2024-03-14T01:35:15.142Z - GET /api/v1/HYI
2024-03-14T01:35:15.213Z - GET /api/v1/BLDG1
2024-03-14T01:35:15.221Z - GET /api/v1/monitor2
2024-03-14T01:35:15.261Z - GET /api/v1/monitor
2024-03-14T01:35:15.322Z - GET /api/v1/temp30
2024-03-14T01:37:15.735Z - GET /api/v1/monitor
2024-03-14T01:37:15.752Z - GET /api/v1/monitor2
2024-03-14T01:37:15.760Z - GET /api/v1/HYI
2024-03-14T01:37:15.767Z - GET /api/v1/temp30
2024-03-14T01:37:15.773Z - GET /api/v1/BLDG1
2024-03-14T01:37:16.095Z - GET /api/v1/monitor2
2024-03-14T01:37:16.167Z - GET /api/v1/BLDG1
2024-03-14T01:37:16.225Z - GET /api/v1/temp30
2024-03-14T01:37:16.426Z - GET /api/v1/HYI
2024-03-14T01:37:16.495Z - GET /api/v1/monitor
2024-03-14T01:38:20.745Z - GET /api/v1/monitor
2024-03-14T01:38:20.768Z - GET /api/v1/monitor2
2024-03-14T01:38:20.784Z - GET /api/v1/HYI
2024-03-14T01:38:20.794Z - GET /api/v1/temp30
2024-03-14T01:38:20.806Z - GET /api/v1/BLDG1
2024-03-14T01:38:21.232Z - GET /api/v1/BLDG1
2024-03-14T01:38:21.238Z - GET /api/v1/monitor2
2024-03-14T01:38:21.248Z - GET /api/v1/HYI
2024-03-14T01:38:21.360Z - GET /api/v1/monitor
2024-03-14T01:38:21.447Z - GET /api/v1/temp30
2024-03-14T01:38:24.070Z - GET /api/v1/monitor
2024-03-14T01:38:24.087Z - GET /api/v1/monitor2
2024-03-14T01:38:24.094Z - GET /api/v1/HYI
2024-03-14T01:38:24.100Z - GET /api/v1/temp30
2024-03-14T01:38:24.110Z - GET /api/v1/BLDG1
2024-03-14T01:38:24.422Z - GET /api/v1/monitor2
2024-03-14T01:38:24.468Z - GET /api/v1/HYI
2024-03-14T01:38:24.495Z - GET /api/v1/BLDG1
2024-03-14T01:38:24.714Z - GET /api/v1/temp30
2024-03-14T01:38:24.770Z - GET /api/v1/monitor
