2024-03-07T02:59:07.594Z - GET /api/v1/monitor
2024-03-07T02:59:07.647Z - GET /api/v1/HYI
2024-03-07T02:59:07.653Z - GET /api/v1/monitor2
2024-03-07T02:59:07.660Z - GET /api/v1/temp30
2024-03-07T02:59:07.666Z - GET /api/v1/BLDG1
2024-03-07T02:59:08.084Z - GET /api/v1/BLDG1
2024-03-07T02:59:08.098Z - GET /api/v1/HYI
2024-03-07T02:59:08.196Z - GET /api/v1/monitor2
2024-03-07T02:59:08.321Z - GET /api/v1/monitor
2024-03-07T02:59:13.058Z - GET /api/v1/monitor
2024-03-07T02:59:13.064Z - GET /api/v1/monitor2
2024-03-07T02:59:13.070Z - GET /api/v1/temp30
2024-03-07T02:59:13.074Z - GET /api/v1/HYI
2024-03-07T02:59:13.110Z - GET /api/v1/BLDG1
2024-03-07T02:59:13.463Z - GET /api/v1/monitor2
2024-03-07T02:59:13.510Z - GET /api/v1/BLDG1
2024-03-07T02:59:13.573Z - GET /api/v1/HYI
2024-03-07T02:59:13.647Z - GET /api/v1/monitor
2024-03-07T02:59:13.693Z - GET /api/v1/temp30
2024-03-07T03:01:13.233Z - GET /api/v1/monitor
2024-03-07T03:01:13.249Z - GET /api/v1/monitor2
2024-03-07T03:01:13.255Z - GET /api/v1/HYI
2024-03-07T03:01:13.259Z - GET /api/v1/temp30
2024-03-07T03:01:13.262Z - GET /api/v1/BLDG1
2024-03-07T03:01:13.593Z - GET /api/v1/monitor2
2024-03-07T03:01:13.636Z - GET /api/v1/HYI
2024-03-07T03:01:13.650Z - GET /api/v1/BLDG1
2024-03-07T03:01:13.674Z - GET /api/v1/monitor
2024-03-07T03:01:13.716Z - GET /api/v1/temp30
2024-03-07T03:03:13.366Z - GET /api/v1/monitor
2024-03-07T03:03:13.390Z - GET /api/v1/monitor2
2024-03-07T03:03:13.396Z - GET /api/v1/HYI
2024-03-07T03:03:13.402Z - GET /api/v1/temp30
2024-03-07T03:03:13.407Z - GET /api/v1/BLDG1
2024-03-07T03:03:13.717Z - GET /api/v1/monitor2
2024-03-07T03:03:13.797Z - GET /api/v1/HYI
2024-03-07T03:03:13.808Z - GET /api/v1/BLDG1
2024-03-07T03:03:13.918Z - GET /api/v1/monitor
2024-03-07T03:03:33.383Z - GET /api/v1/temp30
2024-03-07T03:05:13.634Z - GET /api/v1/monitor
2024-03-07T03:05:13.653Z - GET /api/v1/monitor2
2024-03-07T03:05:13.657Z - GET /api/v1/HYI
2024-03-07T03:05:13.662Z - GET /api/v1/temp30
2024-03-07T03:05:13.693Z - GET /api/v1/BLDG1
2024-03-07T03:05:13.994Z - GET /api/v1/monitor2
2024-03-07T03:05:14.042Z - GET /api/v1/HYI
2024-03-07T03:05:14.230Z - GET /api/v1/BLDG1
2024-03-07T03:05:14.273Z - GET /api/v1/monitor
2024-03-07T03:05:14.374Z - GET /api/v1/temp30
2024-03-07T03:07:13.830Z - GET /api/v1/monitor
2024-03-07T03:07:13.844Z - GET /api/v1/monitor2
2024-03-07T03:07:13.850Z - GET /api/v1/HYI
2024-03-07T03:07:13.854Z - GET /api/v1/temp30
2024-03-07T03:07:13.870Z - GET /api/v1/BLDG1
2024-03-07T03:07:14.242Z - GET /api/v1/monitor2
2024-03-07T03:07:14.262Z - GET /api/v1/BLDG1
2024-03-07T03:07:14.267Z - GET /api/v1/HYI
2024-03-07T03:07:14.414Z - GET /api/v1/temp30
2024-03-07T03:07:14.517Z - GET /api/v1/monitor
2024-03-07T03:08:10.530Z - GET /api/v1/monitor
2024-03-07T03:08:45.425Z - GET /api/v1/monitor
2024-03-07T03:09:14.670Z - GET /api/v1/monitor
2024-03-07T03:09:14.689Z - GET /api/v1/monitor2
2024-03-07T03:09:14.694Z - GET /api/v1/HYI
2024-03-07T03:09:14.701Z - GET /api/v1/temp30
2024-03-07T03:09:14.706Z - GET /api/v1/BLDG1
2024-03-07T03:09:15.056Z - GET /api/v1/monitor2
2024-03-07T03:09:15.117Z - GET /api/v1/HYI
2024-03-07T03:09:15.130Z - GET /api/v1/BLDG1
2024-03-07T03:09:15.238Z - GET /api/v1/monitor
2024-03-07T03:09:15.465Z - GET /api/v1/temp30
2024-03-07T03:09:32.317Z - GET /api/v1/monitor
2024-03-07T03:09:44.180Z - GET /api/v1/monitor
2024-03-07T03:09:52.682Z - GET /api/v1/monitor
2024-03-07T03:10:24.189Z - GET /api/v1/monitor
2024-03-07T03:10:24.197Z - GET /api/v1/monitor2
2024-03-07T03:10:24.222Z - GET /api/v1/HYI
2024-03-07T03:10:24.227Z - GET /api/v1/temp30
2024-03-07T03:10:24.234Z - GET /api/v1/BLDG1
2024-03-07T03:10:24.627Z - GET /api/v1/HYI
2024-03-07T03:10:24.664Z - GET /api/v1/BLDG1
2024-03-07T03:10:24.682Z - GET /api/v1/monitor2
2024-03-07T03:10:24.778Z - GET /api/v1/temp30
2024-03-07T03:10:24.822Z - GET /api/v1/monitor
2024-03-07T03:12:24.598Z - GET /api/v1/monitor
2024-03-07T03:12:24.611Z - GET /api/v1/monitor2
2024-03-07T03:12:24.617Z - GET /api/v1/HYI
2024-03-07T03:12:24.623Z - GET /api/v1/temp30
2024-03-07T03:12:24.629Z - GET /api/v1/BLDG1
2024-03-07T03:12:24.970Z - GET /api/v1/monitor2
2024-03-07T03:12:25.024Z - GET /api/v1/BLDG1
2024-03-07T03:12:25.035Z - GET /api/v1/HYI
2024-03-07T03:12:25.240Z - GET /api/v1/temp30
2024-03-07T03:12:25.267Z - GET /api/v1/monitor
2024-03-07T03:14:25.680Z - GET /api/v1/monitor
2024-03-07T03:14:25.686Z - GET /api/v1/monitor2
2024-03-07T03:14:25.716Z - GET /api/v1/HYI
2024-03-07T03:14:25.722Z - GET /api/v1/temp30
2024-03-07T03:14:25.729Z - GET /api/v1/BLDG1
2024-03-07T03:14:26.047Z - GET /api/v1/monitor2
2024-03-07T03:14:26.111Z - GET /api/v1/HYI
2024-03-07T03:14:26.128Z - GET /api/v1/BLDG1
2024-03-07T03:14:26.211Z - GET /api/v1/monitor
2024-03-07T03:14:26.276Z - GET /api/v1/temp30
2024-03-07T03:14:39.336Z - GET /api/v1/monitor
2024-03-07T03:14:58.798Z - GET /api/v1/monitor
2024-03-07T03:16:26.576Z - GET /api/v1/monitor
2024-03-07T03:16:26.592Z - GET /api/v1/monitor2
2024-03-07T03:16:26.599Z - GET /api/v1/HYI
2024-03-07T03:16:26.604Z - GET /api/v1/temp30
2024-03-07T03:16:26.611Z - GET /api/v1/BLDG1
2024-03-07T03:16:26.977Z - GET /api/v1/monitor2
2024-03-07T03:16:27.039Z - GET /api/v1/BLDG1
2024-03-07T03:16:27.080Z - GET /api/v1/HYI
2024-03-07T03:16:27.165Z - GET /api/v1/monitor
2024-03-07T03:16:41.930Z - GET /api/v1/temp30
2024-03-07T03:17:16.550Z - GET /api/v1/monitor
2024-03-07T03:18:20.164Z - GET /api/v1/monitor
2024-03-07T03:18:27.594Z - GET /api/v1/monitor
2024-03-07T03:18:27.608Z - GET /api/v1/monitor2
2024-03-07T03:18:27.612Z - GET /api/v1/HYI
2024-03-07T03:18:27.619Z - GET /api/v1/temp30
2024-03-07T03:18:27.623Z - GET /api/v1/BLDG1
2024-03-07T03:18:27.992Z - GET /api/v1/HYI
2024-03-07T03:18:28.010Z - GET /api/v1/BLDG1
2024-03-07T03:18:28.022Z - GET /api/v1/monitor2
2024-03-07T03:18:28.080Z - GET /api/v1/monitor
2024-03-07T03:18:28.085Z - GET /api/v1/temp30
2024-03-07T03:18:49.980Z - GET /api/v1/monitor
2024-03-07T03:18:50.000Z - GET /api/v1/monitor2
2024-03-07T03:18:50.005Z - GET /api/v1/HYI
2024-03-07T03:18:50.010Z - GET /api/v1/temp30
2024-03-07T03:18:50.014Z - GET /api/v1/BLDG1
2024-03-07T03:18:50.366Z - GET /api/v1/monitor2
2024-03-07T03:18:50.408Z - GET /api/v1/BLDG1
2024-03-07T03:18:50.415Z - GET /api/v1/HYI
2024-03-07T03:18:50.431Z - GET /api/v1/monitor
2024-03-07T03:18:50.592Z - GET /api/v1/temp30
2024-03-07T03:20:50.080Z - GET /api/v1/monitor
2024-03-07T03:20:50.104Z - GET /api/v1/monitor2
2024-03-07T03:20:50.110Z - GET /api/v1/HYI
2024-03-07T03:20:50.114Z - GET /api/v1/temp30
2024-03-07T03:20:50.119Z - GET /api/v1/BLDG1
2024-03-07T03:20:50.503Z - GET /api/v1/monitor2
2024-03-07T03:20:50.518Z - GET /api/v1/HYI
2024-03-07T03:20:50.523Z - GET /api/v1/BLDG1
2024-03-07T03:20:50.528Z - GET /api/v1/temp30
2024-03-07T03:20:50.573Z - GET /api/v1/monitor
2024-03-07T03:22:50.639Z - GET /api/v1/monitor
2024-03-07T03:22:50.677Z - GET /api/v1/monitor2
2024-03-07T03:22:50.686Z - GET /api/v1/HYI
2024-03-07T03:22:50.694Z - GET /api/v1/temp30
2024-03-07T03:22:50.698Z - GET /api/v1/BLDG1
2024-03-07T03:22:51.068Z - GET /api/v1/monitor2
2024-03-07T03:22:51.096Z - GET /api/v1/HYI
2024-03-07T03:22:51.118Z - GET /api/v1/BLDG1
2024-03-07T03:22:51.266Z - GET /api/v1/monitor
2024-03-07T03:22:54.074Z - GET /api/v1/monitor
2024-03-07T03:23:02.375Z - GET /api/v1/monitor
2024-03-07T03:23:05.485Z - GET /api/v1/temp30
2024-03-07T03:23:06.655Z - GET /api/v1/monitor
2024-03-07T03:24:51.645Z - GET /api/v1/monitor
2024-03-07T03:24:51.674Z - GET /api/v1/monitor2
2024-03-07T03:24:51.680Z - GET /api/v1/HYI
2024-03-07T03:24:51.692Z - GET /api/v1/temp30
2024-03-07T03:24:51.700Z - GET /api/v1/BLDG1
2024-03-07T03:24:52.074Z - GET /api/v1/monitor2
2024-03-07T03:24:52.130Z - GET /api/v1/BLDG1
2024-03-07T03:24:52.136Z - GET /api/v1/HYI
2024-03-07T03:24:52.160Z - GET /api/v1/monitor
2024-03-07T03:24:52.297Z - GET /api/v1/temp30
2024-03-07T03:25:57.288Z - GET /api/v1/monitor
2024-03-07T03:26:17.189Z - GET /api/v1/monitor
2024-03-07T03:26:17.201Z - GET /api/v1/monitor2
2024-03-07T03:26:17.205Z - GET /api/v1/HYI
2024-03-07T03:26:17.233Z - GET /api/v1/temp30
2024-03-07T03:26:17.239Z - GET /api/v1/BLDG1
2024-03-07T03:26:17.627Z - GET /api/v1/HYI
2024-03-07T03:26:17.652Z - GET /api/v1/BLDG1
2024-03-07T03:26:17.676Z - GET /api/v1/temp30
2024-03-07T03:26:17.802Z - GET /api/v1/monitor
2024-03-07T03:26:17.825Z - GET /api/v1/monitor2
2024-03-07T03:26:37.258Z - GET /api/v1/monitor
2024-03-07T03:26:37.288Z - GET /api/v1/monitor2
2024-03-07T03:26:37.292Z - GET /api/v1/HYI
2024-03-07T03:26:37.297Z - GET /api/v1/temp30
2024-03-07T03:26:37.301Z - GET /api/v1/BLDG1
2024-03-07T03:26:37.683Z - GET /api/v1/BLDG1
2024-03-07T03:26:37.703Z - GET /api/v1/HYI
2024-03-07T03:26:38.008Z - GET /api/v1/monitor
2024-03-07T03:26:38.061Z - GET /api/v1/monitor2
2024-03-07T03:26:43.136Z - GET /api/v1/temp30
2024-03-07T03:26:45.864Z - GET /api/v1/monitor
2024-03-07T03:26:45.870Z - GET /api/v1/monitor2
2024-03-07T03:26:45.893Z - GET /api/v1/HYI
2024-03-07T03:26:45.900Z - GET /api/v1/temp30
2024-03-07T03:26:45.904Z - GET /api/v1/BLDG1
2024-03-07T03:26:46.317Z - GET /api/v1/BLDG1
2024-03-07T03:26:46.323Z - GET /api/v1/HYI
2024-03-07T03:26:46.430Z - GET /api/v1/monitor
2024-03-07T03:26:47.519Z - GET /api/v1/monitor2
2024-03-07T03:27:05.879Z - GET /api/v1/temp30
2024-03-07T03:27:31.243Z - GET /api/v1/monitor
2024-03-07T03:27:31.271Z - GET /api/v1/monitor2
2024-03-07T03:27:31.278Z - GET /api/v1/HYI
2024-03-07T03:27:31.282Z - GET /api/v1/temp30
2024-03-07T03:27:31.286Z - GET /api/v1/BLDG1
2024-03-07T03:27:31.679Z - GET /api/v1/HYI
2024-03-07T03:27:31.697Z - GET /api/v1/BLDG1
2024-03-07T03:27:31.705Z - GET /api/v1/monitor2
2024-03-07T03:27:31.803Z - GET /api/v1/temp30
2024-03-07T03:27:33.395Z - GET /api/v1/monitor
2024-03-07T03:27:39.468Z - GET /api/v1/temp30
2024-03-07T03:27:41.199Z - GET /api/v1/monitor
2024-03-07T03:27:41.206Z - GET /api/v1/monitor2
2024-03-07T03:27:41.234Z - GET /api/v1/HYI
2024-03-07T03:27:41.241Z - GET /api/v1/temp30
2024-03-07T03:27:41.246Z - GET /api/v1/BLDG1
2024-03-07T03:27:41.626Z - GET /api/v1/BLDG1
2024-03-07T03:27:41.757Z - GET /api/v1/temp30
2024-03-07T03:27:41.799Z - GET /api/v1/monitor
2024-03-07T03:27:41.815Z - GET /api/v1/HYI
2024-03-07T03:27:41.840Z - GET /api/v1/monitor2
2024-03-07T03:28:01.561Z - GET /api/v1/monitor
2024-03-07T03:28:01.573Z - GET /api/v1/monitor2
2024-03-07T03:28:01.613Z - GET /api/v1/HYI
2024-03-07T03:28:01.620Z - GET /api/v1/temp30
2024-03-07T03:28:01.625Z - GET /api/v1/BLDG1
2024-03-07T03:28:02.016Z - GET /api/v1/monitor2
2024-03-07T03:28:02.024Z - GET /api/v1/HYI
2024-03-07T03:28:02.056Z - GET /api/v1/BLDG1
2024-03-07T03:28:02.393Z - GET /api/v1/temp30
2024-03-07T03:28:03.553Z - GET /api/v1/monitor
2024-03-07T03:29:09.014Z - GET /api/v1/monitor
2024-03-07T03:29:20.242Z - GET /api/v1/monitor
2024-03-07T03:29:30.429Z - GET /api/v1/monitor
2024-03-07T03:30:02.577Z - GET /api/v1/monitor
2024-03-07T03:30:02.595Z - GET /api/v1/monitor2
2024-03-07T03:30:02.602Z - GET /api/v1/HYI
2024-03-07T03:30:02.607Z - GET /api/v1/temp30
2024-03-07T03:30:02.613Z - GET /api/v1/BLDG1
2024-03-07T03:30:02.989Z - GET /api/v1/HYI
2024-03-07T03:30:03.013Z - GET /api/v1/monitor2
2024-03-07T03:30:03.032Z - GET /api/v1/monitor
2024-03-07T03:30:03.086Z - GET /api/v1/BLDG1
2024-03-07T03:30:22.584Z - GET /api/v1/temp30
2024-03-07T03:31:09.143Z - GET /api/v1/monitor
2024-03-07T03:32:00.834Z - GET /api/v1/monitor
2024-03-07T03:32:03.693Z - GET /api/v1/monitor
2024-03-07T03:32:03.727Z - GET /api/v1/monitor2
2024-03-07T03:32:03.735Z - GET /api/v1/HYI
2024-03-07T03:32:03.741Z - GET /api/v1/temp30
2024-03-07T03:32:03.754Z - GET /api/v1/BLDG1
2024-03-07T03:32:04.146Z - GET /api/v1/HYI
2024-03-07T03:32:04.175Z - GET /api/v1/BLDG1
2024-03-07T03:32:04.187Z - GET /api/v1/monitor2
2024-03-07T03:32:04.294Z - GET /api/v1/monitor
2024-03-07T03:32:04.313Z - GET /api/v1/temp30
2024-03-07T03:33:31.875Z - GET /api/v1/monitor
2024-03-07T03:34:04.696Z - GET /api/v1/monitor
2024-03-07T03:34:04.703Z - GET /api/v1/monitor2
2024-03-07T03:34:04.734Z - GET /api/v1/HYI
2024-03-07T03:34:04.740Z - GET /api/v1/temp30
2024-03-07T03:34:04.748Z - GET /api/v1/BLDG1
2024-03-07T03:34:05.100Z - GET /api/v1/monitor2
2024-03-07T03:34:05.154Z - GET /api/v1/HYI
2024-03-07T03:34:05.164Z - GET /api/v1/BLDG1
2024-03-07T03:34:05.247Z - GET /api/v1/monitor
2024-03-07T03:34:05.355Z - GET /api/v1/temp30
2024-03-07T03:36:05.572Z - GET /api/v1/monitor
2024-03-07T03:36:05.585Z - GET /api/v1/monitor2
2024-03-07T03:36:05.590Z - GET /api/v1/HYI
2024-03-07T03:36:05.594Z - GET /api/v1/temp30
2024-03-07T03:36:05.598Z - GET /api/v1/BLDG1
2024-03-07T03:36:05.929Z - GET /api/v1/monitor2
2024-03-07T03:36:05.974Z - GET /api/v1/BLDG1
2024-03-07T03:36:05.983Z - GET /api/v1/HYI
2024-03-07T03:36:06.040Z - GET /api/v1/temp30
2024-03-07T03:36:06.259Z - GET /api/v1/monitor
2024-03-07T03:38:06.632Z - GET /api/v1/monitor
2024-03-07T03:38:06.639Z - GET /api/v1/monitor2
2024-03-07T03:38:06.644Z - GET /api/v1/HYI
2024-03-07T03:38:06.648Z - GET /api/v1/temp30
2024-03-07T03:38:06.655Z - GET /api/v1/BLDG1
2024-03-07T03:38:07.046Z - GET /api/v1/HYI
2024-03-07T03:38:07.065Z - GET /api/v1/monitor2
2024-03-07T03:38:07.115Z - GET /api/v1/BLDG1
2024-03-07T03:38:07.169Z - GET /api/v1/monitor
2024-03-07T03:38:26.650Z - GET /api/v1/temp30
2024-03-07T03:40:07.652Z - GET /api/v1/monitor
2024-03-07T03:40:07.657Z - GET /api/v1/monitor2
2024-03-07T03:40:07.662Z - GET /api/v1/HYI
2024-03-07T03:40:07.670Z - GET /api/v1/temp30
2024-03-07T03:40:07.676Z - GET /api/v1/BLDG1
2024-03-07T03:40:08.056Z - GET /api/v1/HYI
2024-03-07T03:40:08.083Z - GET /api/v1/BLDG1
2024-03-07T03:40:08.115Z - GET /api/v1/monitor2
2024-03-07T03:40:08.208Z - GET /api/v1/temp30
2024-03-07T03:40:08.262Z - GET /api/v1/monitor
2024-03-07T03:42:08.596Z - GET /api/v1/monitor
2024-03-07T03:42:08.610Z - GET /api/v1/monitor2
2024-03-07T03:42:08.616Z - GET /api/v1/HYI
2024-03-07T03:42:08.621Z - GET /api/v1/temp30
2024-03-07T03:42:08.626Z - GET /api/v1/BLDG1
2024-03-07T03:42:08.970Z - GET /api/v1/monitor2
2024-03-07T03:42:09.006Z - GET /api/v1/HYI
2024-03-07T03:42:09.025Z - GET /api/v1/BLDG1
2024-03-07T03:42:09.163Z - GET /api/v1/temp30
2024-03-07T03:42:09.181Z - GET /api/v1/monitor
2024-03-07T03:44:09.628Z - GET /api/v1/monitor
2024-03-07T03:44:09.640Z - GET /api/v1/monitor2
2024-03-07T03:44:09.645Z - GET /api/v1/HYI
2024-03-07T03:44:09.650Z - GET /api/v1/temp30
2024-03-07T03:44:09.656Z - GET /api/v1/BLDG1
2024-03-07T03:44:09.996Z - GET /api/v1/monitor2
2024-03-07T03:44:10.047Z - GET /api/v1/BLDG1
2024-03-07T03:44:10.122Z - GET /api/v1/HYI
2024-03-07T03:44:10.209Z - GET /api/v1/temp30
2024-03-07T03:44:10.427Z - GET /api/v1/monitor
2024-03-07T03:46:10.627Z - GET /api/v1/monitor
2024-03-07T03:46:10.632Z - GET /api/v1/monitor2
2024-03-07T03:46:10.637Z - GET /api/v1/HYI
2024-03-07T03:46:10.641Z - GET /api/v1/temp30
2024-03-07T03:46:10.645Z - GET /api/v1/BLDG1
2024-03-07T03:46:10.983Z - GET /api/v1/monitor2
2024-03-07T03:46:11.051Z - GET /api/v1/HYI
2024-03-07T03:46:11.059Z - GET /api/v1/BLDG1
2024-03-07T03:46:11.140Z - GET /api/v1/monitor
2024-03-07T03:46:11.292Z - GET /api/v1/temp30
2024-03-07T03:48:11.634Z - GET /api/v1/monitor
2024-03-07T03:48:11.647Z - GET /api/v1/monitor2
2024-03-07T03:48:11.652Z - GET /api/v1/HYI
2024-03-07T03:48:11.660Z - GET /api/v1/temp30
2024-03-07T03:48:11.669Z - GET /api/v1/BLDG1
2024-03-07T03:48:12.018Z - GET /api/v1/monitor2
2024-03-07T03:48:12.060Z - GET /api/v1/HYI
2024-03-07T03:48:12.075Z - GET /api/v1/BLDG1
2024-03-07T03:48:13.018Z - GET /api/v1/monitor
2024-03-07T03:48:31.649Z - GET /api/v1/temp30
2024-03-07T03:50:12.650Z - GET /api/v1/monitor
2024-03-07T03:50:12.662Z - GET /api/v1/monitor2
2024-03-07T03:50:12.667Z - GET /api/v1/HYI
2024-03-07T03:50:12.672Z - GET /api/v1/temp30
2024-03-07T03:50:12.678Z - GET /api/v1/BLDG1
2024-03-07T03:50:13.016Z - GET /api/v1/monitor2
2024-03-07T03:50:13.077Z - GET /api/v1/BLDG1
2024-03-07T03:50:13.086Z - GET /api/v1/HYI
2024-03-07T03:50:13.187Z - GET /api/v1/monitor
2024-03-07T03:50:13.302Z - GET /api/v1/temp30
2024-03-07T03:52:02.667Z - GET /api/v1/monitor
2024-03-07T03:52:02.704Z - GET /api/v1/monitor2
2024-03-07T03:52:02.711Z - GET /api/v1/HYI
2024-03-07T03:52:02.718Z - GET /api/v1/temp30
2024-03-07T03:52:02.722Z - GET /api/v1/BLDG1
2024-03-07T03:52:03.057Z - GET /api/v1/monitor2
2024-03-07T03:52:03.095Z - GET /api/v1/HYI
2024-03-07T03:52:03.229Z - GET /api/v1/temp30
2024-03-07T03:52:03.267Z - GET /api/v1/monitor
2024-03-07T03:52:03.331Z - GET /api/v1/BLDG1
2024-03-07T03:54:03.653Z - GET /api/v1/monitor
2024-03-07T03:54:03.690Z - GET /api/v1/monitor2
2024-03-07T03:54:03.697Z - GET /api/v1/HYI
2024-03-07T03:54:03.702Z - GET /api/v1/temp30
2024-03-07T03:54:03.712Z - GET /api/v1/BLDG1
2024-03-07T03:54:04.096Z - GET /api/v1/HYI
2024-03-07T03:54:04.115Z - GET /api/v1/BLDG1
2024-03-07T03:54:04.250Z - GET /api/v1/monitor
2024-03-07T03:54:04.279Z - GET /api/v1/monitor2
2024-03-07T03:54:23.658Z - GET /api/v1/temp30
2024-03-07T03:56:04.640Z - GET /api/v1/monitor
2024-03-07T03:56:04.655Z - GET /api/v1/monitor2
2024-03-07T03:56:04.662Z - GET /api/v1/HYI
2024-03-07T03:56:04.668Z - GET /api/v1/temp30
2024-03-07T03:56:04.674Z - GET /api/v1/BLDG1
2024-03-07T03:56:05.054Z - GET /api/v1/monitor2
2024-03-07T03:56:05.092Z - GET /api/v1/HYI
2024-03-07T03:56:05.126Z - GET /api/v1/BLDG1
2024-03-07T03:56:05.228Z - GET /api/v1/temp30
2024-03-07T03:56:05.420Z - GET /api/v1/monitor
2024-03-07T03:58:05.623Z - GET /api/v1/monitor
2024-03-07T03:58:05.648Z - GET /api/v1/monitor2
2024-03-07T03:58:05.656Z - GET /api/v1/HYI
2024-03-07T03:58:05.665Z - GET /api/v1/temp30
2024-03-07T03:58:05.675Z - GET /api/v1/BLDG1
2024-03-07T03:58:06.059Z - GET /api/v1/monitor2
2024-03-07T03:58:06.077Z - GET /api/v1/HYI
2024-03-07T03:58:06.083Z - GET /api/v1/BLDG1
2024-03-07T03:58:06.216Z - GET /api/v1/temp30
2024-03-07T03:58:06.235Z - GET /api/v1/monitor
2024-03-07T03:58:45.334Z - GET /api/v1/monitor
2024-03-07T03:59:48.997Z - GET /api/v1/monitor
2024-03-07T04:00:06.703Z - GET /api/v1/monitor
2024-03-07T04:00:06.716Z - GET /api/v1/monitor2
2024-03-07T04:00:06.757Z - GET /api/v1/HYI
2024-03-07T04:00:06.764Z - GET /api/v1/temp30
2024-03-07T04:00:06.770Z - GET /api/v1/BLDG1
2024-03-07T04:00:07.109Z - GET /api/v1/monitor2
2024-03-07T04:00:07.147Z - GET /api/v1/HYI
2024-03-07T04:00:07.389Z - GET /api/v1/BLDG1
2024-03-07T04:00:07.498Z - GET /api/v1/monitor
2024-03-07T04:00:26.710Z - GET /api/v1/temp30
2024-03-07T04:02:06.822Z - GET /api/v1/monitor
2024-03-07T04:02:06.846Z - GET /api/v1/temp30
2024-03-07T04:02:06.852Z - GET /api/v1/monitor2
2024-03-07T04:02:06.856Z - GET /api/v1/HYI
2024-03-07T04:02:06.861Z - GET /api/v1/BLDG1
2024-03-07T04:02:07.225Z - GET /api/v1/monitor2
2024-03-07T04:02:07.259Z - GET /api/v1/BLDG1
2024-03-07T04:02:07.347Z - GET /api/v1/HYI
2024-03-07T04:02:07.403Z - GET /api/v1/temp30
2024-03-07T04:02:07.557Z - GET /api/v1/monitor
2024-03-07T04:03:56.456Z - GET /api/v1/monitor
2024-03-07T04:04:01.987Z - GET /api/v1/monitor
2024-03-07T04:04:06.971Z - GET /api/v1/monitor
2024-03-07T04:04:06.982Z - GET /api/v1/monitor2
2024-03-07T04:04:06.988Z - GET /api/v1/HYI
2024-03-07T04:04:07.000Z - GET /api/v1/temp30
2024-03-07T04:04:07.006Z - GET /api/v1/BLDG1
2024-03-07T04:04:07.373Z - GET /api/v1/monitor2
2024-03-07T04:04:07.390Z - GET /api/v1/BLDG1
2024-03-07T04:04:07.403Z - GET /api/v1/HYI
2024-03-07T04:04:07.436Z - GET /api/v1/temp30
2024-03-07T04:04:07.714Z - GET /api/v1/monitor
2024-03-07T04:06:07.582Z - GET /api/v1/monitor
2024-03-07T04:06:07.594Z - GET /api/v1/monitor2
2024-03-07T04:06:07.599Z - GET /api/v1/HYI
2024-03-07T04:06:07.603Z - GET /api/v1/temp30
2024-03-07T04:06:07.609Z - GET /api/v1/BLDG1
2024-03-07T04:06:08.042Z - GET /api/v1/monitor2
2024-03-07T04:06:08.082Z - GET /api/v1/BLDG1
2024-03-07T04:06:08.088Z - GET /api/v1/HYI
2024-03-07T04:06:08.366Z - GET /api/v1/monitor
2024-03-07T04:06:27.600Z - GET /api/v1/temp30
2024-03-07T04:06:28.481Z - GET /api/v1/monitor
2024-03-07T04:06:39.482Z - GET /api/v1/monitor
2024-03-07T04:06:41.454Z - GET /api/v1/monitor
2024-03-07T04:06:41.473Z - GET /api/v1/temp30
2024-03-07T04:06:41.480Z - GET /api/v1/monitor2
2024-03-07T04:06:41.485Z - GET /api/v1/HYI
2024-03-07T04:06:41.491Z - GET /api/v1/BLDG1
2024-03-07T04:06:41.921Z - GET /api/v1/BLDG1
2024-03-07T04:06:41.947Z - GET /api/v1/monitor2
2024-03-07T04:06:41.958Z - GET /api/v1/HYI
2024-03-07T04:06:42.096Z - GET /api/v1/temp30
2024-03-07T04:06:42.185Z - GET /api/v1/monitor
2024-03-07T04:06:59.474Z - GET /api/v1/monitor
2024-03-07T04:07:24.959Z - GET /api/v1/monitor
2024-03-07T04:07:24.991Z - GET /api/v1/monitor2
2024-03-07T04:07:24.997Z - GET /api/v1/HYI
2024-03-07T04:07:25.004Z - GET /api/v1/temp30
2024-03-07T04:07:25.009Z - GET /api/v1/BLDG1
2024-03-07T04:07:25.438Z - GET /api/v1/monitor2
2024-03-07T04:07:25.481Z - GET /api/v1/HYI
2024-03-07T04:07:25.545Z - GET /api/v1/BLDG1
2024-03-07T04:07:25.653Z - GET /api/v1/temp30
2024-03-07T04:07:25.768Z - GET /api/v1/monitor
2024-03-07T04:09:25.609Z - GET /api/v1/monitor
2024-03-07T04:09:25.622Z - GET /api/v1/monitor2
2024-03-07T04:09:25.629Z - GET /api/v1/HYI
2024-03-07T04:09:25.635Z - GET /api/v1/temp30
2024-03-07T04:09:25.646Z - GET /api/v1/BLDG1
2024-03-07T04:09:26.131Z - GET /api/v1/monitor2
2024-03-07T04:09:26.138Z - GET /api/v1/HYI
2024-03-07T04:09:26.468Z - GET /api/v1/monitor
2024-03-07T04:09:26.542Z - GET /api/v1/BLDG1
2024-03-07T04:09:44.503Z - GET /api/v1/temp30
2024-03-07T04:10:31.471Z - GET /api/v1/monitor
2024-03-07T04:10:51.528Z - GET /api/v1/monitor
2024-03-07T04:11:25.798Z - GET /api/v1/monitor
2024-03-07T04:11:25.817Z - GET /api/v1/temp30
2024-03-07T04:11:25.823Z - GET /api/v1/monitor2
2024-03-07T04:11:25.832Z - GET /api/v1/HYI
2024-03-07T04:11:25.852Z - GET /api/v1/BLDG1
2024-03-07T04:11:26.226Z - GET /api/v1/monitor2
2024-03-07T04:11:26.335Z - GET /api/v1/temp30
2024-03-07T04:11:26.340Z - GET /api/v1/HYI
2024-03-07T04:11:26.357Z - GET /api/v1/BLDG1
2024-03-07T04:11:26.440Z - GET /api/v1/monitor
2024-03-07T04:12:02.427Z - GET /api/v1/monitor
2024-03-07T04:12:04.077Z - GET /api/v1/monitor
2024-03-07T04:12:04.084Z - GET /api/v1/monitor2
2024-03-07T04:12:04.089Z - GET /api/v1/HYI
2024-03-07T04:12:04.095Z - GET /api/v1/temp30
2024-03-07T04:12:04.101Z - GET /api/v1/BLDG1
2024-03-07T04:12:04.525Z - GET /api/v1/monitor2
2024-03-07T04:12:04.553Z - GET /api/v1/HYI
2024-03-07T04:12:04.575Z - GET /api/v1/BLDG1
2024-03-07T04:12:04.695Z - GET /api/v1/monitor
2024-03-07T04:12:10.944Z - GET /api/v1/monitor
2024-03-07T04:12:15.059Z - GET /api/v1/temp30
2024-03-07T04:13:08.463Z - GET /api/v1/monitor
2024-03-07T04:13:29.711Z - GET /api/v1/monitor
2024-03-07T04:13:35.029Z - GET /api/v1/monitor
2024-03-07T04:13:35.049Z - GET /api/v1/monitor2
2024-03-07T04:13:35.060Z - GET /api/v1/HYI
2024-03-07T04:13:35.068Z - GET /api/v1/temp30
2024-03-07T04:13:35.088Z - GET /api/v1/BLDG1
2024-03-07T04:13:35.446Z - GET /api/v1/monitor2
2024-03-07T04:13:35.536Z - GET /api/v1/HYI
2024-03-07T04:13:35.557Z - GET /api/v1/BLDG1
2024-03-07T04:13:35.593Z - GET /api/v1/monitor
2024-03-07T04:13:36.649Z - GET /api/v1/monitor
2024-03-07T04:13:37.247Z - GET /api/v1/monitor
2024-03-07T04:13:38.185Z - GET /api/v1/monitor
2024-03-07T04:13:38.905Z - GET /api/v1/monitor
2024-03-07T04:13:39.527Z - GET /api/v1/monitor
2024-03-07T04:13:40.466Z - GET /api/v1/monitor
2024-03-07T04:13:41.238Z - GET /api/v1/monitor
2024-03-07T04:13:41.891Z - GET /api/v1/monitor
2024-03-07T04:13:42.607Z - GET /api/v1/monitor
2024-03-07T04:13:43.301Z - GET /api/v1/monitor
2024-03-07T04:13:43.987Z - GET /api/v1/monitor
2024-03-07T04:13:44.677Z - GET /api/v1/monitor
2024-03-07T04:13:46.481Z - GET /api/v1/monitor
2024-03-07T04:13:47.161Z - GET /api/v1/monitor
2024-03-07T04:13:47.866Z - GET /api/v1/monitor
2024-03-07T04:13:48.558Z - GET /api/v1/monitor
2024-03-07T04:13:55.036Z - GET /api/v1/temp30
2024-03-07T04:15:01.796Z - GET /api/v1/monitor
2024-03-07T04:15:10.106Z - GET /api/v1/monitor
2024-03-07T04:15:10.112Z - GET /api/v1/monitor2
2024-03-07T04:15:10.118Z - GET /api/v1/temp30
2024-03-07T04:15:10.123Z - GET /api/v1/HYI
2024-03-07T04:15:10.128Z - GET /api/v1/BLDG1
2024-03-07T04:15:10.591Z - GET /api/v1/HYI
2024-03-07T04:15:10.624Z - GET /api/v1/BLDG1
2024-03-07T04:15:10.696Z - GET /api/v1/temp30
2024-03-07T04:15:10.711Z - GET /api/v1/monitor2
2024-03-07T04:15:10.869Z - GET /api/v1/monitor
2024-03-07T04:15:20.034Z - GET /api/v1/monitor
2024-03-07T04:15:28.608Z - GET /api/v1/monitor
2024-03-07T04:15:43.386Z - GET /api/v1/monitor
2024-03-07T04:16:10.130Z - GET /api/v1/monitor
2024-03-07T04:17:10.271Z - GET /api/v1/monitor
2024-03-07T04:17:10.292Z - GET /api/v1/monitor2
2024-03-07T04:17:10.300Z - GET /api/v1/HYI
2024-03-07T04:17:10.306Z - GET /api/v1/temp30
2024-03-07T04:17:10.313Z - GET /api/v1/BLDG1
2024-03-07T04:17:10.756Z - GET /api/v1/BLDG1
2024-03-07T04:17:10.809Z - GET /api/v1/HYI
2024-03-07T04:17:10.839Z - GET /api/v1/monitor2
2024-03-07T04:17:10.887Z - GET /api/v1/temp30
2024-03-07T04:17:10.933Z - GET /api/v1/monitor
2024-03-07T04:17:27.861Z - GET /api/v1/monitor
2024-03-07T04:17:34.117Z - GET /api/v1/monitor
2024-03-07T04:17:35.200Z - GET /api/v1/monitor
2024-03-07T04:17:35.875Z - GET /api/v1/monitor
2024-03-07T04:17:36.614Z - GET /api/v1/monitor
2024-03-07T04:17:37.521Z - GET /api/v1/monitor
2024-03-07T04:17:38.208Z - GET /api/v1/monitor
2024-03-07T04:17:38.942Z - GET /api/v1/monitor
2024-03-07T04:17:39.641Z - GET /api/v1/monitor
2024-03-07T04:17:56.549Z - GET /api/v1/monitor
2024-03-07T04:18:16.913Z - GET /api/v1/monitor
2024-03-07T04:18:18.023Z - GET /api/v1/monitor
2024-03-07T04:18:18.680Z - GET /api/v1/monitor
2024-03-07T04:18:19.406Z - GET /api/v1/monitor
2024-03-07T04:18:20.128Z - GET /api/v1/monitor
2024-03-07T04:18:20.862Z - GET /api/v1/monitor
2024-03-07T04:18:21.553Z - GET /api/v1/monitor
2024-03-07T04:18:29.651Z - GET /api/v1/monitor
2024-03-07T04:18:32.665Z - GET /api/v1/monitor
2024-03-07T04:18:48.772Z - GET /api/v1/monitor
2024-03-07T04:18:50.768Z - GET /api/v1/monitor
2024-03-07T04:18:51.333Z - GET /api/v1/monitor
2024-03-07T04:18:52.133Z - GET /api/v1/monitor
2024-03-07T04:18:52.706Z - GET /api/v1/monitor
2024-03-07T04:18:53.345Z - GET /api/v1/monitor
2024-03-07T04:18:54.110Z - GET /api/v1/monitor
2024-03-07T04:18:55.069Z - GET /api/v1/monitor
2024-03-07T04:18:55.775Z - GET /api/v1/monitor
2024-03-07T04:18:56.451Z - GET /api/v1/monitor
2024-03-07T04:18:57.407Z - GET /api/v1/monitor
2024-03-07T04:18:58.069Z - GET /api/v1/monitor
2024-03-07T04:19:10.403Z - GET /api/v1/monitor
2024-03-07T04:19:10.415Z - GET /api/v1/monitor2
2024-03-07T04:19:10.421Z - GET /api/v1/HYI
2024-03-07T04:19:10.427Z - GET /api/v1/temp30
2024-03-07T04:19:10.431Z - GET /api/v1/BLDG1
2024-03-07T04:19:10.779Z - GET /api/v1/monitor2
2024-03-07T04:19:10.816Z - GET /api/v1/monitor
2024-03-07T04:19:10.855Z - GET /api/v1/HYI
2024-03-07T04:19:10.866Z - GET /api/v1/BLDG1
2024-03-07T04:19:10.895Z - GET /api/v1/temp30
2024-03-07T04:19:39.268Z - GET /api/v1/monitor
2024-03-07T04:19:47.593Z - GET /api/v1/monitor
2024-03-07T04:19:51.077Z - GET /api/v1/monitor
2024-03-07T04:20:18.259Z - GET /api/v1/monitor
2024-03-07T04:20:19.142Z - GET /api/v1/monitor
2024-03-07T04:20:19.803Z - GET /api/v1/monitor
2024-03-07T04:20:20.601Z - GET /api/v1/monitor
2024-03-07T04:20:21.072Z - GET /api/v1/monitor
2024-03-07T04:20:21.873Z - GET /api/v1/monitor
2024-03-07T04:20:22.599Z - GET /api/v1/monitor
2024-03-07T04:20:23.067Z - GET /api/v1/monitor
2024-03-07T04:20:23.574Z - GET /api/v1/monitor
2024-03-07T04:20:24.399Z - GET /api/v1/monitor
2024-03-07T04:20:24.466Z - GET /api/v1/monitor
2024-03-07T04:21:10.618Z - GET /api/v1/monitor
2024-03-07T04:21:10.640Z - GET /api/v1/monitor2
2024-03-07T04:21:10.645Z - GET /api/v1/HYI
2024-03-07T04:21:10.653Z - GET /api/v1/temp30
2024-03-07T04:21:10.670Z - GET /api/v1/BLDG1
2024-03-07T04:21:11.593Z - GET /api/v1/monitor2
2024-03-07T04:21:11.607Z - GET /api/v1/HYI
2024-03-07T04:21:11.654Z - GET /api/v1/BLDG1
2024-03-07T04:21:11.668Z - GET /api/v1/monitor
2024-03-07T04:21:11.714Z - GET /api/v1/temp30
2024-03-07T04:21:25.431Z - GET /api/v1/monitor
2024-03-07T04:21:44.614Z - GET /api/v1/monitor
2024-03-07T04:21:57.422Z - GET /api/v1/monitor
2024-03-07T04:23:07.997Z - GET /api/v1/monitor
2024-03-07T04:23:10.804Z - GET /api/v1/monitor
2024-03-07T04:23:10.812Z - GET /api/v1/monitor2
2024-03-07T04:23:10.841Z - GET /api/v1/HYI
2024-03-07T04:23:10.848Z - GET /api/v1/temp30
2024-03-07T04:23:10.853Z - GET /api/v1/BLDG1
2024-03-07T04:23:11.239Z - GET /api/v1/HYI
2024-03-07T04:23:11.255Z - GET /api/v1/BLDG1
2024-03-07T04:23:11.316Z - GET /api/v1/monitor2
2024-03-07T04:23:11.388Z - GET /api/v1/temp30
2024-03-07T04:23:11.535Z - GET /api/v1/monitor
2024-03-07T04:23:12.533Z - GET /api/v1/monitor
2024-03-07T04:23:25.268Z - GET /api/v1/monitor
2024-03-07T04:23:58.147Z - GET /api/v1/monitor
2024-03-07T04:24:06.604Z - GET /api/v1/monitor
2024-03-07T04:24:33.666Z - GET /api/v1/monitor
2024-03-07T04:25:03.323Z - GET /api/v1/monitor
2024-03-07T04:25:10.968Z - GET /api/v1/monitor
2024-03-07T04:25:10.984Z - GET /api/v1/monitor2
2024-03-07T04:25:10.989Z - GET /api/v1/HYI
2024-03-07T04:25:10.994Z - GET /api/v1/temp30
2024-03-07T04:25:11.000Z - GET /api/v1/BLDG1
2024-03-07T04:25:11.433Z - GET /api/v1/monitor2
2024-03-07T04:25:11.471Z - GET /api/v1/BLDG1
2024-03-07T04:25:11.482Z - GET /api/v1/HYI
2024-03-07T04:25:11.801Z - GET /api/v1/monitor
2024-03-07T04:25:22.151Z - GET /api/v1/monitor
2024-03-07T04:25:29.105Z - GET /api/v1/monitor
2024-03-07T04:25:30.980Z - GET /api/v1/temp30
2024-03-07T04:25:31.912Z - GET /api/v1/monitor
2024-03-07T04:25:49.944Z - GET /api/v1/monitor
2024-03-07T04:26:13.294Z - GET /api/v1/monitor
2024-03-07T04:26:23.988Z - GET /api/v1/monitor
2024-03-07T04:26:24.487Z - GET /api/v1/monitor
2024-03-07T04:26:24.946Z - GET /api/v1/monitor
2024-03-07T04:26:25.811Z - GET /api/v1/monitor
2024-03-07T04:26:26.443Z - GET /api/v1/monitor
2024-03-07T04:26:26.896Z - GET /api/v1/monitor
2024-03-07T04:26:27.537Z - GET /api/v1/monitor
2024-03-07T04:26:28.224Z - GET /api/v1/monitor
2024-03-07T04:26:28.681Z - GET /api/v1/monitor
2024-03-07T04:26:29.331Z - GET /api/v1/monitor
2024-03-07T04:26:30.006Z - GET /api/v1/monitor
2024-03-07T04:26:30.791Z - GET /api/v1/monitor
2024-03-07T04:26:31.395Z - GET /api/v1/monitor
2024-03-07T04:26:32.183Z - GET /api/v1/monitor
2024-03-07T04:26:32.679Z - GET /api/v1/monitor
2024-03-07T04:26:33.581Z - GET /api/v1/monitor
2024-03-07T04:27:11.079Z - GET /api/v1/monitor
2024-03-07T04:27:11.093Z - GET /api/v1/monitor2
2024-03-07T04:27:11.097Z - GET /api/v1/HYI
2024-03-07T04:27:11.102Z - GET /api/v1/temp30
2024-03-07T04:27:11.108Z - GET /api/v1/BLDG1
2024-03-07T04:27:11.476Z - GET /api/v1/monitor2
2024-03-07T04:27:11.494Z - GET /api/v1/HYI
2024-03-07T04:27:11.533Z - GET /api/v1/BLDG1
2024-03-07T04:27:11.542Z - GET /api/v1/temp30
2024-03-07T04:27:11.788Z - GET /api/v1/monitor
2024-03-07T04:29:11.213Z - GET /api/v1/monitor
2024-03-07T04:29:11.236Z - GET /api/v1/monitor2
2024-03-07T04:29:11.243Z - GET /api/v1/HYI
2024-03-07T04:29:11.248Z - GET /api/v1/temp30
2024-03-07T04:29:11.256Z - GET /api/v1/BLDG1
2024-03-07T04:29:11.593Z - GET /api/v1/monitor2
2024-03-07T04:29:11.647Z - GET /api/v1/BLDG1
2024-03-07T04:29:11.659Z - GET /api/v1/HYI
2024-03-07T04:29:11.689Z - GET /api/v1/monitor
2024-03-07T04:29:11.799Z - GET /api/v1/temp30
2024-03-07T04:31:09.255Z - GET /api/v1/monitor
2024-03-07T04:31:11.325Z - GET /api/v1/monitor
2024-03-07T04:31:11.349Z - GET /api/v1/monitor2
2024-03-07T04:31:11.355Z - GET /api/v1/HYI
2024-03-07T04:31:11.364Z - GET /api/v1/temp30
2024-03-07T04:31:11.368Z - GET /api/v1/BLDG1
2024-03-07T04:31:11.765Z - GET /api/v1/HYI
2024-03-07T04:31:11.793Z - GET /api/v1/BLDG1
2024-03-07T04:31:11.856Z - GET /api/v1/monitor2
2024-03-07T04:31:11.900Z - GET /api/v1/temp30
2024-03-07T04:31:11.906Z - GET /api/v1/monitor
2024-03-07T04:31:19.051Z - GET /api/v1/monitor
2024-03-07T04:31:23.995Z - GET /api/v1/monitor
2024-03-07T04:31:41.148Z - GET /api/v1/monitor
2024-03-07T04:32:17.549Z - GET /api/v1/monitor
2024-03-07T04:32:35.810Z - GET /api/v1/monitor
2024-03-07T04:32:42.811Z - GET /api/v1/monitor
2024-03-07T04:33:01.086Z - GET /api/v1/monitor
2024-03-07T04:33:11.430Z - GET /api/v1/monitor
2024-03-07T04:33:11.438Z - GET /api/v1/monitor2
2024-03-07T04:33:11.444Z - GET /api/v1/HYI
2024-03-07T04:33:11.449Z - GET /api/v1/temp30
2024-03-07T04:33:11.454Z - GET /api/v1/BLDG1
2024-03-07T04:33:11.864Z - GET /api/v1/monitor2
2024-03-07T04:33:11.896Z - GET /api/v1/HYI
2024-03-07T04:33:11.911Z - GET /api/v1/BLDG1
2024-03-07T04:33:12.087Z - GET /api/v1/temp30
2024-03-07T04:33:12.237Z - GET /api/v1/monitor
2024-03-07T04:33:27.279Z - GET /api/v1/monitor
2024-03-07T04:33:48.449Z - GET /api/v1/monitor
2024-03-07T04:33:51.959Z - GET /api/v1/monitor
2024-03-07T04:34:14.844Z - GET /api/v1/monitor
2024-03-07T04:34:15.564Z - GET /api/v1/monitor
2024-03-07T04:34:16.237Z - GET /api/v1/monitor
2024-03-07T04:34:17.173Z - GET /api/v1/monitor
2024-03-07T04:34:18.067Z - GET /api/v1/monitor
2024-03-07T04:35:11.692Z - GET /api/v1/monitor
2024-03-07T04:35:11.714Z - GET /api/v1/monitor2
2024-03-07T04:35:11.724Z - GET /api/v1/HYI
2024-03-07T04:35:11.733Z - GET /api/v1/temp30
2024-03-07T04:35:11.745Z - GET /api/v1/BLDG1
2024-03-07T04:35:12.098Z - GET /api/v1/monitor2
2024-03-07T04:35:12.186Z - GET /api/v1/BLDG1
2024-03-07T04:35:12.234Z - GET /api/v1/HYI
2024-03-07T04:35:12.340Z - GET /api/v1/monitor
2024-03-07T04:35:31.711Z - GET /api/v1/temp30
2024-03-07T04:35:58.006Z - GET /api/v1/monitor
2024-03-07T04:36:21.333Z - GET /api/v1/monitor
2024-03-07T04:36:29.281Z - GET /api/v1/monitor
2024-03-07T04:37:11.889Z - GET /api/v1/monitor
2024-03-07T04:37:11.898Z - GET /api/v1/monitor2
2024-03-07T04:37:11.907Z - GET /api/v1/HYI
2024-03-07T04:37:11.914Z - GET /api/v1/temp30
2024-03-07T04:37:11.918Z - GET /api/v1/BLDG1
2024-03-07T04:37:12.644Z - GET /api/v1/BLDG1
2024-03-07T04:37:13.739Z - GET /api/v1/temp30
2024-03-07T04:37:14.242Z - GET /api/v1/monitor2
2024-03-07T04:37:14.327Z - GET /api/v1/HYI
2024-03-07T04:37:14.531Z - GET /api/v1/monitor
2024-03-07T04:39:12.613Z - GET /api/v1/monitor
2024-03-07T04:39:12.625Z - GET /api/v1/monitor2
2024-03-07T04:39:12.632Z - GET /api/v1/HYI
2024-03-07T04:39:12.639Z - GET /api/v1/temp30
2024-03-07T04:39:12.645Z - GET /api/v1/BLDG1
2024-03-07T04:39:13.050Z - GET /api/v1/BLDG1
2024-03-07T04:39:13.079Z - GET /api/v1/HYI
2024-03-07T04:39:13.113Z - GET /api/v1/monitor2
2024-03-07T04:39:13.190Z - GET /api/v1/temp30
2024-03-07T04:39:13.380Z - GET /api/v1/monitor
2024-03-07T04:41:13.650Z - GET /api/v1/monitor
2024-03-07T04:41:13.676Z - GET /api/v1/monitor2
2024-03-07T04:41:13.685Z - GET /api/v1/HYI
2024-03-07T04:41:13.693Z - GET /api/v1/temp30
2024-03-07T04:41:13.703Z - GET /api/v1/BLDG1
2024-03-07T04:41:14.055Z - GET /api/v1/monitor2
2024-03-07T04:41:14.103Z - GET /api/v1/HYI
2024-03-07T04:41:14.122Z - GET /api/v1/BLDG1
2024-03-07T04:41:14.186Z - GET /api/v1/temp30
2024-03-07T04:41:14.402Z - GET /api/v1/monitor
2024-03-07T04:43:14.638Z - GET /api/v1/monitor
2024-03-07T04:43:14.659Z - GET /api/v1/monitor2
2024-03-07T04:43:14.663Z - GET /api/v1/HYI
2024-03-07T04:43:14.666Z - GET /api/v1/temp30
2024-03-07T04:43:14.672Z - GET /api/v1/BLDG1
2024-03-07T04:43:15.169Z - GET /api/v1/monitor2
2024-03-07T04:43:15.317Z - GET /api/v1/BLDG1
2024-03-07T04:43:15.435Z - GET /api/v1/HYI
2024-03-07T04:43:16.561Z - GET /api/v1/monitor
2024-03-07T04:43:34.649Z - GET /api/v1/temp30
2024-03-07T04:44:33.459Z - GET /api/v1/monitor
2024-03-07T04:45:07.482Z - GET /api/v1/monitor
2024-03-07T04:45:14.359Z - GET /api/v1/monitor
2024-03-07T04:45:14.791Z - GET /api/v1/monitor
2024-03-07T04:45:14.799Z - GET /api/v1/monitor2
2024-03-07T04:45:14.804Z - GET /api/v1/HYI
2024-03-07T04:45:14.810Z - GET /api/v1/temp30
2024-03-07T04:45:14.814Z - GET /api/v1/BLDG1
2024-03-07T04:45:15.179Z - GET /api/v1/monitor2
2024-03-07T04:45:15.224Z - GET /api/v1/HYI
2024-03-07T04:45:15.259Z - GET /api/v1/BLDG1
2024-03-07T04:45:15.424Z - GET /api/v1/monitor
2024-03-07T04:45:15.456Z - GET /api/v1/temp30
2024-03-07T04:45:21.800Z - GET /api/v1/monitor
2024-03-07T04:45:34.861Z - GET /api/v1/monitor
2024-03-07T04:45:42.217Z - GET /api/v1/monitor
2024-03-07T04:45:42.929Z - GET /api/v1/monitor
2024-03-07T04:45:44.651Z - GET /api/v1/monitor
2024-03-07T04:45:45.629Z - GET /api/v1/monitor
2024-03-07T04:45:46.568Z - GET /api/v1/monitor
2024-03-07T04:45:47.400Z - GET /api/v1/monitor
2024-03-07T04:45:47.879Z - GET /api/v1/monitor
2024-03-07T04:45:48.474Z - GET /api/v1/monitor
2024-03-07T04:45:49.157Z - GET /api/v1/monitor
2024-03-07T04:45:50.007Z - GET /api/v1/monitor
2024-03-07T04:45:50.750Z - GET /api/v1/monitor
2024-03-07T04:45:51.473Z - GET /api/v1/monitor
2024-03-07T04:45:51.649Z - GET /api/v1/monitor
2024-03-07T04:45:51.661Z - GET /api/v1/monitor2
2024-03-07T04:45:51.666Z - GET /api/v1/HYI
2024-03-07T04:45:51.672Z - GET /api/v1/temp30
2024-03-07T04:45:51.685Z - GET /api/v1/BLDG1
2024-03-07T04:45:52.063Z - GET /api/v1/monitor2
2024-03-07T04:45:52.120Z - GET /api/v1/HYI
2024-03-07T04:45:52.146Z - GET /api/v1/BLDG1
2024-03-07T04:45:52.201Z - GET /api/v1/temp30
2024-03-07T04:45:52.401Z - GET /api/v1/monitor
2024-03-07T04:45:57.864Z - GET /api/v1/monitor
2024-03-07T04:45:58.332Z - GET /api/v1/monitor
2024-03-07T04:45:59.013Z - GET /api/v1/monitor
2024-03-07T04:46:00.604Z - GET /api/v1/monitor
2024-03-07T04:46:05.865Z - GET /api/v1/monitor
2024-03-07T04:46:06.550Z - GET /api/v1/monitor
2024-03-07T04:46:07.280Z - GET /api/v1/monitor
2024-03-07T04:46:07.783Z - GET /api/v1/monitor
2024-03-07T04:46:08.256Z - GET /api/v1/monitor
2024-03-07T04:46:13.564Z - GET /api/v1/monitor
2024-03-07T04:46:20.424Z - GET /api/v1/monitor
2024-03-07T04:46:25.429Z - GET /api/v1/monitor
2024-03-07T04:46:41.957Z - GET /api/v1/monitor
2024-03-07T04:46:50.936Z - GET /api/v1/monitor
2024-03-07T04:47:51.785Z - GET /api/v1/monitor
2024-03-07T04:47:51.801Z - GET /api/v1/monitor2
2024-03-07T04:47:51.807Z - GET /api/v1/HYI
2024-03-07T04:47:51.812Z - GET /api/v1/temp30
2024-03-07T04:47:51.817Z - GET /api/v1/BLDG1
2024-03-07T04:47:52.168Z - GET /api/v1/monitor2
2024-03-07T04:47:52.219Z - GET /api/v1/HYI
2024-03-07T04:47:52.240Z - GET /api/v1/temp30
2024-03-07T04:47:52.247Z - GET /api/v1/BLDG1
2024-03-07T04:47:52.357Z - GET /api/v1/monitor
2024-03-07T04:48:19.867Z - GET /api/v1/monitor
2024-03-07T04:48:26.238Z - GET /api/v1/monitor
2024-03-07T04:49:51.882Z - GET /api/v1/monitor
2024-03-07T04:49:51.890Z - GET /api/v1/monitor2
2024-03-07T04:49:51.895Z - GET /api/v1/HYI
2024-03-07T04:49:51.899Z - GET /api/v1/temp30
2024-03-07T04:49:51.905Z - GET /api/v1/BLDG1
2024-03-07T04:49:52.382Z - GET /api/v1/monitor2
2024-03-07T04:49:52.421Z - GET /api/v1/HYI
2024-03-07T04:49:52.458Z - GET /api/v1/BLDG1
2024-03-07T04:49:52.629Z - GET /api/v1/temp30
2024-03-07T04:49:52.637Z - GET /api/v1/monitor
2024-03-07T04:51:51.957Z - GET /api/v1/monitor
2024-03-07T04:51:51.964Z - GET /api/v1/monitor2
2024-03-07T04:51:51.969Z - GET /api/v1/HYI
2024-03-07T04:51:51.998Z - GET /api/v1/temp30
2024-03-07T04:51:52.002Z - GET /api/v1/BLDG1
2024-03-07T04:51:52.380Z - GET /api/v1/monitor2
2024-03-07T04:51:52.403Z - GET /api/v1/HYI
2024-03-07T04:51:52.564Z - GET /api/v1/BLDG1
2024-03-07T04:51:52.684Z - GET /api/v1/monitor
2024-03-07T04:51:52.708Z - GET /api/v1/temp30
2024-03-07T04:53:52.562Z - GET /api/v1/monitor
2024-03-07T04:53:52.569Z - GET /api/v1/monitor2
2024-03-07T04:53:52.576Z - GET /api/v1/HYI
2024-03-07T04:53:52.582Z - GET /api/v1/temp30
2024-03-07T04:53:52.588Z - GET /api/v1/BLDG1
2024-03-07T04:53:52.977Z - GET /api/v1/BLDG1
2024-03-07T04:53:52.991Z - GET /api/v1/HYI
2024-03-07T04:53:53.027Z - GET /api/v1/temp30
2024-03-07T04:53:53.042Z - GET /api/v1/monitor2
2024-03-07T04:53:53.223Z - GET /api/v1/monitor
2024-03-07T04:55:53.633Z - GET /api/v1/monitor
2024-03-07T04:55:53.644Z - GET /api/v1/monitor2
2024-03-07T04:55:53.650Z - GET /api/v1/HYI
2024-03-07T04:55:53.655Z - GET /api/v1/temp30
2024-03-07T04:55:53.660Z - GET /api/v1/BLDG1
2024-03-07T04:55:54.262Z - GET /api/v1/monitor2
2024-03-07T04:55:54.356Z - GET /api/v1/HYI
2024-03-07T04:55:54.362Z - GET /api/v1/BLDG1
2024-03-07T04:55:54.371Z - GET /api/v1/monitor
2024-03-07T04:56:13.654Z - GET /api/v1/temp30
2024-03-07T04:57:54.567Z - GET /api/v1/monitor
2024-03-07T04:57:54.573Z - GET /api/v1/monitor2
2024-03-07T04:57:54.577Z - GET /api/v1/HYI
2024-03-07T04:57:54.582Z - GET /api/v1/temp30
2024-03-07T04:57:54.588Z - GET /api/v1/BLDG1
2024-03-07T04:57:54.942Z - GET /api/v1/monitor2
2024-03-07T04:57:55.000Z - GET /api/v1/HYI
2024-03-07T04:57:55.022Z - GET /api/v1/BLDG1
2024-03-07T04:57:55.495Z - GET /api/v1/monitor
2024-03-07T04:58:14.582Z - GET /api/v1/temp30
2024-03-07T04:59:55.576Z - GET /api/v1/monitor
2024-03-07T04:59:55.594Z - GET /api/v1/monitor2
2024-03-07T04:59:55.599Z - GET /api/v1/HYI
2024-03-07T04:59:55.604Z - GET /api/v1/temp30
2024-03-07T04:59:55.609Z - GET /api/v1/BLDG1
2024-03-07T04:59:55.958Z - GET /api/v1/monitor2
2024-03-07T04:59:56.020Z - GET /api/v1/HYI
2024-03-07T04:59:56.110Z - GET /api/v1/BLDG1
2024-03-07T04:59:56.162Z - GET /api/v1/monitor
2024-03-07T05:00:15.591Z - GET /api/v1/temp30
2024-03-07T05:01:56.680Z - GET /api/v1/monitor
2024-03-07T05:01:56.708Z - GET /api/v1/monitor2
2024-03-07T05:01:56.721Z - GET /api/v1/HYI
2024-03-07T05:01:56.725Z - GET /api/v1/temp30
2024-03-07T05:01:56.731Z - GET /api/v1/BLDG1
2024-03-07T05:01:57.076Z - GET /api/v1/monitor2
2024-03-07T05:01:57.151Z - GET /api/v1/BLDG1
2024-03-07T05:01:57.157Z - GET /api/v1/HYI
2024-03-07T05:01:57.472Z - GET /api/v1/monitor
2024-03-07T05:01:58.399Z - GET /api/v1/temp30
2024-03-07T05:03:04.904Z - GET /api/v1/monitor
2024-03-07T05:03:04.910Z - GET /api/v1/monitor2
2024-03-07T05:03:04.915Z - GET /api/v1/HYI
2024-03-07T05:03:04.920Z - GET /api/v1/temp30
2024-03-07T05:03:04.925Z - GET /api/v1/BLDG1
2024-03-07T05:03:05.295Z - GET /api/v1/monitor2
2024-03-07T05:03:05.374Z - GET /api/v1/HYI
2024-03-07T05:03:05.381Z - GET /api/v1/BLDG1
2024-03-07T05:03:05.387Z - GET /api/v1/temp30
2024-03-07T05:03:05.598Z - GET /api/v1/monitor
2024-03-07T05:05:05.566Z - GET /api/v1/monitor
2024-03-07T05:05:05.580Z - GET /api/v1/monitor2
2024-03-07T05:05:05.584Z - GET /api/v1/HYI
2024-03-07T05:05:05.589Z - GET /api/v1/temp30
2024-03-07T05:05:05.593Z - GET /api/v1/BLDG1
2024-03-07T05:05:05.919Z - GET /api/v1/monitor2
2024-03-07T05:05:05.969Z - GET /api/v1/HYI
2024-03-07T05:05:05.986Z - GET /api/v1/BLDG1
2024-03-07T05:05:06.145Z - GET /api/v1/temp30
2024-03-07T05:05:06.551Z - GET /api/v1/monitor
2024-03-07T05:05:15.452Z - GET /api/v1/monitor
2024-03-07T05:05:46.461Z - GET /api/v1/monitor
2024-03-07T05:06:14.266Z - GET /api/v1/monitor
2024-03-07T05:06:28.843Z - GET /api/v1/monitor
2024-03-07T05:06:49.921Z - GET /api/v1/monitor
2024-03-07T05:07:06.632Z - GET /api/v1/monitor
2024-03-07T05:07:06.640Z - GET /api/v1/monitor2
2024-03-07T05:07:06.646Z - GET /api/v1/HYI
2024-03-07T05:07:06.652Z - GET /api/v1/temp30
2024-03-07T05:07:06.668Z - GET /api/v1/BLDG1
2024-03-07T05:07:07.090Z - GET /api/v1/monitor2
2024-03-07T05:07:07.126Z - GET /api/v1/HYI
2024-03-07T05:07:07.215Z - GET /api/v1/monitor
2024-03-07T05:07:07.252Z - GET /api/v1/BLDG1
2024-03-07T05:07:07.339Z - GET /api/v1/temp30
2024-03-07T05:09:07.640Z - GET /api/v1/monitor
2024-03-07T05:09:07.645Z - GET /api/v1/monitor2
2024-03-07T05:09:07.654Z - GET /api/v1/HYI
2024-03-07T05:09:07.658Z - GET /api/v1/temp30
2024-03-07T05:09:07.663Z - GET /api/v1/BLDG1
2024-03-07T05:09:08.177Z - GET /api/v1/HYI
2024-03-07T05:09:08.184Z - GET /api/v1/BLDG1
2024-03-07T05:09:08.189Z - GET /api/v1/monitor2
2024-03-07T05:09:08.359Z - GET /api/v1/temp30
2024-03-07T05:09:08.488Z - GET /api/v1/monitor
2024-03-07T05:11:08.623Z - GET /api/v1/monitor
2024-03-07T05:11:08.635Z - GET /api/v1/HYI
2024-03-07T05:11:08.642Z - GET /api/v1/monitor2
2024-03-07T05:11:08.654Z - GET /api/v1/temp30
2024-03-07T05:11:08.660Z - GET /api/v1/BLDG1
2024-03-07T05:11:09.016Z - GET /api/v1/HYI
2024-03-07T05:11:09.031Z - GET /api/v1/BLDG1
2024-03-07T05:11:09.044Z - GET /api/v1/monitor2
2024-03-07T05:11:09.179Z - GET /api/v1/monitor
2024-03-07T05:11:09.255Z - GET /api/v1/temp30
2024-03-07T05:13:09.643Z - GET /api/v1/monitor
2024-03-07T05:13:09.647Z - GET /api/v1/monitor2
2024-03-07T05:13:09.659Z - GET /api/v1/HYI
2024-03-07T05:13:09.666Z - GET /api/v1/temp30
2024-03-07T05:13:09.671Z - GET /api/v1/BLDG1
2024-03-07T05:13:09.986Z - GET /api/v1/monitor2
2024-03-07T05:13:10.056Z - GET /api/v1/BLDG1
2024-03-07T05:13:10.121Z - GET /api/v1/HYI
2024-03-07T05:13:10.400Z - GET /api/v1/monitor
2024-03-07T05:13:29.658Z - GET /api/v1/temp30
2024-03-07T05:15:10.608Z - GET /api/v1/monitor
2024-03-07T05:15:10.613Z - GET /api/v1/monitor2
2024-03-07T05:15:10.618Z - GET /api/v1/HYI
2024-03-07T05:15:10.622Z - GET /api/v1/temp30
2024-03-07T05:15:10.627Z - GET /api/v1/BLDG1
2024-03-07T05:15:11.052Z - GET /api/v1/HYI
2024-03-07T05:15:11.091Z - GET /api/v1/monitor2
2024-03-07T05:15:11.105Z - GET /api/v1/BLDG1
2024-03-07T05:15:11.252Z - GET /api/v1/monitor
2024-03-07T05:15:30.620Z - GET /api/v1/temp30
2024-03-07T05:17:11.567Z - GET /api/v1/monitor
2024-03-07T05:17:11.573Z - GET /api/v1/monitor2
2024-03-07T05:17:11.578Z - GET /api/v1/HYI
2024-03-07T05:17:11.585Z - GET /api/v1/temp30
2024-03-07T05:17:11.591Z - GET /api/v1/BLDG1
2024-03-07T05:17:11.985Z - GET /api/v1/BLDG1
2024-03-07T05:17:11.999Z - GET /api/v1/HYI
2024-03-07T05:17:12.074Z - GET /api/v1/monitor2
2024-03-07T05:17:12.293Z - GET /api/v1/monitor
2024-03-07T05:17:31.575Z - GET /api/v1/temp30
2024-03-07T05:19:12.677Z - GET /api/v1/monitor
2024-03-07T05:19:12.689Z - GET /api/v1/monitor2
2024-03-07T05:19:12.697Z - GET /api/v1/HYI
2024-03-07T05:19:12.706Z - GET /api/v1/temp30
2024-03-07T05:19:12.713Z - GET /api/v1/BLDG1
2024-03-07T05:19:13.120Z - GET /api/v1/BLDG1
2024-03-07T05:19:13.191Z - GET /api/v1/HYI
2024-03-07T05:19:13.209Z - GET /api/v1/monitor
2024-03-07T05:19:13.232Z - GET /api/v1/monitor2
2024-03-07T05:19:19.716Z - GET /api/v1/temp30
2024-03-07T05:21:13.567Z - GET /api/v1/monitor
2024-03-07T05:21:13.581Z - GET /api/v1/monitor2
2024-03-07T05:21:13.588Z - GET /api/v1/HYI
2024-03-07T05:21:13.603Z - GET /api/v1/temp30
2024-03-07T05:21:13.606Z - GET /api/v1/BLDG1
2024-03-07T05:21:13.917Z - GET /api/v1/monitor2
2024-03-07T05:21:13.984Z - GET /api/v1/BLDG1
2024-03-07T05:21:14.029Z - GET /api/v1/HYI
2024-03-07T05:21:14.239Z - GET /api/v1/monitor
2024-03-07T05:21:18.843Z - GET /api/v1/temp30
2024-03-07T05:23:14.578Z - GET /api/v1/monitor
2024-03-07T05:23:14.584Z - GET /api/v1/monitor2
2024-03-07T05:23:14.590Z - GET /api/v1/HYI
2024-03-07T05:23:14.596Z - GET /api/v1/temp30
2024-03-07T05:23:14.602Z - GET /api/v1/BLDG1
2024-03-07T05:23:14.928Z - GET /api/v1/monitor2
2024-03-07T05:23:14.990Z - GET /api/v1/HYI
2024-03-07T05:23:15.007Z - GET /api/v1/BLDG1
2024-03-07T05:23:15.057Z - GET /api/v1/temp30
2024-03-07T05:23:15.311Z - GET /api/v1/monitor
2024-03-07T05:25:15.615Z - GET /api/v1/monitor
2024-03-07T05:25:15.627Z - GET /api/v1/monitor2
2024-03-07T05:25:15.631Z - GET /api/v1/HYI
2024-03-07T05:25:15.637Z - GET /api/v1/temp30
2024-03-07T05:25:15.643Z - GET /api/v1/BLDG1
2024-03-07T05:25:15.973Z - GET /api/v1/monitor2
2024-03-07T05:25:16.028Z - GET /api/v1/BLDG1
2024-03-07T05:25:16.104Z - GET /api/v1/monitor
2024-03-07T05:25:16.119Z - GET /api/v1/HYI
2024-03-07T05:25:16.174Z - GET /api/v1/temp30
2024-03-07T05:27:16.622Z - GET /api/v1/monitor
2024-03-07T05:27:16.641Z - GET /api/v1/monitor2
2024-03-07T05:27:16.646Z - GET /api/v1/HYI
2024-03-07T05:27:16.651Z - GET /api/v1/temp30
2024-03-07T05:27:16.657Z - GET /api/v1/BLDG1
2024-03-07T05:27:16.985Z - GET /api/v1/monitor2
2024-03-07T05:27:17.041Z - GET /api/v1/HYI
2024-03-07T05:27:17.048Z - GET /api/v1/BLDG1
2024-03-07T05:27:17.092Z - GET /api/v1/monitor
2024-03-07T05:27:17.197Z - GET /api/v1/temp30
2024-03-07T05:29:17.590Z - GET /api/v1/monitor
2024-03-07T05:29:17.600Z - GET /api/v1/monitor2
2024-03-07T05:29:17.606Z - GET /api/v1/HYI
2024-03-07T05:29:17.612Z - GET /api/v1/temp30
2024-03-07T05:29:17.617Z - GET /api/v1/BLDG1
2024-03-07T05:29:17.993Z - GET /api/v1/HYI
2024-03-07T05:29:18.004Z - GET /api/v1/BLDG1
2024-03-07T05:29:18.019Z - GET /api/v1/monitor2
2024-03-07T05:29:18.230Z - GET /api/v1/monitor
2024-03-07T05:29:37.596Z - GET /api/v1/temp30
2024-03-07T05:31:18.552Z - GET /api/v1/monitor
2024-03-07T05:31:18.559Z - GET /api/v1/monitor2
2024-03-07T05:31:18.566Z - GET /api/v1/HYI
2024-03-07T05:31:18.572Z - GET /api/v1/temp30
2024-03-07T05:31:18.580Z - GET /api/v1/BLDG1
2024-03-07T05:31:18.924Z - GET /api/v1/monitor2
2024-03-07T05:31:18.985Z - GET /api/v1/HYI
2024-03-07T05:31:18.991Z - GET /api/v1/BLDG1
2024-03-07T05:31:19.023Z - GET /api/v1/temp30
2024-03-07T05:31:19.329Z - GET /api/v1/monitor
2024-03-07T05:33:19.614Z - GET /api/v1/monitor
2024-03-07T05:33:19.627Z - GET /api/v1/monitor2
2024-03-07T05:33:19.633Z - GET /api/v1/HYI
2024-03-07T05:33:19.637Z - GET /api/v1/temp30
2024-03-07T05:33:19.648Z - GET /api/v1/BLDG1
2024-03-07T05:33:19.990Z - GET /api/v1/monitor2
2024-03-07T05:33:20.012Z - GET /api/v1/HYI
2024-03-07T05:33:20.034Z - GET /api/v1/BLDG1
2024-03-07T05:33:20.133Z - GET /api/v1/monitor
2024-03-07T05:33:20.172Z - GET /api/v1/temp30
2024-03-07T05:35:19.755Z - GET /api/v1/monitor
2024-03-07T05:35:19.762Z - GET /api/v1/monitor2
2024-03-07T05:35:19.770Z - GET /api/v1/HYI
2024-03-07T05:35:19.776Z - GET /api/v1/temp30
2024-03-07T05:35:19.780Z - GET /api/v1/BLDG1
2024-03-07T05:35:20.166Z - GET /api/v1/HYI
2024-03-07T05:35:20.178Z - GET /api/v1/BLDG1
2024-03-07T05:35:20.189Z - GET /api/v1/temp30
2024-03-07T05:35:20.296Z - GET /api/v1/monitor2
2024-03-07T05:35:20.538Z - GET /api/v1/monitor
2024-03-07T05:37:19.855Z - GET /api/v1/monitor
2024-03-07T05:37:19.861Z - GET /api/v1/monitor2
2024-03-07T05:37:19.867Z - GET /api/v1/HYI
2024-03-07T05:37:19.889Z - GET /api/v1/temp30
2024-03-07T05:37:19.895Z - GET /api/v1/BLDG1
2024-03-07T05:37:20.313Z - GET /api/v1/monitor2
2024-03-07T05:37:20.332Z - GET /api/v1/BLDG1
2024-03-07T05:37:20.444Z - GET /api/v1/HYI
2024-03-07T05:37:20.634Z - GET /api/v1/temp30
2024-03-07T05:37:20.898Z - GET /api/v1/monitor
2024-03-07T05:39:19.963Z - GET /api/v1/monitor
2024-03-07T05:39:19.969Z - GET /api/v1/monitor2
2024-03-07T05:39:19.988Z - GET /api/v1/HYI
2024-03-07T05:39:19.993Z - GET /api/v1/temp30
2024-03-07T05:39:20.004Z - GET /api/v1/BLDG1
2024-03-07T05:39:20.446Z - GET /api/v1/HYI
2024-03-07T05:39:20.463Z - GET /api/v1/BLDG1
2024-03-07T05:39:20.474Z - GET /api/v1/monitor2
2024-03-07T05:39:20.590Z - GET /api/v1/temp30
2024-03-07T05:39:20.965Z - GET /api/v1/monitor
2024-03-07T05:41:20.050Z - GET /api/v1/monitor
2024-03-07T05:41:20.066Z - GET /api/v1/monitor2
2024-03-07T05:41:20.072Z - GET /api/v1/HYI
2024-03-07T05:41:20.077Z - GET /api/v1/temp30
2024-03-07T05:41:20.082Z - GET /api/v1/BLDG1
2024-03-07T05:41:20.453Z - GET /api/v1/monitor2
2024-03-07T05:41:20.484Z - GET /api/v1/HYI
2024-03-07T05:41:20.544Z - GET /api/v1/BLDG1
2024-03-07T05:41:20.609Z - GET /api/v1/temp30
2024-03-07T05:41:20.852Z - GET /api/v1/monitor
2024-03-07T05:43:20.138Z - GET /api/v1/monitor
2024-03-07T05:43:20.146Z - GET /api/v1/monitor2
2024-03-07T05:43:20.152Z - GET /api/v1/HYI
2024-03-07T05:43:20.158Z - GET /api/v1/temp30
2024-03-07T05:43:20.163Z - GET /api/v1/BLDG1
2024-03-07T05:43:20.559Z - GET /api/v1/monitor2
2024-03-07T05:43:20.622Z - GET /api/v1/BLDG1
2024-03-07T05:43:20.630Z - GET /api/v1/HYI
2024-03-07T05:43:20.809Z - GET /api/v1/monitor
2024-03-07T05:43:40.147Z - GET /api/v1/temp30
2024-03-07T05:45:20.225Z - GET /api/v1/monitor
2024-03-07T05:45:20.241Z - GET /api/v1/monitor2
2024-03-07T05:45:20.245Z - GET /api/v1/temp30
2024-03-07T05:45:20.250Z - GET /api/v1/HYI
2024-03-07T05:45:20.256Z - GET /api/v1/BLDG1
2024-03-07T05:45:20.610Z - GET /api/v1/monitor2
2024-03-07T05:45:20.661Z - GET /api/v1/HYI
2024-03-07T05:45:20.675Z - GET /api/v1/BLDG1
2024-03-07T05:45:20.842Z - GET /api/v1/monitor
2024-03-07T05:45:20.864Z - GET /api/v1/temp30
2024-03-07T05:47:20.375Z - GET /api/v1/monitor
2024-03-07T05:47:20.393Z - GET /api/v1/monitor2
2024-03-07T05:47:20.399Z - GET /api/v1/HYI
2024-03-07T05:47:20.405Z - GET /api/v1/temp30
2024-03-07T05:47:20.408Z - GET /api/v1/BLDG1
2024-03-07T05:47:20.755Z - GET /api/v1/monitor2
2024-03-07T05:47:20.827Z - GET /api/v1/HYI
2024-03-07T05:47:20.897Z - GET /api/v1/BLDG1
2024-03-07T05:47:21.028Z - GET /api/v1/monitor
2024-03-07T05:47:40.381Z - GET /api/v1/temp30
2024-03-07T05:49:20.487Z - GET /api/v1/monitor
2024-03-07T05:49:20.509Z - GET /api/v1/monitor2
2024-03-07T05:49:20.514Z - GET /api/v1/HYI
2024-03-07T05:49:20.519Z - GET /api/v1/temp30
2024-03-07T05:49:20.524Z - GET /api/v1/BLDG1
2024-03-07T05:49:20.915Z - GET /api/v1/monitor2
2024-03-07T05:49:20.921Z - GET /api/v1/HYI
2024-03-07T05:49:20.954Z - GET /api/v1/BLDG1
2024-03-07T05:49:21.021Z - GET /api/v1/temp30
2024-03-07T05:49:21.117Z - GET /api/v1/monitor
2024-03-07T05:51:20.584Z - GET /api/v1/monitor
2024-03-07T05:51:20.595Z - GET /api/v1/monitor2
2024-03-07T05:51:20.601Z - GET /api/v1/HYI
2024-03-07T05:51:20.608Z - GET /api/v1/temp30
2024-03-07T05:51:20.613Z - GET /api/v1/BLDG1
2024-03-07T05:51:20.954Z - GET /api/v1/monitor2
2024-03-07T05:51:21.025Z - GET /api/v1/BLDG1
2024-03-07T05:51:21.046Z - GET /api/v1/HYI
2024-03-07T05:51:21.179Z - GET /api/v1/monitor
2024-03-07T05:51:21.272Z - GET /api/v1/temp30
2024-03-07T05:53:20.675Z - GET /api/v1/monitor
2024-03-07T05:53:20.692Z - GET /api/v1/monitor2
2024-03-07T05:53:20.699Z - GET /api/v1/HYI
2024-03-07T05:53:20.704Z - GET /api/v1/temp30
2024-03-07T05:53:20.709Z - GET /api/v1/BLDG1
2024-03-07T05:53:21.047Z - GET /api/v1/monitor2
2024-03-07T05:53:21.101Z - GET /api/v1/HYI
2024-03-07T05:53:21.112Z - GET /api/v1/temp30
2024-03-07T05:53:21.124Z - GET /api/v1/BLDG1
2024-03-07T05:53:21.307Z - GET /api/v1/monitor
2024-03-07T05:55:20.787Z - GET /api/v1/monitor
2024-03-07T05:55:20.804Z - GET /api/v1/monitor2
2024-03-07T05:55:20.810Z - GET /api/v1/HYI
2024-03-07T05:55:20.815Z - GET /api/v1/temp30
2024-03-07T05:55:20.819Z - GET /api/v1/BLDG1
2024-03-07T05:55:21.214Z - GET /api/v1/monitor2
2024-03-07T05:55:21.245Z - GET /api/v1/BLDG1
2024-03-07T05:55:21.252Z - GET /api/v1/HYI
2024-03-07T05:55:21.345Z - GET /api/v1/temp30
2024-03-07T05:55:21.459Z - GET /api/v1/monitor
2024-03-07T05:57:20.910Z - GET /api/v1/monitor
2024-03-07T05:57:20.927Z - GET /api/v1/monitor2
2024-03-07T05:57:20.933Z - GET /api/v1/HYI
2024-03-07T05:57:20.937Z - GET /api/v1/temp30
2024-03-07T05:57:20.943Z - GET /api/v1/BLDG1
2024-03-07T05:57:21.289Z - GET /api/v1/monitor2
2024-03-07T05:57:21.339Z - GET /api/v1/HYI
2024-03-07T05:57:21.476Z - GET /api/v1/BLDG1
2024-03-07T05:57:21.578Z - GET /api/v1/monitor
2024-03-07T05:57:21.636Z - GET /api/v1/temp30
2024-03-07T05:59:20.999Z - GET /api/v1/monitor
2024-03-07T05:59:21.017Z - GET /api/v1/monitor2
2024-03-07T05:59:21.023Z - GET /api/v1/HYI
2024-03-07T05:59:21.028Z - GET /api/v1/temp30
2024-03-07T05:59:21.034Z - GET /api/v1/BLDG1
2024-03-07T05:59:21.411Z - GET /api/v1/monitor2
2024-03-07T05:59:21.496Z - GET /api/v1/HYI
2024-03-07T05:59:21.502Z - GET /api/v1/monitor
2024-03-07T05:59:21.634Z - GET /api/v1/BLDG1
2024-03-07T05:59:35.610Z - GET /api/v1/temp30
2024-03-07T06:01:21.087Z - GET /api/v1/monitor
2024-03-07T06:01:21.097Z - GET /api/v1/monitor2
2024-03-07T06:01:21.104Z - GET /api/v1/HYI
2024-03-07T06:01:21.110Z - GET /api/v1/temp30
2024-03-07T06:01:21.119Z - GET /api/v1/BLDG1
2024-03-07T06:01:21.638Z - GET /api/v1/monitor2
2024-03-07T06:01:21.657Z - GET /api/v1/BLDG1
2024-03-07T06:01:21.665Z - GET /api/v1/HYI
2024-03-07T06:01:21.801Z - GET /api/v1/temp30
2024-03-07T06:01:21.930Z - GET /api/v1/monitor
2024-03-07T06:03:21.244Z - GET /api/v1/monitor
2024-03-07T06:03:21.252Z - GET /api/v1/monitor2
2024-03-07T06:03:21.263Z - GET /api/v1/HYI
2024-03-07T06:03:21.266Z - GET /api/v1/temp30
2024-03-07T06:03:21.271Z - GET /api/v1/BLDG1
2024-03-07T06:03:21.800Z - GET /api/v1/BLDG1
2024-03-07T06:03:21.878Z - GET /api/v1/temp30
2024-03-07T06:03:21.887Z - GET /api/v1/HYI
2024-03-07T06:03:22.798Z - GET /api/v1/monitor2
2024-03-07T06:03:24.322Z - GET /api/v1/monitor
2024-03-07T06:05:21.396Z - GET /api/v1/monitor
2024-03-07T06:05:21.405Z - GET /api/v1/monitor2
2024-03-07T06:05:21.410Z - GET /api/v1/HYI
2024-03-07T06:05:21.414Z - GET /api/v1/temp30
2024-03-07T06:05:21.420Z - GET /api/v1/BLDG1
2024-03-07T06:05:21.740Z - GET /api/v1/monitor2
2024-03-07T06:05:21.792Z - GET /api/v1/BLDG1
2024-03-07T06:05:21.809Z - GET /api/v1/HYI
2024-03-07T06:05:21.914Z - GET /api/v1/temp30
2024-03-07T06:05:22.094Z - GET /api/v1/monitor
2024-03-07T06:07:21.463Z - GET /api/v1/monitor
2024-03-07T06:07:21.470Z - GET /api/v1/monitor2
2024-03-07T06:07:21.488Z - GET /api/v1/HYI
2024-03-07T06:07:21.494Z - GET /api/v1/temp30
2024-03-07T06:07:21.498Z - GET /api/v1/BLDG1
2024-03-07T06:07:21.810Z - GET /api/v1/monitor2
2024-03-07T06:07:21.874Z - GET /api/v1/BLDG1
2024-03-07T06:07:21.879Z - GET /api/v1/HYI
2024-03-07T06:07:21.994Z - GET /api/v1/monitor
2024-03-07T06:07:22.095Z - GET /api/v1/temp30
2024-03-07T06:09:21.553Z - GET /api/v1/monitor
2024-03-07T06:09:21.569Z - GET /api/v1/monitor2
2024-03-07T06:09:21.574Z - GET /api/v1/HYI
2024-03-07T06:09:21.578Z - GET /api/v1/temp30
2024-03-07T06:09:21.584Z - GET /api/v1/BLDG1
2024-03-07T06:09:22.703Z - GET /api/v1/monitor2
2024-03-07T06:09:22.842Z - GET /api/v1/HYI
2024-03-07T06:09:22.849Z - GET /api/v1/monitor
2024-03-07T06:09:22.870Z - GET /api/v1/BLDG1
2024-03-07T06:09:22.988Z - GET /api/v1/temp30
2024-03-07T06:11:21.629Z - GET /api/v1/monitor
2024-03-07T06:11:21.642Z - GET /api/v1/monitor2
2024-03-07T06:11:21.649Z - GET /api/v1/HYI
2024-03-07T06:11:21.654Z - GET /api/v1/temp30
2024-03-07T06:11:21.657Z - GET /api/v1/BLDG1
2024-03-07T06:11:22.060Z - GET /api/v1/monitor2
2024-03-07T06:11:22.080Z - GET /api/v1/BLDG1
2024-03-07T06:11:22.109Z - GET /api/v1/HYI
2024-03-07T06:11:22.126Z - GET /api/v1/temp30
2024-03-07T06:11:22.292Z - GET /api/v1/monitor
2024-03-07T06:13:21.753Z - GET /api/v1/monitor
2024-03-07T06:13:21.764Z - GET /api/v1/monitor2
2024-03-07T06:13:21.770Z - GET /api/v1/HYI
2024-03-07T06:13:21.776Z - GET /api/v1/temp30
2024-03-07T06:13:21.781Z - GET /api/v1/BLDG1
2024-03-07T06:13:22.163Z - GET /api/v1/monitor2
2024-03-07T06:13:22.175Z - GET /api/v1/BLDG1
2024-03-07T06:13:22.183Z - GET /api/v1/HYI
2024-03-07T06:13:22.269Z - GET /api/v1/temp30
2024-03-07T06:13:22.502Z - GET /api/v1/monitor
2024-03-07T06:15:21.873Z - GET /api/v1/monitor
2024-03-07T06:15:21.897Z - GET /api/v1/monitor2
2024-03-07T06:15:21.904Z - GET /api/v1/HYI
2024-03-07T06:15:21.909Z - GET /api/v1/temp30
2024-03-07T06:15:21.916Z - GET /api/v1/BLDG1
2024-03-07T06:15:22.253Z - GET /api/v1/monitor2
2024-03-07T06:15:22.297Z - GET /api/v1/BLDG1
2024-03-07T06:15:22.330Z - GET /api/v1/HYI
2024-03-07T06:15:22.478Z - GET /api/v1/temp30
2024-03-07T06:15:22.589Z - GET /api/v1/monitor
2024-03-07T06:17:21.999Z - GET /api/v1/monitor
2024-03-07T06:17:22.005Z - GET /api/v1/monitor2
2024-03-07T06:17:22.010Z - GET /api/v1/HYI
2024-03-07T06:17:22.014Z - GET /api/v1/temp30
2024-03-07T06:17:22.018Z - GET /api/v1/BLDG1
2024-03-07T06:17:22.373Z - GET /api/v1/monitor2
2024-03-07T06:17:22.453Z - GET /api/v1/HYI
2024-03-07T06:17:22.497Z - GET /api/v1/BLDG1
2024-03-07T06:17:22.605Z - GET /api/v1/temp30
2024-03-07T06:17:22.663Z - GET /api/v1/monitor
2024-03-07T06:19:22.126Z - GET /api/v1/monitor
2024-03-07T06:19:22.134Z - GET /api/v1/monitor2
2024-03-07T06:19:22.138Z - GET /api/v1/HYI
2024-03-07T06:19:22.144Z - GET /api/v1/temp30
2024-03-07T06:19:22.149Z - GET /api/v1/BLDG1
2024-03-07T06:19:22.596Z - GET /api/v1/monitor2
2024-03-07T06:19:22.647Z - GET /api/v1/BLDG1
2024-03-07T06:19:22.653Z - GET /api/v1/monitor
2024-03-07T06:19:22.726Z - GET /api/v1/HYI
2024-03-07T06:19:22.767Z - GET /api/v1/temp30
2024-03-07T06:21:22.672Z - GET /api/v1/monitor
2024-03-07T06:21:22.687Z - GET /api/v1/monitor2
2024-03-07T06:21:22.693Z - GET /api/v1/HYI
2024-03-07T06:21:22.698Z - GET /api/v1/temp30
2024-03-07T06:21:22.702Z - GET /api/v1/BLDG1
2024-03-07T06:21:23.047Z - GET /api/v1/monitor2
2024-03-07T06:21:23.102Z - GET /api/v1/HYI
2024-03-07T06:21:23.113Z - GET /api/v1/BLDG1
2024-03-07T06:21:23.336Z - GET /api/v1/monitor
2024-03-07T06:21:38.447Z - GET /api/v1/temp30
2024-03-07T06:23:22.790Z - GET /api/v1/monitor
2024-03-07T06:23:22.799Z - GET /api/v1/monitor2
2024-03-07T06:23:22.808Z - GET /api/v1/HYI
2024-03-07T06:23:22.814Z - GET /api/v1/temp30
2024-03-07T06:23:22.818Z - GET /api/v1/BLDG1
2024-03-07T06:23:23.195Z - GET /api/v1/monitor2
2024-03-07T06:23:23.249Z - GET /api/v1/BLDG1
2024-03-07T06:23:23.362Z - GET /api/v1/HYI
2024-03-07T06:23:23.760Z - GET /api/v1/monitor
2024-03-07T06:23:42.800Z - GET /api/v1/temp30
2024-03-07T06:25:22.940Z - GET /api/v1/monitor
2024-03-07T06:25:22.945Z - GET /api/v1/monitor2
2024-03-07T06:25:22.950Z - GET /api/v1/HYI
2024-03-07T06:25:22.967Z - GET /api/v1/temp30
2024-03-07T06:25:22.971Z - GET /api/v1/BLDG1
2024-03-07T06:25:23.285Z - GET /api/v1/monitor2
2024-03-07T06:25:23.337Z - GET /api/v1/HYI
2024-03-07T06:25:23.360Z - GET /api/v1/BLDG1
2024-03-07T06:25:23.598Z - GET /api/v1/temp30
2024-03-07T06:25:23.642Z - GET /api/v1/monitor
2024-03-07T06:27:23.084Z - GET /api/v1/monitor
2024-03-07T06:27:23.091Z - GET /api/v1/monitor2
2024-03-07T06:27:23.110Z - GET /api/v1/HYI
2024-03-07T06:27:23.115Z - GET /api/v1/temp30
2024-03-07T06:27:23.121Z - GET /api/v1/BLDG1
2024-03-07T06:27:23.466Z - GET /api/v1/monitor2
2024-03-07T06:27:23.542Z - GET /api/v1/HYI
2024-03-07T06:27:23.600Z - GET /api/v1/temp30
2024-03-07T06:27:23.619Z - GET /api/v1/BLDG1
2024-03-07T06:27:23.756Z - GET /api/v1/monitor
2024-03-07T06:29:23.191Z - GET /api/v1/monitor
2024-03-07T06:29:23.204Z - GET /api/v1/monitor2
2024-03-07T06:29:23.211Z - GET /api/v1/HYI
2024-03-07T06:29:23.217Z - GET /api/v1/temp30
2024-03-07T06:29:23.221Z - GET /api/v1/BLDG1
2024-03-07T06:29:23.700Z - GET /api/v1/monitor
2024-03-07T06:29:23.732Z - GET /api/v1/HYI
2024-03-07T06:29:23.766Z - GET /api/v1/monitor2
2024-03-07T06:29:23.780Z - GET /api/v1/BLDG1
2024-03-07T06:29:43.199Z - GET /api/v1/temp30
2024-03-07T06:31:23.336Z - GET /api/v1/monitor
2024-03-07T06:31:23.348Z - GET /api/v1/monitor2
2024-03-07T06:31:23.353Z - GET /api/v1/temp30
2024-03-07T06:31:23.372Z - GET /api/v1/HYI
2024-03-07T06:31:23.378Z - GET /api/v1/BLDG1
2024-03-07T06:31:23.820Z - GET /api/v1/monitor2
2024-03-07T06:31:23.895Z - GET /api/v1/HYI
2024-03-07T06:31:23.962Z - GET /api/v1/BLDG1
2024-03-07T06:31:24.037Z - GET /api/v1/temp30
2024-03-07T06:31:24.267Z - GET /api/v1/monitor
2024-03-07T06:33:23.456Z - GET /api/v1/monitor
2024-03-07T06:33:23.463Z - GET /api/v1/monitor2
2024-03-07T06:33:23.482Z - GET /api/v1/HYI
2024-03-07T06:33:23.488Z - GET /api/v1/temp30
2024-03-07T06:33:23.493Z - GET /api/v1/BLDG1
2024-03-07T06:33:23.876Z - GET /api/v1/monitor2
2024-03-07T06:33:23.925Z - GET /api/v1/HYI
2024-03-07T06:33:23.940Z - GET /api/v1/BLDG1
2024-03-07T06:33:24.087Z - GET /api/v1/temp30
2024-03-07T06:33:24.274Z - GET /api/v1/monitor
2024-03-07T06:35:18.582Z - GET /api/v1/monitor2
2024-03-07T06:35:18.587Z - GET /api/v1/HYI
2024-03-07T06:35:18.592Z - GET /api/v1/temp30
2024-03-07T06:35:23.615Z - GET /api/v1/monitor
2024-03-07T06:35:23.622Z - GET /api/v1/monitor2
2024-03-07T06:35:23.627Z - GET /api/v1/HYI
2024-03-07T06:35:23.632Z - GET /api/v1/temp30
2024-03-07T06:35:23.636Z - GET /api/v1/BLDG1
2024-03-07T06:35:23.969Z - GET /api/v1/monitor2
2024-03-07T06:35:24.026Z - GET /api/v1/BLDG1
2024-03-07T06:35:24.103Z - GET /api/v1/HYI
2024-03-07T06:35:24.138Z - GET /api/v1/temp30
2024-03-07T06:35:24.376Z - GET /api/v1/monitor
2024-03-07T06:36:59.461Z - GET /api/v1/monitor2
2024-03-07T06:36:59.470Z - GET /api/v1/HYI
2024-03-07T06:36:59.479Z - GET /api/v1/temp30
2024-03-07T06:37:23.810Z - GET /api/v1/monitor
2024-03-07T06:37:23.824Z - GET /api/v1/monitor2
2024-03-07T06:37:23.830Z - GET /api/v1/HYI
2024-03-07T06:37:23.835Z - GET /api/v1/temp30
2024-03-07T06:37:23.840Z - GET /api/v1/BLDG1
2024-03-07T06:37:24.170Z - GET /api/v1/monitor2
2024-03-07T06:37:24.219Z - GET /api/v1/HYI
2024-03-07T06:37:24.246Z - GET /api/v1/BLDG1
2024-03-07T06:37:24.396Z - GET /api/v1/temp30
2024-03-07T06:37:24.519Z - GET /api/v1/monitor
2024-03-07T06:38:51.840Z - GET /api/v1/monitor2
2024-03-07T06:38:51.846Z - GET /api/v1/HYI
2024-03-07T06:38:51.850Z - GET /api/v1/temp30
2024-03-07T06:39:20.150Z - GET /api/v1/monitor2
2024-03-07T06:39:20.156Z - GET /api/v1/HYI
2024-03-07T06:39:20.170Z - GET /api/v1/temp30
2024-03-07T06:39:23.922Z - GET /api/v1/monitor
2024-03-07T06:39:23.928Z - GET /api/v1/monitor2
2024-03-07T06:39:23.946Z - GET /api/v1/HYI
2024-03-07T06:39:23.952Z - GET /api/v1/temp30
2024-03-07T06:39:23.957Z - GET /api/v1/BLDG1
2024-03-07T06:39:24.807Z - GET /api/v1/monitor2
2024-03-07T06:39:24.909Z - GET /api/v1/HYI
2024-03-07T06:39:24.929Z - GET /api/v1/monitor
2024-03-07T06:39:24.962Z - GET /api/v1/BLDG1
2024-03-07T06:39:43.933Z - GET /api/v1/temp30
2024-03-07T06:39:47.488Z - GET /api/v1/HYI
2024-03-07T06:39:47.496Z - GET /api/v1/monitor2
2024-03-07T06:40:07.496Z - GET /api/v1/temp30
2024-03-07T06:47:29.115Z - GET /api/v1/monitor
2024-03-07T06:47:29.130Z - GET /api/v1/monitor2
2024-03-07T06:47:29.134Z - GET /api/v1/HYI
2024-03-07T06:47:29.138Z - GET /api/v1/temp30
2024-03-07T06:47:29.145Z - GET /api/v1/BLDG1
2024-03-07T06:47:29.608Z - GET /api/v1/monitor2
2024-03-07T06:47:29.640Z - GET /api/v1/BLDG1
2024-03-07T06:47:29.766Z - GET /api/v1/HYI
2024-03-07T06:47:29.772Z - GET /api/v1/monitor
2024-03-07T06:47:29.812Z - GET /api/v1/temp30
2024-03-07T06:47:55.798Z - GET /api/v1/BLDG1
2024-03-07T06:47:56.184Z - GET /api/v1/BLDG1
2024-03-07T06:50:14.200Z - GET /api/v1/monitor
2024-03-07T06:50:14.215Z - GET /api/v1/monitor2
2024-03-07T06:50:14.220Z - GET /api/v1/HYI
2024-03-07T06:50:14.225Z - GET /api/v1/temp30
2024-03-07T06:50:14.231Z - GET /api/v1/BLDG1
2024-03-07T06:50:14.669Z - GET /api/v1/monitor2
2024-03-07T06:50:14.731Z - GET /api/v1/HYI
2024-03-07T06:50:14.753Z - GET /api/v1/BLDG1
2024-03-07T06:50:14.838Z - GET /api/v1/monitor
2024-03-07T06:50:14.918Z - GET /api/v1/temp30
2024-03-07T06:50:33.268Z - GET /api/v1/BLDG1
2024-03-07T06:52:04.669Z - GET /api/v1/BLDG1
2024-03-07T06:52:14.307Z - GET /api/v1/monitor
2024-03-07T06:52:14.311Z - GET /api/v1/temp30
2024-03-07T06:52:14.319Z - GET /api/v1/monitor2
2024-03-07T06:52:14.324Z - GET /api/v1/HYI
2024-03-07T06:52:14.328Z - GET /api/v1/BLDG1
2024-03-07T06:52:14.778Z - GET /api/v1/monitor2
2024-03-07T06:52:14.786Z - GET /api/v1/BLDG1
2024-03-07T06:52:14.801Z - GET /api/v1/HYI
2024-03-07T06:52:14.937Z - GET /api/v1/temp30
2024-03-07T06:52:15.038Z - GET /api/v1/monitor
2024-03-07T06:52:22.622Z - GET /api/v1/BLDG1
2024-03-07T06:54:14.415Z - GET /api/v1/monitor
2024-03-07T06:54:14.432Z - GET /api/v1/monitor2
2024-03-07T06:54:14.438Z - GET /api/v1/HYI
2024-03-07T06:54:14.443Z - GET /api/v1/temp30
2024-03-07T06:54:14.448Z - GET /api/v1/BLDG1
2024-03-07T06:54:14.787Z - GET /api/v1/monitor2
2024-03-07T06:54:14.842Z - GET /api/v1/HYI
2024-03-07T06:54:14.908Z - GET /api/v1/temp30
2024-03-07T06:54:15.026Z - GET /api/v1/BLDG1
2024-03-07T06:54:15.083Z - GET /api/v1/monitor
2024-03-07T06:55:58.225Z - GET /api/v1/BLDG1
2024-03-07T06:56:14.599Z - GET /api/v1/monitor
2024-03-07T06:56:14.615Z - GET /api/v1/monitor2
2024-03-07T06:56:14.620Z - GET /api/v1/HYI
2024-03-07T06:56:14.626Z - GET /api/v1/temp30
2024-03-07T06:56:14.632Z - GET /api/v1/BLDG1
2024-03-07T06:56:15.023Z - GET /api/v1/monitor2
2024-03-07T06:56:15.076Z - GET /api/v1/BLDG1
2024-03-07T06:56:15.180Z - GET /api/v1/HYI
2024-03-07T06:56:15.230Z - GET /api/v1/temp30
2024-03-07T06:56:15.376Z - GET /api/v1/monitor
2024-03-07T06:58:14.787Z - GET /api/v1/monitor
2024-03-07T06:58:14.794Z - GET /api/v1/monitor2
2024-03-07T06:58:14.802Z - GET /api/v1/HYI
2024-03-07T06:58:14.806Z - GET /api/v1/temp30
2024-03-07T06:58:14.811Z - GET /api/v1/BLDG1
2024-03-07T06:58:15.209Z - GET /api/v1/HYI
2024-03-07T06:58:15.237Z - GET /api/v1/monitor2
2024-03-07T06:58:15.242Z - GET /api/v1/BLDG1
2024-03-07T06:58:15.331Z - GET /api/v1/temp30
2024-03-07T06:58:15.531Z - GET /api/v1/monitor
2024-03-07T06:59:01.188Z - GET /api/v1/monitor2
2024-03-07T06:59:01.194Z - GET /api/v1/HYI
2024-03-07T06:59:01.211Z - GET /api/v1/temp30
2024-03-07T06:59:04.177Z - GET /api/v1/monitor2
2024-03-07T06:59:04.185Z - GET /api/v1/HYI
2024-03-07T06:59:04.195Z - GET /api/v1/temp30
2024-03-07T06:59:09.458Z - GET /api/v1/monitor2
2024-03-07T06:59:09.467Z - GET /api/v1/HYI
2024-03-07T06:59:09.475Z - GET /api/v1/temp30
2024-03-07T06:59:27.129Z - GET /api/v1/monitor2
2024-03-07T06:59:27.147Z - GET /api/v1/HYI
2024-03-07T06:59:27.154Z - GET /api/v1/temp30
2024-03-07T06:59:28.117Z - GET /api/v1/monitor2
2024-03-07T06:59:28.125Z - GET /api/v1/HYI
2024-03-07T06:59:28.135Z - GET /api/v1/temp30
2024-03-07T06:59:28.499Z - GET /api/v1/monitor2
2024-03-07T06:59:28.617Z - GET /api/v1/HYI
2024-03-07T06:59:28.703Z - GET /api/v1/temp30
2024-03-07T06:59:28.913Z - GET /api/v1/monitor2
2024-03-07T06:59:28.992Z - GET /api/v1/HYI
2024-03-07T06:59:29.361Z - GET /api/v1/monitor2
2024-03-07T06:59:29.377Z - GET /api/v1/HYI
2024-03-07T06:59:48.464Z - GET /api/v1/temp30
2024-03-07T06:59:48.651Z - GET /api/v1/temp30
2024-03-07T07:00:14.881Z - GET /api/v1/monitor
2024-03-07T07:00:14.887Z - GET /api/v1/monitor2
2024-03-07T07:00:14.901Z - GET /api/v1/temp30
2024-03-07T07:00:14.908Z - GET /api/v1/HYI
2024-03-07T07:00:14.912Z - GET /api/v1/BLDG1
2024-03-07T07:00:15.256Z - GET /api/v1/monitor2
2024-03-07T07:00:15.300Z - GET /api/v1/HYI
2024-03-07T07:00:15.395Z - GET /api/v1/temp30
2024-03-07T07:00:15.426Z - GET /api/v1/BLDG1
2024-03-07T07:00:15.482Z - GET /api/v1/monitor
2024-03-07T07:01:17.407Z - GET /api/v1/monitor
2024-03-07T07:01:17.415Z - GET /api/v1/monitor2
2024-03-07T07:01:17.426Z - GET /api/v1/HYI
2024-03-07T07:01:17.432Z - GET /api/v1/temp30
2024-03-07T07:01:17.438Z - GET /api/v1/BLDG1
2024-03-07T07:01:17.800Z - GET /api/v1/monitor2
2024-03-07T07:01:17.862Z - GET /api/v1/monitor
2024-03-07T07:01:17.906Z - GET /api/v1/HYI
2024-03-07T07:01:17.934Z - GET /api/v1/BLDG1
2024-03-07T07:01:37.426Z - GET /api/v1/temp30
2024-03-07T07:02:17.974Z - GET /api/v1/BLDG1
2024-03-07T07:02:48.931Z - GET /api/v1/BLDG1
2024-03-07T07:03:17.509Z - GET /api/v1/monitor
2024-03-07T07:03:17.527Z - GET /api/v1/monitor2
2024-03-07T07:03:17.533Z - GET /api/v1/HYI
2024-03-07T07:03:17.538Z - GET /api/v1/temp30
2024-03-07T07:03:17.544Z - GET /api/v1/BLDG1
2024-03-07T07:03:17.868Z - GET /api/v1/monitor2
2024-03-07T07:03:17.934Z - GET /api/v1/HYI
2024-03-07T07:03:17.983Z - GET /api/v1/BLDG1
2024-03-07T07:03:18.085Z - GET /api/v1/monitor
2024-03-07T07:03:37.512Z - GET /api/v1/temp30
2024-03-07T07:03:39.049Z - GET /api/v1/BLDG1
2024-03-07T07:04:46.730Z - GET /api/v1/BLDG1
2024-03-07T07:05:17.644Z - GET /api/v1/monitor
2024-03-07T07:05:17.649Z - GET /api/v1/monitor2
2024-03-07T07:05:17.656Z - GET /api/v1/HYI
2024-03-07T07:05:17.662Z - GET /api/v1/temp30
2024-03-07T07:05:17.667Z - GET /api/v1/BLDG1
2024-03-07T07:05:18.006Z - GET /api/v1/monitor2
2024-03-07T07:05:18.092Z - GET /api/v1/BLDG1
2024-03-07T07:05:18.249Z - GET /api/v1/HYI
2024-03-07T07:05:18.341Z - GET /api/v1/temp30
2024-03-07T07:05:18.401Z - GET /api/v1/monitor
2024-03-07T07:06:10.959Z - GET /api/v1/BLDG1
2024-03-07T07:07:17.806Z - GET /api/v1/monitor
2024-03-07T07:07:17.819Z - GET /api/v1/monitor2
2024-03-07T07:07:17.827Z - GET /api/v1/HYI
2024-03-07T07:07:17.832Z - GET /api/v1/temp30
2024-03-07T07:07:17.836Z - GET /api/v1/BLDG1
2024-03-07T07:07:18.364Z - GET /api/v1/monitor2
2024-03-07T07:07:18.404Z - GET /api/v1/HYI
2024-03-07T07:07:18.442Z - GET /api/v1/BLDG1
2024-03-07T07:07:18.671Z - GET /api/v1/monitor
2024-03-07T07:07:37.820Z - GET /api/v1/temp30
2024-03-07T07:07:49.880Z - GET /api/v1/BLDG1
2024-03-07T07:08:22.276Z - GET /api/v1/BLDG1
2024-03-07T07:08:49.452Z - GET /api/v1/BLDG1
2024-03-07T07:09:17.967Z - GET /api/v1/monitor
2024-03-07T07:09:17.981Z - GET /api/v1/temp30
2024-03-07T07:09:17.986Z - GET /api/v1/monitor2
2024-03-07T07:09:17.992Z - GET /api/v1/HYI
2024-03-07T07:09:17.998Z - GET /api/v1/BLDG1
2024-03-07T07:09:18.479Z - GET /api/v1/BLDG1
2024-03-07T07:09:18.511Z - GET /api/v1/HYI
2024-03-07T07:09:18.521Z - GET /api/v1/monitor2
2024-03-07T07:09:18.556Z - GET /api/v1/temp30
2024-03-07T07:09:18.661Z - GET /api/v1/monitor
2024-03-07T07:09:18.944Z - GET /api/v1/BLDG1
2024-03-07T07:09:28.263Z - GET /api/v1/BLDG1
2024-03-07T07:09:34.777Z - GET /api/v1/BLDG1
2024-03-07T07:11:18.078Z - GET /api/v1/monitor
2024-03-07T07:11:18.092Z - GET /api/v1/monitor2
2024-03-07T07:11:18.099Z - GET /api/v1/HYI
2024-03-07T07:11:18.104Z - GET /api/v1/temp30
2024-03-07T07:11:18.109Z - GET /api/v1/BLDG1
2024-03-07T07:11:18.976Z - GET /api/v1/monitor2
2024-03-07T07:11:18.994Z - GET /api/v1/BLDG1
2024-03-07T07:11:19.003Z - GET /api/v1/HYI
2024-03-07T07:11:19.183Z - GET /api/v1/temp30
2024-03-07T07:11:19.623Z - GET /api/v1/monitor
2024-03-07T07:13:18.198Z - GET /api/v1/monitor
2024-03-07T07:13:18.216Z - GET /api/v1/monitor2
2024-03-07T07:13:18.221Z - GET /api/v1/HYI
2024-03-07T07:13:18.228Z - GET /api/v1/temp30
2024-03-07T07:13:18.234Z - GET /api/v1/BLDG1
2024-03-07T07:13:18.595Z - GET /api/v1/monitor2
2024-03-07T07:13:18.665Z - GET /api/v1/HYI
2024-03-07T07:13:18.680Z - GET /api/v1/BLDG1
2024-03-07T07:13:18.726Z - GET /api/v1/monitor
2024-03-07T07:13:18.944Z - GET /api/v1/temp30
2024-03-07T07:15:18.364Z - GET /api/v1/monitor
2024-03-07T07:15:18.373Z - GET /api/v1/monitor2
2024-03-07T07:15:18.379Z - GET /api/v1/HYI
2024-03-07T07:15:18.386Z - GET /api/v1/temp30
2024-03-07T07:15:18.409Z - GET /api/v1/BLDG1
2024-03-07T07:15:18.787Z - GET /api/v1/monitor2
2024-03-07T07:15:18.793Z - GET /api/v1/HYI
2024-03-07T07:15:18.809Z - GET /api/v1/BLDG1
2024-03-07T07:15:19.023Z - GET /api/v1/monitor
2024-03-07T07:15:38.388Z - GET /api/v1/temp30
2024-03-07T07:17:18.564Z - GET /api/v1/monitor
2024-03-07T07:17:18.569Z - GET /api/v1/monitor2
2024-03-07T07:17:18.574Z - GET /api/v1/HYI
2024-03-07T07:17:18.581Z - GET /api/v1/temp30
2024-03-07T07:17:18.599Z - GET /api/v1/BLDG1
2024-03-07T07:17:18.931Z - GET /api/v1/monitor2
2024-03-07T07:17:19.003Z - GET /api/v1/HYI
2024-03-07T07:17:19.018Z - GET /api/v1/BLDG1
2024-03-07T07:17:19.428Z - GET /api/v1/monitor
2024-03-07T07:17:38.575Z - GET /api/v1/temp30
2024-03-07T07:17:51.629Z - GET /api/v1/BLDG1
2024-03-07T07:19:18.672Z - GET /api/v1/monitor
2024-03-07T07:19:18.693Z - GET /api/v1/monitor2
2024-03-07T07:19:18.698Z - GET /api/v1/HYI
2024-03-07T07:19:18.704Z - GET /api/v1/temp30
2024-03-07T07:19:18.709Z - GET /api/v1/BLDG1
2024-03-07T07:19:19.057Z - GET /api/v1/monitor2
2024-03-07T07:19:19.134Z - GET /api/v1/BLDG1
2024-03-07T07:19:19.143Z - GET /api/v1/HYI
2024-03-07T07:19:19.453Z - GET /api/v1/monitor
2024-03-07T07:19:31.466Z - GET /api/v1/BLDG1
2024-03-07T07:19:38.689Z - GET /api/v1/temp30
2024-03-07T07:20:07.795Z - GET /api/v1/BLDG1
2024-03-07T07:21:02.264Z - GET /api/v1/BLDG1
2024-03-07T07:21:18.773Z - GET /api/v1/monitor
2024-03-07T07:21:18.788Z - GET /api/v1/monitor2
2024-03-07T07:21:18.794Z - GET /api/v1/HYI
2024-03-07T07:21:18.800Z - GET /api/v1/temp30
2024-03-07T07:21:18.805Z - GET /api/v1/BLDG1
2024-03-07T07:21:19.221Z - GET /api/v1/monitor
2024-03-07T07:21:19.268Z - GET /api/v1/HYI
2024-03-07T07:21:19.278Z - GET /api/v1/BLDG1
2024-03-07T07:21:19.303Z - GET /api/v1/monitor2
2024-03-07T07:21:19.563Z - GET /api/v1/temp30
2024-03-07T07:21:53.387Z - GET /api/v1/BLDG1
2024-03-07T07:22:56.310Z - GET /api/v1/BLDG1
2024-03-07T07:23:18.860Z - GET /api/v1/monitor
2024-03-07T07:23:18.879Z - GET /api/v1/monitor2
2024-03-07T07:23:18.882Z - GET /api/v1/HYI
2024-03-07T07:23:18.887Z - GET /api/v1/temp30
2024-03-07T07:23:18.893Z - GET /api/v1/BLDG1
2024-03-07T07:23:19.291Z - GET /api/v1/BLDG1
2024-03-07T07:23:19.311Z - GET /api/v1/HYI
2024-03-07T07:23:19.337Z - GET /api/v1/monitor2
2024-03-07T07:23:19.432Z - GET /api/v1/temp30
2024-03-07T07:23:19.464Z - GET /api/v1/monitor
2024-03-07T07:24:16.463Z - GET /api/v1/BLDG1
2024-03-07T07:24:34.465Z - GET /api/v1/BLDG1
2024-03-07T07:24:38.468Z - GET /api/v1/BLDG1
2024-03-07T07:25:02.446Z - GET /api/v1/BLDG1
2024-03-07T07:25:19.002Z - GET /api/v1/monitor
2024-03-07T07:25:19.025Z - GET /api/v1/monitor2
2024-03-07T07:25:19.031Z - GET /api/v1/HYI
2024-03-07T07:25:19.036Z - GET /api/v1/temp30
2024-03-07T07:25:19.041Z - GET /api/v1/BLDG1
2024-03-07T07:25:19.718Z - GET /api/v1/monitor2
2024-03-07T07:25:19.766Z - GET /api/v1/HYI
2024-03-07T07:25:19.794Z - GET /api/v1/BLDG1
2024-03-07T07:25:19.813Z - GET /api/v1/temp30
2024-03-07T07:25:19.826Z - GET /api/v1/monitor
2024-03-07T07:27:19.099Z - GET /api/v1/monitor
2024-03-07T07:27:19.106Z - GET /api/v1/monitor2
2024-03-07T07:27:19.112Z - GET /api/v1/HYI
2024-03-07T07:27:19.119Z - GET /api/v1/temp30
2024-03-07T07:27:19.125Z - GET /api/v1/BLDG1
2024-03-07T07:27:19.605Z - GET /api/v1/BLDG1
2024-03-07T07:27:19.610Z - GET /api/v1/HYI
2024-03-07T07:27:19.615Z - GET /api/v1/monitor2
2024-03-07T07:27:19.646Z - GET /api/v1/temp30
2024-03-07T07:27:21.641Z - GET /api/v1/monitor
2024-03-07T07:29:19.651Z - GET /api/v1/monitor
2024-03-07T07:29:19.667Z - GET /api/v1/monitor2
2024-03-07T07:29:19.675Z - GET /api/v1/HYI
2024-03-07T07:29:19.683Z - GET /api/v1/temp30
2024-03-07T07:29:19.691Z - GET /api/v1/BLDG1
2024-03-07T07:29:20.044Z - GET /api/v1/monitor2
2024-03-07T07:29:20.094Z - GET /api/v1/BLDG1
2024-03-07T07:29:20.109Z - GET /api/v1/HYI
2024-03-07T07:29:20.215Z - GET /api/v1/temp30
2024-03-07T07:29:20.418Z - GET /api/v1/monitor
2024-03-07T07:31:20.633Z - GET /api/v1/monitor
2024-03-07T07:31:20.646Z - GET /api/v1/monitor2
2024-03-07T07:31:20.652Z - GET /api/v1/HYI
2024-03-07T07:31:20.657Z - GET /api/v1/temp30
2024-03-07T07:31:20.664Z - GET /api/v1/BLDG1
2024-03-07T07:31:21.212Z - GET /api/v1/monitor2
2024-03-07T07:31:21.231Z - GET /api/v1/HYI
2024-03-07T07:31:21.256Z - GET /api/v1/BLDG1
2024-03-07T07:31:21.432Z - GET /api/v1/monitor
2024-03-07T07:31:21.481Z - GET /api/v1/temp30
2024-03-07T07:32:22.775Z - GET /api/v1/monitor
2024-03-07T07:32:22.806Z - GET /api/v1/monitor2
2024-03-07T07:32:22.812Z - GET /api/v1/HYI
2024-03-07T07:32:22.820Z - GET /api/v1/temp30
2024-03-07T07:32:22.825Z - GET /api/v1/BLDG1
2024-03-07T07:32:23.283Z - GET /api/v1/monitor2
2024-03-07T07:32:23.377Z - GET /api/v1/HYI
2024-03-07T07:32:23.400Z - GET /api/v1/BLDG1
2024-03-07T07:32:23.464Z - GET /api/v1/temp30
2024-03-07T07:32:23.592Z - GET /api/v1/monitor
2024-03-07T07:34:23.635Z - GET /api/v1/monitor
2024-03-07T07:34:23.675Z - GET /api/v1/monitor2
2024-03-07T07:34:23.681Z - GET /api/v1/HYI
2024-03-07T07:34:23.689Z - GET /api/v1/temp30
2024-03-07T07:34:23.697Z - GET /api/v1/BLDG1
2024-03-07T07:34:24.638Z - GET /api/v1/monitor2
2024-03-07T07:34:24.652Z - GET /api/v1/BLDG1
2024-03-07T07:34:24.658Z - GET /api/v1/HYI
2024-03-07T07:34:24.802Z - GET /api/v1/temp30
2024-03-07T07:34:24.807Z - GET /api/v1/monitor
2024-03-07T07:36:24.651Z - GET /api/v1/monitor
2024-03-07T07:36:24.671Z - GET /api/v1/monitor2
2024-03-07T07:36:24.678Z - GET /api/v1/HYI
2024-03-07T07:36:24.682Z - GET /api/v1/temp30
2024-03-07T07:36:24.687Z - GET /api/v1/BLDG1
2024-03-07T07:36:25.199Z - GET /api/v1/monitor
2024-03-07T07:36:25.236Z - GET /api/v1/HYI
2024-03-07T07:36:25.289Z - GET /api/v1/BLDG1
2024-03-07T07:36:25.298Z - GET /api/v1/monitor2
2024-03-07T07:36:44.674Z - GET /api/v1/temp30
2024-03-07T07:38:25.633Z - GET /api/v1/monitor
2024-03-07T07:38:25.643Z - GET /api/v1/monitor2
2024-03-07T07:38:25.661Z - GET /api/v1/HYI
2024-03-07T07:38:25.668Z - GET /api/v1/temp30
2024-03-07T07:38:25.677Z - GET /api/v1/BLDG1
2024-03-07T07:38:26.457Z - GET /api/v1/monitor2
2024-03-07T07:38:26.629Z - GET /api/v1/monitor
2024-03-07T07:38:26.634Z - GET /api/v1/temp30
2024-03-07T07:38:26.715Z - GET /api/v1/BLDG1
2024-03-07T07:38:26.723Z - GET /api/v1/HYI
2024-03-07T07:38:55.462Z - GET /api/v1/BLDG1
2024-03-07T07:40:27.305Z - GET /api/v1/monitor
2024-03-07T07:40:27.312Z - GET /api/v1/monitor2
2024-03-07T07:40:27.331Z - GET /api/v1/HYI
2024-03-07T07:40:27.337Z - GET /api/v1/temp30
2024-03-07T07:40:27.377Z - GET /api/v1/BLDG1
2024-03-07T07:40:28.321Z - GET /api/v1/monitor2
2024-03-07T07:40:28.368Z - GET /api/v1/BLDG1
2024-03-07T07:40:28.400Z - GET /api/v1/temp30
2024-03-07T07:40:28.449Z - GET /api/v1/HYI
2024-03-07T07:40:28.494Z - GET /api/v1/monitor
2024-03-07T07:42:27.634Z - GET /api/v1/monitor
2024-03-07T07:42:27.645Z - GET /api/v1/monitor2
2024-03-07T07:42:27.652Z - GET /api/v1/HYI
2024-03-07T07:42:27.660Z - GET /api/v1/temp30
2024-03-07T07:42:27.667Z - GET /api/v1/BLDG1
2024-03-07T07:42:28.233Z - GET /api/v1/monitor2
2024-03-07T07:42:28.346Z - GET /api/v1/HYI
2024-03-07T07:42:28.376Z - GET /api/v1/temp30
2024-03-07T07:42:28.407Z - GET /api/v1/BLDG1
2024-03-07T07:42:28.415Z - GET /api/v1/monitor
2024-03-07T07:44:28.647Z - GET /api/v1/monitor
2024-03-07T07:44:28.663Z - GET /api/v1/monitor2
2024-03-07T07:44:28.670Z - GET /api/v1/HYI
2024-03-07T07:44:28.676Z - GET /api/v1/temp30
2024-03-07T07:44:28.683Z - GET /api/v1/BLDG1
2024-03-07T07:44:29.218Z - GET /api/v1/monitor2
2024-03-07T07:44:29.230Z - GET /api/v1/HYI
2024-03-07T07:44:29.290Z - GET /api/v1/BLDG1
2024-03-07T07:44:29.383Z - GET /api/v1/monitor
2024-03-07T07:44:48.654Z - GET /api/v1/temp30
2024-03-07T07:46:29.720Z - GET /api/v1/monitor
2024-03-07T07:46:29.733Z - GET /api/v1/monitor2
2024-03-07T07:46:29.739Z - GET /api/v1/HYI
2024-03-07T07:46:29.745Z - GET /api/v1/temp30
2024-03-07T07:46:29.750Z - GET /api/v1/BLDG1
2024-03-07T07:46:30.490Z - GET /api/v1/HYI
2024-03-07T07:46:30.499Z - GET /api/v1/monitor2
2024-03-07T07:46:30.508Z - GET /api/v1/monitor
2024-03-07T07:46:30.646Z - GET /api/v1/BLDG1
2024-03-07T07:46:30.761Z - GET /api/v1/temp30
2024-03-07T07:46:51.811Z - GET /api/v1/monitor2
2024-03-07T07:46:51.827Z - GET /api/v1/HYI
2024-03-07T07:46:51.836Z - GET /api/v1/temp30
2024-03-07T07:47:14.196Z - GET /api/v1/monitor2
2024-03-07T07:47:14.201Z - GET /api/v1/HYI
2024-03-07T07:47:14.207Z - GET /api/v1/temp30
2024-03-07T07:48:16.382Z - GET /api/v1/monitor2
2024-03-07T07:48:16.388Z - GET /api/v1/HYI
2024-03-07T07:48:16.394Z - GET /api/v1/temp30
2024-03-07T07:48:29.869Z - GET /api/v1/monitor
2024-03-07T07:48:29.888Z - GET /api/v1/monitor2
2024-03-07T07:48:29.893Z - GET /api/v1/HYI
2024-03-07T07:48:29.898Z - GET /api/v1/temp30
2024-03-07T07:48:29.902Z - GET /api/v1/BLDG1
2024-03-07T07:48:30.282Z - GET /api/v1/monitor2
2024-03-07T07:48:30.308Z - GET /api/v1/HYI
2024-03-07T07:48:30.317Z - GET /api/v1/BLDG1
2024-03-07T07:48:30.334Z - GET /api/v1/monitor
2024-03-07T07:48:34.696Z - GET /api/v1/monitor2
2024-03-07T07:48:34.706Z - GET /api/v1/HYI
2024-03-07T07:48:36.811Z - GET /api/v1/monitor
2024-03-07T07:48:36.821Z - GET /api/v1/monitor2
2024-03-07T07:48:36.831Z - GET /api/v1/HYI
2024-03-07T07:48:36.837Z - GET /api/v1/temp30
2024-03-07T07:48:36.843Z - GET /api/v1/BLDG1
2024-03-07T07:48:37.186Z - GET /api/v1/monitor2
2024-03-07T07:48:37.233Z - GET /api/v1/HYI
2024-03-07T07:48:37.366Z - GET /api/v1/temp30
2024-03-07T07:48:37.409Z - GET /api/v1/BLDG1
2024-03-07T07:48:37.546Z - GET /api/v1/monitor
2024-03-07T07:49:11.718Z - GET /api/v1/monitor2
2024-03-07T07:49:11.726Z - GET /api/v1/HYI
2024-03-07T07:49:11.737Z - GET /api/v1/temp30
2024-03-07T07:49:17.069Z - GET /api/v1/monitor2
2024-03-07T07:49:17.086Z - GET /api/v1/HYI
2024-03-07T07:49:17.092Z - GET /api/v1/temp30
2024-03-07T07:49:19.489Z - GET /api/v1/monitor2
2024-03-07T07:49:19.498Z - GET /api/v1/HYI
2024-03-07T07:49:19.507Z - GET /api/v1/temp30
2024-03-07T07:49:30.379Z - GET /api/v1/monitor2
2024-03-07T07:49:30.385Z - GET /api/v1/HYI
2024-03-07T07:49:30.391Z - GET /api/v1/temp30
2024-03-07T07:49:44.584Z - GET /api/v1/monitor2
2024-03-07T07:49:44.589Z - GET /api/v1/HYI
2024-03-07T07:49:44.594Z - GET /api/v1/temp30
2024-03-07T07:50:36.948Z - GET /api/v1/monitor
2024-03-07T07:50:36.955Z - GET /api/v1/monitor2
2024-03-07T07:50:36.960Z - GET /api/v1/HYI
2024-03-07T07:50:36.965Z - GET /api/v1/temp30
2024-03-07T07:50:36.970Z - GET /api/v1/BLDG1
2024-03-07T07:50:37.329Z - GET /api/v1/monitor2
2024-03-07T07:50:37.353Z - GET /api/v1/HYI
2024-03-07T07:50:37.385Z - GET /api/v1/BLDG1
2024-03-07T07:50:37.554Z - GET /api/v1/monitor
2024-03-07T07:50:39.109Z - GET /api/v1/temp30
2024-03-07T07:50:56.689Z - GET /api/v1/monitor2
2024-03-07T07:50:56.703Z - GET /api/v1/HYI
2024-03-07T07:50:56.712Z - GET /api/v1/temp30
2024-03-07T07:51:01.798Z - GET /api/v1/monitor2
2024-03-07T07:51:01.806Z - GET /api/v1/HYI
2024-03-07T07:51:01.814Z - GET /api/v1/temp30
2024-03-07T07:51:22.472Z - GET /api/v1/monitor2
2024-03-07T07:51:22.479Z - GET /api/v1/HYI
2024-03-07T07:51:22.485Z - GET /api/v1/temp30
2024-03-07T07:51:29.773Z - GET /api/v1/monitor2
2024-03-07T07:51:29.778Z - GET /api/v1/HYI
2024-03-07T07:51:29.784Z - GET /api/v1/temp30
2024-03-07T07:52:00.055Z - GET /api/v1/BLDG1
2024-03-07T07:52:16.511Z - GET /api/v1/BLDG1
2024-03-07T07:52:18.423Z - GET /api/v1/monitor
2024-03-07T07:52:18.444Z - GET /api/v1/temp30
2024-03-07T07:52:18.449Z - GET /api/v1/monitor2
2024-03-07T07:52:18.455Z - GET /api/v1/HYI
2024-03-07T07:52:18.460Z - GET /api/v1/BLDG1
2024-03-07T07:52:19.008Z - GET /api/v1/monitor2
2024-03-07T07:52:19.022Z - GET /api/v1/HYI
2024-03-07T07:52:19.043Z - GET /api/v1/BLDG1
2024-03-07T07:52:20.514Z - GET /api/v1/monitor
2024-03-07T07:52:25.782Z - GET /api/v1/temp30
2024-03-07T07:53:00.459Z - GET /api/v1/BLDG1
2024-03-07T07:53:20.093Z - GET /api/v1/BLDG1
2024-03-07T07:53:51.317Z - GET /api/v1/BLDG1
2024-03-07T07:54:18.519Z - GET /api/v1/monitor
2024-03-07T07:54:18.548Z - GET /api/v1/monitor2
2024-03-07T07:54:18.553Z - GET /api/v1/HYI
2024-03-07T07:54:18.559Z - GET /api/v1/temp30
2024-03-07T07:54:18.565Z - GET /api/v1/BLDG1
2024-03-07T07:54:18.910Z - GET /api/v1/monitor2
2024-03-07T07:54:18.978Z - GET /api/v1/HYI
2024-03-07T07:54:18.993Z - GET /api/v1/BLDG1
2024-03-07T07:54:19.082Z - GET /api/v1/temp30
2024-03-07T07:54:19.302Z - GET /api/v1/monitor
2024-03-07T07:56:18.760Z - GET /api/v1/monitor
2024-03-07T07:56:18.773Z - GET /api/v1/monitor2
2024-03-07T07:56:18.778Z - GET /api/v1/HYI
2024-03-07T07:56:18.783Z - GET /api/v1/temp30
2024-03-07T07:56:18.787Z - GET /api/v1/BLDG1
2024-03-07T07:56:19.135Z - GET /api/v1/monitor2
2024-03-07T07:56:19.194Z - GET /api/v1/BLDG1
2024-03-07T07:56:19.264Z - GET /api/v1/HYI
2024-03-07T07:56:19.466Z - GET /api/v1/monitor
2024-03-07T07:56:38.777Z - GET /api/v1/temp30
2024-03-07T07:58:18.976Z - GET /api/v1/monitor
2024-03-07T07:58:18.983Z - GET /api/v1/monitor2
2024-03-07T07:58:18.987Z - GET /api/v1/HYI
2024-03-07T07:58:18.992Z - GET /api/v1/temp30
2024-03-07T07:58:18.997Z - GET /api/v1/BLDG1
2024-03-07T07:58:19.384Z - GET /api/v1/monitor2
2024-03-07T07:58:19.436Z - GET /api/v1/HYI
2024-03-07T07:58:19.463Z - GET /api/v1/BLDG1
2024-03-07T07:58:20.923Z - GET /api/v1/monitor
2024-03-07T07:58:38.989Z - GET /api/v1/temp30
2024-03-07T08:00:19.108Z - GET /api/v1/monitor
2024-03-07T08:00:19.128Z - GET /api/v1/monitor2
2024-03-07T08:00:19.134Z - GET /api/v1/HYI
2024-03-07T08:00:19.139Z - GET /api/v1/temp30
2024-03-07T08:00:19.143Z - GET /api/v1/BLDG1
2024-03-07T08:00:19.513Z - GET /api/v1/monitor2
2024-03-07T08:00:19.590Z - GET /api/v1/BLDG1
2024-03-07T08:00:19.596Z - GET /api/v1/HYI
2024-03-07T08:00:20.140Z - GET /api/v1/temp30
2024-03-07T08:00:21.571Z - GET /api/v1/monitor
2024-03-07T08:01:55.966Z - GET /
2024-03-07T08:01:55.987Z - GET /assets/index-CBwnXPZP.js
2024-03-07T08:01:55.992Z - GET /assets/index-BwrZj0dv.css
2024-03-07T08:01:56.064Z - GET /assets/jastel-CzcfOkAB.jpg
2024-03-07T08:01:57.556Z - GET /
2024-03-07T08:01:57.591Z - GET /assets/index-CBwnXPZP.js
2024-03-07T08:01:57.596Z - GET /assets/index-BwrZj0dv.css
2024-03-07T08:01:57.627Z - GET /api/v1/monitor
2024-03-07T08:01:57.631Z - GET /api/v1/monitor2
2024-03-07T08:01:57.652Z - GET /api/v1/HYI
2024-03-07T08:01:57.658Z - GET /api/v1/temp30
2024-03-07T08:01:57.662Z - GET /api/v1/BLDG1
2024-03-07T08:01:57.668Z - GET /assets/jastel-CzcfOkAB.jpg
2024-03-07T08:02:02.545Z - GET /
2024-03-07T08:02:02.568Z - GET /assets/index-CBwnXPZP.js
2024-03-07T08:02:02.578Z - GET /assets/index-BwrZj0dv.css
2024-03-07T08:02:02.597Z - GET /assets/jastel-CzcfOkAB.jpg
2024-03-07T08:02:02.605Z - GET /api/v1/monitor
2024-03-07T08:02:02.613Z - GET /api/v1/monitor2
2024-03-07T08:02:02.622Z - GET /api/v1/temp30
2024-03-07T08:02:02.629Z - GET /api/v1/HYI
2024-03-07T08:02:02.635Z - GET /api/v1/BLDG1
2024-03-07T08:02:02.700Z - GET /vite.svg
2024-03-07T08:02:05.334Z - GET /assets/index-BwrZj0dv.css
