2024-03-06T09:28:51.380Z - GET /api/v1/monitor
2024-03-06T09:28:51.383Z - GET /api/v1/monitor2
2024-03-06T09:28:51.388Z - GET /api/v1/HYI
2024-03-06T09:28:51.392Z - GET /api/v1/temp30
2024-03-06T09:28:51.397Z - GET /api/v1/BLDG1
2024-03-06T09:28:51.758Z - GET /api/v1/monitor2
2024-03-06T09:28:51.779Z - GET /api/v1/HYI
2024-03-06T09:28:51.804Z - GET /api/v1/BLDG1
2024-03-06T09:28:51.948Z - GET /api/v1/monitor
2024-03-06T09:28:51.952Z - GET /api/v1/temp30
2024-03-06T09:30:51.479Z - GET /api/v1/monitor
2024-03-06T09:30:51.495Z - GET /api/v1/monitor2
2024-03-06T09:30:51.506Z - GET /api/v1/HYI
2024-03-06T09:30:51.510Z - GET /api/v1/temp30
2024-03-06T09:30:51.517Z - GET /api/v1/BLDG1
2024-03-06T09:30:51.838Z - GET /api/v1/monitor2
2024-03-06T09:30:51.909Z - GET /api/v1/BLDG1
2024-03-06T09:30:51.914Z - GET /api/v1/temp30
2024-03-06T09:30:51.926Z - GET /api/v1/HYI
2024-03-06T09:30:51.938Z - GET /api/v1/monitor
2024-03-06T09:32:54.588Z - GET /api/v1/monitor
2024-03-06T09:32:54.817Z - GET /api/v1/monitor2
2024-03-06T09:32:55.084Z - GET /api/v1/HYI
2024-03-06T09:32:55.091Z - GET /api/v1/temp30
2024-03-06T09:32:55.095Z - GET /api/v1/BLDG1
2024-03-06T09:32:55.193Z - GET /api/v1/monitor2
2024-03-06T09:32:55.347Z - GET /api/v1/monitor
2024-03-06T09:32:55.456Z - GET /api/v1/BLDG1
2024-03-06T09:32:55.539Z - GET /api/v1/HYI
2024-03-06T09:32:55.588Z - GET /api/v1/temp30
2024-03-06T09:34:55.796Z - GET /api/v1/monitor
2024-03-06T09:34:55.812Z - GET /api/v1/monitor2
2024-03-06T09:34:55.818Z - GET /api/v1/HYI
2024-03-06T09:34:55.821Z - GET /api/v1/temp30
2024-03-06T09:34:55.836Z - GET /api/v1/BLDG1
2024-03-06T09:34:56.145Z - GET /api/v1/monitor2
2024-03-06T09:34:56.218Z - GET /api/v1/HYI
2024-03-06T09:34:56.413Z - GET /api/v1/BLDG1
2024-03-06T09:34:56.444Z - GET /api/v1/temp30
2024-03-06T09:34:56.463Z - GET /api/v1/monitor
2024-03-06T09:36:59.043Z - GET /api/v1/monitor
2024-03-06T09:36:59.048Z - GET /api/v1/monitor2
2024-03-06T09:36:59.072Z - GET /api/v1/HYI
2024-03-06T09:36:59.077Z - GET /api/v1/temp30
2024-03-06T09:36:59.081Z - GET /api/v1/BLDG1
2024-03-06T09:36:59.449Z - GET /api/v1/HYI
2024-03-06T09:36:59.460Z - GET /api/v1/BLDG1
2024-03-06T09:36:59.495Z - GET /api/v1/monitor2
2024-03-06T09:36:59.564Z - GET /api/v1/temp30
2024-03-06T09:36:59.758Z - GET /api/v1/monitor
2024-03-06T09:39:01.881Z - GET /api/v1/monitor
2024-03-06T09:39:01.895Z - GET /api/v1/monitor2
2024-03-06T09:39:01.901Z - GET /api/v1/HYI
2024-03-06T09:39:01.914Z - GET /api/v1/temp30
2024-03-06T09:39:01.919Z - GET /api/v1/BLDG1
2024-03-06T09:39:02.212Z - GET /api/v1/monitor2
2024-03-06T09:39:02.269Z - GET /api/v1/HYI
2024-03-06T09:39:02.285Z - GET /api/v1/BLDG1
2024-03-06T09:39:02.514Z - GET /api/v1/monitor
2024-03-06T09:39:02.579Z - GET /api/v1/temp30
2024-03-06T09:41:02.007Z - GET /api/v1/monitor
2024-03-06T09:41:02.014Z - GET /api/v1/monitor2
2024-03-06T09:41:02.030Z - GET /api/v1/HYI
2024-03-06T09:41:02.040Z - GET /api/v1/temp30
2024-03-06T09:41:02.044Z - GET /api/v1/BLDG1
2024-03-06T09:41:02.350Z - GET /api/v1/monitor2
2024-03-06T09:41:02.427Z - GET /api/v1/HYI
2024-03-06T09:41:02.440Z - GET /api/v1/BLDG1
2024-03-06T09:41:02.465Z - GET /api/v1/monitor
2024-03-06T09:41:02.614Z - GET /api/v1/temp30
2024-03-06T09:43:02.113Z - GET /api/v1/monitor
2024-03-06T09:43:02.120Z - GET /api/v1/monitor2
2024-03-06T09:43:02.127Z - GET /api/v1/HYI
2024-03-06T09:43:02.132Z - GET /api/v1/temp30
2024-03-06T09:43:02.165Z - GET /api/v1/BLDG1
2024-03-06T09:43:02.462Z - GET /api/v1/monitor2
2024-03-06T09:43:02.548Z - GET /api/v1/HYI
2024-03-06T09:43:02.552Z - GET /api/v1/BLDG1
2024-03-06T09:43:02.693Z - GET /api/v1/monitor
2024-03-06T09:43:22.124Z - GET /api/v1/temp30
2024-03-06T09:45:02.286Z - GET /api/v1/monitor
2024-03-06T09:45:02.295Z - GET /api/v1/monitor2
2024-03-06T09:45:02.301Z - GET /api/v1/HYI
2024-03-06T09:45:02.307Z - GET /api/v1/temp30
2024-03-06T09:45:02.329Z - GET /api/v1/BLDG1
2024-03-06T09:45:02.712Z - GET /api/v1/HYI
2024-03-06T09:45:02.719Z - GET /api/v1/BLDG1
2024-03-06T09:45:02.760Z - GET /api/v1/monitor2
2024-03-06T09:45:02.905Z - GET /api/v1/monitor
2024-03-06T09:45:22.307Z - GET /api/v1/temp30
2024-03-06T09:45:23.986Z - GET /api/v1/monitor
2024-03-06T09:45:24.006Z - GET /api/v1/monitor2
2024-03-06T09:45:24.014Z - GET /api/v1/temp30
2024-03-06T09:45:24.020Z - GET /api/v1/HYI
2024-03-06T09:45:24.025Z - GET /api/v1/BLDG1
2024-03-06T09:45:24.412Z - GET /api/v1/BLDG1
2024-03-06T09:45:24.420Z - GET /api/v1/HYI
2024-03-06T09:45:24.452Z - GET /api/v1/monitor2
2024-03-06T09:45:24.509Z - GET /api/v1/monitor
2024-03-06T09:45:24.686Z - GET /api/v1/temp30
2024-03-06T09:47:24.095Z - GET /api/v1/monitor
2024-03-06T09:47:24.101Z - GET /api/v1/monitor2
2024-03-06T09:47:24.114Z - GET /api/v1/HYI
2024-03-06T09:47:24.117Z - GET /api/v1/temp30
2024-03-06T09:47:24.123Z - GET /api/v1/BLDG1
2024-03-06T09:47:24.443Z - GET /api/v1/monitor2
2024-03-06T09:47:24.515Z - GET /api/v1/BLDG1
2024-03-06T09:47:24.568Z - GET /api/v1/HYI
2024-03-06T09:47:24.629Z - GET /api/v1/temp30
2024-03-06T09:47:24.711Z - GET /api/v1/monitor
2024-03-06T09:49:24.209Z - GET /api/v1/monitor
2024-03-06T09:49:24.214Z - GET /api/v1/monitor2
2024-03-06T09:49:24.237Z - GET /api/v1/HYI
2024-03-06T09:49:24.244Z - GET /api/v1/temp30
2024-03-06T09:49:24.247Z - GET /api/v1/BLDG1
2024-03-06T09:49:24.619Z - GET /api/v1/HYI
2024-03-06T09:49:24.628Z - GET /api/v1/monitor2
2024-03-06T09:49:24.677Z - GET /api/v1/BLDG1
2024-03-06T09:49:24.839Z - GET /api/v1/monitor
2024-03-06T09:49:24.948Z - GET /api/v1/temp30
2024-03-06T09:51:24.326Z - GET /api/v1/monitor
2024-03-06T09:51:24.345Z - GET /api/v1/monitor2
2024-03-06T09:51:24.349Z - GET /api/v1/HYI
2024-03-06T09:51:24.352Z - GET /api/v1/temp30
2024-03-06T09:51:24.356Z - GET /api/v1/BLDG1
2024-03-06T09:51:24.667Z - GET /api/v1/monitor2
2024-03-06T09:51:24.723Z - GET /api/v1/HYI
2024-03-06T09:51:24.765Z - GET /api/v1/BLDG1
2024-03-06T09:51:24.921Z - GET /api/v1/temp30
2024-03-06T09:51:25.188Z - GET /api/v1/monitor
2024-03-06T09:53:24.447Z - GET /api/v1/monitor
2024-03-06T09:53:24.454Z - GET /api/v1/monitor2
2024-03-06T09:53:24.472Z - GET /api/v1/HYI
2024-03-06T09:53:24.475Z - GET /api/v1/BLDG1
2024-03-06T09:53:24.478Z - GET /api/v1/temp30
2024-03-06T09:53:24.791Z - GET /api/v1/monitor2
2024-03-06T09:53:24.843Z - GET /api/v1/HYI
2024-03-06T09:53:24.853Z - GET /api/v1/BLDG1
2024-03-06T09:53:25.097Z - GET /api/v1/temp30
2024-03-06T09:53:25.205Z - GET /api/v1/monitor
2024-03-06T09:55:24.593Z - GET /api/v1/monitor
2024-03-06T09:55:24.603Z - GET /api/v1/monitor2
2024-03-06T09:55:24.607Z - GET /api/v1/HYI
2024-03-06T09:55:24.612Z - GET /api/v1/BLDG1
2024-03-06T09:55:24.617Z - GET /api/v1/temp30
2024-03-06T09:55:24.951Z - GET /api/v1/monitor2
2024-03-06T09:55:25.017Z - GET /api/v1/BLDG1
2024-03-06T09:55:25.107Z - GET /api/v1/HYI
2024-03-06T09:55:25.136Z - GET /api/v1/monitor
2024-03-06T09:55:25.231Z - GET /api/v1/temp30
2024-03-06T09:57:24.700Z - GET /api/v1/monitor
2024-03-06T09:57:24.711Z - GET /api/v1/monitor2
2024-03-06T09:57:24.715Z - GET /api/v1/HYI
2024-03-06T09:57:24.721Z - GET /api/v1/temp30
2024-03-06T09:57:24.735Z - GET /api/v1/BLDG1
2024-03-06T09:57:25.046Z - GET /api/v1/monitor2
2024-03-06T09:57:25.106Z - GET /api/v1/HYI
2024-03-06T09:57:25.125Z - GET /api/v1/BLDG1
2024-03-06T09:57:25.251Z - GET /api/v1/monitor
2024-03-06T09:57:25.376Z - GET /api/v1/temp30
2024-03-06T09:59:24.827Z - GET /api/v1/monitor
2024-03-06T09:59:24.847Z - GET /api/v1/monitor2
2024-03-06T09:59:24.854Z - GET /api/v1/HYI
2024-03-06T09:59:24.859Z - GET /api/v1/temp30
2024-03-06T09:59:24.863Z - GET /api/v1/BLDG1
2024-03-06T09:59:25.239Z - GET /api/v1/BLDG1
2024-03-06T09:59:25.265Z - GET /api/v1/HYI
2024-03-06T09:59:25.425Z - GET /api/v1/monitor2
2024-03-06T09:59:25.472Z - GET /api/v1/monitor
2024-03-06T09:59:25.487Z - GET /api/v1/temp30
2024-03-06T10:01:24.971Z - GET /api/v1/monitor
2024-03-06T10:01:24.977Z - GET /api/v1/monitor2
2024-03-06T10:01:24.998Z - GET /api/v1/HYI
2024-03-06T10:01:25.006Z - GET /api/v1/temp30
2024-03-06T10:01:25.010Z - GET /api/v1/BLDG1
2024-03-06T10:01:25.377Z - GET /api/v1/HYI
2024-03-06T10:01:25.393Z - GET /api/v1/BLDG1
2024-03-06T10:01:25.414Z - GET /api/v1/monitor2
2024-03-06T10:01:25.543Z - GET /api/v1/temp30
2024-03-06T10:01:25.730Z - GET /api/v1/monitor
2024-03-06T10:03:07.318Z - GET /api/v1/monitor
2024-03-06T10:03:07.326Z - GET /api/v1/monitor2
2024-03-06T10:03:07.331Z - GET /api/v1/HYI
2024-03-06T10:03:07.337Z - GET /api/v1/temp30
2024-03-06T10:03:07.342Z - GET /api/v1/BLDG1
2024-03-06T10:03:07.677Z - GET /api/v1/monitor2
2024-03-06T10:03:07.720Z - GET /api/v1/HYI
2024-03-06T10:03:07.747Z - GET /api/v1/BLDG1
2024-03-06T10:03:07.990Z - GET /api/v1/temp30
2024-03-06T10:03:08.050Z - GET /api/v1/monitor
2024-03-06T10:05:07.453Z - GET /api/v1/monitor
2024-03-06T10:05:07.473Z - GET /api/v1/monitor2
2024-03-06T10:05:07.477Z - GET /api/v1/HYI
2024-03-06T10:05:07.482Z - GET /api/v1/temp30
2024-03-06T10:05:07.487Z - GET /api/v1/BLDG1
2024-03-06T10:05:07.861Z - GET /api/v1/HYI
2024-03-06T10:05:07.870Z - GET /api/v1/BLDG1
2024-03-06T10:05:07.956Z - GET /api/v1/monitor2
2024-03-06T10:05:08.017Z - GET /api/v1/monitor
2024-03-06T10:05:08.187Z - GET /api/v1/temp30
2024-03-06T10:07:07.602Z - GET /api/v1/monitor
2024-03-06T10:07:07.613Z - GET /api/v1/monitor2
2024-03-06T10:07:07.619Z - GET /api/v1/HYI
2024-03-06T10:07:07.624Z - GET /api/v1/temp30
2024-03-06T10:07:07.632Z - GET /api/v1/BLDG1
2024-03-06T10:07:08.000Z - GET /api/v1/monitor2
2024-03-06T10:07:08.048Z - GET /api/v1/BLDG1
2024-03-06T10:07:08.055Z - GET /api/v1/HYI
2024-03-06T10:07:08.070Z - GET /api/v1/monitor
2024-03-06T10:07:08.191Z - GET /api/v1/temp30
2024-03-06T10:09:07.720Z - GET /api/v1/monitor
2024-03-06T10:09:07.726Z - GET /api/v1/monitor2
2024-03-06T10:09:07.747Z - GET /api/v1/HYI
2024-03-06T10:09:07.754Z - GET /api/v1/temp30
2024-03-06T10:09:07.757Z - GET /api/v1/BLDG1
2024-03-06T10:09:08.128Z - GET /api/v1/monitor2
2024-03-06T10:09:08.169Z - GET /api/v1/HYI
2024-03-06T10:09:08.179Z - GET /api/v1/BLDG1
2024-03-06T10:09:08.194Z - GET /api/v1/monitor
2024-03-06T10:09:08.352Z - GET /api/v1/temp30
2024-03-06T10:11:07.852Z - GET /api/v1/monitor
2024-03-06T10:11:07.865Z - GET /api/v1/monitor2
2024-03-06T10:11:07.874Z - GET /api/v1/HYI
2024-03-06T10:11:07.887Z - GET /api/v1/temp30
2024-03-06T10:11:07.893Z - GET /api/v1/BLDG1
2024-03-06T10:11:08.191Z - GET /api/v1/monitor2
2024-03-06T10:11:08.263Z - GET /api/v1/HYI
2024-03-06T10:11:08.286Z - GET /api/v1/BLDG1
2024-03-06T10:11:08.469Z - GET /api/v1/monitor
2024-03-06T10:11:08.538Z - GET /api/v1/temp30
