2024-03-27T02:20:21.061Z - GET /api/v1/monitor
2024-03-27T02:20:21.068Z - GET /api/v1/monitor2
2024-03-27T02:22:48.956Z - GET /api/v1/monitor
2024-03-27T02:22:48.997Z - GET /api/v1/monitor2
2024-03-27T02:22:49.002Z - GET /api/v1/HYI
2024-03-27T02:22:49.007Z - GET /api/v1/temp30
2024-03-27T02:22:49.011Z - GET /api/v1/BLDG1
2024-03-27T02:22:49.419Z - GET /api/v1/monitor2
2024-03-27T02:22:49.445Z - GET /api/v1/HYI
2024-03-27T02:22:49.451Z - GET /api/v1/BLDG1
2024-03-27T02:22:49.520Z - GET /api/v1/temp30
2024-03-27T02:22:49.855Z - GET /api/v1/monitor
2024-03-27T02:24:49.477Z - GET /api/v1/monitor
2024-03-27T02:24:49.497Z - GET /api/v1/temp30
2024-03-27T02:24:49.503Z - GET /api/v1/HYI
2024-03-27T02:24:49.510Z - GET /api/v1/monitor2
2024-03-27T02:24:49.513Z - GET /api/v1/BLDG1
2024-03-27T02:24:49.852Z - GET /api/v1/monitor2
2024-03-27T02:24:49.895Z - GET /api/v1/HYI
2024-03-27T02:24:49.917Z - GET /api/v1/BLDG1
2024-03-27T02:24:50.039Z - GET /api/v1/monitor
2024-03-27T02:25:08.085Z - GET /api/v1/monitor
2024-03-27T02:25:09.479Z - GET /api/v1/temp30
2024-03-27T02:25:55.460Z - GET /api/v1/monitor
2024-03-27T02:25:55.466Z - GET /api/v1/monitor2
2024-03-27T02:25:55.474Z - GET /api/v1/HYI
2024-03-27T02:25:55.477Z - GET /api/v1/temp30
2024-03-27T02:25:55.481Z - GET /api/v1/BLDG1
2024-03-27T02:25:55.805Z - GET /api/v1/monitor2
2024-03-27T02:25:55.876Z - GET /api/v1/BLDG1
2024-03-27T02:25:55.889Z - GET /api/v1/HYI
2024-03-27T02:25:56.073Z - GET /api/v1/monitor
2024-03-27T02:25:57.164Z - GET /api/v1/temp30
2024-03-27T02:26:28.288Z - GET /api/v1/monitor
2024-03-27T02:26:28.294Z - GET /api/v1/monitor2
2024-03-27T02:26:28.299Z - GET /api/v1/HYI
2024-03-27T02:26:28.308Z - GET /api/v1/temp30
2024-03-27T02:26:28.311Z - GET /api/v1/BLDG1
2024-03-27T02:26:28.688Z - GET /api/v1/monitor2
2024-03-27T02:26:28.722Z - GET /api/v1/HYI
2024-03-27T02:26:28.749Z - GET /api/v1/BLDG1
2024-03-27T02:26:28.982Z - GET /api/v1/monitor
2024-03-27T02:26:34.482Z - GET /api/v1/monitor
2024-03-27T02:26:34.490Z - GET /api/v1/monitor2
2024-03-27T02:26:34.495Z - GET /api/v1/temp30
2024-03-27T02:26:34.499Z - GET /api/v1/HYI
2024-03-27T02:26:34.504Z - GET /api/v1/BLDG1
2024-03-27T02:26:34.870Z - GET /api/v1/monitor2
2024-03-27T02:26:34.915Z - GET /api/v1/HYI
2024-03-27T02:26:34.932Z - GET /api/v1/BLDG1
2024-03-27T02:26:35.100Z - GET /api/v1/temp30
2024-03-27T02:26:35.195Z - GET /api/v1/monitor
2024-03-27T02:27:24.397Z - GET /api/v1/temp30
2024-03-27T02:27:26.714Z - GET /api/v1/monitor
2024-03-27T02:27:26.720Z - GET /api/v1/monitor2
2024-03-27T02:27:26.740Z - GET /api/v1/HYI
2024-03-27T02:27:26.744Z - GET /api/v1/temp30
2024-03-27T02:27:26.749Z - GET /api/v1/BLDG1
2024-03-27T02:27:27.087Z - GET /api/v1/monitor2
2024-03-27T02:27:27.111Z - GET /api/v1/HYI
2024-03-27T02:27:27.140Z - GET /api/v1/BLDG1
2024-03-27T02:27:27.308Z - GET /api/v1/monitor
2024-03-27T02:27:27.388Z - GET /api/v1/temp30
2024-03-27T02:29:27.150Z - GET /api/v1/monitor
2024-03-27T02:29:27.155Z - GET /api/v1/monitor2
2024-03-27T02:29:27.160Z - GET /api/v1/HYI
2024-03-27T02:29:27.190Z - GET /api/v1/BLDG1
2024-03-27T02:29:27.195Z - GET /api/v1/temp30
2024-03-27T02:29:27.563Z - GET /api/v1/monitor2
2024-03-27T02:29:27.567Z - GET /api/v1/HYI
2024-03-27T02:29:27.585Z - GET /api/v1/BLDG1
2024-03-27T02:29:27.808Z - GET /api/v1/monitor
2024-03-27T02:29:27.873Z - GET /api/v1/temp30
2024-03-27T02:31:28.763Z - GET /api/v1/monitor
2024-03-27T02:31:28.785Z - GET /api/v1/monitor2
2024-03-27T02:31:28.790Z - GET /api/v1/HYI
2024-03-27T02:31:28.793Z - GET /api/v1/temp30
2024-03-27T02:31:28.798Z - GET /api/v1/BLDG1
2024-03-27T02:31:29.109Z - GET /api/v1/monitor2
2024-03-27T02:31:29.174Z - GET /api/v1/HYI
2024-03-27T02:31:29.189Z - GET /api/v1/BLDG1
2024-03-27T02:31:29.300Z - GET /api/v1/monitor
2024-03-27T02:31:29.506Z - GET /api/v1/temp30
2024-03-27T02:31:49.427Z - GET /api/v1/monitor
2024-03-27T02:32:22.537Z - GET /api/v1/monitor
2024-03-27T02:32:26.053Z - GET /api/v1/monitor
2024-03-27T02:32:26.059Z - GET /api/v1/monitor2
2024-03-27T02:32:26.067Z - GET /api/v1/HYI
2024-03-27T02:32:26.071Z - GET /api/v1/temp30
2024-03-27T02:32:26.075Z - GET /api/v1/BLDG1
2024-03-27T02:32:26.467Z - GET /api/v1/HYI
2024-03-27T02:32:26.478Z - GET /api/v1/BLDG1
2024-03-27T02:32:26.540Z - GET /api/v1/monitor2
2024-03-27T02:32:26.705Z - GET /api/v1/temp30
2024-03-27T02:32:26.816Z - GET /api/v1/monitor
2024-03-27T02:34:27.051Z - GET /api/v1/monitor
2024-03-27T02:34:27.067Z - GET /api/v1/monitor2
2024-03-27T02:34:27.073Z - GET /api/v1/HYI
2024-03-27T02:34:27.078Z - GET /api/v1/temp30
2024-03-27T02:34:27.088Z - GET /api/v1/BLDG1
2024-03-27T02:34:27.454Z - GET /api/v1/monitor2
2024-03-27T02:34:27.472Z - GET /api/v1/BLDG1
2024-03-27T02:34:27.545Z - GET /api/v1/temp30
2024-03-27T02:34:27.597Z - GET /api/v1/HYI
2024-03-27T02:34:27.761Z - GET /api/v1/monitor
2024-03-27T02:36:28.223Z - GET /api/v1/monitor
2024-03-27T02:36:28.240Z - GET /api/v1/monitor2
2024-03-27T02:36:28.245Z - GET /api/v1/HYI
2024-03-27T02:36:28.248Z - GET /api/v1/temp30
2024-03-27T02:36:28.252Z - GET /api/v1/BLDG1
2024-03-27T02:36:28.604Z - GET /api/v1/monitor2
2024-03-27T02:36:28.637Z - GET /api/v1/HYI
2024-03-27T02:36:28.680Z - GET /api/v1/monitor
2024-03-27T02:36:28.727Z - GET /api/v1/temp30
2024-03-27T02:36:28.748Z - GET /api/v1/temp30
2024-03-27T02:36:28.781Z - GET /api/v1/BLDG1
2024-03-27T02:38:00.325Z - GET /api/v1/monitor2
2024-03-27T02:38:00.334Z - GET /api/v1/HYI
2024-03-27T02:38:00.374Z - GET /api/v1/temp30
2024-03-27T02:38:28.622Z - GET /api/v1/monitor
2024-03-27T02:38:28.628Z - GET /api/v1/monitor2
2024-03-27T02:38:28.652Z - GET /api/v1/HYI
2024-03-27T02:38:28.658Z - GET /api/v1/temp30
2024-03-27T02:38:28.663Z - GET /api/v1/BLDG1
2024-03-27T02:38:28.985Z - GET /api/v1/monitor2
2024-03-27T02:38:29.033Z - GET /api/v1/HYI
2024-03-27T02:38:29.046Z - GET /api/v1/BLDG1
2024-03-27T02:38:29.257Z - GET /api/v1/temp30
2024-03-27T02:38:30.310Z - GET /api/v1/monitor
2024-03-27T02:40:30.007Z - GET /api/v1/monitor
2024-03-27T02:40:30.014Z - GET /api/v1/monitor2
2024-03-27T02:40:30.018Z - GET /api/v1/HYI
2024-03-27T02:40:30.028Z - GET /api/v1/temp30
2024-03-27T02:40:30.058Z - GET /api/v1/BLDG1
2024-03-27T02:40:30.455Z - GET /api/v1/HYI
2024-03-27T02:40:30.482Z - GET /api/v1/BLDG1
2024-03-27T02:40:30.512Z - GET /api/v1/monitor2
2024-03-27T02:40:30.633Z - GET /api/v1/monitor
2024-03-27T02:40:32.324Z - GET /api/v1/monitor2
2024-03-27T02:40:32.328Z - GET /api/v1/HYI
2024-03-27T02:40:50.029Z - GET /api/v1/temp30
2024-03-27T02:40:51.126Z - GET /api/v1/temp30
2024-03-27T02:42:31.078Z - GET /api/v1/monitor
2024-03-27T02:42:31.083Z - GET /api/v1/monitor2
2024-03-27T02:42:31.087Z - GET /api/v1/HYI
2024-03-27T02:42:31.091Z - GET /api/v1/temp30
2024-03-27T02:42:31.109Z - GET /api/v1/BLDG1
2024-03-27T02:42:31.489Z - GET /api/v1/monitor2
2024-03-27T02:42:31.531Z - GET /api/v1/BLDG1
2024-03-27T02:42:31.547Z - GET /api/v1/HYI
2024-03-27T02:42:31.563Z - GET /api/v1/temp30
2024-03-27T02:42:31.653Z - GET /api/v1/monitor
2024-03-27T02:44:13.923Z - GET /api/v1/temp30
2024-03-27T02:44:32.033Z - GET /api/v1/monitor
2024-03-27T02:44:32.054Z - GET /api/v1/monitor2
2024-03-27T02:44:32.059Z - GET /api/v1/HYI
2024-03-27T02:44:32.084Z - GET /api/v1/BLDG1
2024-03-27T02:44:32.087Z - GET /api/v1/temp30
2024-03-27T02:44:32.455Z - GET /api/v1/HYI
2024-03-27T02:44:32.465Z - GET /api/v1/monitor2
2024-03-27T02:44:32.479Z - GET /api/v1/BLDG1
2024-03-27T02:44:32.499Z - GET /api/v1/monitor
2024-03-27T02:44:32.696Z - GET /api/v1/temp30
2024-03-27T02:44:52.162Z - GET /api/v1/temp30
2024-03-27T02:44:52.937Z - GET /api/v1/temp30
2024-03-27T02:44:56.273Z - GET /api/v1/monitor
2024-03-27T02:44:56.278Z - GET /api/v1/monitor2
2024-03-27T02:44:56.299Z - GET /api/v1/HYI
2024-03-27T02:44:56.303Z - GET /api/v1/temp30
2024-03-27T02:44:56.309Z - GET /api/v1/BLDG1
2024-03-27T02:44:56.700Z - GET /api/v1/BLDG1
2024-03-27T02:44:56.744Z - GET /api/v1/HYI
2024-03-27T02:44:58.167Z - GET /api/v1/temp30
2024-03-27T02:44:58.468Z - GET /api/v1/monitor2
2024-03-27T02:44:58.589Z - GET /api/v1/monitor
2024-03-27T02:46:00.569Z - GET /api/v1/temp30
2024-03-27T02:46:56.668Z - GET /api/v1/monitor
2024-03-27T02:46:56.673Z - GET /api/v1/monitor2
2024-03-27T02:46:56.706Z - GET /api/v1/HYI
2024-03-27T02:46:56.710Z - GET /api/v1/temp30
2024-03-27T02:46:56.713Z - GET /api/v1/BLDG1
2024-03-27T02:46:57.085Z - GET /api/v1/HYI
2024-03-27T02:46:57.112Z - GET /api/v1/monitor2
2024-03-27T02:46:57.122Z - GET /api/v1/BLDG1
2024-03-27T02:46:57.159Z - GET /api/v1/temp30
2024-03-27T02:46:57.188Z - GET /api/v1/monitor
2024-03-27T02:47:58.129Z - GET /api/v1/monitor
2024-03-27T02:47:58.170Z - GET /api/v1/monitor2
2024-03-27T02:47:58.174Z - GET /api/v1/HYI
2024-03-27T02:47:58.179Z - GET /api/v1/temp30
2024-03-27T02:47:58.183Z - GET /api/v1/BLDG1
2024-03-27T02:47:58.554Z - GET /api/v1/monitor2
2024-03-27T02:47:58.604Z - GET /api/v1/BLDG1
2024-03-27T02:47:58.609Z - GET /api/v1/HYI
2024-03-27T02:47:58.669Z - GET /api/v1/temp30
2024-03-27T02:47:58.840Z - GET /api/v1/monitor
2024-03-27T02:48:30.124Z - GET /api/v1/monitor2
2024-03-27T02:48:30.137Z - GET /api/v1/monitor
2024-03-27T02:48:30.141Z - GET /api/v1/HYI
2024-03-27T02:48:30.145Z - GET /api/v1/temp30
2024-03-27T02:48:30.149Z - GET /api/v1/BLDG1
2024-03-27T02:48:30.538Z - GET /api/v1/monitor2
2024-03-27T02:48:30.561Z - GET /api/v1/BLDG1
2024-03-27T02:48:30.571Z - GET /api/v1/HYI
2024-03-27T02:48:30.675Z - GET /api/v1/temp30
2024-03-27T02:48:30.684Z - GET /api/v1/monitor
2024-03-27T02:49:55.568Z - GET /api/v1/monitor2
2024-03-27T02:49:55.572Z - GET /api/v1/HYI
2024-03-27T02:49:55.577Z - GET /api/v1/temp30
2024-03-27T02:50:30.405Z - GET /api/v1/monitor
2024-03-27T02:50:30.412Z - GET /api/v1/monitor2
2024-03-27T02:50:30.437Z - GET /api/v1/HYI
2024-03-27T02:50:30.442Z - GET /api/v1/temp30
2024-03-27T02:50:30.445Z - GET /api/v1/BLDG1
2024-03-27T02:50:30.797Z - GET /api/v1/monitor2
2024-03-27T02:50:30.847Z - GET /api/v1/BLDG1
2024-03-27T02:50:30.904Z - GET /api/v1/HYI
2024-03-27T02:50:31.000Z - GET /api/v1/temp30
2024-03-27T02:50:31.044Z - GET /api/v1/monitor
2024-03-27T02:51:03.655Z - GET /api/v1/monitor2
2024-03-27T02:51:03.663Z - GET /api/v1/HYI
2024-03-27T02:51:03.668Z - GET /api/v1/temp30
2024-03-27T02:52:30.963Z - GET /api/v1/monitor
2024-03-27T02:52:30.967Z - GET /api/v1/monitor2
2024-03-27T02:52:30.986Z - GET /api/v1/HYI
2024-03-27T02:52:30.991Z - GET /api/v1/temp30
2024-03-27T02:52:30.997Z - GET /api/v1/BLDG1
2024-03-27T02:52:31.351Z - GET /api/v1/monitor2
2024-03-27T02:52:31.398Z - GET /api/v1/HYI
2024-03-27T02:52:31.420Z - GET /api/v1/BLDG1
2024-03-27T02:52:31.799Z - GET /api/v1/monitor
2024-03-27T02:52:50.976Z - GET /api/v1/temp30
2024-03-27T02:54:31.431Z - GET /api/v1/monitor
2024-03-27T02:54:31.447Z - GET /api/v1/monitor2
2024-03-27T02:54:31.451Z - GET /api/v1/HYI
2024-03-27T02:54:31.456Z - GET /api/v1/temp30
2024-03-27T02:54:31.459Z - GET /api/v1/BLDG1
2024-03-27T02:54:31.981Z - GET /api/v1/monitor2
2024-03-27T02:54:32.092Z - GET /api/v1/BLDG1
2024-03-27T02:54:32.100Z - GET /api/v1/HYI
2024-03-27T02:54:32.200Z - GET /api/v1/monitor
2024-03-27T02:54:32.206Z - GET /api/v1/temp30
2024-03-27T02:56:31.885Z - GET /api/v1/monitor
2024-03-27T02:56:31.890Z - GET /api/v1/monitor2
2024-03-27T02:56:31.895Z - GET /api/v1/HYI
2024-03-27T02:56:31.899Z - GET /api/v1/temp30
2024-03-27T02:56:31.903Z - GET /api/v1/BLDG1
2024-03-27T02:56:32.339Z - GET /api/v1/HYI
2024-03-27T02:56:32.470Z - GET /api/v1/monitor2
2024-03-27T02:56:32.536Z - GET /api/v1/BLDG1
2024-03-27T02:56:32.558Z - GET /api/v1/monitor
2024-03-27T02:56:40.419Z - GET /api/v1/monitor2
2024-03-27T02:56:40.424Z - GET /api/v1/HYI
2024-03-27T02:56:42.368Z - GET /api/v1/monitor
2024-03-27T02:56:42.375Z - GET /api/v1/monitor2
2024-03-27T02:56:42.382Z - GET /api/v1/HYI
2024-03-27T02:56:42.388Z - GET /api/v1/temp30
2024-03-27T02:56:42.394Z - GET /api/v1/BLDG1
2024-03-27T02:56:42.748Z - GET /api/v1/monitor2
2024-03-27T02:56:42.811Z - GET /api/v1/HYI
2024-03-27T02:56:42.865Z - GET /api/v1/BLDG1
2024-03-27T02:56:42.918Z - GET /api/v1/temp30
2024-03-27T02:56:42.954Z - GET /api/v1/monitor
2024-03-27T02:57:21.182Z - GET /api/v1/monitor
2024-03-27T02:57:21.188Z - GET /api/v1/monitor2
2024-03-27T02:57:21.193Z - GET /api/v1/temp30
2024-03-27T02:57:21.198Z - GET /api/v1/HYI
2024-03-27T02:57:21.202Z - GET /api/v1/BLDG1
2024-03-27T02:57:21.561Z - GET /api/v1/monitor2
2024-03-27T02:57:21.630Z - GET /api/v1/HYI
2024-03-27T02:57:21.641Z - GET /api/v1/BLDG1
2024-03-27T02:57:21.748Z - GET /api/v1/monitor
2024-03-27T02:57:24.470Z - GET /api/v1/monitor
2024-03-27T02:57:24.485Z - GET /api/v1/monitor2
2024-03-27T02:57:24.489Z - GET /api/v1/temp30
2024-03-27T02:57:24.495Z - GET /api/v1/HYI
2024-03-27T02:57:24.500Z - GET /api/v1/BLDG1
2024-03-27T02:57:24.875Z - GET /api/v1/monitor2
2024-03-27T02:57:24.933Z - GET /api/v1/BLDG1
2024-03-27T02:57:24.942Z - GET /api/v1/HYI
2024-03-27T02:57:24.985Z - GET /api/v1/temp30
2024-03-27T02:57:25.149Z - GET /api/v1/monitor
2024-03-27T02:58:04.919Z - GET /api/v1/monitor2
2024-03-27T02:58:04.925Z - GET /api/v1/HYI
2024-03-27T02:58:04.937Z - GET /api/v1/temp30
2024-03-27T02:59:27.165Z - GET /api/v1/temp30
2024-03-27T02:59:27.323Z - GET /api/v1/monitor
2024-03-27T02:59:27.329Z - GET /api/v1/monitor2
2024-03-27T02:59:27.337Z - GET /api/v1/HYI
2024-03-27T02:59:27.343Z - GET /api/v1/temp30
2024-03-27T02:59:27.349Z - GET /api/v1/BLDG1
2024-03-27T02:59:27.819Z - GET /api/v1/monitor2
2024-03-27T02:59:27.842Z - GET /api/v1/HYI
2024-03-27T02:59:27.904Z - GET /api/v1/BLDG1
2024-03-27T02:59:27.916Z - GET /api/v1/monitor
2024-03-27T02:59:36.453Z - GET /api/v1/temp30
2024-03-27T03:00:03.319Z - GET /api/v1/monitor2
2024-03-27T03:00:03.324Z - GET /api/v1/HYI
2024-03-27T03:00:03.328Z - GET /api/v1/temp30
2024-03-27T03:00:29.330Z - GET /api/v1/monitor2
2024-03-27T03:00:29.334Z - GET /api/v1/HYI
2024-03-27T03:00:29.342Z - GET /api/v1/temp30
2024-03-27T03:01:28.242Z - GET /api/v1/monitor
2024-03-27T03:01:28.248Z - GET /api/v1/BLDG1
2024-03-27T03:01:28.255Z - GET /api/v1/temp30
2024-03-27T03:01:28.258Z - GET /api/v1/HYI
2024-03-27T03:01:28.262Z - GET /api/v1/monitor2
2024-03-27T03:01:28.884Z - GET /api/v1/monitor2
2024-03-27T03:01:28.890Z - GET /api/v1/BLDG1
2024-03-27T03:01:28.937Z - GET /api/v1/HYI
2024-03-27T03:01:29.865Z - GET /api/v1/monitor
2024-03-27T03:01:35.380Z - GET /api/v1/temp30
2024-03-27T03:01:49.133Z - GET /api/v1/monitor2
2024-03-27T03:01:49.141Z - GET /api/v1/HYI
2024-03-27T03:01:49.148Z - GET /api/v1/temp30
2024-03-27T03:02:32.395Z - GET /api/v1/monitor2
2024-03-27T03:02:32.401Z - GET /api/v1/HYI
2024-03-27T03:02:32.405Z - GET /api/v1/temp30
2024-03-27T03:03:28.469Z - GET /api/v1/monitor
2024-03-27T03:03:28.475Z - GET /api/v1/monitor2
2024-03-27T03:03:28.481Z - GET /api/v1/HYI
2024-03-27T03:03:28.487Z - GET /api/v1/temp30
2024-03-27T03:03:28.493Z - GET /api/v1/BLDG1
2024-03-27T03:03:28.925Z - GET /api/v1/monitor2
2024-03-27T03:03:28.971Z - GET /api/v1/HYI
2024-03-27T03:03:29.029Z - GET /api/v1/BLDG1
2024-03-27T03:03:29.073Z - GET /api/v1/monitor
2024-03-27T03:03:48.483Z - GET /api/v1/temp30
2024-03-27T03:05:29.297Z - GET /api/v1/monitor
2024-03-27T03:05:29.342Z - GET /api/v1/monitor2
2024-03-27T03:05:29.348Z - GET /api/v1/HYI
2024-03-27T03:05:29.352Z - GET /api/v1/temp30
2024-03-27T03:05:29.357Z - GET /api/v1/BLDG1
2024-03-27T03:05:29.693Z - GET /api/v1/monitor2
2024-03-27T03:05:29.761Z - GET /api/v1/HYI
2024-03-27T03:05:29.770Z - GET /api/v1/BLDG1
2024-03-27T03:05:29.842Z - GET /api/v1/temp30
2024-03-27T03:05:30.174Z - GET /api/v1/monitor
2024-03-27T03:07:22.180Z - GET /api/v1/monitor2
2024-03-27T03:07:22.207Z - GET /api/v1/HYI
2024-03-27T03:07:22.213Z - GET /api/v1/temp30
2024-03-27T03:07:29.353Z - GET /api/v1/monitor
2024-03-27T03:07:29.369Z - GET /api/v1/monitor2
2024-03-27T03:07:29.374Z - GET /api/v1/HYI
2024-03-27T03:07:29.378Z - GET /api/v1/temp30
2024-03-27T03:07:29.382Z - GET /api/v1/BLDG1
2024-03-27T03:07:29.792Z - GET /api/v1/monitor2
2024-03-27T03:07:29.846Z - GET /api/v1/HYI
2024-03-27T03:07:29.902Z - GET /api/v1/BLDG1
2024-03-27T03:07:29.918Z - GET /api/v1/monitor
2024-03-27T03:07:30.136Z - GET /api/v1/temp30
2024-03-27T03:07:31.046Z - GET /api/v1/monitor2
2024-03-27T03:07:31.049Z - GET /api/v1/HYI
2024-03-27T03:07:31.053Z - GET /api/v1/temp30
2024-03-27T03:09:32.137Z - GET /
2024-03-27T03:09:32.208Z - GET /static/js/main.e14d5898.js
2024-03-27T03:09:32.212Z - GET /static/css/main.85adaef5.css
2024-03-27T03:09:32.362Z - GET /api/v1/monitor
2024-03-27T03:09:32.367Z - GET /api/v1/monitor2
2024-03-27T03:09:32.371Z - GET /api/v1/HYI
2024-03-27T03:09:32.374Z - GET /api/v1/temp30
2024-03-27T03:09:32.378Z - GET /api/v1/BLDG1
2024-03-27T03:09:32.960Z - GET /manifest.json
2024-03-27T03:09:32.989Z - GET /favicon.ico
2024-03-27T03:09:32.996Z - GET /logo192.png
2024-03-27T03:09:34.747Z - GET /
2024-03-27T03:09:34.765Z - GET /static/js/main.e14d5898.js
2024-03-27T03:09:34.770Z - GET /static/css/main.85adaef5.css
2024-03-27T03:09:34.789Z - GET /api/v1/monitor
2024-03-27T03:09:34.794Z - GET /api/v1/monitor2
2024-03-27T03:09:34.801Z - GET /api/v1/HYI
2024-03-27T03:09:34.807Z - GET /api/v1/temp30
2024-03-27T03:09:34.814Z - GET /api/v1/BLDG1
2024-03-27T03:09:34.859Z - GET /favicon.ico
2024-03-27T03:09:34.871Z - GET /manifest.json
2024-03-27T03:09:34.879Z - GET /logo192.png
2024-03-27T03:09:36.556Z - GET /
2024-03-27T03:09:36.574Z - GET /static/js/main.e14d5898.js
2024-03-27T03:09:36.578Z - GET /static/css/main.85adaef5.css
2024-03-27T03:09:36.597Z - GET /api/v1/monitor
2024-03-27T03:09:36.601Z - GET /api/v1/temp30
2024-03-27T03:09:36.607Z - GET /api/v1/monitor2
2024-03-27T03:09:36.625Z - GET /api/v1/HYI
2024-03-27T03:09:36.632Z - GET /api/v1/BLDG1
2024-03-27T03:09:36.650Z - GET /favicon.ico
2024-03-27T03:09:36.657Z - GET /manifest.json
2024-03-27T03:09:36.667Z - GET /logo192.png
2024-03-27T03:09:38.202Z - GET /
2024-03-27T03:09:38.221Z - GET /static/js/main.e14d5898.js
2024-03-27T03:09:38.226Z - GET /static/css/main.85adaef5.css
2024-03-27T03:09:38.245Z - GET /api/v1/monitor
2024-03-27T03:09:38.250Z - GET /api/v1/monitor2
2024-03-27T03:09:38.255Z - GET /api/v1/temp30
2024-03-27T03:09:38.260Z - GET /api/v1/HYI
2024-03-27T03:09:38.266Z - GET /api/v1/BLDG1
2024-03-27T03:09:38.302Z - GET /favicon.ico
2024-03-27T03:09:38.308Z - GET /manifest.json
2024-03-27T03:09:38.318Z - GET /logo192.png
2024-03-27T03:09:49.049Z - GET /
2024-03-27T03:09:49.068Z - GET /static/js/main.e14d5898.js
2024-03-27T03:09:49.078Z - GET /static/css/main.85adaef5.css
2024-03-27T03:09:49.096Z - GET /api/v1/monitor
2024-03-27T03:09:49.100Z - GET /api/v1/monitor2
2024-03-27T03:09:49.127Z - GET /api/v1/temp30
2024-03-27T03:09:49.132Z - GET /api/v1/HYI
2024-03-27T03:09:49.139Z - GET /api/v1/BLDG1
2024-03-27T03:09:49.161Z - GET /manifest.json
2024-03-27T03:09:49.166Z - GET /favicon.ico
2024-03-27T03:09:49.174Z - GET /logo192.png
