2024-03-11T02:54:30.990Z - GET /api/v1/monitor
2024-03-11T02:55:04.491Z - GET /api/v1/monitor
2024-03-11T02:58:42.493Z - GET /api/v1/monitor
2024-03-11T02:58:57.043Z - GET /api/v1/monitor2
2024-03-11T02:59:03.903Z - GET /api/v1/HYI
2024-03-11T02:59:03.908Z - GET /api/v1/monitor2
2024-03-11T02:59:10.890Z - GET /api/v1/temp30
2024-03-11T02:59:10.902Z - GET /api/v1/monitor2
2024-03-11T02:59:10.912Z - GET /api/v1/HYI
2024-03-11T02:59:24.961Z - GET /api/v1/BLDG1
2024-03-11T03:00:28.981Z - GET /
2024-03-11T03:00:29.010Z - GET /assets/index-B-V_L3fI.js
2024-03-11T03:00:29.017Z - GET /assets/index-Ugfg4q-L.css
2024-03-11T03:00:29.058Z - GET /api/v1/monitor
2024-03-11T03:00:29.062Z - GET /api/v1/monitor2
2024-03-11T03:00:29.077Z - GET /api/v1/HYI
2024-03-11T03:00:29.082Z - GET /api/v1/temp30
2024-03-11T03:00:29.087Z - GET /api/v1/BLDG1
2024-03-11T03:00:29.091Z - GET /assets/jastel-CzcfOkAB.jpg
2024-03-11T03:00:29.157Z - GET /vite.svg
2024-03-11T03:02:38.305Z - GET /api/v1/monitor2
2024-03-11T03:02:38.311Z - GET /api/v1/HYI
2024-03-11T03:02:38.341Z - GET /api/v1/temp30
2024-03-11T03:02:38.345Z - GET /api/v1/BLDG1
2024-03-11T03:02:38.673Z - GET /api/v1/monitor2
2024-03-11T03:02:38.722Z - GET /api/v1/HYI
2024-03-11T03:02:38.735Z - GET /api/v1/BLDG1
2024-03-11T03:02:38.877Z - GET /api/v1/temp30
2024-03-11T03:02:47.408Z - GET /api/v1/monitor2
2024-03-11T03:02:47.424Z - GET /api/v1/temp30
2024-03-11T03:02:47.428Z - GET /api/v1/HYI
2024-03-11T03:02:47.447Z - GET /api/v1/BLDG1
2024-03-11T03:02:47.739Z - GET /api/v1/monitor2
2024-03-11T03:02:47.804Z - GET /api/v1/HYI
2024-03-11T03:02:47.823Z - GET /api/v1/BLDG1
2024-03-11T03:03:06.882Z - GET /api/v1/monitor
2024-03-11T03:03:07.417Z - GET /api/v1/temp30
2024-03-11T03:03:08.814Z - GET /api/v1/monitor
2024-03-11T03:03:08.822Z - GET /api/v1/monitor2
2024-03-11T03:03:08.827Z - GET /api/v1/HYI
2024-03-11T03:03:08.832Z - GET /api/v1/temp30
2024-03-11T03:03:08.838Z - GET /api/v1/BLDG1
2024-03-11T03:03:09.176Z - GET /api/v1/monitor2
2024-03-11T03:03:09.235Z - GET /api/v1/BLDG1
2024-03-11T03:03:09.247Z - GET /api/v1/HYI
2024-03-11T03:03:09.372Z - GET /api/v1/temp30
2024-03-11T03:03:09.447Z - GET /api/v1/monitor
2024-03-11T03:03:25.810Z - GET /
2024-03-11T03:03:25.840Z - GET /assets/index-D74FeWr5.js
2024-03-11T03:03:25.848Z - GET /assets/index-Ugfg4q-L.css
2024-03-11T03:03:25.894Z - GET /assets/jastel-CzcfOkAB.jpg
2024-03-11T03:03:25.903Z - GET /api/v1/monitor
2024-03-11T03:03:25.917Z - GET /api/v1/monitor2
2024-03-11T03:03:25.921Z - GET /api/v1/HYI
2024-03-11T03:03:25.927Z - GET /api/v1/BLDG1
2024-03-11T03:03:25.996Z - GET /api/v1/temp30
2024-03-11T03:03:26.005Z - GET /vite.svg
2024-03-11T03:03:34.233Z - GET /
2024-03-11T03:03:34.256Z - GET /assets/index-D74FeWr5.js
2024-03-11T03:03:34.268Z - GET /assets/index-Ugfg4q-L.css
2024-03-11T03:03:34.289Z - GET /assets/jastel-CzcfOkAB.jpg
2024-03-11T03:03:34.296Z - GET /api/v1/monitor
2024-03-11T03:03:34.304Z - GET /api/v1/monitor2
2024-03-11T03:03:34.309Z - GET /api/v1/HYI
2024-03-11T03:03:34.316Z - GET /api/v1/temp30
2024-03-11T03:03:34.321Z - GET /api/v1/BLDG1
2024-03-11T03:03:34.370Z - GET /vite.svg
2024-03-11T03:05:34.381Z - GET /
2024-03-11T03:05:34.387Z - GET /
2024-03-11T03:05:34.391Z - GET /
2024-03-11T03:05:34.418Z - GET /assets/index-D74FeWr5.js
2024-03-11T03:05:34.428Z - GET /assets/index-Ugfg4q-L.css
2024-03-11T03:05:34.474Z - GET /assets/jastel-CzcfOkAB.jpg
2024-03-11T03:05:34.480Z - GET /api/v1/monitor
2024-03-11T03:05:34.504Z - GET /api/v1/monitor2
2024-03-11T03:05:34.509Z - GET /api/v1/HYI
2024-03-11T03:05:34.515Z - GET /api/v1/temp30
2024-03-11T03:05:34.521Z - GET /api/v1/BLDG1
2024-03-11T03:05:34.629Z - GET /vite.svg
2024-03-11T03:07:35.375Z - GET /
2024-03-11T03:07:35.381Z - GET /
2024-03-11T03:07:35.387Z - GET /
2024-03-11T03:07:35.408Z - GET /assets/index-D74FeWr5.js
2024-03-11T03:07:35.414Z - GET /assets/index-Ugfg4q-L.css
2024-03-11T03:07:35.449Z - GET /assets/jastel-CzcfOkAB.jpg
2024-03-11T03:07:35.453Z - GET /api/v1/monitor
2024-03-11T03:07:35.469Z - GET /api/v1/monitor2
2024-03-11T03:07:35.472Z - GET /api/v1/HYI
2024-03-11T03:07:35.477Z - GET /api/v1/temp30
2024-03-11T03:07:35.481Z - GET /api/v1/BLDG1
2024-03-11T03:07:35.594Z - GET /vite.svg
2024-03-11T03:07:57.607Z - GET /api/v1/monitor
2024-03-11T03:08:52.815Z - GET /api/v1/monitor
2024-03-11T03:09:36.395Z - GET /
2024-03-11T03:09:36.402Z - GET /
2024-03-11T03:09:36.408Z - GET /
2024-03-11T03:09:36.435Z - GET /assets/index-D74FeWr5.js
2024-03-11T03:09:36.443Z - GET /assets/index-Ugfg4q-L.css
2024-03-11T03:09:36.491Z - GET /assets/jastel-CzcfOkAB.jpg
2024-03-11T03:09:36.498Z - GET /api/v1/monitor
2024-03-11T03:09:36.520Z - GET /api/v1/monitor2
2024-03-11T03:09:36.526Z - GET /api/v1/HYI
2024-03-11T03:09:36.532Z - GET /api/v1/temp30
2024-03-11T03:09:36.536Z - GET /api/v1/BLDG1
2024-03-11T03:09:36.615Z - GET /vite.svg
2024-03-11T03:09:49.496Z - GET /api/v1/monitor
2024-03-11T03:11:07.715Z - GET /api/v1/monitor
2024-03-11T03:11:37.386Z - GET /
2024-03-11T03:11:37.394Z - GET /
2024-03-11T03:11:37.401Z - GET /
2024-03-11T03:11:37.415Z - GET /assets/index-D74FeWr5.js
2024-03-11T03:11:37.424Z - GET /assets/index-Ugfg4q-L.css
2024-03-11T03:11:37.476Z - GET /assets/jastel-CzcfOkAB.jpg
2024-03-11T03:11:37.484Z - GET /api/v1/monitor
2024-03-11T03:11:37.496Z - GET /api/v1/monitor2
2024-03-11T03:11:37.504Z - GET /api/v1/HYI
2024-03-11T03:11:37.510Z - GET /api/v1/temp30
2024-03-11T03:11:37.515Z - GET /api/v1/BLDG1
2024-03-11T03:11:37.655Z - GET /vite.svg
2024-03-11T03:13:38.371Z - GET /
2024-03-11T03:13:38.377Z - GET /
2024-03-11T03:13:38.398Z - GET /assets/index-D74FeWr5.js
2024-03-11T03:13:38.403Z - GET /assets/index-Ugfg4q-L.css
2024-03-11T03:13:38.446Z - GET /assets/jastel-CzcfOkAB.jpg
2024-03-11T03:13:38.451Z - GET /api/v1/monitor
2024-03-11T03:13:38.465Z - GET /api/v1/monitor2
2024-03-11T03:13:38.469Z - GET /api/v1/HYI
2024-03-11T03:13:38.473Z - GET /api/v1/temp30
2024-03-11T03:13:38.477Z - GET /api/v1/BLDG1
2024-03-11T03:13:38.557Z - GET /vite.svg
2024-03-11T03:14:03.062Z - GET /
2024-03-11T03:14:03.079Z - GET /assets/index-D74FeWr5.js
2024-03-11T03:14:03.085Z - GET /assets/index-Ugfg4q-L.css
2024-03-11T03:14:03.101Z - GET /assets/jastel-CzcfOkAB.jpg
2024-03-11T03:14:03.107Z - GET /api/v1/monitor
2024-03-11T03:14:03.112Z - GET /api/v1/monitor2
2024-03-11T03:14:03.116Z - GET /api/v1/HYI
2024-03-11T03:14:03.121Z - GET /api/v1/temp30
2024-03-11T03:14:03.126Z - GET /api/v1/BLDG1
2024-03-11T03:14:03.178Z - GET /vite.svg
2024-03-11T03:16:03.385Z - GET /
2024-03-11T03:16:03.395Z - GET /
2024-03-11T03:16:03.404Z - GET /
2024-03-11T03:16:03.423Z - GET /assets/index-D74FeWr5.js
2024-03-11T03:16:03.430Z - GET /assets/index-Ugfg4q-L.css
2024-03-11T03:16:03.472Z - GET /assets/jastel-CzcfOkAB.jpg
2024-03-11T03:16:03.481Z - GET /api/v1/monitor
2024-03-11T03:16:03.487Z - GET /api/v1/monitor2
2024-03-11T03:16:03.494Z - GET /api/v1/HYI
2024-03-11T03:16:03.499Z - GET /api/v1/temp30
2024-03-11T03:16:03.504Z - GET /api/v1/BLDG1
2024-03-11T03:16:03.590Z - GET /vite.svg
2024-03-11T03:18:04.379Z - GET /
2024-03-11T03:18:04.385Z - GET /
2024-03-11T03:18:04.391Z - GET /
2024-03-11T03:18:04.410Z - GET /assets/index-D74FeWr5.js
2024-03-11T03:18:04.416Z - GET /assets/index-Ugfg4q-L.css
2024-03-11T03:18:04.464Z - GET /assets/jastel-CzcfOkAB.jpg
2024-03-11T03:18:04.470Z - GET /api/v1/monitor
2024-03-11T03:18:04.474Z - GET /api/v1/monitor2
2024-03-11T03:18:04.484Z - GET /api/v1/HYI
2024-03-11T03:18:04.489Z - GET /api/v1/temp30
2024-03-11T03:18:04.493Z - GET /api/v1/BLDG1
2024-03-11T03:18:04.648Z - GET /vite.svg
2024-03-11T03:20:05.377Z - GET /
2024-03-11T03:20:05.386Z - GET /
2024-03-11T03:20:05.395Z - GET /
2024-03-11T03:20:05.416Z - GET /assets/index-D74FeWr5.js
2024-03-11T03:20:05.424Z - GET /assets/index-Ugfg4q-L.css
2024-03-11T03:20:05.468Z - GET /assets/jastel-CzcfOkAB.jpg
2024-03-11T03:20:05.474Z - GET /api/v1/monitor
2024-03-11T03:20:05.478Z - GET /api/v1/monitor2
2024-03-11T03:20:05.494Z - GET /api/v1/HYI
2024-03-11T03:20:05.500Z - GET /api/v1/temp30
2024-03-11T03:20:05.505Z - GET /api/v1/BLDG1
2024-03-11T03:20:05.629Z - GET /vite.svg
2024-03-11T03:21:44.846Z - GET /
2024-03-11T03:21:44.868Z - GET /assets/index-D74FeWr5.js
2024-03-11T03:21:44.873Z - GET /assets/index-Ugfg4q-L.css
2024-03-11T03:21:44.893Z - GET /assets/jastel-CzcfOkAB.jpg
2024-03-11T03:21:44.900Z - GET /api/v1/monitor
2024-03-11T03:21:44.906Z - GET /api/v1/monitor2
2024-03-11T03:21:44.922Z - GET /api/v1/HYI
2024-03-11T03:21:44.928Z - GET /api/v1/temp30
2024-03-11T03:21:44.933Z - GET /api/v1/BLDG1
2024-03-11T03:21:44.993Z - GET /vite.svg
2024-03-11T03:23:45.374Z - GET /
2024-03-11T03:23:45.380Z - GET /
2024-03-11T03:23:45.386Z - GET /
2024-03-11T03:23:45.408Z - GET /assets/index-D74FeWr5.js
2024-03-11T03:23:45.418Z - GET /assets/index-Ugfg4q-L.css
2024-03-11T03:23:45.462Z - GET /assets/jastel-CzcfOkAB.jpg
2024-03-11T03:23:45.468Z - GET /api/v1/monitor
2024-03-11T03:23:45.473Z - GET /api/v1/monitor2
2024-03-11T03:23:45.477Z - GET /api/v1/HYI
2024-03-11T03:23:45.495Z - GET /api/v1/temp30
2024-03-11T03:23:45.500Z - GET /api/v1/BLDG1
2024-03-11T03:23:45.589Z - GET /vite.svg
2024-03-11T03:25:46.379Z - GET /
2024-03-11T03:25:46.388Z - GET /
2024-03-11T03:25:46.409Z - GET /assets/index-D74FeWr5.js
2024-03-11T03:25:46.416Z - GET /assets/index-Ugfg4q-L.css
2024-03-11T03:25:46.468Z - GET /assets/jastel-CzcfOkAB.jpg
2024-03-11T03:25:46.479Z - GET /api/v1/monitor
2024-03-11T03:25:46.483Z - GET /api/v1/monitor2
2024-03-11T03:25:46.488Z - GET /api/v1/HYI
2024-03-11T03:25:46.493Z - GET /api/v1/temp30
2024-03-11T03:25:46.498Z - GET /api/v1/BLDG1
2024-03-11T03:25:46.669Z - GET /vite.svg
2024-03-11T03:27:47.391Z - GET /
2024-03-11T03:27:47.398Z - GET /
2024-03-11T03:27:47.404Z - GET /
2024-03-11T03:27:47.423Z - GET /assets/index-D74FeWr5.js
2024-03-11T03:27:47.428Z - GET /assets/index-Ugfg4q-L.css
2024-03-11T03:27:47.467Z - GET /assets/jastel-CzcfOkAB.jpg
2024-03-11T03:27:47.473Z - GET /api/v1/monitor
2024-03-11T03:27:47.491Z - GET /api/v1/monitor2
2024-03-11T03:27:47.497Z - GET /api/v1/HYI
2024-03-11T03:27:47.502Z - GET /api/v1/temp30
2024-03-11T03:27:47.507Z - GET /api/v1/BLDG1
2024-03-11T03:27:47.586Z - GET /vite.svg
2024-03-11T03:29:28.238Z - GET /api/v1/monitor
2024-03-11T03:29:34.818Z - GET /api/v1/monitor
2024-03-11T03:29:48.377Z - GET /
2024-03-11T03:29:48.388Z - GET /
