2024-03-22T03:50:41.503Z - GET /api/v1/monitor2
2024-03-22T03:50:41.528Z - GET /api/v1/temp30
2024-03-22T03:50:41.533Z - GET /api/v1/BLDG1
2024-03-22T03:50:41.538Z - GET /api/v1/HYI
2024-03-22T03:50:41.852Z - GET /api/v1/monitor2
2024-03-22T03:50:41.910Z - GET /api/v1/HYI
2024-03-22T03:50:41.919Z - GET /api/v1/BLDG1
2024-03-22T03:50:42.138Z - GET /api/v1/temp30
2024-03-22T03:50:44.934Z - GET /api/v1/monitor
2024-03-22T03:50:44.940Z - GET /api/v1/monitor2
2024-03-22T03:50:44.947Z - GET /api/v1/HYI
2024-03-22T03:50:44.952Z - GET /api/v1/temp30
2024-03-22T03:50:44.956Z - GET /api/v1/BLDG1
2024-03-22T03:50:45.297Z - GET /api/v1/monitor2
2024-03-22T03:50:45.402Z - GET /api/v1/BLDG1
2024-03-22T03:50:45.408Z - GET /api/v1/HYI
2024-03-22T03:50:45.648Z - GET /api/v1/temp30
2024-03-22T03:50:45.679Z - GET /api/v1/monitor
2024-03-22T03:52:45.668Z - GET /api/v1/monitor
2024-03-22T03:52:45.700Z - GET /api/v1/monitor2
2024-03-22T03:52:45.706Z - GET /api/v1/HYI
2024-03-22T03:52:45.715Z - GET /api/v1/temp30
2024-03-22T03:52:45.720Z - GET /api/v1/BLDG1
2024-03-22T03:52:46.062Z - GET /api/v1/monitor2
2024-03-22T03:52:46.207Z - GET /api/v1/HYI
2024-03-22T03:52:46.226Z - GET /api/v1/BLDG1
2024-03-22T03:52:46.246Z - GET /api/v1/monitor
2024-03-22T03:52:46.285Z - GET /api/v1/temp30
