2024-02-27T01:18:49.876Z - GET /api/v1/monitor
2024-02-27T01:19:51.986Z - GET /api/v1/monitor
2024-02-27T01:19:59.378Z - GET /api/v1/monitor
2024-02-27T01:20:00.083Z - GET /api/v1/monitor
2024-02-27T01:20:16.139Z - GET /api/v1/monitor
2024-02-27T01:25:00.796Z - GET /api/v1/monitor
2024-02-27T01:26:58.801Z - GET /api/v1/monitor
2024-02-27T01:27:00.640Z - GET /api/v1/monitor
2024-02-27T01:27:01.095Z - GET /api/v1/monitor
2024-02-27T01:29:02.803Z - GET /api/v1/monitor
2024-02-27T01:31:22.063Z - GET /api/v1/monitor
2024-02-27T01:31:26.453Z - GET /api/v1/monitor
2024-02-27T01:31:31.219Z - GET /api/v1/monitor
2024-02-27T01:31:33.499Z - GET /api/v1/monitor
2024-02-27T01:31:35.126Z - GET /api/v1/monitor
2024-02-27T01:31:37.164Z - GET /api/v1/monitor
2024-02-27T01:31:38.096Z - GET /api/v1/monitor
2024-02-27T01:34:33.796Z - GET /api/v1/monitor
2024-02-27T01:36:23.787Z - GET /api/v1/monitor
2024-02-27T01:37:18.797Z - GET /api/v1/monitor
2024-02-27T01:38:21.793Z - GET /api/v1/monitor
2024-02-27T01:39:44.796Z - GET /api/v1/monitor
2024-02-27T01:43:27.792Z - GET /api/v1/monitor
2024-02-27T01:43:28.416Z - GET /api/v1/monitor
2024-02-27T01:45:03.803Z - GET /api/v1/monitor
2024-02-27T01:45:06.750Z - GET /api/v1/monitor
2024-02-27T01:45:07.493Z - GET /api/v1/monitor
2024-02-27T01:45:21.093Z - GET /api/v1/monitor
2024-02-27T01:45:31.698Z - GET /api/v1/monitor
2024-02-27T01:46:04.880Z - GET /api/v1/monitor
2024-02-27T01:47:26.125Z - GET /api/v1/monitor
2024-02-27T01:47:47.363Z - GET /api/v1/monitor
2024-02-27T01:48:19.882Z - GET /api/v1/monitor
2024-02-27T01:49:27.830Z - GET /api/v1/monitor
2024-02-27T01:50:26.794Z - GET /api/v1/monitor
2024-02-27T01:50:39.274Z - GET /api/v1/monitor
2024-02-27T01:52:07.309Z - GET /api/v1/monitor
2024-02-27T01:52:07.740Z - GET /api/v1/monitor
2024-02-27T01:54:25.815Z - GET /api/v1/monitor
2024-02-27T01:54:41.396Z - GET /api/v1/monitor
2024-02-27T01:55:55.794Z - GET /api/v1/monitor
2024-02-27T01:55:56.532Z - GET /api/v1/monitor
2024-02-27T01:55:59.729Z - GET /api/v1/monitor
2024-02-27T01:56:00.354Z - GET /api/v1/monitor
2024-02-27T01:57:32.785Z - GET /api/v1/monitor
2024-02-27T01:59:09.798Z - GET /api/v1/monitor
2024-02-27T01:59:12.570Z - GET /api/v1/monitor
2024-02-27T01:59:13.205Z - GET /api/v1/monitor
2024-02-27T01:59:44.787Z - GET /api/v1/monitor
2024-02-27T02:00:36.767Z - GET /api/v1/monitor
2024-02-27T02:00:38.136Z - GET /api/v1/monitor
2024-02-27T02:00:39.856Z - GET /api/v1/monitor
2024-02-27T02:00:40.606Z - GET /api/v1/monitor
2024-02-27T02:02:29.791Z - GET /api/v1/monitor
2024-02-27T02:02:30.533Z - GET /api/v1/monitor
2024-02-27T02:05:48.794Z - GET /api/v1/monitor
2024-02-27T02:15:00.966Z - GET /api/v1/monitor
2024-02-27T02:15:01.614Z - GET /api/v1/monitor
2024-02-27T02:21:15.943Z - GET /api/v1/monitor
2024-02-27T02:24:40.387Z - GET /api/v1/monitor
2024-02-27T02:24:40.981Z - GET /api/v1/monitor
2024-02-27T02:38:28.940Z - GET /api/v1/monitor
2024-02-27T02:38:37.096Z - GET /api/v1/monitor
2024-02-27T02:38:37.761Z - GET /api/v1/monitor
2024-02-27T02:38:57.775Z - GET /api/v1/monitor
2024-02-27T02:39:11.763Z - GET /api/v1/monitor
2024-02-27T02:39:20.422Z - GET /api/v1/monitor
2024-02-27T02:39:31.777Z - GET /api/v1/monitor
2024-02-27T02:40:06.091Z - GET /api/v1/monitor
2024-02-27T02:41:04.769Z - GET /api/v1/monitor
2024-02-27T02:42:26.743Z - GET /api/v1/monitor
2024-02-27T02:42:52.284Z - GET /api/v1/monitor
2024-02-27T02:42:52.829Z - GET /api/v1/monitor
2024-02-27T02:45:15.277Z - GET /api/v1/monitor
2024-02-27T02:45:15.884Z - GET /api/v1/monitor
2024-02-27T02:45:39.544Z - GET /api/v1/monitor
2024-02-27T02:45:40.065Z - GET /api/v1/monitor
2024-02-27T02:48:11.514Z - GET /api/v1/monitor
2024-02-27T02:48:12.075Z - GET /api/v1/monitor
2024-02-27T03:40:42.429Z - GET /api/v1/monitor
2024-02-27T03:40:43.153Z - GET /api/v1/monitor
2024-02-27T03:40:52.395Z - GET /api/v1/monitor
2024-02-27T03:40:52.994Z - GET /api/v1/monitor
2024-02-27T04:00:26.936Z - GET /api/v1/monitor
2024-02-27T04:00:27.458Z - GET /api/v1/monitor
2024-02-27T04:08:27.795Z - GET /
2024-02-27T04:08:27.861Z - GET /assets/index-DaT-_cjY.js
2024-02-27T04:08:27.872Z - GET /assets/index-DfXAF5wO.css
2024-02-27T04:08:27.916Z - GET /api/v1/monitor
2024-02-27T04:17:43.425Z - GET /
2024-02-27T04:17:50.662Z - GET /
2024-02-27T04:17:50.704Z - GET /assets/index-DaT-_cjY.js
2024-02-27T04:17:50.718Z - GET /assets/index-DfXAF5wO.css
2024-02-27T04:17:50.838Z - GET /api/v1/monitor
2024-02-27T04:17:50.908Z - GET /vite.svg
2024-02-27T04:27:26.632Z - GET /api/v1/monitor
2024-02-27T04:27:27.117Z - GET /api/v1/monitor
2024-02-27T04:30:30.279Z - GET /
2024-02-27T04:30:30.317Z - GET /assets/index-DaT-_cjY.js
2024-02-27T04:30:30.340Z - GET /assets/index-DfXAF5wO.css
2024-02-27T04:30:30.362Z - GET /api/v1/monitor
2024-02-27T04:30:30.420Z - GET /vite.svg
2024-02-27T04:44:05.272Z - GET /api/v1/monitor
2024-02-27T04:44:14.224Z - GET /api/v1/monitor
2024-02-27T04:44:15.058Z - GET /api/v1/monitor
2024-02-27T04:50:35.147Z - GET /api/v1/monitor
2024-02-27T04:50:49.190Z - GET /api/v1/monitor
2024-02-27T04:50:49.876Z - GET /api/v1/monitor
2024-02-27T04:52:52.531Z - GET /api/v1/monitor
2024-02-27T04:52:53.168Z - GET /api/v1/monitor
2024-02-27T04:57:01.847Z - GET /api/v1/monitor
2024-02-27T04:57:07.835Z - GET /api/v1/monitor
2024-02-27T04:57:08.734Z - GET /api/v1/monitor
2024-02-27T04:57:08.950Z - GET /api/v1/monitor
2024-02-27T04:57:11.756Z - GET /api/v1/monitor
2024-02-27T04:57:11.827Z - GET /api/v1/monitor
2024-02-27T04:57:12.456Z - GET /api/v1/monitor
2024-02-27T06:17:16.914Z - GET /api/v1/monitor
2024-02-27T06:17:17.456Z - GET /api/v1/monitor
2024-02-27T06:17:58.102Z - GET /api/v1/monitor
2024-02-27T06:17:58.428Z - GET /api/v1/monitor
2024-02-27T06:17:59.104Z - GET /api/v1/monitor
2024-02-27T06:24:20.805Z - GET /api/v1/monitor
2024-02-27T06:28:00.832Z - GET /api/v1/monitor
2024-02-27T06:28:03.160Z - GET /api/v1/monitor
2024-02-27T06:28:03.952Z - GET /api/v1/monitor
2024-02-27T06:28:14.327Z - GET /api/v1/monitor
2024-02-27T06:28:14.786Z - GET /api/v1/monitor
2024-02-27T06:28:16.254Z - GET /api/v1/monitor
2024-02-27T06:28:16.777Z - GET /api/v1/monitor
2024-02-27T06:29:20.805Z - GET /api/v1/monitor
2024-02-27T06:29:23.185Z - GET /api/v1/monitor
2024-02-27T06:29:23.859Z - GET /api/v1/monitor
2024-02-27T06:29:34.160Z - GET /api/v1/monitor
2024-02-27T06:29:35.928Z - GET /api/v1/monitor
2024-02-27T06:29:36.583Z - GET /api/v1/monitor
2024-02-27T06:29:37.192Z - GET /api/v1/monitor
2024-02-27T06:29:37.960Z - GET /api/v1/monitor
2024-02-27T06:29:38.704Z - GET /api/v1/monitor
2024-02-27T06:30:24.833Z - GET /api/v1/monitor
2024-02-27T06:30:28.917Z - GET /api/v1/monitor
2024-02-27T06:30:29.409Z - GET /api/v1/monitor
2024-02-27T06:30:40.729Z - GET /api/v1/monitor
2024-02-27T06:32:08.848Z - GET /api/v1/monitor
2024-02-27T06:32:10.442Z - GET /api/v1/monitor
2024-02-27T06:32:11.003Z - GET /api/v1/monitor
2024-02-27T06:33:37.814Z - GET /api/v1/monitor
2024-02-27T06:33:39.335Z - GET /api/v1/monitor
2024-02-27T06:33:40.143Z - GET /api/v1/monitor
2024-02-27T06:33:47.561Z - GET /api/v1/monitor
2024-02-27T06:33:48.992Z - GET /api/v1/monitor
2024-02-27T06:33:49.601Z - GET /api/v1/monitor
2024-02-27T06:33:50.398Z - GET /api/v1/monitor
2024-02-27T06:33:52.354Z - GET /api/v1/monitor
2024-02-27T06:33:53.029Z - GET /api/v1/monitor
2024-02-27T06:33:53.671Z - GET /api/v1/monitor
2024-02-27T06:33:54.565Z - GET /api/v1/monitor
2024-02-27T06:33:55.321Z - GET /api/v1/monitor
2024-02-27T06:33:55.916Z - GET /api/v1/monitor
2024-02-27T06:34:51.811Z - GET /api/v1/monitor
2024-02-27T06:34:55.387Z - GET /api/v1/monitor
2024-02-27T06:34:55.907Z - GET /api/v1/monitor
2024-02-27T06:37:22.356Z - GET /api/v1/monitor
2024-02-27T06:37:23.856Z - GET /api/v1/monitor
2024-02-27T06:37:24.513Z - GET /api/v1/monitor
2024-02-27T06:38:21.828Z - GET /api/v1/monitor
2024-02-27T06:38:24.287Z - GET /api/v1/monitor
2024-02-27T06:38:26.282Z - GET /api/v1/monitor
2024-02-27T06:39:00.969Z - GET /api/v1/monitor
2024-02-27T06:39:06.584Z - GET /api/v1/monitor
2024-02-27T06:39:56.791Z - GET /api/v1/monitor
2024-02-27T06:39:59.846Z - GET /api/v1/monitor
2024-02-27T06:40:00.332Z - GET /api/v1/monitor
2024-02-27T06:41:35.811Z - GET /api/v1/monitor
2024-02-27T06:41:36.815Z - GET /api/v1/monitor
2024-02-27T06:41:38.912Z - GET /api/v1/monitor
2024-02-27T06:41:39.578Z - GET /api/v1/monitor
2024-02-27T06:42:13.806Z - GET /api/v1/monitor
2024-02-27T06:42:17.854Z - GET /api/v1/monitor
2024-02-27T06:42:18.381Z - GET /api/v1/monitor
2024-02-27T06:51:36.536Z - GET /api/v1/monitor
2024-02-27T06:51:37.117Z - GET /api/v1/monitor
2024-02-27T06:53:37.806Z - GET /api/v1/monitor
2024-02-27T06:53:41.929Z - GET /api/v1/monitor
2024-02-27T06:53:42.567Z - GET /api/v1/monitor
2024-02-27T06:54:40.810Z - GET /api/v1/monitor
2024-02-27T06:54:47.631Z - GET /api/v1/monitor
2024-02-27T06:54:48.775Z - GET /api/v1/monitor
2024-02-27T06:54:49.405Z - GET /api/v1/monitor
2024-02-27T06:54:49.955Z - GET /api/v1/monitor
2024-02-27T06:54:50.892Z - GET /api/v1/monitor
2024-02-27T06:54:51.527Z - GET /api/v1/monitor
2024-02-27T06:55:34.505Z - GET /api/v1/monitor
2024-02-27T06:55:50.249Z - GET /api/v1/monitor
2024-02-27T06:56:02.011Z - GET /api/v1/monitor
2024-02-27T06:56:10.528Z - GET /api/v1/monitor
2024-02-27T07:13:45.805Z - GET /api/v1/monitor
2024-02-27T07:13:55.247Z - GET /api/v1/monitor
2024-02-27T07:13:55.942Z - GET /api/v1/monitor
2024-02-27T07:14:07.861Z - GET /api/v1/monitor
2024-02-27T07:14:09.227Z - GET /api/v1/monitor
2024-02-27T07:14:49.583Z - GET /api/v1/monitor
2024-02-27T07:14:50.338Z - GET /api/v1/monitor
2024-02-27T07:14:53.565Z - GET /api/v1/monitor
2024-02-27T07:14:54.244Z - GET /api/v1/monitor
2024-02-27T07:14:57.673Z - GET /api/v1/monitor
2024-02-27T07:14:58.413Z - GET /api/v1/monitor
2024-02-27T07:15:01.246Z - GET /api/v1/monitor
2024-02-27T07:15:01.964Z - GET /api/v1/monitor
2024-02-27T07:17:49.811Z - GET /api/v1/monitor
2024-02-27T07:17:50.300Z - GET /api/v1/monitor
2024-02-27T07:17:52.033Z - GET /api/v1/monitor
2024-02-27T07:17:52.577Z - GET /api/v1/monitor
2024-02-27T08:54:50.800Z - GET /api/v1/monitor
2024-02-27T08:54:51.598Z - GET /api/v1/monitor
2024-02-27T08:54:58.711Z - GET /api/v1/monitor
2024-02-27T08:54:59.237Z - GET /api/v1/monitor
2024-02-27T09:09:50.485Z - GET /api/v1/monitor
2024-02-27T09:09:51.309Z - GET /api/v1/monitor
2024-02-27T09:09:53.228Z - GET /api/v1/monitor
2024-02-27T09:09:53.961Z - GET /api/v1/monitor
2024-02-27T09:09:54.771Z - GET /api/v1/monitor
2024-02-27T09:09:55.336Z - GET /api/v1/monitor
2024-02-27T09:11:45.808Z - GET /api/v1/monitor
2024-02-27T09:11:46.466Z - GET /api/v1/monitor
2024-02-27T09:11:50.470Z - GET /api/v1/monitor
2024-02-27T09:11:51.396Z - GET /api/v1/monitor
2024-02-27T09:12:09.790Z - GET /api/v1/monitor
2024-02-27T09:12:10.262Z - GET /api/v1/monitor
2024-02-27T09:12:13.483Z - GET /api/v1/monitor
2024-02-27T09:12:14.036Z - GET /api/v1/monitor
2024-02-27T09:13:50.805Z - GET /api/v1/monitor
2024-02-27T09:13:51.371Z - GET /api/v1/monitor
2024-02-27T09:13:52.764Z - GET /api/v1/monitor
2024-02-27T09:13:53.519Z - GET /api/v1/monitor
2024-02-27T09:20:50.741Z - GET /api/v1/monitor
2024-02-27T09:20:51.331Z - GET /api/v1/monitor
2024-02-27T09:20:52.236Z - GET /api/v1/monitor
2024-02-27T09:20:52.692Z - GET /api/v1/monitor
2024-02-27T09:20:53.267Z - GET /api/v1/monitor
2024-02-27T09:20:53.886Z - GET /api/v1/monitor
2024-02-27T09:20:54.681Z - GET /api/v1/monitor
2024-02-27T09:20:55.272Z - GET /api/v1/monitor
2024-02-27T09:21:13.662Z - GET /api/v1/monitor
2024-02-27T09:21:14.408Z - GET /api/v1/monitor
2024-02-27T09:21:34.630Z - GET /api/v1/monitor
2024-02-27T09:21:35.355Z - GET /api/v1/monitor
2024-02-27T09:21:51.803Z - GET /api/v1/monitor
2024-02-27T09:21:52.467Z - GET /api/v1/monitor
2024-02-27T09:21:55.827Z - GET /api/v1/monitor
2024-02-27T09:21:56.577Z - GET /api/v1/monitor
2024-02-27T09:22:29.798Z - GET /api/v1/monitor
2024-02-27T09:22:30.310Z - GET /api/v1/monitor
2024-02-27T09:22:32.107Z - GET /api/v1/monitor
2024-02-27T09:22:32.561Z - GET /api/v1/monitor
2024-02-27T09:22:50.698Z - GET /api/v1/monitor
2024-02-27T09:22:51.499Z - GET /api/v1/monitor
2024-02-27T09:24:32.812Z - GET /api/v1/monitor
2024-02-27T09:24:33.316Z - GET /api/v1/monitor
2024-02-27T09:24:41.866Z - GET /api/v1/monitor
2024-02-27T09:24:42.802Z - GET /api/v1/monitor
2024-02-27T09:24:47.675Z - GET /api/v1/monitor
2024-02-27T09:24:48.215Z - GET /api/v1/monitor
2024-02-27T09:24:49.844Z - GET /api/v1/monitor
2024-02-27T09:24:50.804Z - GET /api/v1/monitor
2024-02-27T09:25:02.620Z - GET /api/v1/monitor
2024-02-27T09:25:03.128Z - GET /api/v1/monitor
2024-02-27T09:25:06.586Z - GET /api/v1/monitor
2024-02-27T09:25:07.098Z - GET /api/v1/monitor
2024-02-27T09:25:07.569Z - GET /api/v1/monitor
2024-02-27T09:25:07.984Z - GET /api/v1/monitor
2024-02-27T09:25:08.935Z - GET /api/v1/monitor
2024-02-27T09:25:09.480Z - GET /api/v1/monitor
2024-02-27T09:25:09.994Z - GET /api/v1/monitor
2024-02-27T09:25:10.604Z - GET /api/v1/monitor
2024-02-27T09:25:11.428Z - GET /api/v1/monitor
2024-02-27T09:25:11.879Z - GET /api/v1/monitor
2024-02-27T09:25:12.384Z - GET /api/v1/monitor
2024-02-27T09:25:13.047Z - GET /api/v1/monitor
2024-02-27T09:25:14.060Z - GET /api/v1/monitor
2024-02-27T09:25:14.693Z - GET /api/v1/monitor
2024-02-27T09:25:15.249Z - GET /api/v1/monitor
2024-02-27T09:25:15.811Z - GET /api/v1/monitor
2024-02-27T09:25:16.568Z - GET /api/v1/monitor
2024-02-27T09:25:25.274Z - GET /api/v1/monitor
2024-02-27T09:25:25.848Z - GET /api/v1/monitor
2024-02-27T09:26:20.791Z - GET /api/v1/monitor
2024-02-27T09:26:21.453Z - GET /api/v1/monitor
2024-02-27T09:26:21.908Z - GET /api/v1/monitor
2024-02-27T09:26:22.321Z - GET /api/v1/monitor
2024-02-27T09:28:12.735Z - GET /api/v1/monitor
2024-02-27T09:28:13.514Z - GET /api/v1/monitor
2024-02-27T09:28:43.051Z - GET /api/v1/monitor
2024-02-27T09:28:43.804Z - GET /api/v1/monitor
2024-02-27T09:28:49.927Z - GET /api/v1/monitor
2024-02-27T09:28:50.793Z - GET /api/v1/monitor
2024-02-27T09:29:03.368Z - GET /api/v1/monitor
2024-02-27T09:29:03.966Z - GET /api/v1/monitor
2024-02-27T09:29:04.446Z - GET /api/v1/monitor
2024-02-27T09:29:04.966Z - GET /api/v1/monitor
2024-02-27T09:42:05.469Z - GET /api/v1/monitor
2024-02-27T09:42:06.285Z - GET /api/v1/monitor
2024-02-27T09:42:07.459Z - GET /api/v1/monitor
2024-02-27T09:42:08.078Z - GET /api/v1/monitor
2024-02-27T09:42:11.616Z - GET /api/v1/monitor
2024-02-27T09:42:11.765Z - GET /api/v1/monitor
2024-02-27T09:42:12.363Z - GET /api/v1/monitor
2024-02-27T09:43:12.198Z - GET /api/v1/monitor
2024-02-27T09:43:12.807Z - GET /api/v1/monitor
