2024-03-05T06:43:45.877Z - GET /
2024-03-05T06:43:45.908Z - GET /assets/index-DDbIGk_G.js
2024-03-05T06:43:45.917Z - GET /assets/index-BmRNrQ3b.css
2024-03-05T06:43:45.963Z - GET /assets/jastel-CzcfOkAB.jpg
2024-03-05T06:43:45.969Z - GET /api/v1/monitor
2024-03-05T06:43:45.974Z - GET /api/v1/monitor2
2024-03-05T06:43:45.978Z - GET /api/v1/HYI
2024-03-05T06:43:45.998Z - GET /api/v1/BLDG1
2024-03-05T06:43:46.075Z - GET /vite.svg
2024-03-05T06:49:19.469Z - GET /api/v1/monitor
2024-03-05T06:49:19.485Z - GET /api/v1/monitor2
2024-03-05T06:49:19.489Z - GET /api/v1/HYI
2024-03-05T06:49:19.493Z - GET /api/v1/BLDG1
2024-03-05T06:49:20.025Z - GET /api/v1/monitor
2024-03-05T06:49:20.072Z - GET /api/v1/monitor2
2024-03-05T06:49:20.101Z - GET /api/v1/HYI
2024-03-05T06:49:20.146Z - GET /api/v1/BLDG1
2024-03-05T07:07:14.822Z - GET /api/v1/monitor
2024-03-05T07:07:14.835Z - GET /api/v1/monitor2
2024-03-05T07:07:14.838Z - GET /api/v1/HYI
2024-03-05T07:07:14.845Z - GET /api/v1/BLDG1
2024-03-05T07:07:15.380Z - GET /api/v1/monitor2
2024-03-05T07:07:15.453Z - GET /api/v1/HYI
2024-03-05T07:07:15.484Z - GET /api/v1/monitor
2024-03-05T07:07:15.528Z - GET /api/v1/BLDG1
2024-03-05T07:16:17.106Z - GET /api/v1/monitor2
2024-03-05T07:16:17.111Z - GET /api/v1/HYI
2024-03-05T07:18:00.429Z - GET /api/v1/monitor
2024-03-05T07:18:00.441Z - GET /api/v1/monitor2
2024-03-05T07:18:00.446Z - GET /api/v1/HYI
2024-03-05T07:18:00.449Z - GET /api/v1/BLDG1
2024-03-05T07:18:01.030Z - GET /api/v1/HYI
2024-03-05T07:18:01.051Z - GET /api/v1/BLDG1
2024-03-05T07:18:01.126Z - GET /api/v1/monitor
2024-03-05T07:18:01.771Z - GET /api/v1/monitor2
2024-03-05T07:18:01.926Z - GET /api/v1/monitor2
2024-03-05T07:18:01.932Z - GET /api/v1/monitor
2024-03-05T07:18:01.940Z - GET /api/v1/HYI
2024-03-05T07:18:01.960Z - GET /api/v1/BLDG1
2024-03-05T07:18:02.514Z - GET /api/v1/monitor2
2024-03-05T07:18:02.544Z - GET /api/v1/HYI
2024-03-05T07:18:02.635Z - GET /api/v1/BLDG1
2024-03-05T07:18:02.740Z - GET /api/v1/monitor
2024-03-05T07:20:25.675Z - GET /api/v1/monitor2
2024-03-05T07:20:25.681Z - GET /api/v1/HYI
2024-03-05T07:20:51.071Z - GET /api/v1/monitor
2024-03-05T07:20:51.080Z - GET /api/v1/monitor2
2024-03-05T07:20:51.106Z - GET /api/v1/HYI
2024-03-05T07:20:51.112Z - GET /api/v1/BLDG1
2024-03-05T07:20:51.985Z - GET /api/v1/HYI
2024-03-05T07:20:52.076Z - GET /api/v1/monitor2
2024-03-05T07:20:52.094Z - GET /api/v1/monitor
2024-03-05T07:20:52.149Z - GET /api/v1/BLDG1
2024-03-05T07:21:11.720Z - GET /api/v1/monitor
2024-03-05T07:21:11.730Z - GET /api/v1/monitor2
2024-03-05T07:21:11.737Z - GET /api/v1/HYI
2024-03-05T07:21:11.742Z - GET /api/v1/BLDG1
2024-03-05T07:21:12.250Z - GET /api/v1/monitor2
2024-03-05T07:21:12.303Z - GET /api/v1/monitor
2024-03-05T07:21:12.344Z - GET /api/v1/HYI
2024-03-05T07:21:12.364Z - GET /api/v1/BLDG1
2024-03-05T07:21:26.299Z - GET /api/v1/monitor2
2024-03-05T07:21:26.316Z - GET /api/v1/HYI
2024-03-05T07:21:54.506Z - GET /api/v1/monitor2
2024-03-05T07:21:54.512Z - GET /api/v1/HYI
2024-03-05T07:22:11.955Z - GET /api/v1/monitor2
2024-03-05T07:22:11.963Z - GET /api/v1/HYI
2024-03-05T07:22:24.063Z - GET /api/v1/monitor2
2024-03-05T07:22:24.069Z - GET /api/v1/HYI
2024-03-05T07:24:02.364Z - GET /api/v1/monitor
2024-03-05T07:24:02.374Z - GET /api/v1/monitor2
2024-03-05T07:24:02.386Z - GET /api/v1/HYI
2024-03-05T07:24:02.396Z - GET /api/v1/BLDG1
2024-03-05T07:24:02.945Z - GET /api/v1/monitor2
2024-03-05T07:24:03.057Z - GET /api/v1/HYI
2024-03-05T07:24:03.076Z - GET /api/v1/monitor
2024-03-05T07:24:03.183Z - GET /api/v1/BLDG1
2024-03-05T07:24:24.930Z - GET /api/v1/monitor
2024-03-05T07:24:24.936Z - GET /api/v1/monitor2
2024-03-05T07:24:24.953Z - GET /api/v1/HYI
2024-03-05T07:24:24.959Z - GET /api/v1/BLDG1
2024-03-05T07:24:25.374Z - GET /api/v1/monitor
2024-03-05T07:24:25.457Z - GET /api/v1/monitor2
2024-03-05T07:24:25.540Z - GET /api/v1/HYI
2024-03-05T07:24:25.749Z - GET /api/v1/BLDG1
2024-03-05T07:25:28.630Z - GET /api/v1/monitor
2024-03-05T07:25:28.640Z - GET /api/v1/monitor2
2024-03-05T07:25:28.665Z - GET /api/v1/HYI
2024-03-05T07:25:28.672Z - GET /api/v1/BLDG1
2024-03-05T07:25:29.284Z - GET /api/v1/HYI
2024-03-05T07:25:29.293Z - GET /api/v1/BLDG1
2024-03-05T07:25:29.384Z - GET /api/v1/monitor
2024-03-05T07:25:35.825Z - GET /api/v1/monitor
2024-03-05T07:25:35.852Z - GET /api/v1/HYI
2024-03-05T07:25:35.860Z - GET /api/v1/BLDG1
2024-03-05T07:25:36.427Z - GET /api/v1/HYI
2024-03-05T07:25:36.443Z - GET /api/v1/BLDG1
2024-03-05T07:25:36.600Z - GET /api/v1/monitor
2024-03-05T07:25:43.388Z - GET /api/v1/monitor2
2024-03-05T07:25:51.900Z - GET /api/v1/monitor2
2024-03-05T07:25:55.846Z - GET /api/v1/monitor2
2024-03-05T07:26:11.117Z - GET /api/v1/HYI
2024-03-05T07:26:31.131Z - GET /api/v1/monitor2
2024-03-05T07:27:32.709Z - GET /api/v1/monitor
2024-03-05T07:27:32.725Z - GET /api/v1/monitor2
2024-03-05T07:27:32.731Z - GET /api/v1/HYI
2024-03-05T07:27:32.737Z - GET /api/v1/BLDG1
2024-03-05T07:27:33.237Z - GET /api/v1/monitor2
2024-03-05T07:27:33.290Z - GET /api/v1/HYI
2024-03-05T07:27:33.355Z - GET /api/v1/BLDG1
2024-03-05T07:27:33.502Z - GET /api/v1/monitor
2024-03-05T07:27:50.600Z - GET /api/v1/monitor
2024-03-05T07:27:50.616Z - GET /api/v1/monitor2
2024-03-05T07:27:50.624Z - GET /api/v1/HYI
2024-03-05T07:27:50.629Z - GET /api/v1/BLDG1
2024-03-05T07:27:51.245Z - GET /api/v1/monitor2
2024-03-05T07:27:51.276Z - GET /api/v1/HYI
2024-03-05T07:27:51.292Z - GET /api/v1/BLDG1
2024-03-05T07:27:51.302Z - GET /api/v1/monitor
2024-03-05T07:28:56.370Z - GET /api/v1/monitor
2024-03-05T07:28:56.376Z - GET /api/v1/monitor2
2024-03-05T07:28:56.385Z - GET /api/v1/HYI
2024-03-05T07:28:56.392Z - GET /api/v1/BLDG1
2024-03-05T07:28:56.995Z - GET /api/v1/monitor
2024-03-05T07:28:57.034Z - GET /api/v1/monitor2
2024-03-05T07:28:57.054Z - GET /api/v1/HYI
2024-03-05T07:28:57.081Z - GET /api/v1/BLDG1
2024-03-05T07:28:58.885Z - GET /api/v1/monitor2
2024-03-05T07:28:58.890Z - GET /api/v1/monitor
2024-03-05T07:28:58.896Z - GET /api/v1/HYI
2024-03-05T07:28:58.902Z - GET /api/v1/BLDG1
2024-03-05T07:28:59.391Z - GET /api/v1/monitor2
2024-03-05T07:28:59.572Z - GET /api/v1/BLDG1
2024-03-05T07:28:59.643Z - GET /api/v1/monitor
2024-03-05T07:28:59.760Z - GET /api/v1/HYI
2024-03-05T07:29:07.135Z - GET /api/v1/monitor
2024-03-05T07:29:07.175Z - GET /api/v1/HYI
2024-03-05T07:29:07.183Z - GET /api/v1/BLDG1
2024-03-05T07:29:07.771Z - GET /api/v1/HYI
2024-03-05T07:29:07.790Z - GET /api/v1/BLDG1
2024-03-05T07:29:07.819Z - GET /api/v1/monitor
2024-03-05T07:29:11.852Z - GET /api/v1/monitor
2024-03-05T07:29:11.864Z - GET /api/v1/monitor2
2024-03-05T07:29:11.873Z - GET /api/v1/HYI
2024-03-05T07:29:11.878Z - GET /api/v1/BLDG1
2024-03-05T07:29:12.370Z - GET /api/v1/monitor2
2024-03-05T07:29:12.450Z - GET /api/v1/monitor
2024-03-05T07:29:12.473Z - GET /api/v1/BLDG1
2024-03-05T07:29:12.482Z - GET /api/v1/HYI
2024-03-05T07:30:33.162Z - GET /api/v1/monitor
2024-03-05T07:30:33.191Z - GET /api/v1/monitor2
2024-03-05T07:30:33.199Z - GET /api/v1/HYI
2024-03-05T07:30:33.207Z - GET /api/v1/BLDG1
2024-03-05T07:30:33.792Z - GET /api/v1/HYI
2024-03-05T07:30:33.809Z - GET /api/v1/BLDG1
2024-03-05T07:30:33.827Z - GET /api/v1/monitor
2024-03-05T07:30:36.554Z - GET /api/v1/monitor2
2024-03-05T07:31:59.366Z - GET /api/v1/monitor
2024-03-05T07:31:59.372Z - GET /api/v1/monitor2
2024-03-05T07:31:59.376Z - GET /api/v1/HYI
2024-03-05T07:31:59.381Z - GET /api/v1/BLDG1
2024-03-05T07:32:00.041Z - GET /api/v1/HYI
2024-03-05T07:32:00.066Z - GET /api/v1/monitor
2024-03-05T07:32:00.205Z - GET /api/v1/BLDG1
2024-03-05T07:32:00.245Z - GET /api/v1/monitor2
2024-03-05T07:33:24.125Z - GET /api/v1/monitor2
2024-03-05T07:33:24.141Z - GET /api/v1/HYI
2024-03-05T07:33:39.281Z - GET /api/v1/monitor2
2024-03-05T07:33:39.296Z - GET /api/v1/HYI
2024-03-05T07:35:01.856Z - GET /api/v1/monitor2
2024-03-05T07:35:01.863Z - GET /api/v1/HYI
2024-03-05T07:35:45.479Z - GET /api/v1/monitor
2024-03-05T07:35:45.487Z - GET /api/v1/monitor2
2024-03-05T07:35:45.504Z - GET /api/v1/HYI
2024-03-05T07:35:45.509Z - GET /api/v1/BLDG1
2024-03-05T07:35:46.600Z - GET /api/v1/HYI
2024-03-05T07:35:46.604Z - GET /api/v1/BLDG1
2024-03-05T07:35:47.082Z - GET /api/v1/monitor2
2024-03-05T07:35:47.834Z - GET /api/v1/monitor
2024-03-05T07:36:11.736Z - GET /api/v1/monitor2
2024-03-05T07:36:11.744Z - GET /api/v1/HYI
2024-03-05T07:36:45.874Z - GET /api/v1/monitor2
2024-03-05T07:36:45.884Z - GET /api/v1/HYI
2024-03-05T07:37:05.867Z - GET /api/v1/HYI
2024-03-05T07:37:06.713Z - GET /api/v1/monitor2
2024-03-05T07:39:30.730Z - GET /api/v1/monitor
2024-03-05T07:39:30.740Z - GET /api/v1/monitor2
2024-03-05T07:39:30.763Z - GET /api/v1/HYI
2024-03-05T07:39:30.770Z - GET /api/v1/BLDG1
2024-03-05T07:39:31.423Z - GET /api/v1/HYI
2024-03-05T07:39:31.437Z - GET /api/v1/monitor2
2024-03-05T07:39:31.455Z - GET /api/v1/monitor
2024-03-05T07:39:31.473Z - GET /api/v1/BLDG1
2024-03-05T07:39:46.228Z - GET /api/v1/monitor2
2024-03-05T07:39:46.235Z - GET /api/v1/HYI
2024-03-05T07:40:21.384Z - GET /api/v1/monitor2
2024-03-05T07:40:21.391Z - GET /api/v1/HYI
2024-03-05T07:41:11.378Z - GET /api/v1/monitor2
2024-03-05T07:41:11.384Z - GET /api/v1/HYI
2024-03-05T07:42:02.188Z - GET /api/v1/monitor2
2024-03-05T07:42:02.197Z - GET /api/v1/HYI
2024-03-05T07:42:39.274Z - GET /api/v1/monitor2
2024-03-05T07:42:39.279Z - GET /api/v1/HYI
2024-03-05T07:43:02.106Z - GET /api/v1/monitor2
2024-03-05T07:43:02.123Z - GET /api/v1/HYI
2024-03-05T07:43:07.704Z - GET /api/v1/HYI
2024-03-05T07:43:27.709Z - GET /api/v1/monitor2
2024-03-05T07:43:54.439Z - GET /api/v1/HYI
2024-03-05T07:44:14.439Z - GET /api/v1/monitor2
2024-03-05T07:44:21.259Z - GET /api/v1/HYI
2024-03-05T07:44:36.962Z - GET /api/v1/HYI
2024-03-05T07:44:39.418Z - GET /api/v1/HYI
2024-03-05T07:44:41.259Z - GET /api/v1/monitor2
2024-03-05T07:44:56.977Z - GET /api/v1/monitor2
2024-03-05T07:44:59.428Z - GET /api/v1/monitor2
2024-03-05T07:45:12.001Z - GET /api/v1/monitor
2024-03-05T07:45:12.008Z - GET /api/v1/monitor2
2024-03-05T07:45:12.012Z - GET /api/v1/HYI
2024-03-05T07:45:12.016Z - GET /api/v1/BLDG1
2024-03-05T07:45:12.573Z - GET /api/v1/monitor2
2024-03-05T07:45:12.592Z - GET /api/v1/monitor
2024-03-05T07:45:12.613Z - GET /api/v1/HYI
2024-03-05T07:45:12.646Z - GET /api/v1/BLDG1
2024-03-05T07:55:10.633Z - GET /api/v1/monitor
2024-03-05T07:55:10.649Z - GET /api/v1/monitor2
2024-03-05T07:55:10.656Z - GET /api/v1/HYI
2024-03-05T07:55:10.660Z - GET /api/v1/BLDG1
2024-03-05T07:55:11.179Z - GET /api/v1/monitor
2024-03-05T07:55:11.236Z - GET /api/v1/HYI
2024-03-05T07:55:11.254Z - GET /api/v1/BLDG1
2024-03-05T07:55:13.232Z - GET /api/v1/monitor2
2024-03-05T07:55:13.255Z - GET /api/v1/monitor
2024-03-05T07:55:13.276Z - GET /api/v1/HYI
2024-03-05T07:55:13.281Z - GET /api/v1/BLDG1
2024-03-05T07:55:13.764Z - GET /api/v1/monitor2
2024-03-05T07:55:13.852Z - GET /api/v1/HYI
2024-03-05T07:55:13.990Z - GET /api/v1/BLDG1
2024-03-05T07:55:14.161Z - GET /api/v1/monitor
2024-03-05T07:56:08.810Z - GET /api/v1/monitor2
2024-03-05T07:56:08.817Z - GET /api/v1/HYI
2024-03-05T07:56:14.949Z - GET /api/v1/monitor
2024-03-05T08:28:50.963Z - GET /api/v1/monitor
2024-03-05T08:28:50.976Z - GET /api/v1/monitor2
2024-03-05T08:28:51.002Z - GET /api/v1/HYI
2024-03-05T08:28:51.007Z - GET /api/v1/BLDG1
2024-03-05T08:28:51.607Z - GET /api/v1/HYI
2024-03-05T08:28:51.672Z - GET /api/v1/monitor
2024-03-05T08:28:51.950Z - GET /api/v1/BLDG1
2024-03-05T08:28:53.782Z - GET /api/v1/monitor2
2024-03-05T08:28:53.842Z - GET /api/v1/monitor
2024-03-05T08:28:53.847Z - GET /api/v1/monitor2
2024-03-05T08:28:53.872Z - GET /api/v1/HYI
2024-03-05T08:28:53.881Z - GET /api/v1/BLDG1
2024-03-05T08:28:54.428Z - GET /api/v1/monitor
2024-03-05T08:28:54.455Z - GET /api/v1/HYI
2024-03-05T08:28:54.595Z - GET /api/v1/BLDG1
2024-03-05T08:28:55.647Z - GET /api/v1/monitor
2024-03-05T08:28:55.654Z - GET /api/v1/monitor2
2024-03-05T08:28:55.658Z - GET /api/v1/HYI
2024-03-05T08:28:55.663Z - GET /api/v1/BLDG1
2024-03-05T08:28:56.236Z - GET /api/v1/HYI
2024-03-05T08:28:56.273Z - GET /api/v1/BLDG1
2024-03-05T08:28:56.329Z - GET /api/v1/monitor2
2024-03-05T08:28:56.433Z - GET /api/v1/monitor
2024-03-05T08:47:12.374Z - GET /api/v1/monitor
2024-03-05T08:47:12.387Z - GET /api/v1/HYI
2024-03-05T08:47:12.392Z - GET /api/v1/monitor2
2024-03-05T08:47:12.397Z - GET /api/v1/BLDG1
2024-03-05T08:47:12.989Z - GET /api/v1/HYI
2024-03-05T08:47:13.011Z - GET /api/v1/BLDG1
2024-03-05T08:47:13.156Z - GET /api/v1/monitor
2024-03-05T08:47:29.978Z - GET /api/v1/monitor2
2024-03-05T08:48:39.014Z - GET /api/v1/monitor
2024-03-05T08:48:39.024Z - GET /api/v1/monitor2
2024-03-05T08:48:39.029Z - GET /api/v1/HYI
2024-03-05T08:48:39.034Z - GET /api/v1/BLDG1
2024-03-05T08:48:39.472Z - GET /api/v1/monitor
2024-03-05T08:48:39.521Z - GET /api/v1/monitor2
2024-03-05T08:48:39.637Z - GET /api/v1/HYI
2024-03-05T08:48:39.661Z - GET /api/v1/BLDG1
2024-03-05T08:49:07.029Z - GET /api/v1/monitor
2024-03-05T08:49:07.043Z - GET /api/v1/monitor2
2024-03-05T08:49:07.050Z - GET /api/v1/HYI
2024-03-05T08:49:07.061Z - GET /api/v1/BLDG1
2024-03-05T08:49:07.604Z - GET /api/v1/monitor2
2024-03-05T08:49:07.687Z - GET /api/v1/HYI
2024-03-05T08:49:07.702Z - GET /api/v1/BLDG1
2024-03-05T08:49:07.828Z - GET /api/v1/monitor
2024-03-05T08:49:11.503Z - GET /api/v1/monitor
2024-03-05T08:49:11.519Z - GET /api/v1/monitor2
2024-03-05T08:49:11.526Z - GET /api/v1/HYI
2024-03-05T08:49:11.532Z - GET /api/v1/BLDG1
2024-03-05T08:49:11.940Z - GET /api/v1/monitor
2024-03-05T08:49:12.021Z - GET /api/v1/monitor2
2024-03-05T08:49:12.104Z - GET /api/v1/HYI
2024-03-05T08:49:12.121Z - GET /api/v1/BLDG1
2024-03-05T09:15:18.258Z - GET /api/v1/monitor
2024-03-05T09:15:18.283Z - GET /api/v1/monitor2
2024-03-05T09:15:18.289Z - GET /api/v1/HYI
2024-03-05T09:15:18.304Z - GET /api/v1/BLDG1
2024-03-05T09:15:18.727Z - GET /api/v1/monitor
2024-03-05T09:15:18.760Z - GET /api/v1/monitor2
2024-03-05T09:15:18.866Z - GET /api/v1/HYI
2024-03-05T09:15:18.881Z - GET /api/v1/BLDG1
2024-03-05T09:16:56.063Z - GET /api/v1/monitor
2024-03-05T09:16:56.121Z - GET /api/v1/monitor2
2024-03-05T09:16:56.128Z - GET /api/v1/HYI
2024-03-05T09:16:56.134Z - GET /api/v1/BLDG1
2024-03-05T09:16:56.639Z - GET /api/v1/monitor2
2024-03-05T09:16:56.802Z - GET /api/v1/monitor
2024-03-05T09:16:56.826Z - GET /api/v1/HYI
2024-03-05T09:16:56.849Z - GET /api/v1/BLDG1
2024-03-05T09:18:29.386Z - GET /api/v1/monitor
2024-03-05T09:18:29.399Z - GET /api/v1/monitor2
2024-03-05T09:18:29.410Z - GET /api/v1/HYI
2024-03-05T09:18:29.420Z - GET /api/v1/BLDG1
2024-03-05T09:18:29.923Z - GET /api/v1/monitor2
2024-03-05T09:18:29.986Z - GET /api/v1/monitor
2024-03-05T09:18:30.040Z - GET /api/v1/HYI
2024-03-05T09:18:30.057Z - GET /api/v1/BLDG1
2024-03-05T09:20:44.610Z - GET /api/v1/monitor
2024-03-05T09:20:44.619Z - GET /api/v1/monitor2
2024-03-05T09:20:44.624Z - GET /api/v1/HYI
2024-03-05T09:20:44.629Z - GET /api/v1/BLDG1
2024-03-05T09:20:45.149Z - GET /api/v1/monitor2
2024-03-05T09:20:45.241Z - GET /api/v1/HYI
2024-03-05T09:20:45.266Z - GET /api/v1/BLDG1
2024-03-05T09:20:45.341Z - GET /api/v1/monitor
2024-03-05T09:21:07.569Z - GET /api/v1/monitor
2024-03-05T09:21:07.578Z - GET /api/v1/monitor2
2024-03-05T09:21:07.585Z - GET /api/v1/HYI
2024-03-05T09:21:07.593Z - GET /api/v1/BLDG1
2024-03-05T09:21:08.076Z - GET /api/v1/monitor
2024-03-05T09:21:08.098Z - GET /api/v1/monitor2
2024-03-05T09:21:08.197Z - GET /api/v1/HYI
2024-03-05T09:21:08.247Z - GET /api/v1/BLDG1
2024-03-05T09:25:08.007Z - GET /api/v1/monitor
2024-03-05T09:25:08.019Z - GET /api/v1/monitor2
2024-03-05T09:25:08.026Z - GET /api/v1/HYI
2024-03-05T09:25:08.031Z - GET /api/v1/BLDG1
2024-03-05T09:25:08.567Z - GET /api/v1/monitor2
2024-03-05T09:25:08.620Z - GET /api/v1/HYI
2024-03-05T09:25:08.639Z - GET /api/v1/BLDG1
2024-03-05T09:25:08.708Z - GET /api/v1/monitor
2024-03-05T09:25:11.299Z - GET /api/v1/monitor
2024-03-05T09:25:11.304Z - GET /api/v1/monitor2
2024-03-05T09:25:11.312Z - GET /api/v1/HYI
2024-03-05T09:25:11.329Z - GET /api/v1/BLDG1
2024-03-05T09:25:11.800Z - GET /api/v1/monitor2
2024-03-05T09:25:11.821Z - GET /api/v1/monitor
2024-03-05T09:25:11.900Z - GET /api/v1/HYI
2024-03-05T09:25:11.915Z - GET /api/v1/BLDG1
2024-03-05T09:25:13.455Z - GET /api/v1/monitor
2024-03-05T09:25:13.460Z - GET /api/v1/monitor2
2024-03-05T09:25:13.479Z - GET /api/v1/HYI
2024-03-05T09:25:13.482Z - GET /api/v1/BLDG1
2024-03-05T09:25:14.045Z - GET /api/v1/HYI
2024-03-05T09:25:14.070Z - GET /api/v1/BLDG1
2024-03-05T09:25:14.144Z - GET /api/v1/monitor
2024-03-05T09:25:14.379Z - GET /api/v1/monitor
2024-03-05T09:25:14.401Z - GET /api/v1/monitor2
2024-03-05T09:25:14.408Z - GET /api/v1/HYI
2024-03-05T09:25:14.414Z - GET /api/v1/BLDG1
2024-03-05T09:25:15.004Z - GET /api/v1/monitor
2024-03-05T09:25:15.010Z - GET /api/v1/monitor2
2024-03-05T09:25:15.015Z - GET /api/v1/HYI
2024-03-05T09:25:15.031Z - GET /api/v1/BLDG1
2024-03-05T09:25:15.429Z - GET /api/v1/monitor
2024-03-05T09:25:15.510Z - GET /api/v1/monitor2
2024-03-05T09:25:15.642Z - GET /api/v1/monitor
2024-03-05T09:25:15.653Z - GET /api/v1/monitor2
2024-03-05T09:25:15.659Z - GET /api/v1/HYI
2024-03-05T09:25:15.665Z - GET /api/v1/BLDG1
2024-03-05T09:25:16.459Z - GET /api/v1/monitor
2024-03-05T09:25:16.604Z - GET /api/v1/HYI
2024-03-05T09:25:16.630Z - GET /api/v1/BLDG1
2024-03-05T09:25:35.655Z - GET /api/v1/monitor2
2024-03-05T09:26:24.802Z - GET /api/v1/monitor
2024-03-05T09:26:24.807Z - GET /api/v1/monitor2
2024-03-05T09:26:24.811Z - GET /api/v1/HYI
2024-03-05T09:26:24.815Z - GET /api/v1/BLDG1
2024-03-05T09:26:25.370Z - GET /api/v1/monitor2
2024-03-05T09:26:25.414Z - GET /api/v1/BLDG1
2024-03-05T09:26:25.428Z - GET /api/v1/HYI
2024-03-05T09:26:25.458Z - GET /api/v1/monitor
2024-03-05T09:27:25.895Z - GET /api/v1/monitor
2024-03-05T09:27:25.909Z - GET /api/v1/monitor2
2024-03-05T09:27:25.917Z - GET /api/v1/HYI
2024-03-05T09:27:25.922Z - GET /api/v1/BLDG1
2024-03-05T09:27:26.482Z - GET /api/v1/monitor2
2024-03-05T09:27:26.529Z - GET /api/v1/HYI
2024-03-05T09:27:26.545Z - GET /api/v1/BLDG1
2024-03-05T09:27:26.619Z - GET /api/v1/monitor
2024-03-05T09:30:20.383Z - GET /api/v1/monitor
2024-03-05T09:30:20.388Z - GET /api/v1/monitor2
2024-03-05T09:30:20.411Z - GET /api/v1/HYI
2024-03-05T09:30:20.417Z - GET /api/v1/BLDG1
2024-03-05T09:30:20.912Z - GET /api/v1/monitor2
2024-03-05T09:30:20.919Z - GET /api/v1/monitor
2024-03-05T09:30:20.998Z - GET /api/v1/HYI
2024-03-05T09:30:21.021Z - GET /api/v1/BLDG1
2024-03-05T09:30:50.530Z - GET /api/v1/monitor
2024-03-05T09:30:50.549Z - GET /api/v1/monitor2
2024-03-05T09:30:50.554Z - GET /api/v1/HYI
2024-03-05T09:30:50.558Z - GET /api/v1/BLDG1
2024-03-05T09:30:51.029Z - GET /api/v1/monitor2
2024-03-05T09:30:51.059Z - GET /api/v1/monitor
2024-03-05T09:30:51.161Z - GET /api/v1/BLDG1
2024-03-05T09:30:51.175Z - GET /api/v1/HYI
2024-03-05T09:31:12.275Z - GET /api/v1/monitor
2024-03-05T09:31:12.315Z - GET /api/v1/HYI
2024-03-05T09:31:12.326Z - GET /api/v1/BLDG1
2024-03-05T09:31:12.828Z - GET /api/v1/monitor
2024-03-05T09:31:12.907Z - GET /api/v1/HYI
2024-03-05T09:31:12.917Z - GET /api/v1/BLDG1
2024-03-05T09:31:17.436Z - GET /api/v1/monitor2
2024-03-05T09:31:17.853Z - GET /api/v1/monitor2
2024-03-05T09:32:58.615Z - GET /api/v1/monitor
2024-03-05T09:32:58.656Z - GET /api/v1/monitor2
2024-03-05T09:32:58.661Z - GET /api/v1/HYI
2024-03-05T09:32:58.666Z - GET /api/v1/BLDG1
2024-03-05T09:32:59.145Z - GET /api/v1/monitor2
2024-03-05T09:32:59.286Z - GET /api/v1/HYI
2024-03-05T09:32:59.294Z - GET /api/v1/monitor
2024-03-05T09:32:59.310Z - GET /api/v1/BLDG1
2024-03-05T09:38:02.778Z - GET /api/v1/monitor
2024-03-05T09:38:02.804Z - GET /api/v1/monitor2
2024-03-05T09:38:02.826Z - GET /api/v1/HYI
2024-03-05T09:38:02.833Z - GET /api/v1/BLDG1
2024-03-05T09:38:03.388Z - GET /api/v1/monitor2
2024-03-05T09:38:03.412Z - GET /api/v1/monitor
2024-03-05T09:38:03.441Z - GET /api/v1/HYI
2024-03-05T09:38:03.454Z - GET /api/v1/BLDG1
2024-03-05T09:39:29.380Z - GET /api/v1/monitor
2024-03-05T09:39:29.396Z - GET /api/v1/monitor2
2024-03-05T09:39:29.403Z - GET /api/v1/HYI
2024-03-05T09:39:29.409Z - GET /api/v1/BLDG1
2024-03-05T09:39:29.882Z - GET /api/v1/monitor2
2024-03-05T09:39:30.030Z - GET /api/v1/HYI
2024-03-05T09:39:30.041Z - GET /api/v1/BLDG1
2024-03-05T09:39:30.088Z - GET /api/v1/monitor
2024-03-05T09:39:59.497Z - GET /api/v1/monitor
2024-03-05T09:39:59.502Z - GET /api/v1/monitor2
2024-03-05T09:39:59.532Z - GET /api/v1/HYI
2024-03-05T09:39:59.537Z - GET /api/v1/BLDG1
2024-03-05T09:40:00.094Z - GET /api/v1/monitor
2024-03-05T09:40:00.138Z - GET /api/v1/HYI
2024-03-05T09:40:00.151Z - GET /api/v1/BLDG1
2024-03-05T09:40:04.030Z - GET /api/v1/monitor
2024-03-05T09:40:04.050Z - GET /api/v1/monitor2
2024-03-05T09:40:04.059Z - GET /api/v1/HYI
2024-03-05T09:40:04.065Z - GET /api/v1/BLDG1
2024-03-05T09:40:04.558Z - GET /api/v1/monitor2
2024-03-05T09:40:04.654Z - GET /api/v1/HYI
2024-03-05T09:40:04.673Z - GET /api/v1/BLDG1
2024-03-05T09:40:04.755Z - GET /api/v1/monitor
2024-03-05T09:40:34.511Z - GET /api/v1/monitor
2024-03-05T09:40:34.524Z - GET /api/v1/monitor2
2024-03-05T09:40:34.531Z - GET /api/v1/HYI
2024-03-05T09:40:34.539Z - GET /api/v1/BLDG1
2024-03-05T09:40:35.062Z - GET /api/v1/monitor
2024-03-05T09:40:35.145Z - GET /api/v1/HYI
2024-03-05T09:40:35.167Z - GET /api/v1/BLDG1
2024-03-05T09:40:54.529Z - GET /api/v1/monitor2
2024-03-05T09:41:05.490Z - GET /api/v1/monitor
2024-03-05T09:41:05.506Z - GET /api/v1/monitor2
2024-03-05T09:41:05.512Z - GET /api/v1/HYI
2024-03-05T09:41:05.519Z - GET /api/v1/BLDG1
2024-03-05T09:41:05.993Z - GET /api/v1/monitor2
2024-03-05T09:41:06.067Z - GET /api/v1/monitor
2024-03-05T09:41:06.104Z - GET /api/v1/HYI
2024-03-05T09:41:06.125Z - GET /api/v1/BLDG1
2024-03-05T09:41:54.510Z - GET /api/v1/monitor
2024-03-05T09:41:54.517Z - GET /api/v1/monitor2
2024-03-05T09:41:54.525Z - GET /api/v1/HYI
2024-03-05T09:41:54.530Z - GET /api/v1/BLDG1
2024-03-05T09:41:55.106Z - GET /api/v1/HYI
2024-03-05T09:41:55.151Z - GET /api/v1/BLDG1
2024-03-05T09:41:55.198Z - GET /api/v1/monitor
2024-03-05T09:41:58.854Z - GET /api/v1/monitor
2024-03-05T09:41:58.860Z - GET /api/v1/monitor2
2024-03-05T09:41:58.874Z - GET /api/v1/HYI
2024-03-05T09:41:58.880Z - GET /api/v1/BLDG1
2024-03-05T09:41:59.358Z - GET /api/v1/monitor2
2024-03-05T09:41:59.460Z - GET /api/v1/HYI
2024-03-05T09:41:59.495Z - GET /api/v1/BLDG1
2024-03-05T09:41:59.671Z - GET /api/v1/monitor
2024-03-05T09:42:10.247Z - GET /api/v1/monitor
2024-03-05T09:42:10.256Z - GET /api/v1/monitor2
2024-03-05T09:42:10.288Z - GET /api/v1/HYI
2024-03-05T09:42:10.293Z - GET /api/v1/BLDG1
2024-03-05T09:42:10.862Z - GET /api/v1/monitor
2024-03-05T09:42:10.891Z - GET /api/v1/HYI
2024-03-05T09:42:10.909Z - GET /api/v1/BLDG1
2024-03-05T09:42:17.945Z - GET /api/v1/monitor
2024-03-05T09:42:17.966Z - GET /api/v1/monitor2
2024-03-05T09:42:17.971Z - GET /api/v1/HYI
2024-03-05T09:42:17.979Z - GET /api/v1/BLDG1
2024-03-05T09:42:18.459Z - GET /api/v1/monitor2
2024-03-05T09:42:18.561Z - GET /api/v1/HYI
2024-03-05T09:42:18.572Z - GET /api/v1/BLDG1
2024-03-05T09:42:18.729Z - GET /api/v1/monitor
2024-03-05T09:43:46.307Z - GET /
2024-03-05T09:43:46.332Z - GET /assets/index-5hH9YlzP.js
2024-03-05T09:43:46.342Z - GET /assets/index-DT5EB5bP.css
2024-03-05T09:43:46.454Z - GET /assets/jastel-CzcfOkAB.jpg
2024-03-05T09:43:46.811Z - GET /
2024-03-05T09:43:46.839Z - GET /assets/index-5hH9YlzP.js
2024-03-05T09:43:46.848Z - GET /assets/index-DT5EB5bP.css
2024-03-05T09:43:46.900Z - GET /assets/jastel-CzcfOkAB.jpg
2024-03-05T09:43:46.923Z - GET /api/v1/monitor
2024-03-05T09:43:46.938Z - GET /api/v1/monitor2
2024-03-05T09:43:46.944Z - GET /api/v1/HYI
2024-03-05T09:43:46.951Z - GET /api/v1/BLDG1
2024-03-05T09:43:52.317Z - GET /assets/index-DT5EB5bP.css
2024-03-05T09:44:18.309Z - GET /
2024-03-05T09:44:18.331Z - GET /assets/index-5hH9YlzP.js
2024-03-05T09:44:18.340Z - GET /assets/index-DT5EB5bP.css
2024-03-05T09:44:18.372Z - GET /assets/jastel-CzcfOkAB.jpg
2024-03-05T09:44:18.385Z - GET /api/v1/monitor
2024-03-05T09:44:18.399Z - GET /api/v1/monitor2
2024-03-05T09:44:18.406Z - GET /api/v1/HYI
2024-03-05T09:44:18.412Z - GET /api/v1/BLDG1
2024-03-05T09:44:18.485Z - GET /vite.svg
2024-03-05T09:44:20.641Z - GET /
2024-03-05T09:44:20.658Z - GET /assets/index-5hH9YlzP.js
2024-03-05T09:44:20.666Z - GET /assets/index-DT5EB5bP.css
2024-03-05T09:44:20.686Z - GET /assets/jastel-CzcfOkAB.jpg
2024-03-05T09:44:20.697Z - GET /api/v1/monitor
2024-03-05T09:44:20.711Z - GET /api/v1/monitor2
2024-03-05T09:44:20.720Z - GET /api/v1/HYI
2024-03-05T09:44:20.730Z - GET /api/v1/BLDG1
2024-03-05T09:44:20.770Z - GET /vite.svg
2024-03-05T09:44:22.077Z - GET /
2024-03-05T09:44:22.094Z - GET /assets/index-5hH9YlzP.js
2024-03-05T09:44:22.105Z - GET /assets/index-DT5EB5bP.css
2024-03-05T09:44:22.119Z - GET /assets/jastel-CzcfOkAB.jpg
2024-03-05T09:44:22.130Z - GET /api/v1/monitor
2024-03-05T09:44:22.139Z - GET /api/v1/monitor2
2024-03-05T09:44:22.149Z - GET /api/v1/HYI
2024-03-05T09:44:22.159Z - GET /api/v1/BLDG1
2024-03-05T09:44:22.207Z - GET /vite.svg
2024-03-05T09:44:23.682Z - GET /
2024-03-05T09:44:23.704Z - GET /assets/index-5hH9YlzP.js
2024-03-05T09:44:23.711Z - GET /assets/index-DT5EB5bP.css
2024-03-05T09:44:23.732Z - GET /assets/jastel-CzcfOkAB.jpg
2024-03-05T09:44:23.741Z - GET /api/v1/monitor
2024-03-05T09:44:23.750Z - GET /api/v1/monitor2
2024-03-05T09:44:23.757Z - GET /api/v1/HYI
2024-03-05T09:44:23.763Z - GET /api/v1/BLDG1
2024-03-05T09:44:23.796Z - GET /vite.svg
2024-03-05T09:45:02.699Z - GET /assets/index-DT5EB5bP.css
2024-03-05T09:46:19.338Z - GET /
2024-03-05T09:46:19.358Z - GET /assets/index-5hH9YlzP.js
2024-03-05T09:46:19.367Z - GET /assets/index-DT5EB5bP.css
2024-03-05T09:46:19.420Z - GET /assets/jastel-CzcfOkAB.jpg
2024-03-05T09:46:19.438Z - GET /api/v1/monitor
2024-03-05T09:46:19.460Z - GET /api/v1/monitor2
2024-03-05T09:46:19.469Z - GET /api/v1/HYI
2024-03-05T09:46:19.474Z - GET /api/v1/BLDG1
2024-03-05T09:46:19.534Z - GET /vite.svg
2024-03-05T09:52:04.824Z - GET /
2024-03-05T09:52:04.840Z - GET /assets/index-5hH9YlzP.js
2024-03-05T09:52:04.846Z - GET /assets/index-DT5EB5bP.css
2024-03-05T09:52:04.916Z - GET /assets/jastel-CzcfOkAB.jpg
2024-03-05T09:52:05.325Z - GET /
2024-03-05T09:52:05.349Z - GET /assets/index-5hH9YlzP.js
2024-03-05T09:52:05.356Z - GET /assets/index-DT5EB5bP.css
2024-03-05T09:52:05.400Z - GET /api/v1/monitor
2024-03-05T09:52:05.406Z - GET /api/v1/monitor2
2024-03-05T09:52:05.432Z - GET /api/v1/HYI
2024-03-05T09:52:05.438Z - GET /api/v1/BLDG1
2024-03-05T09:52:05.443Z - GET /assets/jastel-CzcfOkAB.jpg
2024-03-05T09:54:23.889Z - GET /assets/index-DT5EB5bP.css
2024-03-05T09:55:42.093Z - GET /
2024-03-05T09:55:42.137Z - GET /assets/index-5hH9YlzP.js
2024-03-05T09:55:42.148Z - GET /assets/index-DT5EB5bP.css
2024-03-05T09:55:42.194Z - GET /assets/jastel-CzcfOkAB.jpg
2024-03-05T09:55:42.210Z - GET /api/v1/monitor
2024-03-05T09:55:42.221Z - GET /api/v1/monitor2
2024-03-05T09:55:42.228Z - GET /api/v1/HYI
2024-03-05T09:55:42.233Z - GET /api/v1/BLDG1
2024-03-05T09:55:42.347Z - GET /vite.svg
2024-03-05T09:56:42.333Z - GET /
2024-03-05T09:56:42.371Z - GET /assets/index-5hH9YlzP.js
2024-03-05T09:56:42.382Z - GET /assets/index-DT5EB5bP.css
2024-03-05T09:56:42.439Z - GET /assets/jastel-CzcfOkAB.jpg
2024-03-05T09:56:42.460Z - GET /api/v1/monitor
2024-03-05T09:56:42.475Z - GET /api/v1/monitor2
2024-03-05T09:56:42.481Z - GET /api/v1/HYI
2024-03-05T09:56:42.488Z - GET /api/v1/BLDG1
2024-03-05T09:56:42.610Z - GET /vite.svg
2024-03-05T09:56:45.794Z - GET /
2024-03-05T09:56:45.827Z - GET /assets/index-5hH9YlzP.js
2024-03-05T09:56:45.844Z - GET /assets/index-DT5EB5bP.css
2024-03-05T09:56:45.893Z - GET /assets/jastel-CzcfOkAB.jpg
2024-03-05T09:56:45.913Z - GET /api/v1/monitor
2024-03-05T09:56:45.920Z - GET /api/v1/monitor2
2024-03-05T09:56:45.933Z - GET /api/v1/HYI
2024-03-05T09:56:45.940Z - GET /api/v1/BLDG1
2024-03-05T09:56:46.025Z - GET /vite.svg
2024-03-05T09:56:49.580Z - GET /
2024-03-05T09:56:49.605Z - GET /assets/index-5hH9YlzP.js
2024-03-05T09:56:49.618Z - GET /assets/index-DT5EB5bP.css
2024-03-05T09:56:49.666Z - GET /assets/jastel-CzcfOkAB.jpg
2024-03-05T09:56:49.676Z - GET /api/v1/monitor
2024-03-05T09:56:49.686Z - GET /api/v1/monitor2
2024-03-05T09:56:49.694Z - GET /api/v1/HYI
2024-03-05T09:56:49.705Z - GET /api/v1/BLDG1
2024-03-05T09:56:49.832Z - GET /vite.svg
2024-03-05T09:56:51.163Z - GET /
2024-03-05T09:56:51.185Z - GET /assets/index-5hH9YlzP.js
2024-03-05T09:56:51.197Z - GET /assets/index-DT5EB5bP.css
2024-03-05T09:56:51.234Z - GET /assets/jastel-CzcfOkAB.jpg
2024-03-05T09:56:51.245Z - GET /api/v1/monitor
2024-03-05T09:56:51.257Z - GET /api/v1/monitor2
2024-03-05T09:56:51.280Z - GET /api/v1/HYI
2024-03-05T09:56:51.287Z - GET /api/v1/BLDG1
2024-03-05T09:56:51.383Z - GET /vite.svg
2024-03-05T09:57:48.798Z - GET /
2024-03-05T09:57:48.825Z - GET /assets/index-5hH9YlzP.js
2024-03-05T09:57:48.834Z - GET /assets/index-DT5EB5bP.css
2024-03-05T09:57:48.884Z - GET /assets/jastel-CzcfOkAB.jpg
2024-03-05T09:57:48.906Z - GET /api/v1/monitor
2024-03-05T09:57:48.914Z - GET /api/v1/monitor2
2024-03-05T09:57:48.920Z - GET /api/v1/HYI
2024-03-05T09:57:48.925Z - GET /api/v1/BLDG1
2024-03-05T09:57:49.044Z - GET /vite.svg
2024-03-05T09:59:08.665Z - GET /
2024-03-05T09:59:08.702Z - GET /assets/index-5hH9YlzP.js
2024-03-05T09:59:08.716Z - GET /assets/index-DT5EB5bP.css
2024-03-05T09:59:08.757Z - GET /assets/jastel-CzcfOkAB.jpg
2024-03-05T09:59:08.765Z - GET /api/v1/monitor
2024-03-05T09:59:08.780Z - GET /api/v1/monitor2
2024-03-05T09:59:08.788Z - GET /api/v1/HYI
2024-03-05T09:59:08.793Z - GET /api/v1/BLDG1
2024-03-05T09:59:08.858Z - GET /vite.svg
2024-03-05T09:59:11.095Z - GET /
2024-03-05T09:59:11.126Z - GET /assets/index-5hH9YlzP.js
2024-03-05T09:59:11.142Z - GET /assets/index-DT5EB5bP.css
2024-03-05T09:59:11.176Z - GET /assets/jastel-CzcfOkAB.jpg
2024-03-05T09:59:11.184Z - GET /api/v1/monitor
2024-03-05T09:59:11.192Z - GET /api/v1/monitor2
2024-03-05T09:59:11.199Z - GET /api/v1/HYI
2024-03-05T09:59:11.206Z - GET /api/v1/BLDG1
2024-03-05T09:59:11.257Z - GET /vite.svg
2024-03-05T10:01:54.679Z - GET /
2024-03-05T10:01:54.738Z - GET /assets/index-5hH9YlzP.js
2024-03-05T10:01:54.753Z - GET /assets/index-DT5EB5bP.css
2024-03-05T10:01:54.793Z - GET /assets/jastel-CzcfOkAB.jpg
2024-03-05T10:01:54.802Z - GET /api/v1/monitor
2024-03-05T10:01:54.811Z - GET /api/v1/monitor2
2024-03-05T10:01:54.819Z - GET /api/v1/HYI
2024-03-05T10:01:54.826Z - GET /api/v1/BLDG1
2024-03-05T10:01:54.938Z - GET /vite.svg
