2024-03-08T01:19:45.134Z - GET /
2024-03-08T01:19:45.154Z - GET /assets/index-BVVJ6rLv.js
2024-03-08T01:19:45.162Z - GET /assets/index-BwrZj0dv.css
2024-03-08T01:19:45.260Z - GET /assets/jastel-CzcfOkAB.jpg
2024-03-08T01:19:47.387Z - GET /
2024-03-08T01:19:47.415Z - GET /assets/index-BVVJ6rLv.js
2024-03-08T01:19:47.421Z - GET /assets/index-BwrZj0dv.css
2024-03-08T01:19:47.466Z - GET /api/v1/monitor2
2024-03-08T01:19:47.472Z - GET /api/v1/HYI
2024-03-08T01:19:47.500Z - GET /api/v1/temp30
2024-03-08T01:19:47.505Z - GET /api/v1/BLDG1
2024-03-08T01:19:47.512Z - GET /assets/jastel-CzcfOkAB.jpg
2024-03-08T01:21:47.843Z - GET /
2024-03-08T01:21:47.855Z - GET /
2024-03-08T01:21:47.872Z - GET /assets/index-BVVJ6rLv.js
2024-03-08T01:21:47.883Z - GET /assets/index-BwrZj0dv.css
2024-03-08T01:21:47.922Z - GET /assets/jastel-CzcfOkAB.jpg
2024-03-08T01:21:47.934Z - GET /api/v1/monitor2
2024-03-08T01:21:47.949Z - GET /api/v1/HYI
2024-03-08T01:21:47.959Z - GET /api/v1/temp30
2024-03-08T01:21:47.964Z - GET /api/v1/BLDG1
2024-03-08T01:21:48.089Z - GET /vite.svg
2024-03-08T01:23:48.843Z - GET /
2024-03-08T01:23:48.850Z - GET /
2024-03-08T01:23:48.876Z - GET /assets/index-BVVJ6rLv.js
2024-03-08T01:23:48.889Z - GET /assets/index-BwrZj0dv.css
2024-03-08T01:23:48.956Z - GET /assets/jastel-CzcfOkAB.jpg
2024-03-08T01:23:48.968Z - GET /api/v1/monitor2
2024-03-08T01:23:48.973Z - GET /api/v1/HYI
2024-03-08T01:23:48.983Z - GET /api/v1/temp30
2024-03-08T01:23:48.988Z - GET /api/v1/BLDG1
2024-03-08T01:23:49.167Z - GET /vite.svg
2024-03-08T01:25:49.845Z - GET /
2024-03-08T01:25:49.855Z - GET /
2024-03-08T01:25:49.864Z - GET /
2024-03-08T01:25:49.897Z - GET /assets/index-BVVJ6rLv.js
2024-03-08T01:25:49.904Z - GET /assets/index-BwrZj0dv.css
2024-03-08T01:25:49.956Z - GET /assets/jastel-CzcfOkAB.jpg
2024-03-08T01:25:49.961Z - GET /api/v1/monitor2
2024-03-08T01:25:49.971Z - GET /api/v1/HYI
2024-03-08T01:25:49.975Z - GET /api/v1/temp30
2024-03-08T01:25:49.981Z - GET /api/v1/BLDG1
2024-03-08T01:25:50.086Z - GET /vite.svg
2024-03-08T01:27:50.844Z - GET /
2024-03-08T01:27:50.850Z - GET /
2024-03-08T01:27:50.879Z - GET /assets/index-BVVJ6rLv.js
2024-03-08T01:27:50.888Z - GET /assets/index-BwrZj0dv.css
2024-03-08T01:27:50.948Z - GET /assets/jastel-CzcfOkAB.jpg
2024-03-08T01:27:50.968Z - GET /api/v1/monitor2
2024-03-08T01:27:50.973Z - GET /api/v1/HYI
2024-03-08T01:27:50.982Z - GET /api/v1/temp30
2024-03-08T01:27:50.987Z - GET /api/v1/BLDG1
2024-03-08T01:27:51.208Z - GET /vite.svg
2024-03-08T01:29:51.839Z - GET /
2024-03-08T01:29:51.849Z - GET /
2024-03-08T01:29:51.864Z - GET /
2024-03-08T01:29:51.894Z - GET /assets/index-BVVJ6rLv.js
2024-03-08T01:29:51.904Z - GET /assets/index-BwrZj0dv.css
2024-03-08T01:29:51.959Z - GET /assets/jastel-CzcfOkAB.jpg
2024-03-08T01:29:51.964Z - GET /api/v1/monitor2
2024-03-08T01:29:51.968Z - GET /api/v1/HYI
2024-03-08T01:29:51.978Z - GET /api/v1/temp30
2024-03-08T01:29:51.982Z - GET /api/v1/BLDG1
2024-03-08T01:29:52.078Z - GET /vite.svg
2024-03-08T01:31:52.842Z - GET /
2024-03-08T01:31:52.850Z - GET /
2024-03-08T01:31:52.861Z - GET /
2024-03-08T01:31:52.891Z - GET /assets/index-BVVJ6rLv.js
2024-03-08T01:31:52.901Z - GET /assets/index-BwrZj0dv.css
2024-03-08T01:31:52.938Z - GET /assets/jastel-CzcfOkAB.jpg
2024-03-08T01:31:52.944Z - GET /api/v1/monitor2
2024-03-08T01:31:52.956Z - GET /api/v1/HYI
2024-03-08T01:31:52.961Z - GET /api/v1/temp30
2024-03-08T01:31:52.969Z - GET /api/v1/BLDG1
2024-03-08T01:31:53.061Z - GET /vite.svg
2024-03-08T01:33:53.835Z - GET /
2024-03-08T01:33:53.847Z - GET /
2024-03-08T01:33:53.860Z - GET /
2024-03-08T01:33:53.912Z - GET /assets/index-BVVJ6rLv.js
2024-03-08T01:33:53.919Z - GET /assets/index-BwrZj0dv.css
2024-03-08T01:33:53.978Z - GET /assets/jastel-CzcfOkAB.jpg
2024-03-08T01:33:53.988Z - GET /api/v1/monitor2
2024-03-08T01:33:53.995Z - GET /api/v1/HYI
2024-03-08T01:33:54.014Z - GET /api/v1/temp30
2024-03-08T01:33:54.019Z - GET /api/v1/BLDG1
2024-03-08T01:33:54.119Z - GET /vite.svg
2024-03-08T06:25:07.251Z - GET /api/v1/monitor
2024-03-08T06:25:07.286Z - GET /api/v1/monitor2
2024-03-08T06:25:07.293Z - GET /api/v1/HYI
2024-03-08T06:25:07.300Z - GET /api/v1/temp30
2024-03-08T06:25:07.307Z - GET /api/v1/BLDG1
2024-03-08T06:25:07.659Z - GET /api/v1/monitor2
2024-03-08T06:25:07.717Z - GET /api/v1/HYI
2024-03-08T06:25:07.734Z - GET /api/v1/BLDG1
2024-03-08T06:25:07.855Z - GET /api/v1/temp30
2024-03-08T06:25:07.891Z - GET /api/v1/monitor
2024-03-08T06:25:49.017Z - GET /api/v1/monitor
2024-03-08T06:25:55.518Z - GET /api/v1/monitor
2024-03-08T06:26:36.214Z - GET /api/v1/monitor
2024-03-08T06:26:36.746Z - GET /api/v1/monitor
2024-03-08T06:26:37.551Z - GET /api/v1/monitor
2024-03-08T06:26:38.141Z - GET /api/v1/monitor
2024-03-08T06:26:38.611Z - GET /api/v1/monitor
2024-03-08T06:26:39.238Z - GET /api/v1/monitor
2024-03-08T06:26:40.019Z - GET /api/v1/monitor
2024-03-08T06:26:40.517Z - GET /api/v1/monitor
2024-03-08T06:26:41.112Z - GET /api/v1/monitor
2024-03-08T06:27:07.413Z - GET /api/v1/monitor
2024-03-08T06:27:07.425Z - GET /api/v1/monitor2
2024-03-08T06:27:07.429Z - GET /api/v1/HYI
2024-03-08T06:27:07.432Z - GET /api/v1/temp30
2024-03-08T06:27:07.436Z - GET /api/v1/BLDG1
2024-03-08T06:27:07.778Z - GET /api/v1/monitor2
2024-03-08T06:27:07.829Z - GET /api/v1/HYI
2024-03-08T06:27:07.867Z - GET /api/v1/BLDG1
2024-03-08T06:27:07.957Z - GET /api/v1/monitor
2024-03-08T06:27:27.429Z - GET /api/v1/temp30
2024-03-08T06:27:34.976Z - GET /api/v1/monitor
2024-03-08T06:27:36.188Z - GET /api/v1/monitor
2024-03-08T06:27:36.810Z - GET /api/v1/monitor
2024-03-08T06:27:37.588Z - GET /api/v1/monitor
2024-03-08T06:27:38.339Z - GET /api/v1/monitor
2024-03-08T06:27:39.088Z - GET /api/v1/monitor
2024-03-08T06:28:20.714Z - GET /api/v1/monitor
2024-03-08T06:28:21.451Z - GET /api/v1/monitor
2024-03-08T06:28:22.202Z - GET /api/v1/monitor
2024-03-08T06:28:22.910Z - GET /api/v1/monitor
2024-03-08T06:28:23.653Z - GET /api/v1/monitor
2024-03-08T06:28:24.357Z - GET /api/v1/monitor
2024-03-08T06:28:25.133Z - GET /api/v1/monitor
2024-03-08T06:28:25.902Z - GET /api/v1/monitor
2024-03-08T06:28:26.553Z - GET /api/v1/monitor
2024-03-08T06:28:27.363Z - GET /api/v1/monitor
2024-03-08T06:28:28.075Z - GET /api/v1/monitor
2024-03-08T06:28:28.767Z - GET /api/v1/monitor
2024-03-08T06:28:29.487Z - GET /api/v1/monitor
2024-03-08T06:28:30.192Z - GET /api/v1/monitor
2024-03-08T06:28:30.868Z - GET /api/v1/monitor
2024-03-08T06:28:43.363Z - GET /api/v1/monitor
2024-03-08T06:28:44.082Z - GET /api/v1/monitor
2024-03-08T06:28:44.773Z - GET /api/v1/monitor
2024-03-08T06:28:45.309Z - GET /api/v1/monitor
2024-03-08T06:28:51.505Z - GET /api/v1/monitor
2024-03-08T06:28:54.858Z - GET /api/v1/monitor
2024-03-08T06:28:55.357Z - GET /api/v1/monitor
2024-03-08T06:28:56.026Z - GET /api/v1/monitor
2024-03-08T06:28:56.535Z - GET /api/v1/monitor
2024-03-08T06:28:57.216Z - GET /api/v1/monitor
2024-03-08T06:29:07.585Z - GET /api/v1/monitor
2024-03-08T06:29:07.603Z - GET /api/v1/monitor2
2024-03-08T06:29:07.611Z - GET /api/v1/HYI
2024-03-08T06:29:07.616Z - GET /api/v1/temp30
2024-03-08T06:29:07.622Z - GET /api/v1/BLDG1
2024-03-08T06:29:08.076Z - GET /api/v1/BLDG1
2024-03-08T06:29:08.080Z - GET /api/v1/HYI
2024-03-08T06:29:08.104Z - GET /api/v1/monitor2
2024-03-08T06:29:08.282Z - GET /api/v1/monitor
2024-03-08T06:29:23.915Z - GET /api/v1/monitor
2024-03-08T06:29:27.539Z - GET /api/v1/temp30
2024-03-08T06:29:28.645Z - GET /api/v1/monitor
2024-03-08T06:29:34.703Z - GET /api/v1/monitor
2024-03-08T06:29:35.980Z - GET /api/v1/monitor
2024-03-08T06:31:08.027Z - GET /api/v1/monitor
2024-03-08T06:31:08.050Z - GET /api/v1/monitor2
2024-03-08T06:31:08.056Z - GET /api/v1/HYI
2024-03-08T06:31:08.065Z - GET /api/v1/temp30
2024-03-08T06:31:08.074Z - GET /api/v1/BLDG1
2024-03-08T06:31:08.552Z - GET /api/v1/HYI
2024-03-08T06:31:08.614Z - GET /api/v1/BLDG1
2024-03-08T06:31:08.621Z - GET /api/v1/monitor2
2024-03-08T06:31:08.684Z - GET /api/v1/temp30
2024-03-08T06:31:08.749Z - GET /api/v1/monitor
2024-03-08T06:31:56.850Z - GET /api/v1/monitor
2024-03-08T06:32:26.135Z - GET /api/v1/monitor
2024-03-08T06:32:26.146Z - GET /api/v1/monitor2
2024-03-08T06:32:26.152Z - GET /api/v1/HYI
2024-03-08T06:32:26.157Z - GET /api/v1/temp30
2024-03-08T06:32:26.162Z - GET /api/v1/BLDG1
2024-03-08T06:32:26.533Z - GET /api/v1/monitor2
2024-03-08T06:32:26.604Z - GET /api/v1/HYI
2024-03-08T06:32:26.627Z - GET /api/v1/BLDG1
2024-03-08T06:32:26.834Z - GET /api/v1/monitor
2024-03-08T06:32:44.225Z - GET /api/v1/temp30
2024-03-08T06:33:42.844Z - GET /api/v1/monitor
2024-03-08T06:34:26.191Z - GET /api/v1/monitor
2024-03-08T06:34:26.209Z - GET /api/v1/HYI
2024-03-08T06:34:26.215Z - GET /api/v1/monitor2
2024-03-08T06:34:26.227Z - GET /api/v1/temp30
2024-03-08T06:34:26.233Z - GET /api/v1/BLDG1
2024-03-08T06:34:26.621Z - GET /api/v1/HYI
2024-03-08T06:34:26.652Z - GET /api/v1/monitor2
2024-03-08T06:34:26.675Z - GET /api/v1/BLDG1
2024-03-08T06:34:26.687Z - GET /api/v1/monitor
2024-03-08T06:34:26.757Z - GET /api/v1/temp30
2024-03-08T06:35:56.431Z - GET /api/v1/monitor
2024-03-08T06:36:26.363Z - GET /api/v1/monitor
2024-03-08T06:36:26.391Z - GET /api/v1/monitor2
2024-03-08T06:36:26.397Z - GET /api/v1/HYI
2024-03-08T06:36:26.403Z - GET /api/v1/temp30
2024-03-08T06:36:26.407Z - GET /api/v1/BLDG1
2024-03-08T06:36:26.806Z - GET /api/v1/HYI
2024-03-08T06:36:26.822Z - GET /api/v1/BLDG1
2024-03-08T06:36:26.832Z - GET /api/v1/monitor2
2024-03-08T06:36:26.857Z - GET /api/v1/monitor
2024-03-08T06:36:26.947Z - GET /api/v1/temp30
2024-03-08T06:36:39.821Z - GET /api/v1/monitor
2024-03-08T06:36:42.997Z - GET /api/v1/monitor
2024-03-08T06:36:43.584Z - GET /api/v1/monitor
2024-03-08T06:36:44.234Z - GET /api/v1/monitor
2024-03-08T06:36:44.870Z - GET /api/v1/monitor
2024-03-08T06:36:45.502Z - GET /api/v1/monitor
2024-03-08T06:36:46.187Z - GET /api/v1/monitor
2024-03-08T06:36:46.783Z - GET /api/v1/monitor
2024-03-08T06:37:00.001Z - GET /api/v1/monitor
2024-03-08T06:37:44.101Z - GET /api/v1/monitor
2024-03-08T06:38:03.558Z - GET /api/v1/monitor
2024-03-08T06:38:11.307Z - GET /api/v1/monitor
2024-03-08T06:38:12.348Z - GET /api/v1/monitor
2024-03-08T06:38:13.079Z - GET /api/v1/monitor
2024-03-08T06:38:13.802Z - GET /api/v1/monitor
2024-03-08T06:38:26.513Z - GET /api/v1/monitor
2024-03-08T06:38:26.523Z - GET /api/v1/monitor2
2024-03-08T06:38:26.527Z - GET /api/v1/HYI
2024-03-08T06:38:26.532Z - GET /api/v1/temp30
2024-03-08T06:38:26.535Z - GET /api/v1/BLDG1
2024-03-08T06:38:26.869Z - GET /api/v1/monitor2
2024-03-08T06:38:26.951Z - GET /api/v1/BLDG1
2024-03-08T06:38:27.055Z - GET /api/v1/HYI
2024-03-08T06:38:27.140Z - GET /api/v1/temp30
2024-03-08T06:38:28.359Z - GET /api/v1/monitor
2024-03-08T06:38:31.409Z - GET /api/v1/monitor
2024-03-08T06:40:26.701Z - GET /api/v1/monitor
2024-03-08T06:40:26.708Z - GET /api/v1/monitor2
2024-03-08T06:40:26.711Z - GET /api/v1/HYI
2024-03-08T06:40:26.714Z - GET /api/v1/temp30
2024-03-08T06:40:26.727Z - GET /api/v1/BLDG1
2024-03-08T06:40:29.145Z - GET /api/v1/monitor2
2024-03-08T06:40:29.230Z - GET /api/v1/BLDG1
2024-03-08T06:40:29.236Z - GET /api/v1/HYI
2024-03-08T06:40:29.297Z - GET /api/v1/temp30
2024-03-08T06:40:29.307Z - GET /api/v1/monitor
2024-03-08T06:42:26.876Z - GET /api/v1/monitor
2024-03-08T06:42:26.892Z - GET /api/v1/monitor2
2024-03-08T06:42:26.899Z - GET /api/v1/HYI
2024-03-08T06:42:26.905Z - GET /api/v1/temp30
2024-03-08T06:42:26.909Z - GET /api/v1/BLDG1
2024-03-08T06:42:27.481Z - GET /api/v1/monitor2
2024-03-08T06:42:27.516Z - GET /api/v1/BLDG1
2024-03-08T06:42:27.523Z - GET /api/v1/HYI
2024-03-08T06:42:27.529Z - GET /api/v1/temp30
2024-03-08T06:42:27.557Z - GET /api/v1/monitor
2024-03-08T06:44:27.098Z - GET /api/v1/monitor
2024-03-08T06:44:27.106Z - GET /api/v1/monitor2
2024-03-08T06:44:27.111Z - GET /api/v1/HYI
2024-03-08T06:44:27.116Z - GET /api/v1/temp30
2024-03-08T06:44:27.146Z - GET /api/v1/BLDG1
2024-03-08T06:44:27.599Z - GET /api/v1/monitor2
2024-03-08T06:44:27.647Z - GET /api/v1/HYI
2024-03-08T06:44:27.657Z - GET /api/v1/BLDG1
2024-03-08T06:44:27.681Z - GET /api/v1/temp30
2024-03-08T06:44:27.692Z - GET /api/v1/monitor
2024-03-08T06:46:27.299Z - GET /api/v1/monitor
2024-03-08T06:46:27.314Z - GET /api/v1/monitor2
2024-03-08T06:46:27.320Z - GET /api/v1/HYI
2024-03-08T06:46:27.324Z - GET /api/v1/temp30
2024-03-08T06:46:27.330Z - GET /api/v1/BLDG1
2024-03-08T06:46:27.715Z - GET /api/v1/monitor2
2024-03-08T06:46:27.781Z - GET /api/v1/monitor
2024-03-08T06:46:27.798Z - GET /api/v1/BLDG1
2024-03-08T06:46:27.811Z - GET /api/v1/HYI
2024-03-08T06:46:27.831Z - GET /api/v1/temp30
2024-03-08T06:48:27.449Z - GET /api/v1/monitor
2024-03-08T06:48:27.457Z - GET /api/v1/monitor2
2024-03-08T06:48:27.484Z - GET /api/v1/HYI
2024-03-08T06:48:27.490Z - GET /api/v1/temp30
2024-03-08T06:48:27.495Z - GET /api/v1/BLDG1
2024-03-08T06:48:27.866Z - GET /api/v1/BLDG1
2024-03-08T06:48:27.883Z - GET /api/v1/HYI
2024-03-08T06:48:28.010Z - GET /api/v1/monitor2
2024-03-08T06:48:28.176Z - GET /api/v1/monitor
2024-03-08T06:48:42.945Z - GET /api/v1/temp30
2024-03-08T06:50:27.600Z - GET /api/v1/monitor
2024-03-08T06:50:27.614Z - GET /api/v1/monitor2
2024-03-08T06:50:27.619Z - GET /api/v1/HYI
2024-03-08T06:50:27.623Z - GET /api/v1/temp30
2024-03-08T06:50:27.628Z - GET /api/v1/BLDG1
2024-03-08T06:50:28.059Z - GET /api/v1/monitor2
2024-03-08T06:50:28.084Z - GET /api/v1/HYI
2024-03-08T06:50:28.105Z - GET /api/v1/BLDG1
2024-03-08T06:50:28.228Z - GET /api/v1/temp30
2024-03-08T06:50:28.239Z - GET /api/v1/monitor
2024-03-08T06:52:27.845Z - GET /api/v1/monitor
2024-03-08T06:52:27.853Z - GET /api/v1/monitor2
2024-03-08T06:52:27.869Z - GET /api/v1/HYI
2024-03-08T06:52:27.877Z - GET /api/v1/temp30
2024-03-08T06:52:27.890Z - GET /api/v1/BLDG1
2024-03-08T06:52:28.350Z - GET /api/v1/monitor2
2024-03-08T06:52:28.393Z - GET /api/v1/BLDG1
2024-03-08T06:52:28.403Z - GET /api/v1/HYI
2024-03-08T06:52:28.648Z - GET /api/v1/monitor
2024-03-08T06:52:33.027Z - GET /api/v1/monitor
2024-03-08T06:52:33.035Z - GET /api/v1/temp30
2024-03-08T06:52:33.051Z - GET /api/v1/monitor2
2024-03-08T06:52:33.058Z - GET /api/v1/HYI
2024-03-08T06:52:33.065Z - GET /api/v1/BLDG1
2024-03-08T06:52:33.441Z - GET /api/v1/monitor2
2024-03-08T06:52:33.462Z - GET /api/v1/BLDG1
2024-03-08T06:52:33.490Z - GET /api/v1/monitor
2024-03-08T06:52:33.514Z - GET /api/v1/HYI
2024-03-08T06:52:33.612Z - GET /api/v1/temp30
2024-03-08T06:54:33.171Z - GET /api/v1/monitor
2024-03-08T06:54:33.180Z - GET /api/v1/monitor2
2024-03-08T06:54:33.184Z - GET /api/v1/HYI
2024-03-08T06:54:33.192Z - GET /api/v1/temp30
2024-03-08T06:54:33.197Z - GET /api/v1/BLDG1
2024-03-08T06:54:33.585Z - GET /api/v1/BLDG1
2024-03-08T06:54:33.590Z - GET /api/v1/HYI
2024-03-08T06:54:33.605Z - GET /api/v1/monitor2
2024-03-08T06:54:33.722Z - GET /api/v1/temp30
2024-03-08T06:54:33.905Z - GET /api/v1/monitor
2024-03-08T06:56:33.337Z - GET /api/v1/monitor
2024-03-08T06:56:33.343Z - GET /api/v1/monitor2
2024-03-08T06:56:33.347Z - GET /api/v1/HYI
2024-03-08T06:56:33.351Z - GET /api/v1/temp30
2024-03-08T06:56:33.356Z - GET /api/v1/BLDG1
2024-03-08T06:56:33.705Z - GET /api/v1/monitor2
2024-03-08T06:56:33.769Z - GET /api/v1/HYI
2024-03-08T06:56:33.789Z - GET /api/v1/BLDG1
2024-03-08T06:56:34.226Z - GET /api/v1/monitor
2024-03-08T06:56:37.748Z - GET /api/v1/temp30
2024-03-08T06:58:33.487Z - GET /api/v1/monitor
2024-03-08T06:58:33.494Z - GET /api/v1/monitor2
2024-03-08T06:58:33.501Z - GET /api/v1/HYI
2024-03-08T06:58:33.508Z - GET /api/v1/temp30
2024-03-08T06:58:33.512Z - GET /api/v1/BLDG1
2024-03-08T06:58:33.855Z - GET /api/v1/monitor2
2024-03-08T06:58:33.901Z - GET /api/v1/HYI
2024-03-08T06:58:33.912Z - GET /api/v1/BLDG1
2024-03-08T06:58:34.136Z - GET /api/v1/temp30
2024-03-08T06:58:34.213Z - GET /api/v1/monitor
2024-03-08T07:00:34.086Z - GET /api/v1/monitor
2024-03-08T07:00:34.103Z - GET /api/v1/monitor2
2024-03-08T07:00:34.107Z - GET /api/v1/HYI
2024-03-08T07:00:34.113Z - GET /api/v1/temp30
2024-03-08T07:00:34.117Z - GET /api/v1/BLDG1
2024-03-08T07:00:34.417Z - GET /api/v1/monitor2
2024-03-08T07:00:34.476Z - GET /api/v1/HYI
2024-03-08T07:00:34.495Z - GET /api/v1/BLDG1
2024-03-08T07:00:34.571Z - GET /api/v1/temp30
2024-03-08T07:00:34.594Z - GET /api/v1/monitor
2024-03-08T07:02:35.032Z - GET /api/v1/monitor
2024-03-08T07:02:35.051Z - GET /api/v1/monitor2
2024-03-08T07:02:35.057Z - GET /api/v1/temp30
2024-03-08T07:02:35.064Z - GET /api/v1/HYI
2024-03-08T07:02:35.072Z - GET /api/v1/BLDG1
2024-03-08T07:02:35.470Z - GET /api/v1/monitor2
2024-03-08T07:02:35.479Z - GET /api/v1/HYI
2024-03-08T07:02:35.561Z - GET /api/v1/BLDG1
2024-03-08T07:02:35.662Z - GET /api/v1/monitor
2024-03-08T07:02:35.668Z - GET /api/v1/temp30
2024-03-08T07:04:36.081Z - GET /api/v1/monitor
2024-03-08T07:04:36.094Z - GET /api/v1/monitor2
2024-03-08T07:04:36.099Z - GET /api/v1/HYI
2024-03-08T07:04:36.103Z - GET /api/v1/temp30
2024-03-08T07:04:36.108Z - GET /api/v1/BLDG1
2024-03-08T07:04:36.441Z - GET /api/v1/monitor2
2024-03-08T07:04:36.489Z - GET /api/v1/BLDG1
2024-03-08T07:04:36.496Z - GET /api/v1/HYI
2024-03-08T07:04:36.560Z - GET /api/v1/monitor
2024-03-08T07:04:36.618Z - GET /api/v1/temp30
2024-03-08T07:06:37.016Z - GET /api/v1/monitor
2024-03-08T07:06:37.033Z - GET /api/v1/monitor2
2024-03-08T07:06:37.039Z - GET /api/v1/HYI
2024-03-08T07:06:37.044Z - GET /api/v1/temp30
2024-03-08T07:06:37.056Z - GET /api/v1/BLDG1
2024-03-08T07:06:37.422Z - GET /api/v1/monitor2
2024-03-08T07:06:37.462Z - GET /api/v1/HYI
2024-03-08T07:06:37.486Z - GET /api/v1/BLDG1
2024-03-08T07:06:37.603Z - GET /api/v1/temp30
2024-03-08T07:06:37.741Z - GET /api/v1/monitor
2024-03-08T07:08:38.063Z - GET /api/v1/monitor
2024-03-08T07:08:38.075Z - GET /api/v1/monitor2
2024-03-08T07:08:38.082Z - GET /api/v1/HYI
2024-03-08T07:08:38.088Z - GET /api/v1/temp30
2024-03-08T07:08:38.092Z - GET /api/v1/BLDG1
2024-03-08T07:08:38.419Z - GET /api/v1/monitor2
2024-03-08T07:08:38.471Z - GET /api/v1/HYI
2024-03-08T07:08:38.477Z - GET /api/v1/BLDG1
2024-03-08T07:08:38.583Z - GET /api/v1/temp30
2024-03-08T07:08:38.722Z - GET /api/v1/monitor
2024-03-08T07:10:38.979Z - GET /api/v1/monitor
2024-03-08T07:10:39.001Z - GET /api/v1/monitor2
2024-03-08T07:10:39.007Z - GET /api/v1/HYI
2024-03-08T07:10:39.014Z - GET /api/v1/temp30
2024-03-08T07:10:39.036Z - GET /api/v1/BLDG1
2024-03-08T07:10:39.335Z - GET /api/v1/monitor2
2024-03-08T07:10:39.394Z - GET /api/v1/HYI
2024-03-08T07:10:39.413Z - GET /api/v1/BLDG1
2024-03-08T07:10:39.593Z - GET /api/v1/monitor
2024-03-08T07:10:59.002Z - GET /api/v1/temp30
2024-03-08T07:12:40.068Z - GET /api/v1/monitor
2024-03-08T07:12:40.076Z - GET /api/v1/monitor2
2024-03-08T07:12:40.082Z - GET /api/v1/HYI
2024-03-08T07:12:40.088Z - GET /api/v1/temp30
2024-03-08T07:12:40.111Z - GET /api/v1/BLDG1
2024-03-08T07:12:40.415Z - GET /api/v1/monitor2
2024-03-08T07:12:40.475Z - GET /api/v1/HYI
2024-03-08T07:12:40.496Z - GET /api/v1/BLDG1
2024-03-08T07:12:40.701Z - GET /api/v1/temp30
2024-03-08T07:12:40.804Z - GET /api/v1/monitor
2024-03-08T07:14:40.961Z - GET /api/v1/monitor
2024-03-08T07:14:40.973Z - GET /api/v1/monitor2
2024-03-08T07:14:40.979Z - GET /api/v1/HYI
2024-03-08T07:14:40.985Z - GET /api/v1/temp30
2024-03-08T07:14:40.990Z - GET /api/v1/BLDG1
2024-03-08T07:14:41.360Z - GET /api/v1/monitor2
2024-03-08T07:14:41.398Z - GET /api/v1/HYI
2024-03-08T07:14:41.426Z - GET /api/v1/BLDG1
2024-03-08T07:14:41.711Z - GET /api/v1/monitor
2024-03-08T07:15:00.968Z - GET /api/v1/temp30
2024-03-08T07:16:41.958Z - GET /api/v1/monitor
2024-03-08T07:16:41.970Z - GET /api/v1/monitor2
2024-03-08T07:16:41.974Z - GET /api/v1/HYI
2024-03-08T07:16:41.981Z - GET /api/v1/temp30
2024-03-08T07:16:41.987Z - GET /api/v1/BLDG1
2024-03-08T07:16:42.317Z - GET /api/v1/monitor2
2024-03-08T07:16:42.391Z - GET /api/v1/BLDG1
2024-03-08T07:16:42.401Z - GET /api/v1/HYI
2024-03-08T07:16:42.514Z - GET /api/v1/temp30
2024-03-08T07:16:42.636Z - GET /api/v1/monitor
2024-03-08T07:18:42.960Z - GET /api/v1/monitor
2024-03-08T07:18:42.977Z - GET /api/v1/monitor2
2024-03-08T07:18:42.982Z - GET /api/v1/HYI
2024-03-08T07:18:42.986Z - GET /api/v1/temp30
2024-03-08T07:18:42.993Z - GET /api/v1/BLDG1
2024-03-08T07:18:43.366Z - GET /api/v1/BLDG1
2024-03-08T07:18:43.372Z - GET /api/v1/monitor2
2024-03-08T07:18:43.404Z - GET /api/v1/HYI
2024-03-08T07:18:43.761Z - GET /api/v1/monitor
2024-03-08T07:18:49.493Z - GET /api/v1/temp30
2024-03-08T07:20:44.012Z - GET /api/v1/monitor
2024-03-08T07:20:44.024Z - GET /api/v1/monitor2
2024-03-08T07:20:44.029Z - GET /api/v1/HYI
2024-03-08T07:20:44.032Z - GET /api/v1/temp30
2024-03-08T07:20:44.036Z - GET /api/v1/BLDG1
2024-03-08T07:20:44.350Z - GET /api/v1/monitor2
2024-03-08T07:20:44.427Z - GET /api/v1/BLDG1
2024-03-08T07:20:44.462Z - GET /api/v1/HYI
2024-03-08T07:20:44.520Z - GET /api/v1/monitor
2024-03-08T07:20:44.566Z - GET /api/v1/temp30
2024-03-08T07:22:45.053Z - GET /api/v1/monitor
2024-03-08T07:22:45.073Z - GET /api/v1/monitor2
2024-03-08T07:22:45.081Z - GET /api/v1/HYI
2024-03-08T07:22:45.091Z - GET /api/v1/temp30
2024-03-08T07:22:45.099Z - GET /api/v1/BLDG1
2024-03-08T07:22:45.436Z - GET /api/v1/monitor2
2024-03-08T07:22:45.475Z - GET /api/v1/HYI
2024-03-08T07:22:45.494Z - GET /api/v1/BLDG1
2024-03-08T07:22:45.644Z - GET /api/v1/temp30
2024-03-08T07:22:45.667Z - GET /api/v1/monitor
2024-03-08T07:24:46.021Z - GET /api/v1/monitor
2024-03-08T07:24:46.035Z - GET /api/v1/monitor2
2024-03-08T07:24:46.039Z - GET /api/v1/HYI
2024-03-08T07:24:46.046Z - GET /api/v1/temp30
2024-03-08T07:24:46.051Z - GET /api/v1/BLDG1
2024-03-08T07:24:46.401Z - GET /api/v1/monitor2
2024-03-08T07:24:46.460Z - GET /api/v1/BLDG1
2024-03-08T07:24:46.476Z - GET /api/v1/HYI
2024-03-08T07:24:46.588Z - GET /api/v1/temp30
2024-03-08T07:24:46.734Z - GET /api/v1/monitor
2024-03-08T07:26:47.025Z - GET /api/v1/monitor
2024-03-08T07:26:47.033Z - GET /api/v1/monitor2
2024-03-08T07:26:47.039Z - GET /api/v1/HYI
2024-03-08T07:26:47.048Z - GET /api/v1/temp30
2024-03-08T07:26:47.057Z - GET /api/v1/BLDG1
2024-03-08T07:26:47.483Z - GET /api/v1/HYI
2024-03-08T07:26:47.494Z - GET /api/v1/BLDG1
2024-03-08T07:26:47.559Z - GET /api/v1/monitor2
2024-03-08T07:26:47.772Z - GET /api/v1/monitor
2024-03-08T07:27:07.042Z - GET /api/v1/temp30
2024-03-08T07:28:48.055Z - GET /api/v1/monitor
2024-03-08T07:28:48.063Z - GET /api/v1/monitor2
2024-03-08T07:28:48.072Z - GET /api/v1/HYI
2024-03-08T07:28:48.082Z - GET /api/v1/temp30
2024-03-08T07:28:48.090Z - GET /api/v1/BLDG1
2024-03-08T07:28:48.468Z - GET /api/v1/monitor2
2024-03-08T07:28:48.495Z - GET /api/v1/HYI
2024-03-08T07:28:48.511Z - GET /api/v1/BLDG1
2024-03-08T07:28:48.656Z - GET /api/v1/temp30
2024-03-08T07:28:48.861Z - GET /api/v1/monitor
2024-03-08T07:30:49.035Z - GET /api/v1/monitor
2024-03-08T07:30:49.047Z - GET /api/v1/monitor2
2024-03-08T07:30:49.056Z - GET /api/v1/HYI
2024-03-08T07:30:49.066Z - GET /api/v1/temp30
2024-03-08T07:30:49.075Z - GET /api/v1/BLDG1
2024-03-08T07:30:49.423Z - GET /api/v1/monitor2
2024-03-08T07:30:49.471Z - GET /api/v1/HYI
2024-03-08T07:30:49.494Z - GET /api/v1/BLDG1
2024-03-08T07:30:49.537Z - GET /api/v1/monitor
2024-03-08T07:31:09.049Z - GET /api/v1/temp30
2024-03-08T07:32:49.981Z - GET /api/v1/monitor
2024-03-08T07:32:49.986Z - GET /api/v1/monitor2
2024-03-08T07:32:49.991Z - GET /api/v1/HYI
2024-03-08T07:32:50.012Z - GET /api/v1/temp30
2024-03-08T07:32:50.017Z - GET /api/v1/BLDG1
2024-03-08T07:32:50.476Z - GET /api/v1/monitor2
2024-03-08T07:32:50.569Z - GET /api/v1/HYI
2024-03-08T07:32:50.577Z - GET /api/v1/temp30
2024-03-08T07:32:50.681Z - GET /api/v1/monitor
2024-03-08T07:32:50.915Z - GET /api/v1/BLDG1
2024-03-08T07:34:51.022Z - GET /api/v1/monitor
2024-03-08T07:34:51.038Z - GET /api/v1/monitor2
2024-03-08T07:34:51.049Z - GET /api/v1/HYI
2024-03-08T07:34:51.061Z - GET /api/v1/temp30
2024-03-08T07:34:51.071Z - GET /api/v1/BLDG1
2024-03-08T07:34:51.441Z - GET /api/v1/monitor2
2024-03-08T07:34:51.495Z - GET /api/v1/HYI
2024-03-08T07:34:51.515Z - GET /api/v1/BLDG1
2024-03-08T07:34:51.657Z - GET /api/v1/temp30
2024-03-08T07:34:51.720Z - GET /api/v1/monitor
2024-03-08T07:36:52.043Z - GET /api/v1/monitor
2024-03-08T07:36:52.070Z - GET /api/v1/monitor2
2024-03-08T07:36:52.080Z - GET /api/v1/HYI
2024-03-08T07:36:52.093Z - GET /api/v1/temp30
2024-03-08T07:36:52.102Z - GET /api/v1/BLDG1
2024-03-08T07:36:52.444Z - GET /api/v1/monitor2
2024-03-08T07:36:52.512Z - GET /api/v1/BLDG1
2024-03-08T07:36:52.533Z - GET /api/v1/HYI
2024-03-08T07:36:52.570Z - GET /api/v1/temp30
2024-03-08T07:36:52.680Z - GET /api/v1/monitor
2024-03-08T07:38:52.987Z - GET /api/v1/monitor
2024-03-08T07:38:52.993Z - GET /api/v1/monitor2
2024-03-08T07:38:52.997Z - GET /api/v1/HYI
2024-03-08T07:38:53.003Z - GET /api/v1/temp30
2024-03-08T07:38:53.007Z - GET /api/v1/BLDG1
2024-03-08T07:38:53.382Z - GET /api/v1/monitor2
2024-03-08T07:38:53.449Z - GET /api/v1/HYI
2024-03-08T07:38:53.459Z - GET /api/v1/BLDG1
2024-03-08T07:38:53.477Z - GET /api/v1/monitor
2024-03-08T07:38:53.607Z - GET /api/v1/temp30
2024-03-08T07:40:27.036Z - GET /
2024-03-08T07:40:27.080Z - GET /assets/index-BwrZj0dv.css
2024-03-08T07:40:27.088Z - GET /assets/index-BVVJ6rLv.js
2024-03-08T07:40:27.790Z - GET /
2024-03-08T07:40:27.826Z - GET /assets/index-BVVJ6rLv.js
2024-03-08T07:40:27.834Z - GET /assets/index-BwrZj0dv.css
2024-03-08T07:40:27.959Z - GET /vite.svg
2024-03-08T07:40:36.651Z - GET /
2024-03-08T07:40:37.802Z - GET /
2024-03-08T07:40:38.405Z - GET /
2024-03-08T07:40:38.607Z - GET /
2024-03-08T07:40:38.757Z - GET /
2024-03-08T07:40:38.922Z - GET /
2024-03-08T07:40:39.092Z - GET /
2024-03-08T07:40:39.257Z - GET /
2024-03-08T07:40:39.421Z - GET /
2024-03-08T07:40:39.586Z - GET /
2024-03-08T07:40:43.525Z - GET /
2024-03-08T07:40:43.686Z - GET /
2024-03-08T07:40:44.000Z - GET /
2024-03-08T07:40:44.154Z - GET /
2024-03-08T07:40:44.406Z - GET /
2024-03-08T07:40:44.570Z - GET /
2024-03-08T07:40:44.718Z - GET /
2024-03-08T07:40:44.950Z - GET /
2024-03-08T07:40:45.124Z - GET /
2024-03-08T07:40:45.283Z - GET /
2024-03-08T07:40:45.415Z - GET /
2024-03-08T07:40:45.537Z - GET /
2024-03-08T07:40:45.806Z - GET /
2024-03-08T07:40:45.980Z - GET /
2024-03-08T07:40:46.201Z - GET /
2024-03-08T07:40:46.391Z - GET /
2024-03-08T07:40:46.550Z - GET /
2024-03-08T07:40:46.710Z - GET /
2024-03-08T07:40:47.015Z - GET /
2024-03-08T07:40:47.222Z - GET /
2024-03-08T07:40:54.026Z - GET /api/v1/monitor
2024-03-08T07:40:54.050Z - GET /api/v1/monitor2
2024-03-08T07:40:54.057Z - GET /api/v1/HYI
2024-03-08T07:40:54.067Z - GET /api/v1/temp30
2024-03-08T07:40:54.074Z - GET /api/v1/BLDG1
2024-03-08T07:40:54.501Z - GET /api/v1/HYI
2024-03-08T07:40:54.507Z - GET /api/v1/BLDG1
2024-03-08T07:40:54.543Z - GET /api/v1/monitor2
2024-03-08T07:40:54.625Z - GET /api/v1/temp30
2024-03-08T07:40:54.820Z - GET /api/v1/monitor
2024-03-08T07:40:59.524Z - GET /
2024-03-08T07:40:59.705Z - GET /
2024-03-08T07:40:59.870Z - GET /
2024-03-08T07:41:00.025Z - GET /
2024-03-08T07:41:00.168Z - GET /
2024-03-08T07:41:00.298Z - GET /
2024-03-08T07:41:00.456Z - GET /
2024-03-08T07:41:00.621Z - GET /
2024-03-08T07:41:00.764Z - GET /
2024-03-08T07:41:00.917Z - GET /
2024-03-08T07:41:01.057Z - GET /
2024-03-08T07:41:01.179Z - GET /
2024-03-08T07:41:01.332Z - GET /
2024-03-08T07:41:01.480Z - GET /
2024-03-08T07:41:09.630Z - GET /
2024-03-08T07:41:10.344Z - GET /
2024-03-08T07:41:18.076Z - GET /api/v1/monitor
2024-03-08T07:41:18.084Z - GET /api/v1/monitor2
2024-03-08T07:41:18.120Z - GET /api/v1/HYI
2024-03-08T07:41:18.125Z - GET /api/v1/temp30
2024-03-08T07:41:18.130Z - GET /api/v1/BLDG1
2024-03-08T07:41:18.453Z - GET /api/v1/monitor2
2024-03-08T07:41:18.511Z - GET /api/v1/HYI
2024-03-08T07:41:18.522Z - GET /api/v1/BLDG1
2024-03-08T07:41:18.549Z - GET /api/v1/monitor
2024-03-08T07:41:38.086Z - GET /api/v1/temp30
2024-03-08T07:42:09.845Z - GET /api/v1/monitor
2024-03-08T07:42:09.859Z - GET /api/v1/monitor2
2024-03-08T07:42:09.933Z - GET /api/v1/HYI
2024-03-08T07:42:09.941Z - GET /api/v1/temp30
2024-03-08T07:42:09.945Z - GET /api/v1/BLDG1
2024-03-08T07:42:10.261Z - GET /api/v1/monitor2
2024-03-08T07:42:10.325Z - GET /api/v1/HYI
2024-03-08T07:42:10.361Z - GET /api/v1/BLDG1
2024-03-08T07:42:10.434Z - GET /api/v1/monitor
2024-03-08T07:42:10.475Z - GET /api/v1/temp30
2024-03-08T07:42:15.015Z - GET /
2024-03-08T07:42:15.046Z - GET /assets/index-BwrZj0dv.css
2024-03-08T07:42:15.056Z - GET /assets/index-BVVJ6rLv.js
2024-03-08T07:42:17.041Z - GET /
2024-03-08T07:42:17.070Z - GET /assets/index-BVVJ6rLv.js
2024-03-08T07:42:17.075Z - GET /assets/index-BwrZj0dv.css
2024-03-08T07:42:17.137Z - GET /vite.svg
2024-03-08T07:42:36.254Z - GET /
2024-03-08T07:42:36.284Z - GET /assets/index-DQBweUZD.js
2024-03-08T07:42:36.292Z - GET /assets/index-Ugfg4q-L.css
2024-03-08T07:42:36.364Z - GET /vite.svg
2024-03-08T07:42:36.837Z - GET /
2024-03-08T07:42:36.857Z - GET /assets/index-DQBweUZD.js
2024-03-08T07:42:36.866Z - GET /assets/index-Ugfg4q-L.css
2024-03-08T07:42:36.934Z - GET /vite.svg
2024-03-08T07:42:37.132Z - GET /
2024-03-08T07:42:37.159Z - GET /assets/index-DQBweUZD.js
2024-03-08T07:42:37.166Z - GET /assets/index-Ugfg4q-L.css
2024-03-08T07:42:37.233Z - GET /vite.svg
2024-03-08T07:42:37.940Z - GET /
2024-03-08T07:42:37.969Z - GET /assets/index-DQBweUZD.js
2024-03-08T07:42:37.979Z - GET /assets/index-Ugfg4q-L.css
2024-03-08T07:42:38.051Z - GET /vite.svg
2024-03-08T07:42:38.099Z - GET /
2024-03-08T07:42:38.125Z - GET /assets/index-DQBweUZD.js
2024-03-08T07:42:38.136Z - GET /assets/index-Ugfg4q-L.css
2024-03-08T07:42:38.211Z - GET /vite.svg
2024-03-08T07:42:38.245Z - GET /
2024-03-08T07:42:38.270Z - GET /assets/index-DQBweUZD.js
2024-03-08T07:42:38.276Z - GET /assets/index-Ugfg4q-L.css
2024-03-08T07:42:38.342Z - GET /vite.svg
2024-03-08T07:42:38.410Z - GET /
2024-03-08T07:42:38.445Z - GET /assets/index-DQBweUZD.js
2024-03-08T07:42:38.454Z - GET /assets/index-Ugfg4q-L.css
2024-03-08T07:42:38.528Z - GET /vite.svg
2024-03-08T07:42:38.553Z - GET /
2024-03-08T07:42:38.574Z - GET /assets/index-DQBweUZD.js
2024-03-08T07:42:38.587Z - GET /assets/index-Ugfg4q-L.css
2024-03-08T07:42:38.657Z - GET /vite.svg
2024-03-08T07:42:38.696Z - GET /
2024-03-08T07:42:38.723Z - GET /assets/index-DQBweUZD.js
2024-03-08T07:42:38.734Z - GET /assets/index-Ugfg4q-L.css
2024-03-08T07:42:38.789Z - GET /vite.svg
2024-03-08T07:42:38.859Z - GET /
2024-03-08T07:42:38.887Z - GET /assets/index-DQBweUZD.js
2024-03-08T07:42:38.897Z - GET /assets/index-Ugfg4q-L.css
2024-03-08T07:42:38.978Z - GET /vite.svg
2024-03-08T07:42:39.018Z - GET /
2024-03-08T07:42:39.036Z - GET /assets/index-DQBweUZD.js
2024-03-08T07:42:39.044Z - GET /assets/index-Ugfg4q-L.css
2024-03-08T07:42:39.117Z - GET /vite.svg
2024-03-08T07:42:39.157Z - GET /
2024-03-08T07:42:39.182Z - GET /assets/index-DQBweUZD.js
2024-03-08T07:42:39.193Z - GET /assets/index-Ugfg4q-L.css
2024-03-08T07:42:39.259Z - GET /vite.svg
2024-03-08T07:42:39.313Z - GET /
2024-03-08T07:42:39.341Z - GET /assets/index-DQBweUZD.js
2024-03-08T07:42:39.351Z - GET /assets/index-Ugfg4q-L.css
2024-03-08T07:42:39.422Z - GET /vite.svg
2024-03-08T07:42:39.544Z - GET /
2024-03-08T07:42:39.565Z - GET /assets/index-DQBweUZD.js
2024-03-08T07:42:39.573Z - GET /assets/index-Ugfg4q-L.css
2024-03-08T07:42:39.638Z - GET /vite.svg
2024-03-08T07:42:39.704Z - GET /
2024-03-08T07:42:39.727Z - GET /assets/index-DQBweUZD.js
2024-03-08T07:42:39.735Z - GET /assets/index-Ugfg4q-L.css
2024-03-08T07:42:39.805Z - GET /vite.svg
2024-03-08T07:42:39.871Z - GET /
2024-03-08T07:42:39.895Z - GET /assets/index-DQBweUZD.js
2024-03-08T07:42:39.908Z - GET /assets/index-Ugfg4q-L.css
2024-03-08T07:42:39.992Z - GET /vite.svg
2024-03-08T07:42:40.009Z - GET /
2024-03-08T07:42:40.030Z - GET /assets/index-DQBweUZD.js
2024-03-08T07:42:40.044Z - GET /assets/index-Ugfg4q-L.css
2024-03-08T07:42:40.114Z - GET /vite.svg
2024-03-08T07:42:40.245Z - GET /
2024-03-08T07:42:40.269Z - GET /assets/index-DQBweUZD.js
2024-03-08T07:42:40.280Z - GET /assets/index-Ugfg4q-L.css
2024-03-08T07:42:40.355Z - GET /vite.svg
2024-03-08T07:42:40.403Z - GET /
2024-03-08T07:42:40.430Z - GET /assets/index-DQBweUZD.js
2024-03-08T07:42:40.442Z - GET /assets/index-Ugfg4q-L.css
2024-03-08T07:42:40.527Z - GET /vite.svg
2024-03-08T07:42:40.549Z - GET /
2024-03-08T07:42:40.571Z - GET /assets/index-DQBweUZD.js
2024-03-08T07:42:40.580Z - GET /assets/index-Ugfg4q-L.css
2024-03-08T07:42:40.650Z - GET /vite.svg
2024-03-08T07:42:40.693Z - GET /
2024-03-08T07:42:40.724Z - GET /assets/index-DQBweUZD.js
2024-03-08T07:42:40.734Z - GET /assets/index-Ugfg4q-L.css
2024-03-08T07:42:40.814Z - GET /vite.svg
2024-03-08T07:42:40.836Z - GET /
2024-03-08T07:42:40.860Z - GET /assets/index-DQBweUZD.js
2024-03-08T07:42:40.869Z - GET /assets/index-Ugfg4q-L.css
2024-03-08T07:42:40.937Z - GET /vite.svg
2024-03-08T07:42:52.779Z - GET /
2024-03-08T07:42:52.816Z - GET /assets/index-DQBweUZD.js
2024-03-08T07:42:52.831Z - GET /assets/index-Ugfg4q-L.css
2024-03-08T07:42:52.932Z - GET /vite.svg
2024-03-08T07:42:52.986Z - GET /
2024-03-08T07:42:53.013Z - GET /assets/index-DQBweUZD.js
2024-03-08T07:42:53.028Z - GET /assets/index-Ugfg4q-L.css
2024-03-08T07:42:53.115Z - GET /vite.svg
2024-03-08T07:42:59.674Z - GET /
2024-03-08T07:43:00.082Z - GET /
2024-03-08T07:43:18.874Z - GET /
2024-03-08T07:43:19.625Z - GET /
2024-03-08T07:43:20.016Z - GET /
2024-03-08T07:43:20.211Z - GET /
2024-03-08T07:43:20.363Z - GET /
2024-03-08T07:43:20.508Z - GET /
2024-03-08T07:43:20.666Z - GET /
2024-03-08T07:43:20.824Z - GET /
2024-03-08T07:43:20.982Z - GET /
2024-03-08T07:43:21.148Z - GET /
2024-03-08T07:43:21.300Z - GET /
2024-03-08T07:43:21.455Z - GET /
2024-03-08T07:43:21.627Z - GET /
2024-03-08T07:43:21.783Z - GET /
2024-03-08T07:43:21.924Z - GET /
2024-03-08T07:43:22.057Z - GET /
2024-03-08T07:43:22.207Z - GET /
2024-03-08T07:43:22.366Z - GET /
2024-03-08T07:43:22.587Z - GET /
2024-03-08T07:43:22.738Z - GET /
2024-03-08T07:43:22.888Z - GET /
2024-03-08T07:43:23.036Z - GET /
2024-03-08T07:43:23.201Z - GET /
2024-03-08T07:43:23.338Z - GET /
2024-03-08T07:43:34.391Z - GET /
2024-03-08T07:43:34.551Z - GET /
2024-03-08T07:43:34.684Z - GET /
2024-03-08T07:43:34.850Z - GET /
2024-03-08T07:43:34.987Z - GET /
2024-03-08T07:43:35.118Z - GET /
2024-03-08T07:43:35.375Z - GET /
2024-03-08T07:43:35.543Z - GET /
2024-03-08T07:43:35.697Z - GET /
2024-03-08T07:43:35.849Z - GET /
2024-03-08T07:43:36.015Z - GET /
2024-03-08T07:47:36.897Z - GET /api/v1/monitor
2024-03-08T07:47:36.969Z - GET /api/v1/monitor2
2024-03-08T07:47:36.975Z - GET /api/v1/HYI
2024-03-08T07:47:36.982Z - GET /api/v1/temp30
2024-03-08T07:47:36.987Z - GET /api/v1/BLDG1
2024-03-08T07:47:37.373Z - GET /api/v1/HYI
2024-03-08T07:47:37.431Z - GET /api/v1/monitor2
2024-03-08T07:47:37.437Z - GET /api/v1/BLDG1
2024-03-08T07:47:37.572Z - GET /api/v1/temp30
2024-03-08T07:47:37.594Z - GET /api/v1/monitor
2024-03-08T07:47:42.516Z - GET /
2024-03-08T07:47:44.248Z - GET /
2024-03-08T07:49:29.060Z - GET /
2024-03-08T07:49:29.093Z - GET /assets/index-DQBweUZD.js
2024-03-08T07:49:29.100Z - GET /assets/index-Ugfg4q-L.css
2024-03-08T07:49:29.161Z - GET /vite.svg
2024-03-08T07:49:29.697Z - GET /
2024-03-08T07:49:29.719Z - GET /assets/index-DQBweUZD.js
2024-03-08T07:49:29.728Z - GET /assets/index-Ugfg4q-L.css
2024-03-08T07:49:29.768Z - GET /vite.svg
2024-03-08T07:49:30.086Z - GET /
2024-03-08T07:49:30.108Z - GET /assets/index-DQBweUZD.js
2024-03-08T07:49:30.119Z - GET /assets/index-Ugfg4q-L.css
2024-03-08T07:49:30.161Z - GET /vite.svg
2024-03-08T07:49:30.251Z - GET /
2024-03-08T07:49:30.270Z - GET /assets/index-DQBweUZD.js
2024-03-08T07:49:30.279Z - GET /assets/index-Ugfg4q-L.css
2024-03-08T07:49:30.319Z - GET /vite.svg
2024-03-08T07:49:30.404Z - GET /
2024-03-08T07:49:30.436Z - GET /assets/index-DQBweUZD.js
2024-03-08T07:49:30.450Z - GET /assets/index-Ugfg4q-L.css
2024-03-08T07:49:30.506Z - GET /vite.svg
2024-03-08T07:49:30.557Z - GET /
2024-03-08T07:49:30.577Z - GET /assets/index-DQBweUZD.js
2024-03-08T07:49:30.590Z - GET /assets/index-Ugfg4q-L.css
2024-03-08T07:49:30.640Z - GET /vite.svg
2024-03-08T07:49:30.694Z - GET /
2024-03-08T07:49:30.715Z - GET /assets/index-DQBweUZD.js
2024-03-08T07:49:30.721Z - GET /assets/index-Ugfg4q-L.css
2024-03-08T07:49:30.759Z - GET /vite.svg
2024-03-08T07:49:35.723Z - GET /assets/index-Ugfg4q-L.css
2024-03-08T07:49:56.964Z - GET /
2024-03-08T07:49:57.701Z - GET /
2024-03-08T07:49:57.871Z - GET /
2024-03-08T07:49:58.038Z - GET /
2024-03-08T07:49:58.196Z - GET /
2024-03-08T07:49:58.333Z - GET /
2024-03-08T07:49:58.630Z - GET /
2024-03-08T07:49:58.786Z - GET /
2024-03-08T07:49:58.947Z - GET /
2024-03-08T07:49:59.264Z - GET /
2024-03-08T07:52:30.267Z - GET /
2024-03-08T07:52:31.043Z - GET /
2024-03-08T07:52:31.461Z - GET /
2024-03-08T07:52:31.647Z - GET /
2024-03-08T07:52:31.833Z - GET /
2024-03-08T07:52:31.984Z - GET /
2024-03-08T07:52:32.130Z - GET /
2024-03-08T07:54:51.227Z - GET /
2024-03-08T07:54:51.258Z - GET /assets/index-DQBweUZD.js
2024-03-08T07:54:51.266Z - GET /assets/index-Ugfg4q-L.css
2024-03-08T07:54:51.419Z - GET /vite.svg
2024-03-08T07:54:51.930Z - GET /
2024-03-08T07:54:51.951Z - GET /assets/index-DQBweUZD.js
2024-03-08T07:54:51.962Z - GET /assets/index-Ugfg4q-L.css
2024-03-08T07:54:52.033Z - GET /vite.svg
2024-03-08T07:54:52.412Z - GET /
2024-03-08T07:54:52.430Z - GET /assets/index-DQBweUZD.js
2024-03-08T07:54:52.441Z - GET /assets/index-Ugfg4q-L.css
2024-03-08T07:54:52.511Z - GET /vite.svg
2024-03-08T07:54:52.612Z - GET /
2024-03-08T07:54:52.632Z - GET /assets/index-DQBweUZD.js
2024-03-08T07:54:52.642Z - GET /assets/index-Ugfg4q-L.css
2024-03-08T07:54:52.709Z - GET /vite.svg
2024-03-08T07:54:52.794Z - GET /
2024-03-08T07:54:52.816Z - GET /assets/index-DQBweUZD.js
2024-03-08T07:54:52.829Z - GET /assets/index-Ugfg4q-L.css
2024-03-08T07:54:52.893Z - GET /vite.svg
2024-03-08T07:54:52.952Z - GET /
2024-03-08T07:54:52.971Z - GET /assets/index-DQBweUZD.js
2024-03-08T07:54:52.977Z - GET /assets/index-Ugfg4q-L.css
2024-03-08T07:54:53.040Z - GET /vite.svg
2024-03-08T07:54:53.089Z - GET /
2024-03-08T07:54:53.114Z - GET /assets/index-DQBweUZD.js
2024-03-08T07:54:53.124Z - GET /assets/index-Ugfg4q-L.css
2024-03-08T07:54:53.197Z - GET /vite.svg
2024-03-08T07:54:53.248Z - GET /
2024-03-08T07:54:53.274Z - GET /assets/index-DQBweUZD.js
2024-03-08T07:54:53.286Z - GET /assets/index-Ugfg4q-L.css
2024-03-08T07:54:53.358Z - GET /vite.svg
2024-03-08T07:54:53.366Z - GET /
2024-03-08T07:54:53.388Z - GET /assets/index-DQBweUZD.js
2024-03-08T07:54:53.396Z - GET /assets/index-Ugfg4q-L.css
2024-03-08T07:54:53.459Z - GET /vite.svg
2024-03-08T07:54:53.535Z - GET /
2024-03-08T07:54:53.557Z - GET /assets/index-DQBweUZD.js
2024-03-08T07:54:53.566Z - GET /assets/index-Ugfg4q-L.css
2024-03-08T07:54:53.619Z - GET /vite.svg
2024-03-08T07:54:53.694Z - GET /
2024-03-08T07:54:53.715Z - GET /assets/index-DQBweUZD.js
2024-03-08T07:54:53.727Z - GET /assets/index-Ugfg4q-L.css
2024-03-08T07:54:53.810Z - GET /vite.svg
2024-03-08T07:54:53.836Z - GET /
2024-03-08T07:54:53.854Z - GET /assets/index-DQBweUZD.js
2024-03-08T07:54:53.866Z - GET /assets/index-Ugfg4q-L.css
2024-03-08T07:54:53.933Z - GET /vite.svg
2024-03-08T07:54:53.995Z - GET /
2024-03-08T07:54:54.013Z - GET /assets/index-DQBweUZD.js
2024-03-08T07:54:54.022Z - GET /assets/index-Ugfg4q-L.css
2024-03-08T07:54:54.098Z - GET /
2024-03-08T07:54:54.104Z - GET /vite.svg
2024-03-08T07:54:54.120Z - GET /assets/index-DQBweUZD.js
2024-03-08T07:54:54.127Z - GET /assets/index-Ugfg4q-L.css
2024-03-08T07:54:54.186Z - GET /vite.svg
2024-03-08T07:54:58.170Z - GET /favicon.ico
2024-03-08T07:55:28.885Z - GET /api/v1/monitor
2024-03-08T07:55:28.913Z - GET /api/v1/monitor2
2024-03-08T07:55:28.919Z - GET /api/v1/HYI
2024-03-08T07:55:28.923Z - GET /api/v1/temp30
2024-03-08T07:55:28.929Z - GET /api/v1/BLDG1
2024-03-08T07:55:29.318Z - GET /api/v1/HYI
2024-03-08T07:55:29.390Z - GET /api/v1/BLDG1
2024-03-08T07:55:29.419Z - GET /api/v1/monitor2
2024-03-08T07:55:29.491Z - GET /api/v1/temp30
2024-03-08T07:55:29.771Z - GET /api/v1/monitor
2024-03-08T07:57:29.982Z - GET /api/v1/monitor
2024-03-08T07:57:29.998Z - GET /api/v1/monitor2
2024-03-08T07:57:30.004Z - GET /api/v1/HYI
2024-03-08T07:57:30.009Z - GET /api/v1/temp30
2024-03-08T07:57:30.016Z - GET /api/v1/BLDG1
2024-03-08T07:57:30.327Z - GET /api/v1/monitor2
2024-03-08T07:57:30.422Z - GET /api/v1/BLDG1
2024-03-08T07:57:30.436Z - GET /api/v1/HYI
2024-03-08T07:57:30.448Z - GET /api/v1/monitor
2024-03-08T07:57:30.594Z - GET /api/v1/temp30
2024-03-08T08:01:31.150Z - GET /api/v1/monitor
2024-03-08T08:01:31.158Z - GET /api/v1/monitor2
2024-03-08T08:01:31.164Z - GET /api/v1/HYI
2024-03-08T08:01:31.169Z - GET /api/v1/temp30
2024-03-08T08:01:31.176Z - GET /api/v1/BLDG1
2024-03-08T08:01:31.581Z - GET /api/v1/monitor
2024-03-08T08:01:31.587Z - GET /api/v1/HYI
2024-03-08T08:01:31.592Z - GET /api/v1/monitor2
2024-03-08T08:01:31.599Z - GET /api/v1/temp30
2024-03-08T08:01:31.606Z - GET /api/v1/BLDG1
2024-03-08T08:01:32.005Z - GET /api/v1/monitor2
2024-03-08T08:01:32.045Z - GET /api/v1/HYI
2024-03-08T08:01:32.061Z - GET /api/v1/BLDG1
2024-03-08T08:01:32.171Z - GET /api/v1/monitor
2024-03-08T08:01:32.737Z - GET /api/v1/monitor
2024-03-08T08:01:32.754Z - GET /api/v1/temp30
2024-03-08T08:01:32.760Z - GET /api/v1/monitor2
2024-03-08T08:01:32.766Z - GET /api/v1/HYI
2024-03-08T08:01:32.776Z - GET /api/v1/BLDG1
2024-03-08T08:01:33.093Z - GET /api/v1/monitor2
2024-03-08T08:01:33.154Z - GET /api/v1/BLDG1
2024-03-08T08:01:33.179Z - GET /api/v1/HYI
2024-03-08T08:01:33.285Z - GET /api/v1/temp30
2024-03-08T08:01:34.270Z - GET /api/v1/monitor
2024-03-08T08:02:23.165Z - GET /api/v1/monitor
2024-03-08T08:02:23.198Z - GET /api/v1/monitor2
2024-03-08T08:02:23.206Z - GET /api/v1/HYI
2024-03-08T08:02:23.211Z - GET /api/v1/temp30
2024-03-08T08:02:23.215Z - GET /api/v1/BLDG1
2024-03-08T08:02:23.559Z - GET /api/v1/monitor2
2024-03-08T08:02:23.611Z - GET /api/v1/HYI
2024-03-08T08:02:23.637Z - GET /api/v1/BLDG1
2024-03-08T08:02:23.844Z - GET /api/v1/monitor
2024-03-08T08:02:23.864Z - GET /api/v1/temp30
2024-03-08T08:02:26.093Z - GET /
2024-03-08T08:02:32.040Z - GET /
2024-03-08T08:02:32.930Z - GET /
2024-03-08T08:02:45.458Z - GET /
2024-03-08T08:02:46.082Z - GET /
2024-03-08T08:02:46.275Z - GET /
2024-03-08T08:02:46.427Z - GET /
2024-03-08T08:02:46.592Z - GET /
2024-03-08T08:02:46.742Z - GET /
2024-03-08T08:02:46.879Z - GET /
2024-03-08T08:02:47.012Z - GET /
2024-03-08T08:02:47.169Z - GET /
2024-03-08T08:02:47.281Z - GET /
2024-03-08T08:02:47.414Z - GET /
2024-03-08T08:02:47.557Z - GET /
2024-03-08T08:02:47.672Z - GET /
2024-03-08T08:02:47.791Z - GET /
2024-03-08T08:02:47.912Z - GET /
2024-03-08T08:02:48.074Z - GET /
2024-03-08T08:02:48.205Z - GET /
2024-03-08T08:02:48.354Z - GET /
2024-03-08T08:02:48.500Z - GET /
2024-03-08T08:02:48.883Z - GET /
2024-03-08T08:02:49.034Z - GET /
2024-03-08T08:02:49.189Z - GET /
2024-03-08T08:02:49.339Z - GET /
2024-03-08T08:02:49.490Z - GET /
2024-03-08T08:02:49.651Z - GET /
2024-03-08T08:02:49.771Z - GET /
2024-03-08T08:02:49.933Z - GET /
2024-03-08T08:02:50.089Z - GET /
2024-03-08T08:02:50.259Z - GET /
2024-03-08T08:02:50.438Z - GET /
2024-03-08T08:02:50.713Z - GET /
2024-03-08T08:03:54.924Z - GET /
2024-03-08T08:06:25.806Z - GET /
2024-03-08T08:06:25.884Z - GET /assets/index-DQBweUZD.js
2024-03-08T08:06:25.893Z - GET /assets/index-Ugfg4q-L.css
2024-03-08T08:06:25.943Z - GET /assets/jastel-CzcfOkAB.jpg
2024-03-08T08:06:26.068Z - GET /vite.svg
2024-03-08T08:07:04.413Z - GET /
2024-03-08T08:07:04.437Z - GET /assets/index-DQBweUZD.js
2024-03-08T08:07:04.444Z - GET /assets/index-Ugfg4q-L.css
2024-03-08T08:07:04.527Z - GET /assets/jastel-CzcfOkAB.jpg
2024-03-08T08:07:05.124Z - GET /
2024-03-08T08:07:05.171Z - GET /assets/index-DQBweUZD.js
2024-03-08T08:07:05.181Z - GET /assets/index-Ugfg4q-L.css
2024-03-08T08:07:05.228Z - GET /assets/jastel-CzcfOkAB.jpg
2024-03-08T08:07:05.238Z - GET /api/v1/monitor
2024-03-08T08:07:05.268Z - GET /api/v1/monitor2
2024-03-08T08:07:05.275Z - GET /api/v1/HYI
2024-03-08T08:07:05.279Z - GET /api/v1/temp30
2024-03-08T08:07:05.286Z - GET /api/v1/BLDG1
2024-03-08T08:07:05.334Z - GET /vite.svg
2024-03-08T08:13:05.950Z - GET /
2024-03-08T08:13:05.961Z - GET /
2024-03-08T08:13:05.967Z - GET /
2024-03-08T08:13:06.002Z - GET /assets/index-DQBweUZD.js
2024-03-08T08:13:06.010Z - GET /assets/index-Ugfg4q-L.css
2024-03-08T08:13:06.036Z - GET /assets/jastel-CzcfOkAB.jpg
2024-03-08T08:13:06.046Z - GET /api/v1/monitor
2024-03-08T08:13:06.052Z - GET /api/v1/monitor2
2024-03-08T08:13:06.085Z - GET /api/v1/HYI
2024-03-08T08:13:06.092Z - GET /api/v1/temp30
2024-03-08T08:13:06.098Z - GET /api/v1/BLDG1
2024-03-08T08:13:06.161Z - GET /vite.svg
2024-03-08T08:15:06.049Z - GET /
2024-03-08T08:15:06.056Z - GET /
2024-03-08T08:15:06.065Z - GET /
2024-03-08T08:15:06.091Z - GET /assets/index-DQBweUZD.js
2024-03-08T08:15:06.099Z - GET /assets/index-Ugfg4q-L.css
2024-03-08T08:15:06.144Z - GET /assets/jastel-CzcfOkAB.jpg
2024-03-08T08:15:06.157Z - GET /api/v1/monitor
2024-03-08T08:15:06.163Z - GET /api/v1/monitor2
2024-03-08T08:15:06.171Z - GET /api/v1/HYI
2024-03-08T08:15:06.179Z - GET /api/v1/temp30
2024-03-08T08:15:06.184Z - GET /api/v1/BLDG1
2024-03-08T08:15:06.308Z - GET /vite.svg
2024-03-08T08:17:06.165Z - GET /
2024-03-08T08:17:06.172Z - GET /
2024-03-08T08:17:06.178Z - GET /
2024-03-08T08:17:06.198Z - GET /assets/index-DQBweUZD.js
2024-03-08T08:17:06.208Z - GET /assets/index-Ugfg4q-L.css
2024-03-08T08:17:06.240Z - GET /assets/jastel-CzcfOkAB.jpg
2024-03-08T08:17:06.248Z - GET /api/v1/monitor
2024-03-08T08:17:06.275Z - GET /api/v1/monitor2
2024-03-08T08:17:06.280Z - GET /api/v1/temp30
2024-03-08T08:17:06.287Z - GET /api/v1/HYI
2024-03-08T08:17:06.292Z - GET /api/v1/BLDG1
2024-03-08T08:17:06.368Z - GET /vite.svg
2024-03-08T08:19:06.842Z - GET /
2024-03-08T08:19:06.849Z - GET /
2024-03-08T08:19:06.858Z - GET /
2024-03-08T08:19:06.881Z - GET /assets/index-DQBweUZD.js
2024-03-08T08:19:06.888Z - GET /assets/index-Ugfg4q-L.css
2024-03-08T08:19:06.929Z - GET /assets/jastel-CzcfOkAB.jpg
2024-03-08T08:19:06.937Z - GET /api/v1/monitor
2024-03-08T08:19:06.960Z - GET /api/v1/monitor2
2024-03-08T08:19:06.966Z - GET /api/v1/HYI
2024-03-08T08:19:06.972Z - GET /api/v1/temp30
2024-03-08T08:19:06.977Z - GET /api/v1/BLDG1
2024-03-08T08:19:07.040Z - GET /vite.svg
2024-03-08T08:21:07.834Z - GET /
2024-03-08T08:21:07.840Z - GET /
2024-03-08T08:21:07.847Z - GET /
2024-03-08T08:21:07.875Z - GET /assets/index-DQBweUZD.js
2024-03-08T08:21:07.883Z - GET /assets/index-Ugfg4q-L.css
2024-03-08T08:21:07.956Z - GET /assets/jastel-CzcfOkAB.jpg
2024-03-08T08:21:07.966Z - GET /api/v1/monitor
2024-03-08T08:21:07.974Z - GET /api/v1/monitor2
2024-03-08T08:21:07.981Z - GET /api/v1/HYI
2024-03-08T08:21:07.987Z - GET /api/v1/temp30
2024-03-08T08:21:07.995Z - GET /api/v1/BLDG1
2024-03-08T08:21:08.230Z - GET /vite.svg
2024-03-08T08:52:13.426Z - GET /
2024-03-08T08:52:13.462Z - GET /assets/index-DQBweUZD.js
2024-03-08T08:52:13.470Z - GET /assets/index-Ugfg4q-L.css
2024-03-08T08:52:13.499Z - GET /api/v1/monitor
2024-03-08T08:52:13.503Z - GET /api/v1/monitor2
2024-03-08T08:52:13.541Z - GET /api/v1/HYI
2024-03-08T08:52:13.546Z - GET /api/v1/temp30
2024-03-08T08:52:13.554Z - GET /api/v1/BLDG1
2024-03-08T08:52:13.560Z - GET /assets/jastel-CzcfOkAB.jpg
2024-03-08T08:52:13.632Z - GET /vite.svg
2024-03-08T08:54:13.837Z - GET /
2024-03-08T08:54:13.845Z - GET /
2024-03-08T08:54:13.867Z - GET /assets/index-DQBweUZD.js
2024-03-08T08:54:13.878Z - GET /assets/index-Ugfg4q-L.css
2024-03-08T08:54:13.933Z - GET /assets/jastel-CzcfOkAB.jpg
2024-03-08T08:54:13.955Z - GET /api/v1/monitor
2024-03-08T08:54:13.968Z - GET /api/v1/monitor2
2024-03-08T08:54:13.981Z - GET /api/v1/HYI
2024-03-08T08:54:13.990Z - GET /api/v1/temp30
2024-03-08T08:54:13.999Z - GET /api/v1/BLDG1
2024-03-08T08:54:14.135Z - GET /vite.svg
2024-03-08T08:56:14.837Z - GET /
2024-03-08T08:56:14.843Z - GET /
2024-03-08T08:56:14.848Z - GET /
2024-03-08T08:56:14.869Z - GET /assets/index-DQBweUZD.js
2024-03-08T08:56:14.874Z - GET /assets/index-Ugfg4q-L.css
2024-03-08T08:56:14.927Z - GET /assets/jastel-CzcfOkAB.jpg
2024-03-08T08:56:14.938Z - GET /api/v1/monitor
2024-03-08T08:56:14.943Z - GET /api/v1/monitor2
2024-03-08T08:56:14.958Z - GET /api/v1/HYI
2024-03-08T08:56:14.965Z - GET /api/v1/temp30
2024-03-08T08:56:14.971Z - GET /api/v1/BLDG1
2024-03-08T08:56:15.154Z - GET /vite.svg
2024-03-08T08:58:15.842Z - GET /
2024-03-08T08:58:15.851Z - GET /
2024-03-08T08:58:15.861Z - GET /
2024-03-08T08:58:15.879Z - GET /assets/index-DQBweUZD.js
2024-03-08T08:58:15.887Z - GET /assets/index-Ugfg4q-L.css
2024-03-08T08:58:15.933Z - GET /assets/jastel-CzcfOkAB.jpg
2024-03-08T08:58:15.943Z - GET /api/v1/monitor
2024-03-08T08:58:15.954Z - GET /api/v1/monitor2
2024-03-08T08:58:15.962Z - GET /api/v1/HYI
2024-03-08T08:58:16.005Z - GET /api/v1/temp30
2024-03-08T08:58:16.017Z - GET /api/v1/BLDG1
2024-03-08T08:58:16.153Z - GET /vite.svg
2024-03-08T09:00:16.841Z - GET /
2024-03-08T09:00:16.855Z - GET /
2024-03-08T09:00:16.866Z - GET /
2024-03-08T09:00:16.903Z - GET /assets/index-DQBweUZD.js
2024-03-08T09:00:16.912Z - GET /assets/index-Ugfg4q-L.css
2024-03-08T09:00:16.968Z - GET /assets/jastel-CzcfOkAB.jpg
2024-03-08T09:00:16.977Z - GET /api/v1/monitor
2024-03-08T09:00:16.983Z - GET /api/v1/monitor2
2024-03-08T09:00:17.009Z - GET /api/v1/HYI
2024-03-08T09:00:17.016Z - GET /api/v1/temp30
2024-03-08T09:00:17.022Z - GET /api/v1/BLDG1
2024-03-08T09:00:17.115Z - GET /vite.svg
2024-03-08T09:02:17.848Z - GET /
2024-03-08T09:02:17.854Z - GET /
2024-03-08T09:02:17.873Z - GET /assets/index-DQBweUZD.js
2024-03-08T09:02:17.879Z - GET /assets/index-Ugfg4q-L.css
2024-03-08T09:02:17.916Z - GET /assets/jastel-CzcfOkAB.jpg
2024-03-08T09:02:17.921Z - GET /api/v1/monitor
2024-03-08T09:02:17.931Z - GET /api/v1/monitor2
2024-03-08T09:02:17.953Z - GET /api/v1/HYI
2024-03-08T09:02:17.958Z - GET /api/v1/temp30
2024-03-08T09:02:17.967Z - GET /api/v1/BLDG1
2024-03-08T09:02:18.093Z - GET /vite.svg
2024-03-08T09:04:18.843Z - GET /
2024-03-08T09:04:18.858Z - GET /
2024-03-08T09:04:18.896Z - GET /assets/index-DQBweUZD.js
2024-03-08T09:04:18.908Z - GET /assets/index-Ugfg4q-L.css
2024-03-08T09:04:18.968Z - GET /assets/jastel-CzcfOkAB.jpg
2024-03-08T09:04:18.980Z - GET /api/v1/monitor
2024-03-08T09:04:18.989Z - GET /api/v1/monitor2
2024-03-08T09:04:19.020Z - GET /api/v1/HYI
2024-03-08T09:04:19.027Z - GET /api/v1/temp30
2024-03-08T09:04:19.034Z - GET /api/v1/BLDG1
2024-03-08T09:04:19.136Z - GET /vite.svg
2024-03-08T09:06:19.836Z - GET /
2024-03-08T09:06:19.845Z - GET /
2024-03-08T09:06:19.852Z - GET /
2024-03-08T09:06:19.871Z - GET /assets/index-DQBweUZD.js
2024-03-08T09:06:19.881Z - GET /assets/index-Ugfg4q-L.css
2024-03-08T09:06:19.935Z - GET /assets/jastel-CzcfOkAB.jpg
2024-03-08T09:06:19.944Z - GET /api/v1/monitor
2024-03-08T09:06:19.956Z - GET /api/v1/monitor2
2024-03-08T09:06:19.985Z - GET /api/v1/HYI
2024-03-08T09:06:19.992Z - GET /api/v1/temp30
2024-03-08T09:06:19.998Z - GET /api/v1/BLDG1
2024-03-08T09:06:20.155Z - GET /vite.svg
2024-03-08T09:08:20.841Z - GET /
2024-03-08T09:08:20.848Z - GET /
2024-03-08T09:08:20.853Z - GET /
2024-03-08T09:08:20.878Z - GET /assets/index-DQBweUZD.js
2024-03-08T09:08:20.884Z - GET /assets/index-Ugfg4q-L.css
2024-03-08T09:08:20.920Z - GET /assets/jastel-CzcfOkAB.jpg
2024-03-08T09:08:20.927Z - GET /api/v1/monitor
2024-03-08T09:08:20.937Z - GET /api/v1/monitor2
2024-03-08T09:08:20.942Z - GET /api/v1/HYI
2024-03-08T09:08:20.949Z - GET /api/v1/temp30
2024-03-08T09:08:20.955Z - GET /api/v1/BLDG1
2024-03-08T09:08:21.066Z - GET /vite.svg
2024-03-08T09:10:20.937Z - GET /
2024-03-08T09:10:20.948Z - GET /
2024-03-08T09:10:20.959Z - GET /
2024-03-08T09:10:20.988Z - GET /assets/index-DQBweUZD.js
2024-03-08T09:10:20.995Z - GET /assets/index-Ugfg4q-L.css
2024-03-08T09:10:21.019Z - GET /assets/jastel-CzcfOkAB.jpg
2024-03-08T09:10:21.026Z - GET /api/v1/monitor
2024-03-08T09:10:21.032Z - GET /api/v1/monitor2
2024-03-08T09:10:21.040Z - GET /api/v1/HYI
2024-03-08T09:10:21.047Z - GET /api/v1/temp30
2024-03-08T09:10:21.052Z - GET /api/v1/BLDG1
2024-03-08T09:10:21.137Z - GET /vite.svg
2024-03-08T09:12:21.841Z - GET /
2024-03-08T09:12:21.853Z - GET /
2024-03-08T09:12:21.879Z - GET /assets/index-DQBweUZD.js
2024-03-08T09:12:21.890Z - GET /assets/index-Ugfg4q-L.css
2024-03-08T09:12:21.961Z - GET /assets/jastel-CzcfOkAB.jpg
2024-03-08T09:12:21.979Z - GET /api/v1/monitor
2024-03-08T09:12:21.989Z - GET /api/v1/monitor2
2024-03-08T09:12:21.997Z - GET /api/v1/HYI
2024-03-08T09:12:22.006Z - GET /api/v1/temp30
2024-03-08T09:12:22.014Z - GET /api/v1/BLDG1
2024-03-08T09:12:22.210Z - GET /vite.svg
2024-03-08T09:14:22.836Z - GET /
2024-03-08T09:14:22.843Z - GET /
2024-03-08T09:14:22.862Z - GET /assets/index-DQBweUZD.js
2024-03-08T09:14:22.870Z - GET /assets/index-Ugfg4q-L.css
2024-03-08T09:14:22.938Z - GET /assets/jastel-CzcfOkAB.jpg
2024-03-08T09:14:22.960Z - GET /api/v1/monitor
2024-03-08T09:14:22.970Z - GET /api/v1/monitor2
2024-03-08T09:14:22.991Z - GET /api/v1/HYI
2024-03-08T09:14:22.998Z - GET /api/v1/temp30
2024-03-08T09:14:23.007Z - GET /api/v1/BLDG1
2024-03-08T09:14:23.207Z - GET /vite.svg
2024-03-08T09:16:22.981Z - GET /
2024-03-08T09:16:22.998Z - GET /
2024-03-08T09:16:23.013Z - GET /
2024-03-08T09:16:23.042Z - GET /assets/index-DQBweUZD.js
2024-03-08T09:16:23.052Z - GET /assets/index-Ugfg4q-L.css
2024-03-08T09:16:23.077Z - GET /assets/jastel-CzcfOkAB.jpg
2024-03-08T09:16:23.083Z - GET /api/v1/monitor
2024-03-08T09:16:23.089Z - GET /api/v1/monitor2
2024-03-08T09:16:23.097Z - GET /api/v1/HYI
2024-03-08T09:16:23.103Z - GET /api/v1/temp30
2024-03-08T09:16:23.109Z - GET /api/v1/BLDG1
2024-03-08T09:16:23.194Z - GET /vite.svg
2024-03-08T09:18:23.089Z - GET /
2024-03-08T09:18:23.097Z - GET /
2024-03-08T09:18:23.106Z - GET /
2024-03-08T09:18:23.141Z - GET /assets/index-DQBweUZD.js
2024-03-08T09:18:23.151Z - GET /assets/index-Ugfg4q-L.css
2024-03-08T09:18:23.174Z - GET /assets/jastel-CzcfOkAB.jpg
2024-03-08T09:18:23.181Z - GET /api/v1/monitor
2024-03-08T09:18:23.187Z - GET /api/v1/monitor2
2024-03-08T09:18:23.194Z - GET /api/v1/HYI
2024-03-08T09:18:23.201Z - GET /api/v1/temp30
2024-03-08T09:18:23.228Z - GET /api/v1/BLDG1
2024-03-08T09:18:23.302Z - GET /vite.svg
2024-03-08T09:20:23.189Z - GET /
2024-03-08T09:20:23.199Z - GET /
2024-03-08T09:20:23.208Z - GET /
2024-03-08T09:20:23.236Z - GET /assets/index-DQBweUZD.js
2024-03-08T09:20:23.245Z - GET /assets/index-Ugfg4q-L.css
2024-03-08T09:20:23.267Z - GET /assets/jastel-CzcfOkAB.jpg
2024-03-08T09:20:23.277Z - GET /api/v1/monitor
2024-03-08T09:20:23.285Z - GET /api/v1/monitor2
2024-03-08T09:20:23.292Z - GET /api/v1/HYI
2024-03-08T09:20:23.299Z - GET /api/v1/temp30
2024-03-08T09:20:23.303Z - GET /api/v1/BLDG1
2024-03-08T09:20:23.366Z - GET /vite.svg
2024-03-08T09:22:23.286Z - GET /
2024-03-08T09:22:23.293Z - GET /
2024-03-08T09:22:23.300Z - GET /
2024-03-08T09:22:23.318Z - GET /assets/index-DQBweUZD.js
2024-03-08T09:22:23.325Z - GET /assets/index-Ugfg4q-L.css
2024-03-08T09:22:23.351Z - GET /assets/jastel-CzcfOkAB.jpg
2024-03-08T09:22:23.358Z - GET /api/v1/monitor
2024-03-08T09:22:23.363Z - GET /api/v1/HYI
2024-03-08T09:22:23.371Z - GET /api/v1/temp30
2024-03-08T09:22:23.394Z - GET /api/v1/monitor2
2024-03-08T09:22:23.400Z - GET /api/v1/BLDG1
2024-03-08T09:22:23.437Z - GET /vite.svg
2024-03-08T09:24:23.845Z - GET /
2024-03-08T09:24:23.853Z - GET /
2024-03-08T09:24:23.863Z - GET /
2024-03-08T09:24:23.891Z - GET /assets/index-DQBweUZD.js
2024-03-08T09:24:23.899Z - GET /assets/index-Ugfg4q-L.css
2024-03-08T09:24:23.948Z - GET /assets/jastel-CzcfOkAB.jpg
2024-03-08T09:24:23.956Z - GET /api/v1/monitor
2024-03-08T09:24:23.970Z - GET /api/v1/monitor2
2024-03-08T09:24:23.981Z - GET /api/v1/HYI
2024-03-08T09:24:23.991Z - GET /api/v1/temp30
2024-03-08T09:24:24.001Z - GET /api/v1/BLDG1
2024-03-08T09:24:24.156Z - GET /vite.svg
2024-03-08T09:26:24.833Z - GET /
2024-03-08T09:26:24.839Z - GET /
2024-03-08T09:26:24.848Z - GET /
2024-03-08T09:26:24.866Z - GET /assets/index-DQBweUZD.js
2024-03-08T09:26:24.874Z - GET /assets/index-Ugfg4q-L.css
2024-03-08T09:26:24.918Z - GET /assets/jastel-CzcfOkAB.jpg
2024-03-08T09:26:24.926Z - GET /api/v1/monitor
2024-03-08T09:26:24.946Z - GET /api/v1/monitor2
2024-03-08T09:26:24.952Z - GET /api/v1/HYI
2024-03-08T09:26:24.960Z - GET /api/v1/temp30
2024-03-08T09:26:24.967Z - GET /api/v1/BLDG1
2024-03-08T09:26:25.138Z - GET /vite.svg
2024-03-08T09:28:24.933Z - GET /
2024-03-08T09:28:24.942Z - GET /
2024-03-08T09:28:24.953Z - GET /
2024-03-08T09:28:24.981Z - GET /assets/index-DQBweUZD.js
2024-03-08T09:28:24.991Z - GET /assets/index-Ugfg4q-L.css
2024-03-08T09:28:25.038Z - GET /assets/jastel-CzcfOkAB.jpg
2024-03-08T09:28:25.046Z - GET /api/v1/monitor
2024-03-08T09:28:25.054Z - GET /api/v1/monitor2
2024-03-08T09:28:25.059Z - GET /api/v1/HYI
2024-03-08T09:28:25.066Z - GET /api/v1/temp30
2024-03-08T09:28:25.072Z - GET /api/v1/BLDG1
2024-03-08T09:28:25.133Z - GET /vite.svg
2024-03-08T09:30:25.050Z - GET /
2024-03-08T09:30:25.059Z - GET /
2024-03-08T09:30:25.073Z - GET /
2024-03-08T09:30:25.098Z - GET /assets/index-DQBweUZD.js
2024-03-08T09:30:25.111Z - GET /assets/index-Ugfg4q-L.css
2024-03-08T09:30:25.142Z - GET /assets/jastel-CzcfOkAB.jpg
2024-03-08T09:30:25.150Z - GET /api/v1/monitor
2024-03-08T09:30:25.160Z - GET /api/v1/monitor2
2024-03-08T09:30:25.171Z - GET /api/v1/HYI
2024-03-08T09:30:25.180Z - GET /api/v1/temp30
2024-03-08T09:30:25.187Z - GET /api/v1/BLDG1
2024-03-08T09:30:25.264Z - GET /vite.svg
2024-03-08T09:32:25.152Z - GET /
2024-03-08T09:32:25.161Z - GET /
2024-03-08T09:32:25.170Z - GET /
2024-03-08T09:32:25.192Z - GET /assets/index-DQBweUZD.js
2024-03-08T09:32:25.205Z - GET /assets/index-Ugfg4q-L.css
2024-03-08T09:32:25.229Z - GET /assets/jastel-CzcfOkAB.jpg
2024-03-08T09:32:25.239Z - GET /api/v1/monitor
2024-03-08T09:32:25.249Z - GET /api/v1/monitor2
2024-03-08T09:32:25.257Z - GET /api/v1/HYI
2024-03-08T09:32:25.265Z - GET /api/v1/temp30
2024-03-08T09:32:25.271Z - GET /api/v1/BLDG1
2024-03-08T09:32:25.328Z - GET /vite.svg
2024-03-08T09:34:25.251Z - GET /
2024-03-08T09:34:25.265Z - GET /
2024-03-08T09:34:25.283Z - GET /
2024-03-08T09:34:25.323Z - GET /assets/index-DQBweUZD.js
2024-03-08T09:34:25.333Z - GET /assets/index-Ugfg4q-L.css
2024-03-08T09:34:25.356Z - GET /assets/jastel-CzcfOkAB.jpg
2024-03-08T09:34:25.364Z - GET /api/v1/monitor
2024-03-08T09:34:25.374Z - GET /api/v1/monitor2
2024-03-08T09:34:25.381Z - GET /api/v1/HYI
2024-03-08T09:34:25.386Z - GET /api/v1/temp30
2024-03-08T09:34:25.393Z - GET /api/v1/BLDG1
2024-03-08T09:34:25.529Z - GET /vite.svg
2024-03-08T09:36:25.370Z - GET /
2024-03-08T09:36:25.378Z - GET /
2024-03-08T09:36:25.390Z - GET /
2024-03-08T09:36:25.429Z - GET /assets/index-Ugfg4q-L.css
2024-03-08T09:36:25.440Z - GET /assets/index-DQBweUZD.js
2024-03-08T09:36:25.464Z - GET /assets/jastel-CzcfOkAB.jpg
2024-03-08T09:36:25.473Z - GET /api/v1/monitor
2024-03-08T09:36:25.482Z - GET /api/v1/monitor2
2024-03-08T09:36:25.488Z - GET /api/v1/HYI
2024-03-08T09:36:25.511Z - GET /api/v1/temp30
2024-03-08T09:36:25.516Z - GET /api/v1/BLDG1
2024-03-08T09:36:25.575Z - GET /vite.svg
2024-03-08T09:38:25.832Z - GET /
2024-03-08T09:38:25.840Z - GET /
2024-03-08T09:38:25.867Z - GET /assets/index-DQBweUZD.js
2024-03-08T09:38:25.876Z - GET /assets/index-Ugfg4q-L.css
2024-03-08T09:38:25.931Z - GET /assets/jastel-CzcfOkAB.jpg
2024-03-08T09:38:25.946Z - GET /api/v1/monitor
2024-03-08T09:38:25.969Z - GET /api/v1/monitor2
2024-03-08T09:38:25.977Z - GET /api/v1/HYI
2024-03-08T09:38:25.989Z - GET /api/v1/temp30
2024-03-08T09:38:25.998Z - GET /api/v1/BLDG1
2024-03-08T09:38:26.109Z - GET /vite.svg
2024-03-08T09:40:25.956Z - GET /
2024-03-08T09:40:25.966Z - GET /
2024-03-08T09:40:25.977Z - GET /
2024-03-08T09:40:25.999Z - GET /assets/index-DQBweUZD.js
2024-03-08T09:40:26.009Z - GET /assets/index-Ugfg4q-L.css
2024-03-08T09:40:26.034Z - GET /assets/jastel-CzcfOkAB.jpg
2024-03-08T09:40:26.043Z - GET /api/v1/monitor
2024-03-08T09:40:26.071Z - GET /api/v1/monitor2
2024-03-08T09:40:26.078Z - GET /api/v1/HYI
2024-03-08T09:40:26.085Z - GET /api/v1/temp30
2024-03-08T09:40:26.090Z - GET /api/v1/BLDG1
2024-03-08T09:40:26.126Z - GET /vite.svg
2024-03-08T09:42:26.054Z - GET /
2024-03-08T09:42:26.061Z - GET /
2024-03-08T09:42:26.069Z - GET /
2024-03-08T09:42:26.088Z - GET /assets/index-DQBweUZD.js
2024-03-08T09:42:26.097Z - GET /assets/index-Ugfg4q-L.css
2024-03-08T09:42:26.122Z - GET /assets/jastel-CzcfOkAB.jpg
2024-03-08T09:42:26.130Z - GET /api/v1/monitor
2024-03-08T09:42:26.146Z - GET /api/v1/monitor2
2024-03-08T09:42:26.152Z - GET /api/v1/HYI
2024-03-08T09:42:26.157Z - GET /api/v1/temp30
2024-03-08T09:42:26.166Z - GET /api/v1/BLDG1
2024-03-08T09:42:26.206Z - GET /vite.svg
2024-03-08T09:44:26.845Z - GET /
2024-03-08T09:44:26.859Z - GET /
2024-03-08T09:44:26.881Z - GET /assets/index-DQBweUZD.js
2024-03-08T09:44:26.889Z - GET /assets/index-Ugfg4q-L.css
2024-03-08T09:44:26.932Z - GET /assets/jastel-CzcfOkAB.jpg
2024-03-08T09:44:26.942Z - GET /api/v1/monitor
2024-03-08T09:44:26.958Z - GET /api/v1/monitor2
2024-03-08T09:44:26.962Z - GET /api/v1/HYI
2024-03-08T09:44:26.969Z - GET /api/v1/temp30
2024-03-08T09:44:26.976Z - GET /api/v1/BLDG1
2024-03-08T09:44:27.105Z - GET /vite.svg
2024-03-08T09:46:27.835Z - GET /
2024-03-08T09:46:27.847Z - GET /
2024-03-08T09:46:27.856Z - GET /
2024-03-08T09:46:27.878Z - GET /assets/index-DQBweUZD.js
2024-03-08T09:46:27.888Z - GET /assets/index-Ugfg4q-L.css
2024-03-08T09:46:27.937Z - GET /assets/jastel-CzcfOkAB.jpg
2024-03-08T09:46:27.946Z - GET /api/v1/monitor
2024-03-08T09:46:27.950Z - GET /api/v1/monitor2
2024-03-08T09:46:27.955Z - GET /api/v1/HYI
2024-03-08T09:46:27.975Z - GET /api/v1/temp30
2024-03-08T09:46:27.980Z - GET /api/v1/BLDG1
2024-03-08T09:46:28.129Z - GET /vite.svg
2024-03-08T09:48:28.835Z - GET /
2024-03-08T09:48:28.843Z - GET /
2024-03-08T09:48:28.851Z - GET /
2024-03-08T09:48:28.874Z - GET /assets/index-DQBweUZD.js
2024-03-08T09:48:28.884Z - GET /assets/index-Ugfg4q-L.css
2024-03-08T09:48:28.933Z - GET /assets/jastel-CzcfOkAB.jpg
2024-03-08T09:48:28.940Z - GET /api/v1/monitor
2024-03-08T09:48:28.946Z - GET /api/v1/monitor2
2024-03-08T09:48:28.951Z - GET /api/v1/HYI
2024-03-08T09:48:28.956Z - GET /api/v1/temp30
2024-03-08T09:48:28.962Z - GET /api/v1/BLDG1
2024-03-08T09:48:29.096Z - GET /vite.svg
2024-03-08T09:50:29.836Z - GET /
2024-03-08T09:50:29.848Z - GET /
2024-03-08T09:50:29.856Z - GET /
2024-03-08T09:50:29.884Z - GET /assets/index-DQBweUZD.js
2024-03-08T09:50:29.897Z - GET /assets/index-Ugfg4q-L.css
2024-03-08T09:50:29.950Z - GET /assets/jastel-CzcfOkAB.jpg
2024-03-08T09:50:29.957Z - GET /api/v1/monitor
2024-03-08T09:50:29.961Z - GET /api/v1/monitor2
2024-03-08T09:50:29.980Z - GET /api/v1/HYI
2024-03-08T09:50:29.984Z - GET /api/v1/temp30
2024-03-08T09:50:29.988Z - GET /api/v1/BLDG1
2024-03-08T09:50:30.107Z - GET /vite.svg
2024-03-08T09:52:30.844Z - GET /
2024-03-08T09:52:30.857Z - GET /
2024-03-08T09:52:30.869Z - GET /
2024-03-08T09:52:30.903Z - GET /assets/index-DQBweUZD.js
2024-03-08T09:52:30.913Z - GET /assets/index-Ugfg4q-L.css
2024-03-08T09:52:30.969Z - GET /assets/jastel-CzcfOkAB.jpg
2024-03-08T09:52:30.976Z - GET /api/v1/monitor
2024-03-08T09:52:30.983Z - GET /api/v1/monitor2
2024-03-08T09:52:30.989Z - GET /api/v1/HYI
2024-03-08T09:52:30.993Z - GET /api/v1/temp30
2024-03-08T09:52:30.998Z - GET /api/v1/BLDG1
2024-03-08T09:52:31.123Z - GET /vite.svg
2024-03-08T09:54:31.834Z - GET /
2024-03-08T09:54:31.841Z - GET /
2024-03-08T09:54:31.848Z - GET /
2024-03-08T09:54:31.877Z - GET /assets/index-Ugfg4q-L.css
2024-03-08T09:54:31.885Z - GET /assets/index-DQBweUZD.js
2024-03-08T09:54:31.927Z - GET /assets/jastel-CzcfOkAB.jpg
2024-03-08T09:54:31.935Z - GET /api/v1/monitor
2024-03-08T09:54:31.951Z - GET /api/v1/monitor2
2024-03-08T09:54:31.959Z - GET /api/v1/HYI
2024-03-08T09:54:31.965Z - GET /api/v1/temp30
2024-03-08T09:54:31.971Z - GET /api/v1/BLDG1
2024-03-08T09:54:32.079Z - GET /vite.svg
2024-03-08T09:56:32.844Z - GET /
2024-03-08T09:56:32.855Z - GET /
2024-03-08T09:56:32.865Z - GET /
2024-03-08T09:56:32.916Z - GET /assets/index-Ugfg4q-L.css
2024-03-08T09:56:32.925Z - GET /assets/index-DQBweUZD.js
2024-03-08T09:56:32.967Z - GET /assets/jastel-CzcfOkAB.jpg
2024-03-08T09:56:32.973Z - GET /api/v1/monitor
2024-03-08T09:56:32.977Z - GET /api/v1/monitor2
2024-03-08T09:56:32.981Z - GET /api/v1/HYI
2024-03-08T09:56:32.997Z - GET /api/v1/temp30
2024-03-08T09:56:33.001Z - GET /api/v1/BLDG1
2024-03-08T09:56:33.129Z - GET /vite.svg
2024-03-08T09:58:33.844Z - GET /
2024-03-08T09:58:33.855Z - GET /
2024-03-08T09:58:33.864Z - GET /
2024-03-08T09:58:33.900Z - GET /assets/index-DQBweUZD.js
2024-03-08T09:58:33.910Z - GET /assets/index-Ugfg4q-L.css
2024-03-08T09:58:33.958Z - GET /assets/jastel-CzcfOkAB.jpg
2024-03-08T09:58:33.966Z - GET /api/v1/monitor
2024-03-08T09:58:33.972Z - GET /api/v1/monitor2
2024-03-08T09:58:33.991Z - GET /api/v1/HYI
2024-03-08T09:58:33.995Z - GET /api/v1/temp30
2024-03-08T09:58:34.000Z - GET /api/v1/BLDG1
2024-03-08T09:58:34.129Z - GET /vite.svg
2024-03-08T10:00:34.832Z - GET /
2024-03-08T10:00:34.841Z - GET /
2024-03-08T10:00:34.852Z - GET /
2024-03-08T10:00:34.884Z - GET /assets/index-DQBweUZD.js
2024-03-08T10:00:34.893Z - GET /assets/index-Ugfg4q-L.css
2024-03-08T10:00:34.942Z - GET /assets/jastel-CzcfOkAB.jpg
2024-03-08T10:00:34.948Z - GET /api/v1/monitor
2024-03-08T10:00:34.952Z - GET /api/v1/monitor2
2024-03-08T10:00:34.968Z - GET /api/v1/HYI
2024-03-08T10:00:34.974Z - GET /api/v1/temp30
2024-03-08T10:00:34.980Z - GET /api/v1/BLDG1
2024-03-08T10:00:35.078Z - GET /vite.svg
2024-03-08T10:02:35.838Z - GET /
2024-03-08T10:02:35.844Z - GET /
2024-03-08T10:02:35.850Z - GET /
2024-03-08T10:02:35.874Z - GET /assets/index-DQBweUZD.js
2024-03-08T10:02:35.883Z - GET /assets/index-Ugfg4q-L.css
2024-03-08T10:02:35.931Z - GET /assets/jastel-CzcfOkAB.jpg
2024-03-08T10:02:35.937Z - GET /api/v1/monitor
2024-03-08T10:02:35.951Z - GET /api/v1/monitor2
2024-03-08T10:02:35.956Z - GET /api/v1/HYI
2024-03-08T10:02:35.960Z - GET /api/v1/temp30
2024-03-08T10:02:35.965Z - GET /api/v1/BLDG1
2024-03-08T10:02:36.093Z - GET /vite.svg
2024-03-08T10:04:36.829Z - GET /
2024-03-08T10:04:36.837Z - GET /
2024-03-08T10:04:36.844Z - GET /
2024-03-08T10:04:36.868Z - GET /assets/index-DQBweUZD.js
2024-03-08T10:04:36.875Z - GET /assets/index-Ugfg4q-L.css
2024-03-08T10:04:36.920Z - GET /assets/jastel-CzcfOkAB.jpg
2024-03-08T10:04:36.927Z - GET /api/v1/monitor
2024-03-08T10:04:36.946Z - GET /api/v1/monitor2
2024-03-08T10:04:36.951Z - GET /api/v1/HYI
2024-03-08T10:04:36.956Z - GET /api/v1/temp30
2024-03-08T10:04:36.961Z - GET /api/v1/BLDG1
2024-03-08T10:04:37.070Z - GET /vite.svg
2024-03-08T10:06:37.837Z - GET /
2024-03-08T10:06:37.844Z - GET /
2024-03-08T10:06:37.865Z - GET /assets/index-Ugfg4q-L.css
2024-03-08T10:06:37.871Z - GET /assets/index-DQBweUZD.js
2024-03-08T10:06:37.921Z - GET /assets/jastel-CzcfOkAB.jpg
2024-03-08T10:06:37.931Z - GET /api/v1/monitor
2024-03-08T10:06:37.938Z - GET /api/v1/monitor2
2024-03-08T10:06:37.945Z - GET /api/v1/HYI
2024-03-08T10:06:37.963Z - GET /api/v1/temp30
2024-03-08T10:06:37.969Z - GET /api/v1/BLDG1
2024-03-08T10:06:38.122Z - GET /vite.svg
