2024-03-12T07:01:03.100Z - GET /
2024-03-12T07:01:03.364Z - GET /assets/index-BHgnV7Cc.js
2024-03-12T07:01:03.473Z - GET /assets/index-Ugfg4q-L.css
2024-03-12T07:01:03.979Z - GET /assets/jastel-CzcfOkAB.jpg
2024-03-12T07:01:04.014Z - GET /api/v1/monitor
2024-03-12T07:01:04.020Z - GET /api/v1/monitor2
2024-03-12T07:01:04.025Z - GET /api/v1/temp30
2024-03-12T07:01:04.033Z - GET /api/v1/HYI
2024-03-12T07:01:04.116Z - GET /api/v1/BLDG1
2024-03-12T07:02:12.371Z - GET /
2024-03-12T07:02:12.471Z - GET /favicon.ico
2024-03-12T07:02:13.716Z - GET /
2024-03-12T07:02:21.913Z - GET /
2024-03-12T07:02:29.187Z - GET /
2024-03-12T07:02:29.207Z - GET /assets/index-BHgnV7Cc.js
2024-03-12T07:02:29.211Z - GET /assets/index-Ugfg4q-L.css
2024-03-12T07:02:29.226Z - GET /assets/jastel-CzcfOkAB.jpg
2024-03-12T07:02:29.233Z - GET /api/v1/monitor
2024-03-12T07:02:29.247Z - GET /api/v1/monitor2
2024-03-12T07:02:29.270Z - GET /api/v1/HYI
2024-03-12T07:02:29.277Z - GET /api/v1/temp30
2024-03-12T07:02:29.283Z - GET /api/v1/BLDG1
2024-03-12T07:02:29.298Z - GET /vite.svg
2024-03-12T07:03:00.884Z - GET /
2024-03-12T07:03:00.909Z - GET /assets/index-BHgnV7Cc.js
2024-03-12T07:03:00.917Z - GET /assets/index-Ugfg4q-L.css
2024-03-12T07:03:00.935Z - GET /assets/jastel-CzcfOkAB.jpg
2024-03-12T07:03:00.944Z - GET /api/v1/temp30
2024-03-12T07:03:00.953Z - GET /api/v1/monitor
2024-03-12T07:03:00.958Z - GET /api/v1/monitor2
2024-03-12T07:03:00.963Z - GET /api/v1/HYI
2024-03-12T07:03:00.966Z - GET /api/v1/BLDG1
2024-03-12T07:03:01.052Z - GET /vite.svg
2024-03-12T07:05:03.571Z - GET /
2024-03-12T07:05:03.590Z - GET /
2024-03-12T07:05:03.610Z - GET /assets/index-BHgnV7Cc.js
2024-03-12T07:05:03.617Z - GET /assets/index-Ugfg4q-L.css
2024-03-12T07:05:03.662Z - GET /assets/jastel-CzcfOkAB.jpg
2024-03-12T07:05:03.670Z - GET /api/v1/monitor
2024-03-12T07:05:03.676Z - GET /api/v1/monitor2
2024-03-12T07:05:03.682Z - GET /api/v1/HYI
2024-03-12T07:05:03.688Z - GET /api/v1/temp30
2024-03-12T07:05:03.693Z - GET /api/v1/BLDG1
2024-03-12T07:05:03.852Z - GET /vite.svg
2024-03-12T07:07:04.917Z - GET /
2024-03-12T07:07:04.932Z - GET /
2024-03-12T07:07:04.936Z - GET /
2024-03-12T07:07:04.978Z - GET /assets/index-BHgnV7Cc.js
2024-03-12T07:07:04.982Z - GET /assets/index-Ugfg4q-L.css
2024-03-12T07:07:05.021Z - GET /assets/jastel-CzcfOkAB.jpg
2024-03-12T07:07:05.039Z - GET /api/v1/monitor
2024-03-12T07:07:05.046Z - GET /api/v1/monitor2
2024-03-12T07:07:05.063Z - GET /api/v1/HYI
2024-03-12T07:07:05.067Z - GET /api/v1/temp30
2024-03-12T07:07:05.071Z - GET /api/v1/BLDG1
2024-03-12T07:07:05.211Z - GET /vite.svg
2024-03-12T08:17:02.661Z - GET /api/v1/HYI
2024-03-12T08:17:09.991Z - GET /api/v1/HYI
2024-03-12T08:17:26.387Z - GET /api/v1/monitor
2024-03-12T08:17:33.143Z - GET /api/v1/monitor
2024-03-12T08:17:33.148Z - GET /api/v1/monitor2
2024-03-12T08:17:33.151Z - GET /api/v1/HYI
2024-03-12T08:17:33.155Z - GET /api/v1/temp30
2024-03-12T08:17:33.160Z - GET /api/v1/BLDG1
2024-03-12T08:18:21.555Z - GET /api/v1/monitor
2024-03-12T08:18:44.328Z - GET /api/v1/temp30
2024-03-12T08:19:16.153Z - GET /api/v1/monitor
2024-03-12T08:19:16.156Z - GET /api/v1/monitor2
2024-03-12T08:19:16.163Z - GET /api/v1/HYI
2024-03-12T08:19:16.189Z - GET /api/v1/temp30
2024-03-12T08:19:16.193Z - GET /api/v1/BLDG1
2024-03-12T08:19:25.408Z - GET /api/v1/monitor
2024-03-12T08:19:25.413Z - GET /api/v1/monitor2
2024-03-12T08:19:25.437Z - GET /api/v1/HYI
2024-03-12T08:19:25.446Z - GET /api/v1/temp30
2024-03-12T08:19:25.451Z - GET /api/v1/BLDG1
2024-03-12T08:19:27.654Z - GET /api/v1/temp30
2024-03-12T08:19:27.660Z - GET /api/v1/monitor
2024-03-12T08:19:27.664Z - GET /api/v1/monitor2
2024-03-12T08:19:27.670Z - GET /api/v1/HYI
2024-03-12T08:19:27.696Z - GET /api/v1/BLDG1
2024-03-12T08:19:29.331Z - GET /api/v1/temp30
2024-03-12T08:19:29.337Z - GET /api/v1/monitor
2024-03-12T08:19:29.343Z - GET /api/v1/monitor2
2024-03-12T08:19:29.349Z - GET /api/v1/HYI
2024-03-12T08:19:29.376Z - GET /api/v1/BLDG1
2024-03-12T08:26:37.415Z - GET /api/v1/monitor
2024-03-12T08:26:37.467Z - GET /api/v1/monitor2
2024-03-12T08:26:37.473Z - GET /api/v1/HYI
2024-03-12T08:26:37.478Z - GET /api/v1/temp30
2024-03-12T08:26:37.485Z - GET /api/v1/BLDG1
2024-03-12T08:26:37.814Z - GET /api/v1/monitor2
2024-03-12T08:26:37.871Z - GET /api/v1/BLDG1
2024-03-12T08:26:37.884Z - GET /api/v1/HYI
2024-03-12T08:26:38.045Z - GET /api/v1/monitor
2024-03-12T08:26:46.402Z - GET /api/v1/temp30
2024-03-12T08:26:58.863Z - GET /api/v1/monitor
2024-03-12T08:26:58.870Z - GET /api/v1/monitor2
2024-03-12T08:26:58.885Z - GET /api/v1/HYI
2024-03-12T08:26:58.890Z - GET /api/v1/temp30
2024-03-12T08:26:58.894Z - GET /api/v1/BLDG1
2024-03-12T08:26:59.284Z - GET /api/v1/HYI
2024-03-12T08:26:59.307Z - GET /api/v1/BLDG1
2024-03-12T08:26:59.364Z - GET /api/v1/monitor2
2024-03-12T08:26:59.424Z - GET /api/v1/temp30
2024-03-12T08:26:59.682Z - GET /api/v1/monitor
2024-03-12T08:29:00.889Z - GET /api/v1/monitor
2024-03-12T08:29:00.895Z - GET /api/v1/monitor2
2024-03-12T08:29:00.899Z - GET /api/v1/HYI
2024-03-12T08:29:00.903Z - GET /api/v1/temp30
2024-03-12T08:29:00.908Z - GET /api/v1/BLDG1
2024-03-12T08:29:01.308Z - GET /api/v1/monitor2
2024-03-12T08:29:01.342Z - GET /api/v1/HYI
2024-03-12T08:29:01.359Z - GET /api/v1/BLDG1
2024-03-12T08:29:01.540Z - GET /api/v1/temp30
2024-03-12T08:29:01.610Z - GET /api/v1/monitor
2024-03-12T08:29:35.008Z - GET /api/v1/HYI
2024-03-12T08:31:03.151Z - GET /api/v1/monitor
2024-03-12T08:31:03.165Z - GET /api/v1/monitor2
2024-03-12T08:31:03.921Z - GET /api/v1/HYI
2024-03-12T08:31:03.931Z - GET /api/v1/temp30
2024-03-12T08:31:03.946Z - GET /api/v1/BLDG1
2024-03-12T08:31:04.084Z - GET /api/v1/monitor
2024-03-12T08:31:04.645Z - GET /api/v1/monitor2
2024-03-12T08:31:04.657Z - GET /api/v1/HYI
2024-03-12T08:31:05.057Z - GET /api/v1/temp30
2024-03-12T08:31:05.068Z - GET /api/v1/BLDG1
2024-03-12T08:33:06.251Z - GET /api/v1/monitor
2024-03-12T08:33:06.267Z - GET /api/v1/monitor2
2024-03-12T08:33:06.272Z - GET /api/v1/HYI
2024-03-12T08:33:06.275Z - GET /api/v1/temp30
2024-03-12T08:33:06.280Z - GET /api/v1/BLDG1
2024-03-12T08:33:06.584Z - GET /api/v1/monitor2
2024-03-12T08:33:06.649Z - GET /api/v1/HYI
2024-03-12T08:33:06.661Z - GET /api/v1/BLDG1
2024-03-12T08:33:06.920Z - GET /api/v1/monitor
2024-03-12T08:33:08.457Z - GET /api/v1/temp30
2024-03-12T08:35:08.295Z - GET /api/v1/monitor
2024-03-12T08:35:08.644Z - GET /api/v1/monitor2
2024-03-12T08:35:08.649Z - GET /api/v1/HYI
2024-03-12T08:35:08.657Z - GET /api/v1/temp30
2024-03-12T08:35:08.687Z - GET /api/v1/BLDG1
2024-03-12T08:35:08.946Z - GET /api/v1/monitor
2024-03-12T08:35:09.108Z - GET /api/v1/monitor2
2024-03-12T08:35:09.112Z - GET /api/v1/HYI
2024-03-12T08:35:09.115Z - GET /api/v1/BLDG1
2024-03-12T08:35:09.119Z - GET /api/v1/temp30
2024-03-12T08:37:13.893Z - GET /api/v1/monitor
2024-03-12T08:37:13.905Z - GET /api/v1/monitor2
2024-03-12T08:37:13.909Z - GET /api/v1/HYI
2024-03-12T08:37:13.913Z - GET /api/v1/temp30
2024-03-12T08:37:13.916Z - GET /api/v1/BLDG1
2024-03-12T08:37:14.254Z - GET /api/v1/monitor2
2024-03-12T08:37:14.289Z - GET /api/v1/HYI
2024-03-12T08:37:14.305Z - GET /api/v1/BLDG1
2024-03-12T08:37:14.390Z - GET /api/v1/monitor
2024-03-12T08:37:14.522Z - GET /api/v1/temp30
2024-03-12T08:39:15.164Z - GET /api/v1/monitor
2024-03-12T08:39:15.178Z - GET /api/v1/monitor2
2024-03-12T08:39:15.181Z - GET /api/v1/HYI
2024-03-12T08:39:15.211Z - GET /api/v1/temp30
2024-03-12T08:39:15.216Z - GET /api/v1/BLDG1
2024-03-12T08:39:15.587Z - GET /api/v1/HYI
2024-03-12T08:39:15.612Z - GET /api/v1/BLDG1
2024-03-12T08:39:15.671Z - GET /api/v1/monitor2
2024-03-12T08:39:15.703Z - GET /api/v1/monitor
2024-03-12T08:39:35.237Z - GET /api/v1/temp30
2024-03-12T08:41:15.957Z - GET /api/v1/monitor
2024-03-12T08:41:15.961Z - GET /api/v1/monitor2
2024-03-12T08:41:15.965Z - GET /api/v1/HYI
2024-03-12T08:41:15.983Z - GET /api/v1/temp30
2024-03-12T08:41:15.987Z - GET /api/v1/BLDG1
2024-03-12T08:41:16.289Z - GET /api/v1/monitor2
2024-03-12T08:41:16.356Z - GET /api/v1/HYI
2024-03-12T08:41:16.361Z - GET /api/v1/BLDG1
2024-03-12T08:41:16.537Z - GET /api/v1/monitor
2024-03-12T08:41:16.581Z - GET /api/v1/temp30
2024-03-12T08:43:16.078Z - GET /api/v1/monitor
2024-03-12T08:43:16.096Z - GET /api/v1/monitor2
2024-03-12T08:43:16.107Z - GET /api/v1/HYI
2024-03-12T08:43:16.112Z - GET /api/v1/temp30
2024-03-12T08:43:16.116Z - GET /api/v1/BLDG1
2024-03-12T08:43:16.438Z - GET /api/v1/monitor2
2024-03-12T08:43:16.498Z - GET /api/v1/HYI
2024-03-12T08:43:16.511Z - GET /api/v1/BLDG1
2024-03-12T08:43:16.759Z - GET /api/v1/monitor
2024-03-12T08:43:36.079Z - GET /api/v1/temp30
2024-03-12T08:45:16.208Z - GET /api/v1/monitor
2024-03-12T08:45:16.222Z - GET /api/v1/monitor2
2024-03-12T08:45:16.227Z - GET /api/v1/HYI
2024-03-12T08:45:16.230Z - GET /api/v1/temp30
2024-03-12T08:45:16.237Z - GET /api/v1/BLDG1
2024-03-12T08:45:16.553Z - GET /api/v1/monitor2
2024-03-12T08:45:16.630Z - GET /api/v1/BLDG1
2024-03-12T08:45:16.638Z - GET /api/v1/HYI
2024-03-12T08:45:16.772Z - GET /api/v1/monitor
2024-03-12T08:45:23.583Z - GET /api/v1/temp30
2024-03-12T08:58:38.042Z - GET /
2024-03-12T08:58:38.229Z - GET /assets/index-D8VXISl_.js
2024-03-12T08:58:38.330Z - GET /assets/index-Ugfg4q-L.css
2024-03-12T08:58:38.575Z - GET /assets/jastel-CzcfOkAB.jpg
2024-03-12T08:58:38.616Z - GET /api/v1/monitor
2024-03-12T08:58:38.631Z - GET /api/v1/monitor2
2024-03-12T08:58:38.636Z - GET /api/v1/HYI
2024-03-12T08:58:38.643Z - GET /api/v1/temp30
2024-03-12T08:58:38.650Z - GET /api/v1/BLDG1
2024-03-12T08:58:38.765Z - GET /vite.svg
2024-03-12T09:00:40.259Z - GET /
2024-03-12T09:00:40.267Z - GET /
2024-03-12T09:00:40.289Z - GET /assets/index-D8VXISl_.js
2024-03-12T09:00:40.295Z - GET /assets/index-Ugfg4q-L.css
2024-03-12T09:00:40.332Z - GET /assets/jastel-CzcfOkAB.jpg
2024-03-12T09:00:40.337Z - GET /api/v1/monitor
2024-03-12T09:00:40.341Z - GET /api/v1/temp30
2024-03-12T09:00:40.363Z - GET /api/v1/HYI
2024-03-12T09:00:40.367Z - GET /api/v1/monitor2
2024-03-12T09:00:40.371Z - GET /api/v1/BLDG1
2024-03-12T09:00:40.454Z - GET /vite.svg
2024-03-12T09:02:40.623Z - GET /
2024-03-12T09:02:40.753Z - GET /
2024-03-12T09:02:40.758Z - GET /
2024-03-12T09:02:40.787Z - GET /assets/index-D8VXISl_.js
2024-03-12T09:02:40.792Z - GET /assets/index-Ugfg4q-L.css
2024-03-12T09:02:40.827Z - GET /assets/jastel-CzcfOkAB.jpg
2024-03-12T09:02:40.842Z - GET /api/v1/monitor
2024-03-12T09:02:40.861Z - GET /api/v1/monitor2
2024-03-12T09:02:40.867Z - GET /api/v1/HYI
2024-03-12T09:02:40.869Z - GET /api/v1/temp30
2024-03-12T09:02:40.874Z - GET /api/v1/BLDG1
2024-03-12T09:02:40.964Z - GET /vite.svg
2024-03-12T09:04:41.787Z - GET /
2024-03-12T09:04:41.805Z - GET /assets/index-Ugfg4q-L.css
2024-03-12T09:04:41.809Z - GET /assets/index-D8VXISl_.js
2024-03-12T09:04:41.846Z - GET /assets/jastel-CzcfOkAB.jpg
2024-03-12T09:04:41.852Z - GET /api/v1/monitor
2024-03-12T09:04:41.865Z - GET /api/v1/monitor2
2024-03-12T09:04:41.869Z - GET /api/v1/HYI
2024-03-12T09:04:41.873Z - GET /api/v1/temp30
2024-03-12T09:04:41.887Z - GET /api/v1/BLDG1
2024-03-12T09:04:41.959Z - GET /vite.svg
2024-03-12T09:06:42.898Z - GET /
2024-03-12T09:06:42.909Z - GET /
2024-03-12T09:06:42.931Z - GET /assets/index-D8VXISl_.js
2024-03-12T09:06:42.938Z - GET /assets/index-Ugfg4q-L.css
2024-03-12T09:06:42.976Z - GET /assets/jastel-CzcfOkAB.jpg
2024-03-12T09:06:42.983Z - GET /api/v1/monitor
2024-03-12T09:06:42.990Z - GET /api/v1/monitor2
2024-03-12T09:06:42.996Z - GET /api/v1/HYI
2024-03-12T09:06:43.002Z - GET /api/v1/temp30
2024-03-12T09:06:43.007Z - GET /api/v1/BLDG1
2024-03-12T09:06:43.108Z - GET /vite.svg
2024-03-12T09:08:42.995Z - GET /
2024-03-12T09:08:43.014Z - GET /
2024-03-12T09:08:43.026Z - GET /
2024-03-12T09:08:43.054Z - GET /assets/index-D8VXISl_.js
2024-03-12T09:08:43.062Z - GET /assets/index-Ugfg4q-L.css
2024-03-12T09:08:43.082Z - GET /assets/jastel-CzcfOkAB.jpg
2024-03-12T09:08:43.089Z - GET /api/v1/monitor
2024-03-12T09:08:43.098Z - GET /api/v1/monitor2
2024-03-12T09:08:43.103Z - GET /api/v1/HYI
2024-03-12T09:08:43.111Z - GET /api/v1/temp30
2024-03-12T09:08:43.115Z - GET /api/v1/BLDG1
2024-03-12T09:08:43.193Z - GET /vite.svg
2024-03-12T09:25:09.521Z - GET /api/v1/HYI
2024-03-12T09:32:16.279Z - GET /api/v1/monitor
2024-03-12T09:32:16.310Z - GET /api/v1/monitor2
2024-03-12T09:32:16.321Z - GET /api/v1/HYI
2024-03-12T09:32:16.326Z - GET /api/v1/temp30
2024-03-12T09:32:16.342Z - GET /api/v1/BLDG1
2024-03-12T09:34:16.394Z - GET /api/v1/monitor
2024-03-12T09:34:16.417Z - GET /api/v1/monitor2
2024-03-12T09:34:16.428Z - GET /api/v1/HYI
2024-03-12T09:34:16.452Z - GET /api/v1/temp30
2024-03-12T09:34:16.464Z - GET /api/v1/BLDG1
2024-03-12T09:34:44.133Z - GET /api/v1/monitor
2024-03-12T09:34:44.153Z - GET /api/v1/temp30
2024-03-12T09:34:44.160Z - GET /api/v1/monitor2
2024-03-12T09:34:44.172Z - GET /api/v1/HYI
2024-03-12T09:34:44.178Z - GET /api/v1/BLDG1
2024-03-12T09:34:46.933Z - GET /api/v1/temp30
2024-03-12T09:34:46.947Z - GET /api/v1/monitor
2024-03-12T09:34:46.966Z - GET /api/v1/monitor2
2024-03-12T09:34:46.976Z - GET /api/v1/HYI
2024-03-12T09:34:46.984Z - GET /api/v1/BLDG1
2024-03-12T09:36:48.009Z - GET /api/v1/monitor
2024-03-12T09:36:48.019Z - GET /api/v1/monitor2
2024-03-12T09:36:48.027Z - GET /api/v1/HYI
2024-03-12T09:36:48.031Z - GET /api/v1/temp30
2024-03-12T09:36:48.040Z - GET /api/v1/BLDG1
2024-03-12T09:38:49.573Z - GET /api/v1/monitor
2024-03-12T09:38:49.998Z - GET /api/v1/monitor2
2024-03-12T09:38:50.010Z - GET /api/v1/HYI
2024-03-12T09:38:50.646Z - GET /api/v1/temp30
2024-03-12T09:38:51.057Z - GET /api/v1/BLDG1
2024-03-12T09:40:49.997Z - GET /api/v1/monitor
2024-03-12T09:40:50.011Z - GET /api/v1/monitor2
2024-03-12T09:40:50.022Z - GET /api/v1/HYI
2024-03-12T09:40:50.027Z - GET /api/v1/BLDG1
2024-03-12T09:40:50.031Z - GET /api/v1/temp30
2024-03-12T09:42:52.158Z - GET /api/v1/monitor
2024-03-12T09:42:52.190Z - GET /api/v1/monitor2
2024-03-12T09:42:52.236Z - GET /api/v1/HYI
2024-03-12T09:42:52.283Z - GET /api/v1/temp30
2024-03-12T09:42:52.344Z - GET /api/v1/BLDG1
2024-03-12T09:43:51.753Z - GET /
2024-03-12T09:43:51.885Z - GET /assets/index-D8VXISl_.js
2024-03-12T09:43:51.977Z - GET /assets/index-Ugfg4q-L.css
2024-03-12T09:43:52.187Z - GET /assets/jastel-CzcfOkAB.jpg
2024-03-12T09:43:52.330Z - GET /
2024-03-12T09:43:52.403Z - GET /assets/index-D8VXISl_.js
2024-03-12T09:43:52.409Z - GET /assets/index-Ugfg4q-L.css
2024-03-12T09:43:52.451Z - GET /assets/jastel-CzcfOkAB.jpg
2024-03-12T09:43:52.471Z - GET /api/v1/monitor
2024-03-12T09:43:52.488Z - GET /api/v1/monitor2
2024-03-12T09:43:52.501Z - GET /api/v1/HYI
2024-03-12T09:43:52.508Z - GET /api/v1/BLDG1
2024-03-12T09:43:52.583Z - GET /vite.svg
2024-03-12T09:43:57.974Z - GET /api/v1/temp30
2024-03-12T09:44:24.628Z - GET /api/v1/temp30
2024-03-12T09:44:44.170Z - GET /
2024-03-12T09:44:44.201Z - GET /assets/index-D8VXISl_.js
2024-03-12T09:44:44.208Z - GET /assets/index-Ugfg4q-L.css
2024-03-12T09:44:44.237Z - GET /assets/jastel-CzcfOkAB.jpg
2024-03-12T09:44:44.245Z - GET /api/v1/monitor
2024-03-12T09:44:44.277Z - GET /api/v1/monitor2
2024-03-12T09:44:44.295Z - GET /api/v1/HYI
2024-03-12T09:44:44.302Z - GET /api/v1/temp30
2024-03-12T09:44:44.323Z - GET /api/v1/BLDG1
2024-03-12T09:44:44.335Z - GET /vite.svg
2024-03-12T09:44:52.712Z - GET /api/v1/monitor
2024-03-12T09:44:52.733Z - GET /api/v1/monitor2
2024-03-12T09:44:52.749Z - GET /api/v1/HYI
2024-03-12T09:44:52.755Z - GET /api/v1/temp30
2024-03-12T09:44:52.766Z - GET /api/v1/BLDG1
2024-03-12T09:45:13.531Z - GET /
2024-03-12T09:47:41.923Z - GET /api/v1/monitor
2024-03-12T09:47:41.957Z - GET /api/v1/monitor2
2024-03-12T09:47:41.966Z - GET /api/v1/HYI
2024-03-12T09:47:41.975Z - GET /api/v1/temp30
2024-03-12T09:47:41.985Z - GET /api/v1/BLDG1
2024-03-12T09:47:42.322Z - GET /api/v1/monitor2
2024-03-12T09:47:42.346Z - GET /api/v1/HYI
2024-03-12T09:47:42.391Z - GET /api/v1/BLDG1
2024-03-12T09:47:42.491Z - GET /api/v1/monitor
2024-03-12T09:47:42.676Z - GET /api/v1/temp30
2024-03-12T09:47:44.074Z - GET /
2024-03-12T09:49:42.033Z - GET /api/v1/monitor
2024-03-12T09:49:42.055Z - GET /api/v1/HYI
2024-03-12T09:49:42.083Z - GET /api/v1/monitor2
2024-03-12T09:49:42.109Z - GET /api/v1/temp30
2024-03-12T09:49:42.120Z - GET /api/v1/BLDG1
2024-03-12T09:49:42.461Z - GET /api/v1/monitor2
2024-03-12T09:49:42.502Z - GET /api/v1/HYI
2024-03-12T09:49:42.548Z - GET /api/v1/BLDG1
2024-03-12T09:49:42.760Z - GET /api/v1/monitor
2024-03-12T09:50:02.055Z - GET /api/v1/temp30
2024-03-12T09:51:42.144Z - GET /api/v1/monitor
2024-03-12T09:51:42.166Z - GET /api/v1/monitor2
2024-03-12T09:51:42.187Z - GET /api/v1/HYI
2024-03-12T09:51:42.200Z - GET /api/v1/temp30
2024-03-12T09:51:42.209Z - GET /api/v1/BLDG1
2024-03-12T09:51:42.534Z - GET /api/v1/monitor2
2024-03-12T09:51:42.560Z - GET /api/v1/HYI
2024-03-12T09:51:42.578Z - GET /api/v1/BLDG1
2024-03-12T09:51:42.772Z - GET /api/v1/monitor
2024-03-12T09:52:02.165Z - GET /api/v1/temp30
2024-03-12T09:53:42.247Z - GET /api/v1/monitor
2024-03-12T09:53:42.277Z - GET /api/v1/monitor2
2024-03-12T09:53:42.294Z - GET /api/v1/HYI
2024-03-12T09:53:42.302Z - GET /api/v1/temp30
2024-03-12T09:53:42.311Z - GET /api/v1/BLDG1
2024-03-12T09:53:42.659Z - GET /api/v1/HYI
2024-03-12T09:53:42.681Z - GET /api/v1/BLDG1
2024-03-12T09:53:42.749Z - GET /api/v1/monitor2
2024-03-12T09:53:42.787Z - GET /api/v1/monitor
2024-03-12T09:53:42.937Z - GET /api/v1/temp30
2024-03-12T09:55:43.258Z - GET /api/v1/monitor
2024-03-12T09:55:43.277Z - GET /api/v1/monitor2
2024-03-12T09:55:43.285Z - GET /api/v1/HYI
2024-03-12T09:55:43.292Z - GET /api/v1/temp30
2024-03-12T09:55:43.300Z - GET /api/v1/BLDG1
