2024-03-18T02:32:28.948Z - GET /
2024-03-18T02:32:29.014Z - GET /static/js/main.8d4eb4a6.js
2024-03-18T02:32:29.019Z - GET /static/css/main.7b4e85b0.css
2024-03-18T02:32:29.153Z - GET /
2024-03-18T02:32:29.246Z - GET /static/js/main.8d4eb4a6.js
2024-03-18T02:32:29.252Z - GET /static/css/main.7b4e85b0.css
2024-03-18T02:32:29.426Z - GET /manifest.json
2024-03-18T02:32:29.430Z - GET /favicon.ico
2024-03-18T02:32:29.438Z - GET /logo192.png
2024-03-18T02:32:36.543Z - GET /static/css/main.7b4e85b0.css
2024-03-18T02:32:36.547Z - GET /manifest.json
2024-03-18T02:32:36.639Z - GET /static/js/main.8d4eb4a6.js.map
2024-03-18T02:32:36.685Z - GET /static/css/main.7b4e85b0.css.map
2024-03-18T02:34:29.874Z - GET /
2024-03-18T02:34:30.012Z - GET /
2024-03-18T02:34:30.027Z - GET /
2024-03-18T02:34:30.240Z - GET /static/js/main.8d4eb4a6.js
2024-03-18T02:34:30.248Z - GET /static/css/main.7b4e85b0.css
2024-03-18T02:34:30.546Z - GET /manifest.json
2024-03-18T02:34:30.550Z - GET /favicon.ico
2024-03-18T02:34:30.560Z - GET /logo192.png
2024-03-18T02:36:30.823Z - GET /
2024-03-18T02:36:30.966Z - GET /
2024-03-18T02:36:30.985Z - GET /
2024-03-18T02:36:31.130Z - GET /static/js/main.8d4eb4a6.js
2024-03-18T02:36:31.135Z - GET /static/css/main.7b4e85b0.css
2024-03-18T02:36:32.248Z - GET /favicon.ico
2024-03-18T02:36:32.261Z - GET /manifest.json
2024-03-18T02:36:32.267Z - GET /logo192.png
